INFO - 2025-02-24 05:46:41 --> Session: Class initialized using 'CodeIgniter\Session\Handlers\FileHandler' driver.
INFO - 2025-02-24 05:46:42 --> Session: Class initialized using 'CodeIgniter\Session\Handlers\FileHandler' driver.
ERROR - 2025-02-24 05:46:42 --> Error connecting to the database: mysqli_sql_exception: Connection refused in /opt/lampp/htdocs/mfiCRM/system/Database/MySQLi/Connection.php:185
Stack trace:
#0 /opt/lampp/htdocs/mfiCRM/system/Database/MySQLi/Connection.php(185): mysqli->real_connect()
#1 /opt/lampp/htdocs/mfiCRM/system/Database/BaseConnection.php(392): CodeIgniter\Database\MySQLi\Connection->connect()
#2 /opt/lampp/htdocs/mfiCRM/system/Database/BaseConnection.php(575): CodeIgniter\Database\BaseConnection->initialize()
#3 /opt/lampp/htdocs/mfiCRM/system/Database/BaseBuilder.php(1613): CodeIgniter\Database\BaseConnection->query()
#4 /opt/lampp/htdocs/mfiCRM/system/Validation/StrictRules/Rules.php(167): CodeIgniter\Database\BaseBuilder->get()
#5 /opt/lampp/htdocs/mfiCRM/system/Validation/Validation.php(328): CodeIgniter\Validation\StrictRules\Rules->is_not_unique()
#6 /opt/lampp/htdocs/mfiCRM/system/Validation/Validation.php(200): CodeIgniter\Validation\Validation->processRules()
#7 /opt/lampp/htdocs/mfiCRM/system/Controller.php(152): CodeIgniter\Validation\Validation->run()
#8 /opt/lampp/htdocs/mfiCRM/app/Controllers/Auth.php(80): CodeIgniter\Controller->validate()
#9 /opt/lampp/htdocs/mfiCRM/system/CodeIgniter.php(941): App\Controllers\Auth->login_validation()
#10 /opt/lampp/htdocs/mfiCRM/system/CodeIgniter.php(502): CodeIgniter\CodeIgniter->runController()
#11 /opt/lampp/htdocs/mfiCRM/system/CodeIgniter.php(361): CodeIgniter\CodeIgniter->handleRequest()
#12 /opt/lampp/htdocs/mfiCRM/public/index.php(79): CodeIgniter\CodeIgniter->run()
#13 /opt/lampp/htdocs/mfiCRM/system/Commands/Server/rewrite.php(47): require_once('...')
#14 {main}

Next CodeIgniter\Database\Exceptions\DatabaseException: Connection refused in /opt/lampp/htdocs/mfiCRM/system/Database/MySQLi/Connection.php:229
Stack trace:
#0 /opt/lampp/htdocs/mfiCRM/system/Database/BaseConnection.php(392): CodeIgniter\Database\MySQLi\Connection->connect()
#1 /opt/lampp/htdocs/mfiCRM/system/Database/BaseConnection.php(575): CodeIgniter\Database\BaseConnection->initialize()
#2 /opt/lampp/htdocs/mfiCRM/system/Database/BaseBuilder.php(1613): CodeIgniter\Database\BaseConnection->query()
#3 /opt/lampp/htdocs/mfiCRM/system/Validation/StrictRules/Rules.php(167): CodeIgniter\Database\BaseBuilder->get()
#4 /opt/lampp/htdocs/mfiCRM/system/Validation/Validation.php(328): CodeIgniter\Validation\StrictRules\Rules->is_not_unique()
#5 /opt/lampp/htdocs/mfiCRM/system/Validation/Validation.php(200): CodeIgniter\Validation\Validation->processRules()
#6 /opt/lampp/htdocs/mfiCRM/system/Controller.php(152): CodeIgniter\Validation\Validation->run()
#7 /opt/lampp/htdocs/mfiCRM/app/Controllers/Auth.php(80): CodeIgniter\Controller->validate()
#8 /opt/lampp/htdocs/mfiCRM/system/CodeIgniter.php(941): App\Controllers\Auth->login_validation()
#9 /opt/lampp/htdocs/mfiCRM/system/CodeIgniter.php(502): CodeIgniter\CodeIgniter->runController()
#10 /opt/lampp/htdocs/mfiCRM/system/CodeIgniter.php(361): CodeIgniter\CodeIgniter->handleRequest()
#11 /opt/lampp/htdocs/mfiCRM/public/index.php(79): CodeIgniter\CodeIgniter->run()
#12 /opt/lampp/htdocs/mfiCRM/system/Commands/Server/rewrite.php(47): require_once('...')
#13 {main}
CRITICAL - 2025-02-24 05:46:42 --> CodeIgniter\Database\Exceptions\DatabaseException: Unable to connect to the database.
Main connection [MySQLi]: Connection refused
in SYSTEMPATH/Database/BaseConnection.php on line 428.
 1 SYSTEMPATH/Database/BaseConnection.php(575): CodeIgniter\Database\BaseConnection->initialize()
 2 SYSTEMPATH/Database/BaseBuilder.php(1613): CodeIgniter\Database\BaseConnection->query()
 3 SYSTEMPATH/Validation/StrictRules/Rules.php(167): CodeIgniter\Database\BaseBuilder->get()
 4 SYSTEMPATH/Validation/Validation.php(328): CodeIgniter\Validation\StrictRules\Rules->is_not_unique()
 5 SYSTEMPATH/Validation/Validation.php(200): CodeIgniter\Validation\Validation->processRules()
 6 SYSTEMPATH/Controller.php(152): CodeIgniter\Validation\Validation->run()
 7 APPPATH/Controllers/Auth.php(80): CodeIgniter\Controller->validate()
 8 SYSTEMPATH/CodeIgniter.php(941): App\Controllers\Auth->login_validation()
 9 SYSTEMPATH/CodeIgniter.php(502): CodeIgniter\CodeIgniter->runController()
10 SYSTEMPATH/CodeIgniter.php(361): CodeIgniter\CodeIgniter->handleRequest()
11 FCPATH/index.php(79): CodeIgniter\CodeIgniter->run()
12 SYSTEMPATH/Commands/Server/rewrite.php(47): require_once('/opt/lampp/htdocs/mfiCRM/public/index.php')
INFO - 2025-02-24 05:47:59 --> Session: Class initialized using 'CodeIgniter\Session\Handlers\FileHandler' driver.
INFO - 2025-02-24 05:47:59 --> Session: Class initialized using 'CodeIgniter\Session\Handlers\FileHandler' driver.
INFO - 2025-02-24 06:34:46 --> Session: Class initialized using 'CodeIgniter\Session\Handlers\FileHandler' driver.
INFO - 2025-02-24 06:35:22 --> Session: Class initialized using 'CodeIgniter\Session\Handlers\FileHandler' driver.
INFO - 2025-02-24 06:35:31 --> Session: Class initialized using 'CodeIgniter\Session\Handlers\FileHandler' driver.
INFO - 2025-02-24 06:35:31 --> Session: Class initialized using 'CodeIgniter\Session\Handlers\FileHandler' driver.
INFO - 2025-02-24 06:35:40 --> Session: Class initialized using 'CodeIgniter\Session\Handlers\FileHandler' driver.
INFO - 2025-02-24 06:35:41 --> Session: Class initialized using 'CodeIgniter\Session\Handlers\FileHandler' driver.
INFO - 2025-02-24 06:35:42 --> Session: Class initialized using 'CodeIgniter\Session\Handlers\FileHandler' driver.
INFO - 2025-02-24 06:39:19 --> Session: Class initialized using 'CodeIgniter\Session\Handlers\FileHandler' driver.
