CRITICAL - 2024-02-16 08:04:18 --> ErrorException: Undefined variable $uniqid
in APPPATH/Views/api/api_mobile_update.php on line 40.
 1 APPPATH/Views/api/api_mobile_update.php(40): CodeIgniter\Debug\Exceptions->errorHandler()
 2 SYSTEMPATH/View/View.php(228): include('/home/u652040979/domains/truetechnologies.in/public_html/taxConsultant/app/Views/api/api_mobile_update.php')
 3 SYSTEMPATH/View/View.php(231): CodeIgniter\View\View->CodeIgniter\View\{closure}()
 4 SYSTEMPATH/Common.php(1178): CodeIgniter\View\View->render()
 5 APPPATH/Controllers/Home.php(155): view()
 6 SYSTEMPATH/CodeIgniter.php(941): App\Controllers\Home->api_v1_update_mobile()
 7 SYSTEMPATH/CodeIgniter.php(502): CodeIgniter\CodeIgniter->runController()
 8 SYSTEMPATH/CodeIgniter.php(361): CodeIgniter\CodeIgniter->handleRequest()
 9 FCPATH/index.php(79): CodeIgniter\CodeIgniter->run()
CRITICAL - 2024-02-16 08:10:03 --> ErrorException: Undefined property: stdClass::$customerID
in APPPATH/Views/api/api_profile.php on line 27.
 1 APPPATH/Views/api/api_profile.php(27): CodeIgniter\Debug\Exceptions->errorHandler()
 2 SYSTEMPATH/View/View.php(228): include('/home/u652040979/domains/truetechnologies.in/public_html/taxConsultant/app/Views/api/api_profile.php')
 3 SYSTEMPATH/View/View.php(231): CodeIgniter\View\View->CodeIgniter\View\{closure}()
 4 SYSTEMPATH/Common.php(1178): CodeIgniter\View\View->render()
 5 APPPATH/Controllers/Home.php(159): view()
 6 SYSTEMPATH/CodeIgniter.php(941): App\Controllers\Home->api_v1_profile()
 7 SYSTEMPATH/CodeIgniter.php(502): CodeIgniter\CodeIgniter->runController()
 8 SYSTEMPATH/CodeIgniter.php(361): CodeIgniter\CodeIgniter->handleRequest()
 9 FCPATH/index.php(79): CodeIgniter\CodeIgniter->run()
CRITICAL - 2024-02-16 08:10:03 --> ErrorException: Undefined property: stdClass::$customerID
in APPPATH/Views/api/api_profile.php on line 27.
 1 APPPATH/Views/api/api_profile.php(27): CodeIgniter\Debug\Exceptions->errorHandler()
 2 SYSTEMPATH/View/View.php(228): include('/home/u652040979/domains/truetechnologies.in/public_html/taxConsultant/app/Views/api/api_profile.php')
 3 SYSTEMPATH/View/View.php(231): CodeIgniter\View\View->CodeIgniter\View\{closure}()
 4 SYSTEMPATH/Common.php(1178): CodeIgniter\View\View->render()
 5 APPPATH/Controllers/Home.php(159): view()
 6 SYSTEMPATH/CodeIgniter.php(941): App\Controllers\Home->api_v1_profile()
 7 SYSTEMPATH/CodeIgniter.php(502): CodeIgniter\CodeIgniter->runController()
 8 SYSTEMPATH/CodeIgniter.php(361): CodeIgniter\CodeIgniter->handleRequest()
 9 FCPATH/index.php(79): CodeIgniter\CodeIgniter->run()
CRITICAL - 2024-02-16 08:10:12 --> ErrorException: Undefined property: stdClass::$customerID
in APPPATH/Views/api/api_profile.php on line 27.
 1 APPPATH/Views/api/api_profile.php(27): CodeIgniter\Debug\Exceptions->errorHandler()
 2 SYSTEMPATH/View/View.php(228): include('/home/u652040979/domains/truetechnologies.in/public_html/taxConsultant/app/Views/api/api_profile.php')
 3 SYSTEMPATH/View/View.php(231): CodeIgniter\View\View->CodeIgniter\View\{closure}()
 4 SYSTEMPATH/Common.php(1178): CodeIgniter\View\View->render()
 5 APPPATH/Controllers/Home.php(159): view()
 6 SYSTEMPATH/CodeIgniter.php(941): App\Controllers\Home->api_v1_profile()
 7 SYSTEMPATH/CodeIgniter.php(502): CodeIgniter\CodeIgniter->runController()
 8 SYSTEMPATH/CodeIgniter.php(361): CodeIgniter\CodeIgniter->handleRequest()
 9 FCPATH/index.php(79): CodeIgniter\CodeIgniter->run()
CRITICAL - 2024-02-16 08:10:13 --> ErrorException: Undefined property: stdClass::$customerID
in APPPATH/Views/api/api_profile.php on line 27.
 1 APPPATH/Views/api/api_profile.php(27): CodeIgniter\Debug\Exceptions->errorHandler()
 2 SYSTEMPATH/View/View.php(228): include('/home/u652040979/domains/truetechnologies.in/public_html/taxConsultant/app/Views/api/api_profile.php')
 3 SYSTEMPATH/View/View.php(231): CodeIgniter\View\View->CodeIgniter\View\{closure}()
 4 SYSTEMPATH/Common.php(1178): CodeIgniter\View\View->render()
 5 APPPATH/Controllers/Home.php(159): view()
 6 SYSTEMPATH/CodeIgniter.php(941): App\Controllers\Home->api_v1_profile()
 7 SYSTEMPATH/CodeIgniter.php(502): CodeIgniter\CodeIgniter->runController()
 8 SYSTEMPATH/CodeIgniter.php(361): CodeIgniter\CodeIgniter->handleRequest()
 9 FCPATH/index.php(79): CodeIgniter\CodeIgniter->run()
CRITICAL - 2024-02-16 08:10:17 --> ErrorException: Undefined property: stdClass::$customerID
in APPPATH/Views/api/api_profile.php on line 27.
 1 APPPATH/Views/api/api_profile.php(27): CodeIgniter\Debug\Exceptions->errorHandler()
 2 SYSTEMPATH/View/View.php(228): include('/home/u652040979/domains/truetechnologies.in/public_html/taxConsultant/app/Views/api/api_profile.php')
 3 SYSTEMPATH/View/View.php(231): CodeIgniter\View\View->CodeIgniter\View\{closure}()
 4 SYSTEMPATH/Common.php(1178): CodeIgniter\View\View->render()
 5 APPPATH/Controllers/Home.php(159): view()
 6 SYSTEMPATH/CodeIgniter.php(941): App\Controllers\Home->api_v1_profile()
 7 SYSTEMPATH/CodeIgniter.php(502): CodeIgniter\CodeIgniter->runController()
 8 SYSTEMPATH/CodeIgniter.php(361): CodeIgniter\CodeIgniter->handleRequest()
 9 FCPATH/index.php(79): CodeIgniter\CodeIgniter->run()
CRITICAL - 2024-02-16 08:10:17 --> ErrorException: Undefined property: stdClass::$customerID
in APPPATH/Views/api/api_profile.php on line 27.
 1 APPPATH/Views/api/api_profile.php(27): CodeIgniter\Debug\Exceptions->errorHandler()
 2 SYSTEMPATH/View/View.php(228): include('/home/u652040979/domains/truetechnologies.in/public_html/taxConsultant/app/Views/api/api_profile.php')
 3 SYSTEMPATH/View/View.php(231): CodeIgniter\View\View->CodeIgniter\View\{closure}()
 4 SYSTEMPATH/Common.php(1178): CodeIgniter\View\View->render()
 5 APPPATH/Controllers/Home.php(159): view()
 6 SYSTEMPATH/CodeIgniter.php(941): App\Controllers\Home->api_v1_profile()
 7 SYSTEMPATH/CodeIgniter.php(502): CodeIgniter\CodeIgniter->runController()
 8 SYSTEMPATH/CodeIgniter.php(361): CodeIgniter\CodeIgniter->handleRequest()
 9 FCPATH/index.php(79): CodeIgniter\CodeIgniter->run()
CRITICAL - 2024-02-16 08:12:04 --> ErrorException: Undefined property: stdClass::$customerID
in APPPATH/Views/api/api_profile.php on line 27.
 1 APPPATH/Views/api/api_profile.php(27): CodeIgniter\Debug\Exceptions->errorHandler()
 2 SYSTEMPATH/View/View.php(228): include('/home/u652040979/domains/truetechnologies.in/public_html/taxConsultant/app/Views/api/api_profile.php')
 3 SYSTEMPATH/View/View.php(231): CodeIgniter\View\View->CodeIgniter\View\{closure}()
 4 SYSTEMPATH/Common.php(1178): CodeIgniter\View\View->render()
 5 APPPATH/Controllers/Home.php(159): view()
 6 SYSTEMPATH/CodeIgniter.php(941): App\Controllers\Home->api_v1_profile()
 7 SYSTEMPATH/CodeIgniter.php(502): CodeIgniter\CodeIgniter->runController()
 8 SYSTEMPATH/CodeIgniter.php(361): CodeIgniter\CodeIgniter->handleRequest()
 9 FCPATH/index.php(79): CodeIgniter\CodeIgniter->run()
CRITICAL - 2024-02-16 08:12:04 --> ErrorException: Undefined property: stdClass::$customerID
in APPPATH/Views/api/api_profile.php on line 27.
 1 APPPATH/Views/api/api_profile.php(27): CodeIgniter\Debug\Exceptions->errorHandler()
 2 SYSTEMPATH/View/View.php(228): include('/home/u652040979/domains/truetechnologies.in/public_html/taxConsultant/app/Views/api/api_profile.php')
 3 SYSTEMPATH/View/View.php(231): CodeIgniter\View\View->CodeIgniter\View\{closure}()
 4 SYSTEMPATH/Common.php(1178): CodeIgniter\View\View->render()
 5 APPPATH/Controllers/Home.php(159): view()
 6 SYSTEMPATH/CodeIgniter.php(941): App\Controllers\Home->api_v1_profile()
 7 SYSTEMPATH/CodeIgniter.php(502): CodeIgniter\CodeIgniter->runController()
 8 SYSTEMPATH/CodeIgniter.php(361): CodeIgniter\CodeIgniter->handleRequest()
 9 FCPATH/index.php(79): CodeIgniter\CodeIgniter->run()
CRITICAL - 2024-02-16 08:12:34 --> ErrorException: Undefined property: stdClass::$customerID
in APPPATH/Views/api/api_profile.php on line 27.
 1 APPPATH/Views/api/api_profile.php(27): CodeIgniter\Debug\Exceptions->errorHandler()
 2 SYSTEMPATH/View/View.php(228): include('/home/u652040979/domains/truetechnologies.in/public_html/taxConsultant/app/Views/api/api_profile.php')
 3 SYSTEMPATH/View/View.php(231): CodeIgniter\View\View->CodeIgniter\View\{closure}()
 4 SYSTEMPATH/Common.php(1178): CodeIgniter\View\View->render()
 5 APPPATH/Controllers/Home.php(159): view()
 6 SYSTEMPATH/CodeIgniter.php(941): App\Controllers\Home->api_v1_profile()
 7 SYSTEMPATH/CodeIgniter.php(502): CodeIgniter\CodeIgniter->runController()
 8 SYSTEMPATH/CodeIgniter.php(361): CodeIgniter\CodeIgniter->handleRequest()
 9 FCPATH/index.php(79): CodeIgniter\CodeIgniter->run()
CRITICAL - 2024-02-16 08:12:34 --> ErrorException: Undefined property: stdClass::$customerID
in APPPATH/Views/api/api_profile.php on line 27.
 1 APPPATH/Views/api/api_profile.php(27): CodeIgniter\Debug\Exceptions->errorHandler()
 2 SYSTEMPATH/View/View.php(228): include('/home/u652040979/domains/truetechnologies.in/public_html/taxConsultant/app/Views/api/api_profile.php')
 3 SYSTEMPATH/View/View.php(231): CodeIgniter\View\View->CodeIgniter\View\{closure}()
 4 SYSTEMPATH/Common.php(1178): CodeIgniter\View\View->render()
 5 APPPATH/Controllers/Home.php(159): view()
 6 SYSTEMPATH/CodeIgniter.php(941): App\Controllers\Home->api_v1_profile()
 7 SYSTEMPATH/CodeIgniter.php(502): CodeIgniter\CodeIgniter->runController()
 8 SYSTEMPATH/CodeIgniter.php(361): CodeIgniter\CodeIgniter->handleRequest()
 9 FCPATH/index.php(79): CodeIgniter\CodeIgniter->run()
CRITICAL - 2024-02-16 08:12:41 --> ErrorException: Undefined property: stdClass::$customerID
in APPPATH/Views/api/api_profile.php on line 27.
 1 APPPATH/Views/api/api_profile.php(27): CodeIgniter\Debug\Exceptions->errorHandler()
 2 SYSTEMPATH/View/View.php(228): include('/home/u652040979/domains/truetechnologies.in/public_html/taxConsultant/app/Views/api/api_profile.php')
 3 SYSTEMPATH/View/View.php(231): CodeIgniter\View\View->CodeIgniter\View\{closure}()
 4 SYSTEMPATH/Common.php(1178): CodeIgniter\View\View->render()
 5 APPPATH/Controllers/Home.php(159): view()
 6 SYSTEMPATH/CodeIgniter.php(941): App\Controllers\Home->api_v1_profile()
 7 SYSTEMPATH/CodeIgniter.php(502): CodeIgniter\CodeIgniter->runController()
 8 SYSTEMPATH/CodeIgniter.php(361): CodeIgniter\CodeIgniter->handleRequest()
 9 FCPATH/index.php(79): CodeIgniter\CodeIgniter->run()
CRITICAL - 2024-02-16 08:12:41 --> ErrorException: Undefined property: stdClass::$customerID
in APPPATH/Views/api/api_profile.php on line 27.
 1 APPPATH/Views/api/api_profile.php(27): CodeIgniter\Debug\Exceptions->errorHandler()
 2 SYSTEMPATH/View/View.php(228): include('/home/u652040979/domains/truetechnologies.in/public_html/taxConsultant/app/Views/api/api_profile.php')
 3 SYSTEMPATH/View/View.php(231): CodeIgniter\View\View->CodeIgniter\View\{closure}()
 4 SYSTEMPATH/Common.php(1178): CodeIgniter\View\View->render()
 5 APPPATH/Controllers/Home.php(159): view()
 6 SYSTEMPATH/CodeIgniter.php(941): App\Controllers\Home->api_v1_profile()
 7 SYSTEMPATH/CodeIgniter.php(502): CodeIgniter\CodeIgniter->runController()
 8 SYSTEMPATH/CodeIgniter.php(361): CodeIgniter\CodeIgniter->handleRequest()
 9 FCPATH/index.php(79): CodeIgniter\CodeIgniter->run()
CRITICAL - 2024-02-16 08:14:32 --> ErrorException: Undefined property: stdClass::$customerID
in APPPATH/Views/api/api_profile.php on line 27.
 1 APPPATH/Views/api/api_profile.php(27): CodeIgniter\Debug\Exceptions->errorHandler()
 2 SYSTEMPATH/View/View.php(228): include('/home/u652040979/domains/truetechnologies.in/public_html/taxConsultant/app/Views/api/api_profile.php')
 3 SYSTEMPATH/View/View.php(231): CodeIgniter\View\View->CodeIgniter\View\{closure}()
 4 SYSTEMPATH/Common.php(1178): CodeIgniter\View\View->render()
 5 APPPATH/Controllers/Home.php(159): view()
 6 SYSTEMPATH/CodeIgniter.php(941): App\Controllers\Home->api_v1_profile()
 7 SYSTEMPATH/CodeIgniter.php(502): CodeIgniter\CodeIgniter->runController()
 8 SYSTEMPATH/CodeIgniter.php(361): CodeIgniter\CodeIgniter->handleRequest()
 9 FCPATH/index.php(79): CodeIgniter\CodeIgniter->run()
CRITICAL - 2024-02-16 08:14:32 --> ErrorException: Undefined property: stdClass::$customerID
in APPPATH/Views/api/api_profile.php on line 27.
 1 APPPATH/Views/api/api_profile.php(27): CodeIgniter\Debug\Exceptions->errorHandler()
 2 SYSTEMPATH/View/View.php(228): include('/home/u652040979/domains/truetechnologies.in/public_html/taxConsultant/app/Views/api/api_profile.php')
 3 SYSTEMPATH/View/View.php(231): CodeIgniter\View\View->CodeIgniter\View\{closure}()
 4 SYSTEMPATH/Common.php(1178): CodeIgniter\View\View->render()
 5 APPPATH/Controllers/Home.php(159): view()
 6 SYSTEMPATH/CodeIgniter.php(941): App\Controllers\Home->api_v1_profile()
 7 SYSTEMPATH/CodeIgniter.php(502): CodeIgniter\CodeIgniter->runController()
 8 SYSTEMPATH/CodeIgniter.php(361): CodeIgniter\CodeIgniter->handleRequest()
 9 FCPATH/index.php(79): CodeIgniter\CodeIgniter->run()
CRITICAL - 2024-02-16 08:15:28 --> ErrorException: Undefined property: stdClass::$customerID
in APPPATH/Views/api/api_profile.php on line 27.
 1 APPPATH/Views/api/api_profile.php(27): CodeIgniter\Debug\Exceptions->errorHandler()
 2 SYSTEMPATH/View/View.php(228): include('/home/u652040979/domains/truetechnologies.in/public_html/taxConsultant/app/Views/api/api_profile.php')
 3 SYSTEMPATH/View/View.php(231): CodeIgniter\View\View->CodeIgniter\View\{closure}()
 4 SYSTEMPATH/Common.php(1178): CodeIgniter\View\View->render()
 5 APPPATH/Controllers/Home.php(159): view()
 6 SYSTEMPATH/CodeIgniter.php(941): App\Controllers\Home->api_v1_profile()
 7 SYSTEMPATH/CodeIgniter.php(502): CodeIgniter\CodeIgniter->runController()
 8 SYSTEMPATH/CodeIgniter.php(361): CodeIgniter\CodeIgniter->handleRequest()
 9 FCPATH/index.php(79): CodeIgniter\CodeIgniter->run()
CRITICAL - 2024-02-16 08:15:30 --> ErrorException: Undefined property: stdClass::$customerID
in APPPATH/Views/api/api_profile.php on line 27.
 1 APPPATH/Views/api/api_profile.php(27): CodeIgniter\Debug\Exceptions->errorHandler()
 2 SYSTEMPATH/View/View.php(228): include('/home/u652040979/domains/truetechnologies.in/public_html/taxConsultant/app/Views/api/api_profile.php')
 3 SYSTEMPATH/View/View.php(231): CodeIgniter\View\View->CodeIgniter\View\{closure}()
 4 SYSTEMPATH/Common.php(1178): CodeIgniter\View\View->render()
 5 APPPATH/Controllers/Home.php(159): view()
 6 SYSTEMPATH/CodeIgniter.php(941): App\Controllers\Home->api_v1_profile()
 7 SYSTEMPATH/CodeIgniter.php(502): CodeIgniter\CodeIgniter->runController()
 8 SYSTEMPATH/CodeIgniter.php(361): CodeIgniter\CodeIgniter->handleRequest()
 9 FCPATH/index.php(79): CodeIgniter\CodeIgniter->run()
ERROR - 2024-02-16 09:52:20 --> mysqli_sql_exception: Unknown column 'mod_name' in 'field list' in /home/u652040979/domains/truetechnologies.in/public_html/taxConsultant/system/Database/MySQLi/Connection.php:306
Stack trace:
#0 /home/u652040979/domains/truetechnologies.in/public_html/taxConsultant/system/Database/MySQLi/Connection.php(306): mysqli->query()
#1 /home/u652040979/domains/truetechnologies.in/public_html/taxConsultant/system/Database/BaseConnection.php(693): CodeIgniter\Database\MySQLi\Connection->execute()
#2 /home/u652040979/domains/truetechnologies.in/public_html/taxConsultant/system/Database/BaseConnection.php(607): CodeIgniter\Database\BaseConnection->simpleQuery()
#3 /home/u652040979/domains/truetechnologies.in/public_html/taxConsultant/system/Database/BaseBuilder.php(1798): CodeIgniter\Database\BaseConnection->query()
#4 /home/u652040979/domains/truetechnologies.in/public_html/taxConsultant/system/Database/BaseBuilder.php(1926): CodeIgniter\Database\BaseBuilder->batchExecute()
#5 /home/u652040979/domains/truetechnologies.in/public_html/taxConsultant/app/Views/api/api_service.php(68): CodeIgniter\Database\BaseBuilder->upsert()
#6 /home/u652040979/domains/truetechnologies.in/public_html/taxConsultant/system/View/View.php(228): include('/home/u65204097...')
#7 /home/u652040979/domains/truetechnologies.in/public_html/taxConsultant/system/View/View.php(231): CodeIgniter\View\View->CodeIgniter\View\{closure}()
#8 /home/u652040979/domains/truetechnologies.in/public_html/taxConsultant/system/Common.php(1178): CodeIgniter\View\View->render()
#9 /home/u652040979/domains/truetechnologies.in/public_html/taxConsultant/app/Controllers/Home.php(139): view()
#10 /home/u652040979/domains/truetechnologies.in/public_html/taxConsultant/system/CodeIgniter.php(941): App\Controllers\Home->api_v1_service()
#11 /home/u652040979/domains/truetechnologies.in/public_html/taxConsultant/system/CodeIgniter.php(502): CodeIgniter\CodeIgniter->runController()
#12 /home/u652040979/domains/truetechnologies.in/public_html/taxConsultant/system/CodeIgniter.php(361): CodeIgniter\CodeIgniter->handleRequest()
#13 /home/u652040979/domains/truetechnologies.in/public_html/taxConsultant/tax/index.php(79): CodeIgniter\CodeIgniter->run()
#14 {main}
CRITICAL - 2024-02-16 09:52:20 --> CodeIgniter\Database\Exceptions\DatabaseException: Unknown column 'mod_name' in 'field list'
in SYSTEMPATH/Database/BaseConnection.php on line 647.
 1 SYSTEMPATH/Database/BaseBuilder.php(1798): CodeIgniter\Database\BaseConnection->query()
 2 SYSTEMPATH/Database/BaseBuilder.php(1926): CodeIgniter\Database\BaseBuilder->batchExecute()
 3 APPPATH/Views/api/api_service.php(68): CodeIgniter\Database\BaseBuilder->upsert()
 4 SYSTEMPATH/View/View.php(228): include('/home/u652040979/domains/truetechnologies.in/public_html/taxConsultant/app/Views/api/api_service.php')
 5 SYSTEMPATH/View/View.php(231): CodeIgniter\View\View->CodeIgniter\View\{closure}()
 6 SYSTEMPATH/Common.php(1178): CodeIgniter\View\View->render()
 7 APPPATH/Controllers/Home.php(139): view()
 8 SYSTEMPATH/CodeIgniter.php(941): App\Controllers\Home->api_v1_service()
 9 SYSTEMPATH/CodeIgniter.php(502): CodeIgniter\CodeIgniter->runController()
10 SYSTEMPATH/CodeIgniter.php(361): CodeIgniter\CodeIgniter->handleRequest()
11 FCPATH/index.php(79): CodeIgniter\CodeIgniter->run()
CRITICAL - 2024-02-16 09:52:20 --> [Caused by] CodeIgniter\Database\Exceptions\DatabaseException: Unknown column 'mod_name' in 'field list'
in SYSTEMPATH/Database/MySQLi/Connection.php on line 311.
 1 SYSTEMPATH/Database/BaseConnection.php(693): CodeIgniter\Database\MySQLi\Connection->execute()
 2 SYSTEMPATH/Database/BaseConnection.php(607): CodeIgniter\Database\BaseConnection->simpleQuery()
 3 SYSTEMPATH/Database/BaseBuilder.php(1798): CodeIgniter\Database\BaseConnection->query()
 4 SYSTEMPATH/Database/BaseBuilder.php(1926): CodeIgniter\Database\BaseBuilder->batchExecute()
 5 APPPATH/Views/api/api_service.php(68): CodeIgniter\Database\BaseBuilder->upsert()
 6 SYSTEMPATH/View/View.php(228): include('/home/u652040979/domains/truetechnologies.in/public_html/taxConsultant/app/Views/api/api_service.php')
 7 SYSTEMPATH/View/View.php(231): CodeIgniter\View\View->CodeIgniter\View\{closure}()
 8 SYSTEMPATH/Common.php(1178): CodeIgniter\View\View->render()
 9 APPPATH/Controllers/Home.php(139): view()
10 SYSTEMPATH/CodeIgniter.php(941): App\Controllers\Home->api_v1_service()
11 SYSTEMPATH/CodeIgniter.php(502): CodeIgniter\CodeIgniter->runController()
12 SYSTEMPATH/CodeIgniter.php(361): CodeIgniter\CodeIgniter->handleRequest()
13 FCPATH/index.php(79): CodeIgniter\CodeIgniter->run()
CRITICAL - 2024-02-16 09:52:20 --> [Caused by] mysqli_sql_exception: Unknown column 'mod_name' in 'field list'
in SYSTEMPATH/Database/MySQLi/Connection.php on line 306.
 1 SYSTEMPATH/Database/MySQLi/Connection.php(306): mysqli->query()
 2 SYSTEMPATH/Database/BaseConnection.php(693): CodeIgniter\Database\MySQLi\Connection->execute()
 3 SYSTEMPATH/Database/BaseConnection.php(607): CodeIgniter\Database\BaseConnection->simpleQuery()
 4 SYSTEMPATH/Database/BaseBuilder.php(1798): CodeIgniter\Database\BaseConnection->query()
 5 SYSTEMPATH/Database/BaseBuilder.php(1926): CodeIgniter\Database\BaseBuilder->batchExecute()
 6 APPPATH/Views/api/api_service.php(68): CodeIgniter\Database\BaseBuilder->upsert()
 7 SYSTEMPATH/View/View.php(228): include('/home/u652040979/domains/truetechnologies.in/public_html/taxConsultant/app/Views/api/api_service.php')
 8 SYSTEMPATH/View/View.php(231): CodeIgniter\View\View->CodeIgniter\View\{closure}()
 9 SYSTEMPATH/Common.php(1178): CodeIgniter\View\View->render()
10 APPPATH/Controllers/Home.php(139): view()
11 SYSTEMPATH/CodeIgniter.php(941): App\Controllers\Home->api_v1_service()
12 SYSTEMPATH/CodeIgniter.php(502): CodeIgniter\CodeIgniter->runController()
13 SYSTEMPATH/CodeIgniter.php(361): CodeIgniter\CodeIgniter->handleRequest()
14 FCPATH/index.php(79): CodeIgniter\CodeIgniter->run()
