ERROR - 2024-03-26 06:17:24 --> mysqli_sql_exception: Column 'photo' cannot be null in /home/u652040979/domains/truetechnologies.in/public_html/taxConsultant/system/Database/MySQLi/Connection.php:306
Stack trace:
#0 /home/u652040979/domains/truetechnologies.in/public_html/taxConsultant/system/Database/MySQLi/Connection.php(306): mysqli->query()
#1 /home/u652040979/domains/truetechnologies.in/public_html/taxConsultant/system/Database/BaseConnection.php(693): CodeIgniter\Database\MySQLi\Connection->execute()
#2 /home/u652040979/domains/truetechnologies.in/public_html/taxConsultant/system/Database/BaseConnection.php(607): CodeIgniter\Database\BaseConnection->simpleQuery()
#3 /home/u652040979/domains/truetechnologies.in/public_html/taxConsultant/system/Database/BaseBuilder.php(2302): CodeIgniter\Database\BaseConnection->query()
#4 /home/u652040979/domains/truetechnologies.in/public_html/taxConsultant/app/Views/api/api_login.php(52): CodeIgniter\Database\BaseBuilder->insert()
#5 /home/u652040979/domains/truetechnologies.in/public_html/taxConsultant/system/View/View.php(228): include('/home/u65204097...')
#6 /home/u652040979/domains/truetechnologies.in/public_html/taxConsultant/system/View/View.php(231): CodeIgniter\View\View->CodeIgniter\View\{closure}()
#7 /home/u652040979/domains/truetechnologies.in/public_html/taxConsultant/system/Common.php(1178): CodeIgniter\View\View->render()
#8 /home/u652040979/domains/truetechnologies.in/public_html/taxConsultant/app/Controllers/Home.php(159): view()
#9 /home/u652040979/domains/truetechnologies.in/public_html/taxConsultant/system/CodeIgniter.php(941): App\Controllers\Home->api_v1_login()
#10 /home/u652040979/domains/truetechnologies.in/public_html/taxConsultant/system/CodeIgniter.php(502): CodeIgniter\CodeIgniter->runController()
#11 /home/u652040979/domains/truetechnologies.in/public_html/taxConsultant/system/CodeIgniter.php(361): CodeIgniter\CodeIgniter->handleRequest()
#12 /home/u652040979/domains/truetechnologies.in/public_html/taxConsultant/tax/index.php(79): CodeIgniter\CodeIgniter->run()
#13 {main}
CRITICAL - 2024-03-26 06:17:24 --> CodeIgniter\Database\Exceptions\DatabaseException: Column 'photo' cannot be null
in SYSTEMPATH/Database/BaseConnection.php on line 647.
 1 SYSTEMPATH/Database/BaseBuilder.php(2302): CodeIgniter\Database\BaseConnection->query()
 2 APPPATH/Views/api/api_login.php(52): CodeIgniter\Database\BaseBuilder->insert()
 3 SYSTEMPATH/View/View.php(228): include('/home/u652040979/domains/truetechnologies.in/public_html/taxConsultant/app/Views/api/api_login.php')
 4 SYSTEMPATH/View/View.php(231): CodeIgniter\View\View->CodeIgniter\View\{closure}()
 5 SYSTEMPATH/Common.php(1178): CodeIgniter\View\View->render()
 6 APPPATH/Controllers/Home.php(159): view()
 7 SYSTEMPATH/CodeIgniter.php(941): App\Controllers\Home->api_v1_login()
 8 SYSTEMPATH/CodeIgniter.php(502): CodeIgniter\CodeIgniter->runController()
 9 SYSTEMPATH/CodeIgniter.php(361): CodeIgniter\CodeIgniter->handleRequest()
10 FCPATH/index.php(79): CodeIgniter\CodeIgniter->run()
CRITICAL - 2024-03-26 06:17:24 --> [Caused by] CodeIgniter\Database\Exceptions\DatabaseException: Column 'photo' cannot be null
in SYSTEMPATH/Database/MySQLi/Connection.php on line 311.
 1 SYSTEMPATH/Database/BaseConnection.php(693): CodeIgniter\Database\MySQLi\Connection->execute()
 2 SYSTEMPATH/Database/BaseConnection.php(607): CodeIgniter\Database\BaseConnection->simpleQuery()
 3 SYSTEMPATH/Database/BaseBuilder.php(2302): CodeIgniter\Database\BaseConnection->query()
 4 APPPATH/Views/api/api_login.php(52): CodeIgniter\Database\BaseBuilder->insert()
 5 SYSTEMPATH/View/View.php(228): include('/home/u652040979/domains/truetechnologies.in/public_html/taxConsultant/app/Views/api/api_login.php')
 6 SYSTEMPATH/View/View.php(231): CodeIgniter\View\View->CodeIgniter\View\{closure}()
 7 SYSTEMPATH/Common.php(1178): CodeIgniter\View\View->render()
 8 APPPATH/Controllers/Home.php(159): view()
 9 SYSTEMPATH/CodeIgniter.php(941): App\Controllers\Home->api_v1_login()
10 SYSTEMPATH/CodeIgniter.php(502): CodeIgniter\CodeIgniter->runController()
11 SYSTEMPATH/CodeIgniter.php(361): CodeIgniter\CodeIgniter->handleRequest()
12 FCPATH/index.php(79): CodeIgniter\CodeIgniter->run()
CRITICAL - 2024-03-26 06:17:24 --> [Caused by] mysqli_sql_exception: Column 'photo' cannot be null
in SYSTEMPATH/Database/MySQLi/Connection.php on line 306.
 1 SYSTEMPATH/Database/MySQLi/Connection.php(306): mysqli->query()
 2 SYSTEMPATH/Database/BaseConnection.php(693): CodeIgniter\Database\MySQLi\Connection->execute()
 3 SYSTEMPATH/Database/BaseConnection.php(607): CodeIgniter\Database\BaseConnection->simpleQuery()
 4 SYSTEMPATH/Database/BaseBuilder.php(2302): CodeIgniter\Database\BaseConnection->query()
 5 APPPATH/Views/api/api_login.php(52): CodeIgniter\Database\BaseBuilder->insert()
 6 SYSTEMPATH/View/View.php(228): include('/home/u652040979/domains/truetechnologies.in/public_html/taxConsultant/app/Views/api/api_login.php')
 7 SYSTEMPATH/View/View.php(231): CodeIgniter\View\View->CodeIgniter\View\{closure}()
 8 SYSTEMPATH/Common.php(1178): CodeIgniter\View\View->render()
 9 APPPATH/Controllers/Home.php(159): view()
10 SYSTEMPATH/CodeIgniter.php(941): App\Controllers\Home->api_v1_login()
11 SYSTEMPATH/CodeIgniter.php(502): CodeIgniter\CodeIgniter->runController()
12 SYSTEMPATH/CodeIgniter.php(361): CodeIgniter\CodeIgniter->handleRequest()
13 FCPATH/index.php(79): CodeIgniter\CodeIgniter->run()
ERROR - 2024-03-26 06:17:31 --> mysqli_sql_exception: Column 'photo' cannot be null in /home/u652040979/domains/truetechnologies.in/public_html/taxConsultant/system/Database/MySQLi/Connection.php:306
Stack trace:
#0 /home/u652040979/domains/truetechnologies.in/public_html/taxConsultant/system/Database/MySQLi/Connection.php(306): mysqli->query()
#1 /home/u652040979/domains/truetechnologies.in/public_html/taxConsultant/system/Database/BaseConnection.php(693): CodeIgniter\Database\MySQLi\Connection->execute()
#2 /home/u652040979/domains/truetechnologies.in/public_html/taxConsultant/system/Database/BaseConnection.php(607): CodeIgniter\Database\BaseConnection->simpleQuery()
#3 /home/u652040979/domains/truetechnologies.in/public_html/taxConsultant/system/Database/BaseBuilder.php(2302): CodeIgniter\Database\BaseConnection->query()
#4 /home/u652040979/domains/truetechnologies.in/public_html/taxConsultant/app/Views/api/api_login.php(52): CodeIgniter\Database\BaseBuilder->insert()
#5 /home/u652040979/domains/truetechnologies.in/public_html/taxConsultant/system/View/View.php(228): include('/home/u65204097...')
#6 /home/u652040979/domains/truetechnologies.in/public_html/taxConsultant/system/View/View.php(231): CodeIgniter\View\View->CodeIgniter\View\{closure}()
#7 /home/u652040979/domains/truetechnologies.in/public_html/taxConsultant/system/Common.php(1178): CodeIgniter\View\View->render()
#8 /home/u652040979/domains/truetechnologies.in/public_html/taxConsultant/app/Controllers/Home.php(159): view()
#9 /home/u652040979/domains/truetechnologies.in/public_html/taxConsultant/system/CodeIgniter.php(941): App\Controllers\Home->api_v1_login()
#10 /home/u652040979/domains/truetechnologies.in/public_html/taxConsultant/system/CodeIgniter.php(502): CodeIgniter\CodeIgniter->runController()
#11 /home/u652040979/domains/truetechnologies.in/public_html/taxConsultant/system/CodeIgniter.php(361): CodeIgniter\CodeIgniter->handleRequest()
#12 /home/u652040979/domains/truetechnologies.in/public_html/taxConsultant/tax/index.php(79): CodeIgniter\CodeIgniter->run()
#13 {main}
CRITICAL - 2024-03-26 06:17:31 --> CodeIgniter\Database\Exceptions\DatabaseException: Column 'photo' cannot be null
in SYSTEMPATH/Database/BaseConnection.php on line 647.
 1 SYSTEMPATH/Database/BaseBuilder.php(2302): CodeIgniter\Database\BaseConnection->query()
 2 APPPATH/Views/api/api_login.php(52): CodeIgniter\Database\BaseBuilder->insert()
 3 SYSTEMPATH/View/View.php(228): include('/home/u652040979/domains/truetechnologies.in/public_html/taxConsultant/app/Views/api/api_login.php')
 4 SYSTEMPATH/View/View.php(231): CodeIgniter\View\View->CodeIgniter\View\{closure}()
 5 SYSTEMPATH/Common.php(1178): CodeIgniter\View\View->render()
 6 APPPATH/Controllers/Home.php(159): view()
 7 SYSTEMPATH/CodeIgniter.php(941): App\Controllers\Home->api_v1_login()
 8 SYSTEMPATH/CodeIgniter.php(502): CodeIgniter\CodeIgniter->runController()
 9 SYSTEMPATH/CodeIgniter.php(361): CodeIgniter\CodeIgniter->handleRequest()
10 FCPATH/index.php(79): CodeIgniter\CodeIgniter->run()
CRITICAL - 2024-03-26 06:17:31 --> [Caused by] CodeIgniter\Database\Exceptions\DatabaseException: Column 'photo' cannot be null
in SYSTEMPATH/Database/MySQLi/Connection.php on line 311.
 1 SYSTEMPATH/Database/BaseConnection.php(693): CodeIgniter\Database\MySQLi\Connection->execute()
 2 SYSTEMPATH/Database/BaseConnection.php(607): CodeIgniter\Database\BaseConnection->simpleQuery()
 3 SYSTEMPATH/Database/BaseBuilder.php(2302): CodeIgniter\Database\BaseConnection->query()
 4 APPPATH/Views/api/api_login.php(52): CodeIgniter\Database\BaseBuilder->insert()
 5 SYSTEMPATH/View/View.php(228): include('/home/u652040979/domains/truetechnologies.in/public_html/taxConsultant/app/Views/api/api_login.php')
 6 SYSTEMPATH/View/View.php(231): CodeIgniter\View\View->CodeIgniter\View\{closure}()
 7 SYSTEMPATH/Common.php(1178): CodeIgniter\View\View->render()
 8 APPPATH/Controllers/Home.php(159): view()
 9 SYSTEMPATH/CodeIgniter.php(941): App\Controllers\Home->api_v1_login()
10 SYSTEMPATH/CodeIgniter.php(502): CodeIgniter\CodeIgniter->runController()
11 SYSTEMPATH/CodeIgniter.php(361): CodeIgniter\CodeIgniter->handleRequest()
12 FCPATH/index.php(79): CodeIgniter\CodeIgniter->run()
CRITICAL - 2024-03-26 06:17:31 --> [Caused by] mysqli_sql_exception: Column 'photo' cannot be null
in SYSTEMPATH/Database/MySQLi/Connection.php on line 306.
 1 SYSTEMPATH/Database/MySQLi/Connection.php(306): mysqli->query()
 2 SYSTEMPATH/Database/BaseConnection.php(693): CodeIgniter\Database\MySQLi\Connection->execute()
 3 SYSTEMPATH/Database/BaseConnection.php(607): CodeIgniter\Database\BaseConnection->simpleQuery()
 4 SYSTEMPATH/Database/BaseBuilder.php(2302): CodeIgniter\Database\BaseConnection->query()
 5 APPPATH/Views/api/api_login.php(52): CodeIgniter\Database\BaseBuilder->insert()
 6 SYSTEMPATH/View/View.php(228): include('/home/u652040979/domains/truetechnologies.in/public_html/taxConsultant/app/Views/api/api_login.php')
 7 SYSTEMPATH/View/View.php(231): CodeIgniter\View\View->CodeIgniter\View\{closure}()
 8 SYSTEMPATH/Common.php(1178): CodeIgniter\View\View->render()
 9 APPPATH/Controllers/Home.php(159): view()
10 SYSTEMPATH/CodeIgniter.php(941): App\Controllers\Home->api_v1_login()
11 SYSTEMPATH/CodeIgniter.php(502): CodeIgniter\CodeIgniter->runController()
12 SYSTEMPATH/CodeIgniter.php(361): CodeIgniter\CodeIgniter->handleRequest()
13 FCPATH/index.php(79): CodeIgniter\CodeIgniter->run()
ERROR - 2024-03-26 06:17:33 --> mysqli_sql_exception: Column 'photo' cannot be null in /home/u652040979/domains/truetechnologies.in/public_html/taxConsultant/system/Database/MySQLi/Connection.php:306
Stack trace:
#0 /home/u652040979/domains/truetechnologies.in/public_html/taxConsultant/system/Database/MySQLi/Connection.php(306): mysqli->query()
#1 /home/u652040979/domains/truetechnologies.in/public_html/taxConsultant/system/Database/BaseConnection.php(693): CodeIgniter\Database\MySQLi\Connection->execute()
#2 /home/u652040979/domains/truetechnologies.in/public_html/taxConsultant/system/Database/BaseConnection.php(607): CodeIgniter\Database\BaseConnection->simpleQuery()
#3 /home/u652040979/domains/truetechnologies.in/public_html/taxConsultant/system/Database/BaseBuilder.php(2302): CodeIgniter\Database\BaseConnection->query()
#4 /home/u652040979/domains/truetechnologies.in/public_html/taxConsultant/app/Views/api/api_login.php(52): CodeIgniter\Database\BaseBuilder->insert()
#5 /home/u652040979/domains/truetechnologies.in/public_html/taxConsultant/system/View/View.php(228): include('/home/u65204097...')
#6 /home/u652040979/domains/truetechnologies.in/public_html/taxConsultant/system/View/View.php(231): CodeIgniter\View\View->CodeIgniter\View\{closure}()
#7 /home/u652040979/domains/truetechnologies.in/public_html/taxConsultant/system/Common.php(1178): CodeIgniter\View\View->render()
#8 /home/u652040979/domains/truetechnologies.in/public_html/taxConsultant/app/Controllers/Home.php(159): view()
#9 /home/u652040979/domains/truetechnologies.in/public_html/taxConsultant/system/CodeIgniter.php(941): App\Controllers\Home->api_v1_login()
#10 /home/u652040979/domains/truetechnologies.in/public_html/taxConsultant/system/CodeIgniter.php(502): CodeIgniter\CodeIgniter->runController()
#11 /home/u652040979/domains/truetechnologies.in/public_html/taxConsultant/system/CodeIgniter.php(361): CodeIgniter\CodeIgniter->handleRequest()
#12 /home/u652040979/domains/truetechnologies.in/public_html/taxConsultant/tax/index.php(79): CodeIgniter\CodeIgniter->run()
#13 {main}
CRITICAL - 2024-03-26 06:17:33 --> CodeIgniter\Database\Exceptions\DatabaseException: Column 'photo' cannot be null
in SYSTEMPATH/Database/BaseConnection.php on line 647.
 1 SYSTEMPATH/Database/BaseBuilder.php(2302): CodeIgniter\Database\BaseConnection->query()
 2 APPPATH/Views/api/api_login.php(52): CodeIgniter\Database\BaseBuilder->insert()
 3 SYSTEMPATH/View/View.php(228): include('/home/u652040979/domains/truetechnologies.in/public_html/taxConsultant/app/Views/api/api_login.php')
 4 SYSTEMPATH/View/View.php(231): CodeIgniter\View\View->CodeIgniter\View\{closure}()
 5 SYSTEMPATH/Common.php(1178): CodeIgniter\View\View->render()
 6 APPPATH/Controllers/Home.php(159): view()
 7 SYSTEMPATH/CodeIgniter.php(941): App\Controllers\Home->api_v1_login()
 8 SYSTEMPATH/CodeIgniter.php(502): CodeIgniter\CodeIgniter->runController()
 9 SYSTEMPATH/CodeIgniter.php(361): CodeIgniter\CodeIgniter->handleRequest()
10 FCPATH/index.php(79): CodeIgniter\CodeIgniter->run()
CRITICAL - 2024-03-26 06:17:33 --> [Caused by] CodeIgniter\Database\Exceptions\DatabaseException: Column 'photo' cannot be null
in SYSTEMPATH/Database/MySQLi/Connection.php on line 311.
 1 SYSTEMPATH/Database/BaseConnection.php(693): CodeIgniter\Database\MySQLi\Connection->execute()
 2 SYSTEMPATH/Database/BaseConnection.php(607): CodeIgniter\Database\BaseConnection->simpleQuery()
 3 SYSTEMPATH/Database/BaseBuilder.php(2302): CodeIgniter\Database\BaseConnection->query()
 4 APPPATH/Views/api/api_login.php(52): CodeIgniter\Database\BaseBuilder->insert()
 5 SYSTEMPATH/View/View.php(228): include('/home/u652040979/domains/truetechnologies.in/public_html/taxConsultant/app/Views/api/api_login.php')
 6 SYSTEMPATH/View/View.php(231): CodeIgniter\View\View->CodeIgniter\View\{closure}()
 7 SYSTEMPATH/Common.php(1178): CodeIgniter\View\View->render()
 8 APPPATH/Controllers/Home.php(159): view()
 9 SYSTEMPATH/CodeIgniter.php(941): App\Controllers\Home->api_v1_login()
10 SYSTEMPATH/CodeIgniter.php(502): CodeIgniter\CodeIgniter->runController()
11 SYSTEMPATH/CodeIgniter.php(361): CodeIgniter\CodeIgniter->handleRequest()
12 FCPATH/index.php(79): CodeIgniter\CodeIgniter->run()
CRITICAL - 2024-03-26 06:17:33 --> [Caused by] mysqli_sql_exception: Column 'photo' cannot be null
in SYSTEMPATH/Database/MySQLi/Connection.php on line 306.
 1 SYSTEMPATH/Database/MySQLi/Connection.php(306): mysqli->query()
 2 SYSTEMPATH/Database/BaseConnection.php(693): CodeIgniter\Database\MySQLi\Connection->execute()
 3 SYSTEMPATH/Database/BaseConnection.php(607): CodeIgniter\Database\BaseConnection->simpleQuery()
 4 SYSTEMPATH/Database/BaseBuilder.php(2302): CodeIgniter\Database\BaseConnection->query()
 5 APPPATH/Views/api/api_login.php(52): CodeIgniter\Database\BaseBuilder->insert()
 6 SYSTEMPATH/View/View.php(228): include('/home/u652040979/domains/truetechnologies.in/public_html/taxConsultant/app/Views/api/api_login.php')
 7 SYSTEMPATH/View/View.php(231): CodeIgniter\View\View->CodeIgniter\View\{closure}()
 8 SYSTEMPATH/Common.php(1178): CodeIgniter\View\View->render()
 9 APPPATH/Controllers/Home.php(159): view()
10 SYSTEMPATH/CodeIgniter.php(941): App\Controllers\Home->api_v1_login()
11 SYSTEMPATH/CodeIgniter.php(502): CodeIgniter\CodeIgniter->runController()
12 SYSTEMPATH/CodeIgniter.php(361): CodeIgniter\CodeIgniter->handleRequest()
13 FCPATH/index.php(79): CodeIgniter\CodeIgniter->run()
ERROR - 2024-03-26 06:17:49 --> mysqli_sql_exception: Column 'photo' cannot be null in /home/u652040979/domains/truetechnologies.in/public_html/taxConsultant/system/Database/MySQLi/Connection.php:306
Stack trace:
#0 /home/u652040979/domains/truetechnologies.in/public_html/taxConsultant/system/Database/MySQLi/Connection.php(306): mysqli->query()
#1 /home/u652040979/domains/truetechnologies.in/public_html/taxConsultant/system/Database/BaseConnection.php(693): CodeIgniter\Database\MySQLi\Connection->execute()
#2 /home/u652040979/domains/truetechnologies.in/public_html/taxConsultant/system/Database/BaseConnection.php(607): CodeIgniter\Database\BaseConnection->simpleQuery()
#3 /home/u652040979/domains/truetechnologies.in/public_html/taxConsultant/system/Database/BaseBuilder.php(2302): CodeIgniter\Database\BaseConnection->query()
#4 /home/u652040979/domains/truetechnologies.in/public_html/taxConsultant/app/Views/api/api_login.php(52): CodeIgniter\Database\BaseBuilder->insert()
#5 /home/u652040979/domains/truetechnologies.in/public_html/taxConsultant/system/View/View.php(228): include('/home/u65204097...')
#6 /home/u652040979/domains/truetechnologies.in/public_html/taxConsultant/system/View/View.php(231): CodeIgniter\View\View->CodeIgniter\View\{closure}()
#7 /home/u652040979/domains/truetechnologies.in/public_html/taxConsultant/system/Common.php(1178): CodeIgniter\View\View->render()
#8 /home/u652040979/domains/truetechnologies.in/public_html/taxConsultant/app/Controllers/Home.php(159): view()
#9 /home/u652040979/domains/truetechnologies.in/public_html/taxConsultant/system/CodeIgniter.php(941): App\Controllers\Home->api_v1_login()
#10 /home/u652040979/domains/truetechnologies.in/public_html/taxConsultant/system/CodeIgniter.php(502): CodeIgniter\CodeIgniter->runController()
#11 /home/u652040979/domains/truetechnologies.in/public_html/taxConsultant/system/CodeIgniter.php(361): CodeIgniter\CodeIgniter->handleRequest()
#12 /home/u652040979/domains/truetechnologies.in/public_html/taxConsultant/tax/index.php(79): CodeIgniter\CodeIgniter->run()
#13 {main}
CRITICAL - 2024-03-26 06:17:49 --> CodeIgniter\Database\Exceptions\DatabaseException: Column 'photo' cannot be null
in SYSTEMPATH/Database/BaseConnection.php on line 647.
 1 SYSTEMPATH/Database/BaseBuilder.php(2302): CodeIgniter\Database\BaseConnection->query()
 2 APPPATH/Views/api/api_login.php(52): CodeIgniter\Database\BaseBuilder->insert()
 3 SYSTEMPATH/View/View.php(228): include('/home/u652040979/domains/truetechnologies.in/public_html/taxConsultant/app/Views/api/api_login.php')
 4 SYSTEMPATH/View/View.php(231): CodeIgniter\View\View->CodeIgniter\View\{closure}()
 5 SYSTEMPATH/Common.php(1178): CodeIgniter\View\View->render()
 6 APPPATH/Controllers/Home.php(159): view()
 7 SYSTEMPATH/CodeIgniter.php(941): App\Controllers\Home->api_v1_login()
 8 SYSTEMPATH/CodeIgniter.php(502): CodeIgniter\CodeIgniter->runController()
 9 SYSTEMPATH/CodeIgniter.php(361): CodeIgniter\CodeIgniter->handleRequest()
10 FCPATH/index.php(79): CodeIgniter\CodeIgniter->run()
CRITICAL - 2024-03-26 06:17:49 --> [Caused by] CodeIgniter\Database\Exceptions\DatabaseException: Column 'photo' cannot be null
in SYSTEMPATH/Database/MySQLi/Connection.php on line 311.
 1 SYSTEMPATH/Database/BaseConnection.php(693): CodeIgniter\Database\MySQLi\Connection->execute()
 2 SYSTEMPATH/Database/BaseConnection.php(607): CodeIgniter\Database\BaseConnection->simpleQuery()
 3 SYSTEMPATH/Database/BaseBuilder.php(2302): CodeIgniter\Database\BaseConnection->query()
 4 APPPATH/Views/api/api_login.php(52): CodeIgniter\Database\BaseBuilder->insert()
 5 SYSTEMPATH/View/View.php(228): include('/home/u652040979/domains/truetechnologies.in/public_html/taxConsultant/app/Views/api/api_login.php')
 6 SYSTEMPATH/View/View.php(231): CodeIgniter\View\View->CodeIgniter\View\{closure}()
 7 SYSTEMPATH/Common.php(1178): CodeIgniter\View\View->render()
 8 APPPATH/Controllers/Home.php(159): view()
 9 SYSTEMPATH/CodeIgniter.php(941): App\Controllers\Home->api_v1_login()
10 SYSTEMPATH/CodeIgniter.php(502): CodeIgniter\CodeIgniter->runController()
11 SYSTEMPATH/CodeIgniter.php(361): CodeIgniter\CodeIgniter->handleRequest()
12 FCPATH/index.php(79): CodeIgniter\CodeIgniter->run()
CRITICAL - 2024-03-26 06:17:49 --> [Caused by] mysqli_sql_exception: Column 'photo' cannot be null
in SYSTEMPATH/Database/MySQLi/Connection.php on line 306.
 1 SYSTEMPATH/Database/MySQLi/Connection.php(306): mysqli->query()
 2 SYSTEMPATH/Database/BaseConnection.php(693): CodeIgniter\Database\MySQLi\Connection->execute()
 3 SYSTEMPATH/Database/BaseConnection.php(607): CodeIgniter\Database\BaseConnection->simpleQuery()
 4 SYSTEMPATH/Database/BaseBuilder.php(2302): CodeIgniter\Database\BaseConnection->query()
 5 APPPATH/Views/api/api_login.php(52): CodeIgniter\Database\BaseBuilder->insert()
 6 SYSTEMPATH/View/View.php(228): include('/home/u652040979/domains/truetechnologies.in/public_html/taxConsultant/app/Views/api/api_login.php')
 7 SYSTEMPATH/View/View.php(231): CodeIgniter\View\View->CodeIgniter\View\{closure}()
 8 SYSTEMPATH/Common.php(1178): CodeIgniter\View\View->render()
 9 APPPATH/Controllers/Home.php(159): view()
10 SYSTEMPATH/CodeIgniter.php(941): App\Controllers\Home->api_v1_login()
11 SYSTEMPATH/CodeIgniter.php(502): CodeIgniter\CodeIgniter->runController()
12 SYSTEMPATH/CodeIgniter.php(361): CodeIgniter\CodeIgniter->handleRequest()
13 FCPATH/index.php(79): CodeIgniter\CodeIgniter->run()
ERROR - 2024-03-26 06:17:50 --> mysqli_sql_exception: Column 'photo' cannot be null in /home/u652040979/domains/truetechnologies.in/public_html/taxConsultant/system/Database/MySQLi/Connection.php:306
Stack trace:
#0 /home/u652040979/domains/truetechnologies.in/public_html/taxConsultant/system/Database/MySQLi/Connection.php(306): mysqli->query()
#1 /home/u652040979/domains/truetechnologies.in/public_html/taxConsultant/system/Database/BaseConnection.php(693): CodeIgniter\Database\MySQLi\Connection->execute()
#2 /home/u652040979/domains/truetechnologies.in/public_html/taxConsultant/system/Database/BaseConnection.php(607): CodeIgniter\Database\BaseConnection->simpleQuery()
#3 /home/u652040979/domains/truetechnologies.in/public_html/taxConsultant/system/Database/BaseBuilder.php(2302): CodeIgniter\Database\BaseConnection->query()
#4 /home/u652040979/domains/truetechnologies.in/public_html/taxConsultant/app/Views/api/api_login.php(52): CodeIgniter\Database\BaseBuilder->insert()
#5 /home/u652040979/domains/truetechnologies.in/public_html/taxConsultant/system/View/View.php(228): include('/home/u65204097...')
#6 /home/u652040979/domains/truetechnologies.in/public_html/taxConsultant/system/View/View.php(231): CodeIgniter\View\View->CodeIgniter\View\{closure}()
#7 /home/u652040979/domains/truetechnologies.in/public_html/taxConsultant/system/Common.php(1178): CodeIgniter\View\View->render()
#8 /home/u652040979/domains/truetechnologies.in/public_html/taxConsultant/app/Controllers/Home.php(159): view()
#9 /home/u652040979/domains/truetechnologies.in/public_html/taxConsultant/system/CodeIgniter.php(941): App\Controllers\Home->api_v1_login()
#10 /home/u652040979/domains/truetechnologies.in/public_html/taxConsultant/system/CodeIgniter.php(502): CodeIgniter\CodeIgniter->runController()
#11 /home/u652040979/domains/truetechnologies.in/public_html/taxConsultant/system/CodeIgniter.php(361): CodeIgniter\CodeIgniter->handleRequest()
#12 /home/u652040979/domains/truetechnologies.in/public_html/taxConsultant/tax/index.php(79): CodeIgniter\CodeIgniter->run()
#13 {main}
CRITICAL - 2024-03-26 06:17:50 --> CodeIgniter\Database\Exceptions\DatabaseException: Column 'photo' cannot be null
in SYSTEMPATH/Database/BaseConnection.php on line 647.
 1 SYSTEMPATH/Database/BaseBuilder.php(2302): CodeIgniter\Database\BaseConnection->query()
 2 APPPATH/Views/api/api_login.php(52): CodeIgniter\Database\BaseBuilder->insert()
 3 SYSTEMPATH/View/View.php(228): include('/home/u652040979/domains/truetechnologies.in/public_html/taxConsultant/app/Views/api/api_login.php')
 4 SYSTEMPATH/View/View.php(231): CodeIgniter\View\View->CodeIgniter\View\{closure}()
 5 SYSTEMPATH/Common.php(1178): CodeIgniter\View\View->render()
 6 APPPATH/Controllers/Home.php(159): view()
 7 SYSTEMPATH/CodeIgniter.php(941): App\Controllers\Home->api_v1_login()
 8 SYSTEMPATH/CodeIgniter.php(502): CodeIgniter\CodeIgniter->runController()
 9 SYSTEMPATH/CodeIgniter.php(361): CodeIgniter\CodeIgniter->handleRequest()
10 FCPATH/index.php(79): CodeIgniter\CodeIgniter->run()
CRITICAL - 2024-03-26 06:17:50 --> [Caused by] CodeIgniter\Database\Exceptions\DatabaseException: Column 'photo' cannot be null
in SYSTEMPATH/Database/MySQLi/Connection.php on line 311.
 1 SYSTEMPATH/Database/BaseConnection.php(693): CodeIgniter\Database\MySQLi\Connection->execute()
 2 SYSTEMPATH/Database/BaseConnection.php(607): CodeIgniter\Database\BaseConnection->simpleQuery()
 3 SYSTEMPATH/Database/BaseBuilder.php(2302): CodeIgniter\Database\BaseConnection->query()
 4 APPPATH/Views/api/api_login.php(52): CodeIgniter\Database\BaseBuilder->insert()
 5 SYSTEMPATH/View/View.php(228): include('/home/u652040979/domains/truetechnologies.in/public_html/taxConsultant/app/Views/api/api_login.php')
 6 SYSTEMPATH/View/View.php(231): CodeIgniter\View\View->CodeIgniter\View\{closure}()
 7 SYSTEMPATH/Common.php(1178): CodeIgniter\View\View->render()
 8 APPPATH/Controllers/Home.php(159): view()
 9 SYSTEMPATH/CodeIgniter.php(941): App\Controllers\Home->api_v1_login()
10 SYSTEMPATH/CodeIgniter.php(502): CodeIgniter\CodeIgniter->runController()
11 SYSTEMPATH/CodeIgniter.php(361): CodeIgniter\CodeIgniter->handleRequest()
12 FCPATH/index.php(79): CodeIgniter\CodeIgniter->run()
CRITICAL - 2024-03-26 06:17:50 --> [Caused by] mysqli_sql_exception: Column 'photo' cannot be null
in SYSTEMPATH/Database/MySQLi/Connection.php on line 306.
 1 SYSTEMPATH/Database/MySQLi/Connection.php(306): mysqli->query()
 2 SYSTEMPATH/Database/BaseConnection.php(693): CodeIgniter\Database\MySQLi\Connection->execute()
 3 SYSTEMPATH/Database/BaseConnection.php(607): CodeIgniter\Database\BaseConnection->simpleQuery()
 4 SYSTEMPATH/Database/BaseBuilder.php(2302): CodeIgniter\Database\BaseConnection->query()
 5 APPPATH/Views/api/api_login.php(52): CodeIgniter\Database\BaseBuilder->insert()
 6 SYSTEMPATH/View/View.php(228): include('/home/u652040979/domains/truetechnologies.in/public_html/taxConsultant/app/Views/api/api_login.php')
 7 SYSTEMPATH/View/View.php(231): CodeIgniter\View\View->CodeIgniter\View\{closure}()
 8 SYSTEMPATH/Common.php(1178): CodeIgniter\View\View->render()
 9 APPPATH/Controllers/Home.php(159): view()
10 SYSTEMPATH/CodeIgniter.php(941): App\Controllers\Home->api_v1_login()
11 SYSTEMPATH/CodeIgniter.php(502): CodeIgniter\CodeIgniter->runController()
12 SYSTEMPATH/CodeIgniter.php(361): CodeIgniter\CodeIgniter->handleRequest()
13 FCPATH/index.php(79): CodeIgniter\CodeIgniter->run()
ERROR - 2024-03-26 06:17:52 --> mysqli_sql_exception: Column 'photo' cannot be null in /home/u652040979/domains/truetechnologies.in/public_html/taxConsultant/system/Database/MySQLi/Connection.php:306
Stack trace:
#0 /home/u652040979/domains/truetechnologies.in/public_html/taxConsultant/system/Database/MySQLi/Connection.php(306): mysqli->query()
#1 /home/u652040979/domains/truetechnologies.in/public_html/taxConsultant/system/Database/BaseConnection.php(693): CodeIgniter\Database\MySQLi\Connection->execute()
#2 /home/u652040979/domains/truetechnologies.in/public_html/taxConsultant/system/Database/BaseConnection.php(607): CodeIgniter\Database\BaseConnection->simpleQuery()
#3 /home/u652040979/domains/truetechnologies.in/public_html/taxConsultant/system/Database/BaseBuilder.php(2302): CodeIgniter\Database\BaseConnection->query()
#4 /home/u652040979/domains/truetechnologies.in/public_html/taxConsultant/app/Views/api/api_login.php(52): CodeIgniter\Database\BaseBuilder->insert()
#5 /home/u652040979/domains/truetechnologies.in/public_html/taxConsultant/system/View/View.php(228): include('/home/u65204097...')
#6 /home/u652040979/domains/truetechnologies.in/public_html/taxConsultant/system/View/View.php(231): CodeIgniter\View\View->CodeIgniter\View\{closure}()
#7 /home/u652040979/domains/truetechnologies.in/public_html/taxConsultant/system/Common.php(1178): CodeIgniter\View\View->render()
#8 /home/u652040979/domains/truetechnologies.in/public_html/taxConsultant/app/Controllers/Home.php(159): view()
#9 /home/u652040979/domains/truetechnologies.in/public_html/taxConsultant/system/CodeIgniter.php(941): App\Controllers\Home->api_v1_login()
#10 /home/u652040979/domains/truetechnologies.in/public_html/taxConsultant/system/CodeIgniter.php(502): CodeIgniter\CodeIgniter->runController()
#11 /home/u652040979/domains/truetechnologies.in/public_html/taxConsultant/system/CodeIgniter.php(361): CodeIgniter\CodeIgniter->handleRequest()
#12 /home/u652040979/domains/truetechnologies.in/public_html/taxConsultant/tax/index.php(79): CodeIgniter\CodeIgniter->run()
#13 {main}
CRITICAL - 2024-03-26 06:17:52 --> CodeIgniter\Database\Exceptions\DatabaseException: Column 'photo' cannot be null
in SYSTEMPATH/Database/BaseConnection.php on line 647.
 1 SYSTEMPATH/Database/BaseBuilder.php(2302): CodeIgniter\Database\BaseConnection->query()
 2 APPPATH/Views/api/api_login.php(52): CodeIgniter\Database\BaseBuilder->insert()
 3 SYSTEMPATH/View/View.php(228): include('/home/u652040979/domains/truetechnologies.in/public_html/taxConsultant/app/Views/api/api_login.php')
 4 SYSTEMPATH/View/View.php(231): CodeIgniter\View\View->CodeIgniter\View\{closure}()
 5 SYSTEMPATH/Common.php(1178): CodeIgniter\View\View->render()
 6 APPPATH/Controllers/Home.php(159): view()
 7 SYSTEMPATH/CodeIgniter.php(941): App\Controllers\Home->api_v1_login()
 8 SYSTEMPATH/CodeIgniter.php(502): CodeIgniter\CodeIgniter->runController()
 9 SYSTEMPATH/CodeIgniter.php(361): CodeIgniter\CodeIgniter->handleRequest()
10 FCPATH/index.php(79): CodeIgniter\CodeIgniter->run()
CRITICAL - 2024-03-26 06:17:52 --> [Caused by] CodeIgniter\Database\Exceptions\DatabaseException: Column 'photo' cannot be null
in SYSTEMPATH/Database/MySQLi/Connection.php on line 311.
 1 SYSTEMPATH/Database/BaseConnection.php(693): CodeIgniter\Database\MySQLi\Connection->execute()
 2 SYSTEMPATH/Database/BaseConnection.php(607): CodeIgniter\Database\BaseConnection->simpleQuery()
 3 SYSTEMPATH/Database/BaseBuilder.php(2302): CodeIgniter\Database\BaseConnection->query()
 4 APPPATH/Views/api/api_login.php(52): CodeIgniter\Database\BaseBuilder->insert()
 5 SYSTEMPATH/View/View.php(228): include('/home/u652040979/domains/truetechnologies.in/public_html/taxConsultant/app/Views/api/api_login.php')
 6 SYSTEMPATH/View/View.php(231): CodeIgniter\View\View->CodeIgniter\View\{closure}()
 7 SYSTEMPATH/Common.php(1178): CodeIgniter\View\View->render()
 8 APPPATH/Controllers/Home.php(159): view()
 9 SYSTEMPATH/CodeIgniter.php(941): App\Controllers\Home->api_v1_login()
10 SYSTEMPATH/CodeIgniter.php(502): CodeIgniter\CodeIgniter->runController()
11 SYSTEMPATH/CodeIgniter.php(361): CodeIgniter\CodeIgniter->handleRequest()
12 FCPATH/index.php(79): CodeIgniter\CodeIgniter->run()
CRITICAL - 2024-03-26 06:17:52 --> [Caused by] mysqli_sql_exception: Column 'photo' cannot be null
in SYSTEMPATH/Database/MySQLi/Connection.php on line 306.
 1 SYSTEMPATH/Database/MySQLi/Connection.php(306): mysqli->query()
 2 SYSTEMPATH/Database/BaseConnection.php(693): CodeIgniter\Database\MySQLi\Connection->execute()
 3 SYSTEMPATH/Database/BaseConnection.php(607): CodeIgniter\Database\BaseConnection->simpleQuery()
 4 SYSTEMPATH/Database/BaseBuilder.php(2302): CodeIgniter\Database\BaseConnection->query()
 5 APPPATH/Views/api/api_login.php(52): CodeIgniter\Database\BaseBuilder->insert()
 6 SYSTEMPATH/View/View.php(228): include('/home/u652040979/domains/truetechnologies.in/public_html/taxConsultant/app/Views/api/api_login.php')
 7 SYSTEMPATH/View/View.php(231): CodeIgniter\View\View->CodeIgniter\View\{closure}()
 8 SYSTEMPATH/Common.php(1178): CodeIgniter\View\View->render()
 9 APPPATH/Controllers/Home.php(159): view()
10 SYSTEMPATH/CodeIgniter.php(941): App\Controllers\Home->api_v1_login()
11 SYSTEMPATH/CodeIgniter.php(502): CodeIgniter\CodeIgniter->runController()
12 SYSTEMPATH/CodeIgniter.php(361): CodeIgniter\CodeIgniter->handleRequest()
13 FCPATH/index.php(79): CodeIgniter\CodeIgniter->run()
ERROR - 2024-03-26 06:17:53 --> mysqli_sql_exception: Column 'photo' cannot be null in /home/u652040979/domains/truetechnologies.in/public_html/taxConsultant/system/Database/MySQLi/Connection.php:306
Stack trace:
#0 /home/u652040979/domains/truetechnologies.in/public_html/taxConsultant/system/Database/MySQLi/Connection.php(306): mysqli->query()
#1 /home/u652040979/domains/truetechnologies.in/public_html/taxConsultant/system/Database/BaseConnection.php(693): CodeIgniter\Database\MySQLi\Connection->execute()
#2 /home/u652040979/domains/truetechnologies.in/public_html/taxConsultant/system/Database/BaseConnection.php(607): CodeIgniter\Database\BaseConnection->simpleQuery()
#3 /home/u652040979/domains/truetechnologies.in/public_html/taxConsultant/system/Database/BaseBuilder.php(2302): CodeIgniter\Database\BaseConnection->query()
#4 /home/u652040979/domains/truetechnologies.in/public_html/taxConsultant/app/Views/api/api_login.php(52): CodeIgniter\Database\BaseBuilder->insert()
#5 /home/u652040979/domains/truetechnologies.in/public_html/taxConsultant/system/View/View.php(228): include('/home/u65204097...')
#6 /home/u652040979/domains/truetechnologies.in/public_html/taxConsultant/system/View/View.php(231): CodeIgniter\View\View->CodeIgniter\View\{closure}()
#7 /home/u652040979/domains/truetechnologies.in/public_html/taxConsultant/system/Common.php(1178): CodeIgniter\View\View->render()
#8 /home/u652040979/domains/truetechnologies.in/public_html/taxConsultant/app/Controllers/Home.php(159): view()
#9 /home/u652040979/domains/truetechnologies.in/public_html/taxConsultant/system/CodeIgniter.php(941): App\Controllers\Home->api_v1_login()
#10 /home/u652040979/domains/truetechnologies.in/public_html/taxConsultant/system/CodeIgniter.php(502): CodeIgniter\CodeIgniter->runController()
#11 /home/u652040979/domains/truetechnologies.in/public_html/taxConsultant/system/CodeIgniter.php(361): CodeIgniter\CodeIgniter->handleRequest()
#12 /home/u652040979/domains/truetechnologies.in/public_html/taxConsultant/tax/index.php(79): CodeIgniter\CodeIgniter->run()
#13 {main}
CRITICAL - 2024-03-26 06:17:53 --> CodeIgniter\Database\Exceptions\DatabaseException: Column 'photo' cannot be null
in SYSTEMPATH/Database/BaseConnection.php on line 647.
 1 SYSTEMPATH/Database/BaseBuilder.php(2302): CodeIgniter\Database\BaseConnection->query()
 2 APPPATH/Views/api/api_login.php(52): CodeIgniter\Database\BaseBuilder->insert()
 3 SYSTEMPATH/View/View.php(228): include('/home/u652040979/domains/truetechnologies.in/public_html/taxConsultant/app/Views/api/api_login.php')
 4 SYSTEMPATH/View/View.php(231): CodeIgniter\View\View->CodeIgniter\View\{closure}()
 5 SYSTEMPATH/Common.php(1178): CodeIgniter\View\View->render()
 6 APPPATH/Controllers/Home.php(159): view()
 7 SYSTEMPATH/CodeIgniter.php(941): App\Controllers\Home->api_v1_login()
 8 SYSTEMPATH/CodeIgniter.php(502): CodeIgniter\CodeIgniter->runController()
 9 SYSTEMPATH/CodeIgniter.php(361): CodeIgniter\CodeIgniter->handleRequest()
10 FCPATH/index.php(79): CodeIgniter\CodeIgniter->run()
CRITICAL - 2024-03-26 06:17:53 --> [Caused by] CodeIgniter\Database\Exceptions\DatabaseException: Column 'photo' cannot be null
in SYSTEMPATH/Database/MySQLi/Connection.php on line 311.
 1 SYSTEMPATH/Database/BaseConnection.php(693): CodeIgniter\Database\MySQLi\Connection->execute()
 2 SYSTEMPATH/Database/BaseConnection.php(607): CodeIgniter\Database\BaseConnection->simpleQuery()
 3 SYSTEMPATH/Database/BaseBuilder.php(2302): CodeIgniter\Database\BaseConnection->query()
 4 APPPATH/Views/api/api_login.php(52): CodeIgniter\Database\BaseBuilder->insert()
 5 SYSTEMPATH/View/View.php(228): include('/home/u652040979/domains/truetechnologies.in/public_html/taxConsultant/app/Views/api/api_login.php')
 6 SYSTEMPATH/View/View.php(231): CodeIgniter\View\View->CodeIgniter\View\{closure}()
 7 SYSTEMPATH/Common.php(1178): CodeIgniter\View\View->render()
 8 APPPATH/Controllers/Home.php(159): view()
 9 SYSTEMPATH/CodeIgniter.php(941): App\Controllers\Home->api_v1_login()
10 SYSTEMPATH/CodeIgniter.php(502): CodeIgniter\CodeIgniter->runController()
11 SYSTEMPATH/CodeIgniter.php(361): CodeIgniter\CodeIgniter->handleRequest()
12 FCPATH/index.php(79): CodeIgniter\CodeIgniter->run()
CRITICAL - 2024-03-26 06:17:53 --> [Caused by] mysqli_sql_exception: Column 'photo' cannot be null
in SYSTEMPATH/Database/MySQLi/Connection.php on line 306.
 1 SYSTEMPATH/Database/MySQLi/Connection.php(306): mysqli->query()
 2 SYSTEMPATH/Database/BaseConnection.php(693): CodeIgniter\Database\MySQLi\Connection->execute()
 3 SYSTEMPATH/Database/BaseConnection.php(607): CodeIgniter\Database\BaseConnection->simpleQuery()
 4 SYSTEMPATH/Database/BaseBuilder.php(2302): CodeIgniter\Database\BaseConnection->query()
 5 APPPATH/Views/api/api_login.php(52): CodeIgniter\Database\BaseBuilder->insert()
 6 SYSTEMPATH/View/View.php(228): include('/home/u652040979/domains/truetechnologies.in/public_html/taxConsultant/app/Views/api/api_login.php')
 7 SYSTEMPATH/View/View.php(231): CodeIgniter\View\View->CodeIgniter\View\{closure}()
 8 SYSTEMPATH/Common.php(1178): CodeIgniter\View\View->render()
 9 APPPATH/Controllers/Home.php(159): view()
10 SYSTEMPATH/CodeIgniter.php(941): App\Controllers\Home->api_v1_login()
11 SYSTEMPATH/CodeIgniter.php(502): CodeIgniter\CodeIgniter->runController()
12 SYSTEMPATH/CodeIgniter.php(361): CodeIgniter\CodeIgniter->handleRequest()
13 FCPATH/index.php(79): CodeIgniter\CodeIgniter->run()
CRITICAL - 2024-03-26 09:25:25 --> ErrorException: Undefined variable $uniqid
in APPPATH/Views/api/api_mobile_update.php on line 40.
 1 APPPATH/Views/api/api_mobile_update.php(40): CodeIgniter\Debug\Exceptions->errorHandler()
 2 SYSTEMPATH/View/View.php(228): include('/home/u652040979/domains/truetechnologies.in/public_html/taxConsultant/app/Views/api/api_mobile_update.php')
 3 SYSTEMPATH/View/View.php(231): CodeIgniter\View\View->CodeIgniter\View\{closure}()
 4 SYSTEMPATH/Common.php(1178): CodeIgniter\View\View->render()
 5 APPPATH/Controllers/Home.php(183): view()
 6 SYSTEMPATH/CodeIgniter.php(941): App\Controllers\Home->api_v1_update_mobile()
 7 SYSTEMPATH/CodeIgniter.php(502): CodeIgniter\CodeIgniter->runController()
 8 SYSTEMPATH/CodeIgniter.php(361): CodeIgniter\CodeIgniter->handleRequest()
 9 FCPATH/index.php(79): CodeIgniter\CodeIgniter->run()
CRITICAL - 2024-03-26 17:06:05 --> ErrorException: Undefined variable $uniqid
in APPPATH/Views/api/api_mobile_update.php on line 40.
 1 APPPATH/Views/api/api_mobile_update.php(40): CodeIgniter\Debug\Exceptions->errorHandler()
 2 SYSTEMPATH/View/View.php(228): include('/home/u652040979/domains/truetechnologies.in/public_html/taxConsultant/app/Views/api/api_mobile_update.php')
 3 SYSTEMPATH/View/View.php(231): CodeIgniter\View\View->CodeIgniter\View\{closure}()
 4 SYSTEMPATH/Common.php(1178): CodeIgniter\View\View->render()
 5 APPPATH/Controllers/Home.php(183): view()
 6 SYSTEMPATH/CodeIgniter.php(941): App\Controllers\Home->api_v1_update_mobile()
 7 SYSTEMPATH/CodeIgniter.php(502): CodeIgniter\CodeIgniter->runController()
 8 SYSTEMPATH/CodeIgniter.php(361): CodeIgniter\CodeIgniter->handleRequest()
 9 FCPATH/index.php(79): CodeIgniter\CodeIgniter->run()
