INFO - 2025-07-01 06:30:58 --> Session: Class initialized using 'CodeIgniter\Session\Handlers\FileHandler' driver.
INFO - 2025-07-01 06:31:01 --> Session: Class initialized using 'CodeIgniter\Session\Handlers\FileHandler' driver.
INFO - 2025-07-01 06:31:01 --> Session: Class initialized using 'CodeIgniter\Session\Handlers\FileHandler' driver.
INFO - 2025-07-01 06:31:04 --> Session: Class initialized using 'CodeIgniter\Session\Handlers\FileHandler' driver.
INFO - 2025-07-01 06:31:11 --> Session: Class initialized using 'CodeIgniter\Session\Handlers\FileHandler' driver.
ERROR - 2025-07-01 06:31:11 --> mysqli_sql_exception: Table 'mfi.tab_' doesn't exist in C:\xampp\htdocs\www\mfiCRM\system\Database\MySQLi\Connection.php:306
Stack trace:
#0 C:\xampp\htdocs\www\mfiCRM\system\Database\MySQLi\Connection.php(306): mysqli->query('SELECT *\nFROM `...', 0)
#1 C:\xampp\htdocs\www\mfiCRM\system\Database\BaseConnection.php(693): CodeIgniter\Database\MySQLi\Connection->execute('SELECT *\nFROM `...')
#2 C:\xampp\htdocs\www\mfiCRM\system\Database\BaseConnection.php(607): CodeIgniter\Database\BaseConnection->simpleQuery('SELECT *\nFROM `...')
#3 C:\xampp\htdocs\www\mfiCRM\system\Database\BaseBuilder.php(1613): CodeIgniter\Database\BaseConnection->query('SELECT *\nFROM `...', Array, false)
#4 C:\xampp\htdocs\www\mfiCRM\app\Views\loan_details.php(27): CodeIgniter\Database\BaseBuilder->get()
#5 C:\xampp\htdocs\www\mfiCRM\system\View\View.php(228): include('C:\\xampp\\htdocs...')
#6 C:\xampp\htdocs\www\mfiCRM\system\View\View.php(231): CodeIgniter\View\View->CodeIgniter\View\{closure}()
#7 C:\xampp\htdocs\www\mfiCRM\system\Common.php(1178): CodeIgniter\View\View->render('loan_details', Array, true)
#8 C:\xampp\htdocs\www\mfiCRM\app\Controllers\Home.php(51): view('loan_details')
#9 C:\xampp\htdocs\www\mfiCRM\system\CodeIgniter.php(941): App\Controllers\Home->loan_details()
#10 C:\xampp\htdocs\www\mfiCRM\system\CodeIgniter.php(502): CodeIgniter\CodeIgniter->runController(Object(App\Controllers\Home))
#11 C:\xampp\htdocs\www\mfiCRM\system\CodeIgniter.php(361): CodeIgniter\CodeIgniter->handleRequest(NULL, Object(Config\Cache), false)
#12 C:\xampp\htdocs\www\mfiCRM\public\index.php(79): CodeIgniter\CodeIgniter->run()
#13 C:\xampp\htdocs\www\mfiCRM\system\Commands\Server\rewrite.php(47): require_once('C:\\xampp\\htdocs...')
#14 {main}
CRITICAL - 2025-07-01 06:31:11 --> CodeIgniter\Database\Exceptions\DatabaseException: Table 'mfi.tab_' doesn't exist
in SYSTEMPATH\Database\BaseConnection.php on line 647.
 1 SYSTEMPATH\Database\BaseBuilder.php(1613): CodeIgniter\Database\BaseConnection->query('SELECT *
FROM `tab_`
WHERE `reference` = :reference:
OR `reference` = :reference.1:
ORDER BY `Id` DESC', [...], false)
 2 APPPATH\Views\loan_details.php(27): CodeIgniter\Database\BaseBuilder->get()
 3 SYSTEMPATH\View\View.php(228): include('C:\\xampp\\htdocs\\www\\mfiCRM\\app\\Views\\loan_details.php')
 4 SYSTEMPATH\View\View.php(231): CodeIgniter\View\View->CodeIgniter\View\{closure}()
 5 SYSTEMPATH\Common.php(1178): CodeIgniter\View\View->render('loan_details', [], true)
 6 APPPATH\Controllers\Home.php(51): view('loan_details')
 7 SYSTEMPATH\CodeIgniter.php(941): App\Controllers\Home->loan_details()
 8 SYSTEMPATH\CodeIgniter.php(502): CodeIgniter\CodeIgniter->runController(Object(App\Controllers\Home))
 9 SYSTEMPATH\CodeIgniter.php(361): CodeIgniter\CodeIgniter->handleRequest(null, Object(Config\Cache), false)
10 FCPATH\index.php(79): CodeIgniter\CodeIgniter->run()
11 SYSTEMPATH\Commands\Server\rewrite.php(47): require_once('C:\\xampp\\htdocs\\www\\mfiCRM\\public\\index.php')
CRITICAL - 2025-07-01 06:31:11 --> [Caused by] CodeIgniter\Database\Exceptions\DatabaseException: Table 'mfi.tab_' doesn't exist
in SYSTEMPATH\Database\MySQLi\Connection.php on line 311.
 1 SYSTEMPATH\Database\BaseConnection.php(693): CodeIgniter\Database\MySQLi\Connection->execute('SELECT *
FROM `tab_`
WHERE `reference` = \'Due\'
OR `reference` = \'Y\'
ORDER BY `Id` DESC')
 2 SYSTEMPATH\Database\BaseConnection.php(607): CodeIgniter\Database\BaseConnection->simpleQuery('SELECT *
FROM `tab_`
WHERE `reference` = \'Due\'
OR `reference` = \'Y\'
ORDER BY `Id` DESC')
 3 SYSTEMPATH\Database\BaseBuilder.php(1613): CodeIgniter\Database\BaseConnection->query('SELECT *
FROM `tab_`
WHERE `reference` = :reference:
OR `reference` = :reference.1:
ORDER BY `Id` DESC', [...], false)
 4 APPPATH\Views\loan_details.php(27): CodeIgniter\Database\BaseBuilder->get()
 5 SYSTEMPATH\View\View.php(228): include('C:\\xampp\\htdocs\\www\\mfiCRM\\app\\Views\\loan_details.php')
 6 SYSTEMPATH\View\View.php(231): CodeIgniter\View\View->CodeIgniter\View\{closure}()
 7 SYSTEMPATH\Common.php(1178): CodeIgniter\View\View->render('loan_details', [], true)
 8 APPPATH\Controllers\Home.php(51): view('loan_details')
 9 SYSTEMPATH\CodeIgniter.php(941): App\Controllers\Home->loan_details()
10 SYSTEMPATH\CodeIgniter.php(502): CodeIgniter\CodeIgniter->runController(Object(App\Controllers\Home))
11 SYSTEMPATH\CodeIgniter.php(361): CodeIgniter\CodeIgniter->handleRequest(null, Object(Config\Cache), false)
12 FCPATH\index.php(79): CodeIgniter\CodeIgniter->run()
13 SYSTEMPATH\Commands\Server\rewrite.php(47): require_once('C:\\xampp\\htdocs\\www\\mfiCRM\\public\\index.php')
CRITICAL - 2025-07-01 06:31:11 --> [Caused by] mysqli_sql_exception: Table 'mfi.tab_' doesn't exist
in SYSTEMPATH\Database\MySQLi\Connection.php on line 306.
 1 SYSTEMPATH\Database\MySQLi\Connection.php(306): mysqli->query('SELECT *
FROM `tab_`
WHERE `reference` = \'Due\'
OR `reference` = \'Y\'
ORDER BY `Id` DESC', 0)
 2 SYSTEMPATH\Database\BaseConnection.php(693): CodeIgniter\Database\MySQLi\Connection->execute('SELECT *
FROM `tab_`
WHERE `reference` = \'Due\'
OR `reference` = \'Y\'
ORDER BY `Id` DESC')
 3 SYSTEMPATH\Database\BaseConnection.php(607): CodeIgniter\Database\BaseConnection->simpleQuery('SELECT *
FROM `tab_`
WHERE `reference` = \'Due\'
OR `reference` = \'Y\'
ORDER BY `Id` DESC')
 4 SYSTEMPATH\Database\BaseBuilder.php(1613): CodeIgniter\Database\BaseConnection->query('SELECT *
FROM `tab_`
WHERE `reference` = :reference:
OR `reference` = :reference.1:
ORDER BY `Id` DESC', [...], false)
 5 APPPATH\Views\loan_details.php(27): CodeIgniter\Database\BaseBuilder->get()
 6 SYSTEMPATH\View\View.php(228): include('C:\\xampp\\htdocs\\www\\mfiCRM\\app\\Views\\loan_details.php')
 7 SYSTEMPATH\View\View.php(231): CodeIgniter\View\View->CodeIgniter\View\{closure}()
 8 SYSTEMPATH\Common.php(1178): CodeIgniter\View\View->render('loan_details', [], true)
 9 APPPATH\Controllers\Home.php(51): view('loan_details')
10 SYSTEMPATH\CodeIgniter.php(941): App\Controllers\Home->loan_details()
11 SYSTEMPATH\CodeIgniter.php(502): CodeIgniter\CodeIgniter->runController(Object(App\Controllers\Home))
12 SYSTEMPATH\CodeIgniter.php(361): CodeIgniter\CodeIgniter->handleRequest(null, Object(Config\Cache), false)
13 FCPATH\index.php(79): CodeIgniter\CodeIgniter->run()
14 SYSTEMPATH\Commands\Server\rewrite.php(47): require_once('C:\\xampp\\htdocs\\www\\mfiCRM\\public\\index.php')
INFO - 2025-07-01 06:31:11 --> Session: Class initialized using 'CodeIgniter\Session\Handlers\FileHandler' driver.
INFO - 2025-07-01 06:31:12 --> Session: Class initialized using 'CodeIgniter\Session\Handlers\FileHandler' driver.
CRITICAL - 2025-07-01 06:31:12 --> ErrorException: Trying to access array offset on value of type null
in APPPATH\Views\retailer_profile.php on line 15.
 1 APPPATH\Views\retailer_profile.php(15): CodeIgniter\Debug\Exceptions->errorHandler(2, 'Trying to access array offset on value of type null', 'C:\\xampp\\htdocs\\www\\mfiCRM\\app\\Views\\retailer_profile.php', 15)
 2 SYSTEMPATH\View\View.php(228): include('C:\\xampp\\htdocs\\www\\mfiCRM\\app\\Views\\retailer_profile.php')
 3 SYSTEMPATH\View\View.php(231): CodeIgniter\View\View->CodeIgniter\View\{closure}()
 4 SYSTEMPATH\Common.php(1178): CodeIgniter\View\View->render('retailer_profile', [], true)
 5 APPPATH\Controllers\MemberController.php(284): view('retailer_profile', [...])
 6 SYSTEMPATH\CodeIgniter.php(941): App\Controllers\MemberController->retailer_profile('assets', 'js', 'app.js')
 7 SYSTEMPATH\CodeIgniter.php(502): CodeIgniter\CodeIgniter->runController(Object(App\Controllers\MemberController))
 8 SYSTEMPATH\CodeIgniter.php(361): CodeIgniter\CodeIgniter->handleRequest(null, Object(Config\Cache), false)
 9 FCPATH\index.php(79): CodeIgniter\CodeIgniter->run()
10 SYSTEMPATH\Commands\Server\rewrite.php(47): require_once('C:\\xampp\\htdocs\\www\\mfiCRM\\public\\index.php')
INFO - 2025-07-01 06:31:13 --> Session: Class initialized using 'CodeIgniter\Session\Handlers\FileHandler' driver.
WARNING - 2025-07-01 06:31:13 --> [DEPRECATED] number_format(): Passing null to parameter #1 ($num) of type float is deprecated in APPPATH\Views\field.php on line 160.
 1 APPPATH\Views\field.php(160): number_format(null)
 2 SYSTEMPATH\View\View.php(228): include('C:\\xampp\\htdocs\\www\\mfiCRM\\app\\Views\\field.php')
 3 SYSTEMPATH\View\View.php(231): CodeIgniter\View\View->CodeIgniter\View\{closure}()
 4 SYSTEMPATH\Common.php(1178): CodeIgniter\View\View->render('field', [], true)
 5 APPPATH\Controllers\MemberController.php(295): view('field', [...])
 6 SYSTEMPATH\CodeIgniter.php(941): App\Controllers\MemberController->retailer_fi('NEWB5022')
 7 SYSTEMPATH\CodeIgniter.php(502): CodeIgniter\CodeIgniter->runController(Object(App\Controllers\MemberController))
 8 SYSTEMPATH\CodeIgniter.php(361): CodeIgniter\CodeIgniter->handleRequest(null, Object(Config\Cache), false)
 9 FCPATH\index.php(79): CodeIgniter\CodeIgniter->run()
10 SYSTEMPATH\Commands\Server\rewrite.php(47): require_once('C:\\xampp\\htdocs\\www\\mfiCRM\\public\\index.php')
INFO - 2025-07-01 06:31:14 --> Session: Class initialized using 'CodeIgniter\Session\Handlers\FileHandler' driver.
CRITICAL - 2025-07-01 06:31:14 --> ErrorException: Trying to access array offset on value of type null
in APPPATH\Views\field.php on line 18.
 1 APPPATH\Views\field.php(18): CodeIgniter\Debug\Exceptions->errorHandler(2, 'Trying to access array offset on value of type null', 'C:\\xampp\\htdocs\\www\\mfiCRM\\app\\Views\\field.php', 18)
 2 SYSTEMPATH\View\View.php(228): include('C:\\xampp\\htdocs\\www\\mfiCRM\\app\\Views\\field.php')
 3 SYSTEMPATH\View\View.php(231): CodeIgniter\View\View->CodeIgniter\View\{closure}()
 4 SYSTEMPATH\Common.php(1178): CodeIgniter\View\View->render('field', [], true)
 5 APPPATH\Controllers\MemberController.php(295): view('field', [...])
 6 SYSTEMPATH\CodeIgniter.php(941): App\Controllers\MemberController->retailer_fi('assets', 'js', 'app.js')
 7 SYSTEMPATH\CodeIgniter.php(502): CodeIgniter\CodeIgniter->runController(Object(App\Controllers\MemberController))
 8 SYSTEMPATH\CodeIgniter.php(361): CodeIgniter\CodeIgniter->handleRequest(null, Object(Config\Cache), false)
 9 FCPATH\index.php(79): CodeIgniter\CodeIgniter->run()
10 SYSTEMPATH\Commands\Server\rewrite.php(47): require_once('C:\\xampp\\htdocs\\www\\mfiCRM\\public\\index.php')
INFO - 2025-07-01 06:31:21 --> Session: Class initialized using 'CodeIgniter\Session\Handlers\FileHandler' driver.
INFO - 2025-07-01 06:31:21 --> Session: Class initialized using 'CodeIgniter\Session\Handlers\FileHandler' driver.
INFO - 2025-07-01 06:31:54 --> Session: Class initialized using 'CodeIgniter\Session\Handlers\FileHandler' driver.
WARNING - 2025-07-01 06:31:54 --> [DEPRECATED] number_format(): Passing null to parameter #1 ($num) of type float is deprecated in APPPATH\Views\field.php on line 160.
 1 APPPATH\Views\field.php(160): number_format(null)
 2 SYSTEMPATH\View\View.php(228): include('C:\\xampp\\htdocs\\www\\mfiCRM\\app\\Views\\field.php')
 3 SYSTEMPATH\View\View.php(231): CodeIgniter\View\View->CodeIgniter\View\{closure}()
 4 SYSTEMPATH\Common.php(1178): CodeIgniter\View\View->render('field', [], true)
 5 APPPATH\Controllers\MemberController.php(295): view('field', [...])
 6 SYSTEMPATH\CodeIgniter.php(941): App\Controllers\MemberController->retailer_fi('NEWB5022')
 7 SYSTEMPATH\CodeIgniter.php(502): CodeIgniter\CodeIgniter->runController(Object(App\Controllers\MemberController))
 8 SYSTEMPATH\CodeIgniter.php(361): CodeIgniter\CodeIgniter->handleRequest(null, Object(Config\Cache), false)
 9 FCPATH\index.php(79): CodeIgniter\CodeIgniter->run()
10 SYSTEMPATH\Commands\Server\rewrite.php(47): require_once('C:\\xampp\\htdocs\\www\\mfiCRM\\public\\index.php')
INFO - 2025-07-01 06:31:55 --> Session: Class initialized using 'CodeIgniter\Session\Handlers\FileHandler' driver.
CRITICAL - 2025-07-01 06:31:55 --> ErrorException: Trying to access array offset on value of type null
in APPPATH\Views\field.php on line 18.
 1 APPPATH\Views\field.php(18): CodeIgniter\Debug\Exceptions->errorHandler(2, 'Trying to access array offset on value of type null', 'C:\\xampp\\htdocs\\www\\mfiCRM\\app\\Views\\field.php', 18)
 2 SYSTEMPATH\View\View.php(228): include('C:\\xampp\\htdocs\\www\\mfiCRM\\app\\Views\\field.php')
 3 SYSTEMPATH\View\View.php(231): CodeIgniter\View\View->CodeIgniter\View\{closure}()
 4 SYSTEMPATH\Common.php(1178): CodeIgniter\View\View->render('field', [], true)
 5 APPPATH\Controllers\MemberController.php(295): view('field', [...])
 6 SYSTEMPATH\CodeIgniter.php(941): App\Controllers\MemberController->retailer_fi('assets', 'js', 'app.js')
 7 SYSTEMPATH\CodeIgniter.php(502): CodeIgniter\CodeIgniter->runController(Object(App\Controllers\MemberController))
 8 SYSTEMPATH\CodeIgniter.php(361): CodeIgniter\CodeIgniter->handleRequest(null, Object(Config\Cache), false)
 9 FCPATH\index.php(79): CodeIgniter\CodeIgniter->run()
10 SYSTEMPATH\Commands\Server\rewrite.php(47): require_once('C:\\xampp\\htdocs\\www\\mfiCRM\\public\\index.php')
INFO - 2025-07-01 06:32:00 --> Session: Class initialized using 'CodeIgniter\Session\Handlers\FileHandler' driver.
INFO - 2025-07-01 06:32:00 --> Session: Class initialized using 'CodeIgniter\Session\Handlers\FileHandler' driver.
INFO - 2025-07-01 06:32:06 --> Session: Class initialized using 'CodeIgniter\Session\Handlers\FileHandler' driver.
WARNING - 2025-07-01 06:32:06 --> [DEPRECATED] number_format(): Passing null to parameter #1 ($num) of type float is deprecated in APPPATH\Views\field.php on line 160.
 1 APPPATH\Views\field.php(160): number_format(null)
 2 SYSTEMPATH\View\View.php(228): include('C:\\xampp\\htdocs\\www\\mfiCRM\\app\\Views\\field.php')
 3 SYSTEMPATH\View\View.php(231): CodeIgniter\View\View->CodeIgniter\View\{closure}()
 4 SYSTEMPATH\Common.php(1178): CodeIgniter\View\View->render('field', [], true)
 5 APPPATH\Controllers\MemberController.php(295): view('field', [...])
 6 SYSTEMPATH\CodeIgniter.php(941): App\Controllers\MemberController->retailer_fi('NEWB5022')
 7 SYSTEMPATH\CodeIgniter.php(502): CodeIgniter\CodeIgniter->runController(Object(App\Controllers\MemberController))
 8 SYSTEMPATH\CodeIgniter.php(361): CodeIgniter\CodeIgniter->handleRequest(null, Object(Config\Cache), false)
 9 FCPATH\index.php(79): CodeIgniter\CodeIgniter->run()
10 SYSTEMPATH\Commands\Server\rewrite.php(47): require_once('C:\\xampp\\htdocs\\www\\mfiCRM\\public\\index.php')
INFO - 2025-07-01 06:32:07 --> Session: Class initialized using 'CodeIgniter\Session\Handlers\FileHandler' driver.
CRITICAL - 2025-07-01 06:32:07 --> ErrorException: Trying to access array offset on value of type null
in APPPATH\Views\field.php on line 18.
 1 APPPATH\Views\field.php(18): CodeIgniter\Debug\Exceptions->errorHandler(2, 'Trying to access array offset on value of type null', 'C:\\xampp\\htdocs\\www\\mfiCRM\\app\\Views\\field.php', 18)
 2 SYSTEMPATH\View\View.php(228): include('C:\\xampp\\htdocs\\www\\mfiCRM\\app\\Views\\field.php')
 3 SYSTEMPATH\View\View.php(231): CodeIgniter\View\View->CodeIgniter\View\{closure}()
 4 SYSTEMPATH\Common.php(1178): CodeIgniter\View\View->render('field', [], true)
 5 APPPATH\Controllers\MemberController.php(295): view('field', [...])
 6 SYSTEMPATH\CodeIgniter.php(941): App\Controllers\MemberController->retailer_fi('assets', 'js', 'app.js')
 7 SYSTEMPATH\CodeIgniter.php(502): CodeIgniter\CodeIgniter->runController(Object(App\Controllers\MemberController))
 8 SYSTEMPATH\CodeIgniter.php(361): CodeIgniter\CodeIgniter->handleRequest(null, Object(Config\Cache), false)
 9 FCPATH\index.php(79): CodeIgniter\CodeIgniter->run()
10 SYSTEMPATH\Commands\Server\rewrite.php(47): require_once('C:\\xampp\\htdocs\\www\\mfiCRM\\public\\index.php')
ERROR - 2025-07-01 10:16:06 --> Email: sendWithMail throwed ErrorException: mail(): Failed to connect to mailserver at &quot;localhost&quot; port 25, verify your &quot;SMTP&quot; and &quot;smtp_port&quot; setting in php.ini or use ini_set() in C:\xampp\htdocs\www\mfiCRM\system\Email\Email.php:1751
Stack trace:
#0 [internal function]: CodeIgniter\Debug\Exceptions->errorHandler(2, 'mail(): Failed ...', 'C:\\xampp\\htdocs...', 1751)
#1 C:\xampp\htdocs\www\mfiCRM\system\Email\Email.php(1751): mail('techfreemi@gmai...', '=?UTF-8?Q?Initi...', 'This is a multi...', 'Date: Tue, 1 Ju...', '-f noreply@reta...')
#2 C:\xampp\htdocs\www\mfiCRM\system\Email\Email.php(1683): CodeIgniter\Email\Email->sendWithMail()
#3 C:\xampp\htdocs\www\mfiCRM\system\Email\Email.php(1577): CodeIgniter\Email\Email->spoolEmail()
#4 C:\xampp\htdocs\www\mfiCRM\app\Controllers\FIautoController.php(53): CodeIgniter\Email\Email->send()
#5 C:\xampp\htdocs\www\mfiCRM\system\CodeIgniter.php(941): App\Controllers\FIautoController->auto_mail_fi_start()
#6 C:\xampp\htdocs\www\mfiCRM\system\CodeIgniter.php(502): CodeIgniter\CodeIgniter->runController(Object(App\Controllers\FIautoController))
#7 C:\xampp\htdocs\www\mfiCRM\system\CodeIgniter.php(361): CodeIgniter\CodeIgniter->handleRequest(NULL, Object(Config\Cache), false)
#8 C:\xampp\htdocs\www\mfiCRM\public\index.php(79): CodeIgniter\CodeIgniter->run()
#9 C:\xampp\htdocs\www\mfiCRM\system\Commands\Server\rewrite.php(47): require_once('C:\\xampp\\htdocs...')
#10 {main}
ERROR - 2025-07-01 10:16:06 --> Email: Unable to send email using PHP mail(). Your server might not be configured to send mail using this method.
ERROR - 2025-07-01 10:16:06 --> 
ERROR - 2025-07-01 10:58:24 --> Email: sendWithSmtp throwed ErrorException: stream_socket_enable_crypto(): SSL/TLS already set-up for this stream in C:\xampp\htdocs\www\mfiCRM\system\Email\Email.php:1905
Stack trace:
#0 [internal function]: CodeIgniter\Debug\Exceptions->errorHandler(2, 'stream_socket_e...', 'C:\\xampp\\htdocs...', 1905)
#1 C:\xampp\htdocs\www\mfiCRM\system\Email\Email.php(1905): stream_socket_enable_crypto(Resource id #153, true, 121)
#2 C:\xampp\htdocs\www\mfiCRM\system\Email\Email.php(1798): CodeIgniter\Email\Email->SMTPConnect()
#3 C:\xampp\htdocs\www\mfiCRM\system\Email\Email.php(1683): CodeIgniter\Email\Email->sendWithSmtp()
#4 C:\xampp\htdocs\www\mfiCRM\system\Email\Email.php(1577): CodeIgniter\Email\Email->spoolEmail()
#5 C:\xampp\htdocs\www\mfiCRM\app\Controllers\FIautoController.php(64): CodeIgniter\Email\Email->send()
#6 C:\xampp\htdocs\www\mfiCRM\system\CodeIgniter.php(941): App\Controllers\FIautoController->auto_mail_fi_start()
#7 C:\xampp\htdocs\www\mfiCRM\system\CodeIgniter.php(502): CodeIgniter\CodeIgniter->runController(Object(App\Controllers\FIautoController))
#8 C:\xampp\htdocs\www\mfiCRM\system\CodeIgniter.php(361): CodeIgniter\CodeIgniter->handleRequest(NULL, Object(Config\Cache), false)
#9 C:\xampp\htdocs\www\mfiCRM\public\index.php(79): CodeIgniter\CodeIgniter->run()
#10 C:\xampp\htdocs\www\mfiCRM\system\Commands\Server\rewrite.php(47): require_once('C:\\xampp\\htdocs...')
#11 {main}
ERROR - 2025-07-01 10:58:24 --> Email: Unable to send email using SMTP. Your server might not be configured to send mail using this method.
ERROR - 2025-07-01 10:58:24 --> 220 ESMTP smtp.hostinger.com

hello: 250-smtp.hostinger.com
250-PIPELINING
250-SIZE 48811212
250-ETRN
250-AUTH PLAIN LOGIN
250-ENHANCEDSTATUSCODES
250-8BITMIME
250-DSN
250 CHUNKING

starttls: 554 5.5.1 Error: TLS already active

The following SMTP error was encountered: 554 5.5.1 Error: TLS already active

ERROR - 2025-07-01 10:59:01 --> Email: sendWithSmtp throwed ErrorException: stream_socket_enable_crypto(): SSL/TLS already set-up for this stream in C:\xampp\htdocs\www\mfiCRM\system\Email\Email.php:1905
Stack trace:
#0 [internal function]: CodeIgniter\Debug\Exceptions->errorHandler(2, 'stream_socket_e...', 'C:\\xampp\\htdocs...', 1905)
#1 C:\xampp\htdocs\www\mfiCRM\system\Email\Email.php(1905): stream_socket_enable_crypto(Resource id #153, true, 121)
#2 C:\xampp\htdocs\www\mfiCRM\system\Email\Email.php(1798): CodeIgniter\Email\Email->SMTPConnect()
#3 C:\xampp\htdocs\www\mfiCRM\system\Email\Email.php(1683): CodeIgniter\Email\Email->sendWithSmtp()
#4 C:\xampp\htdocs\www\mfiCRM\system\Email\Email.php(1577): CodeIgniter\Email\Email->spoolEmail()
#5 C:\xampp\htdocs\www\mfiCRM\app\Controllers\FIautoController.php(64): CodeIgniter\Email\Email->send()
#6 C:\xampp\htdocs\www\mfiCRM\system\CodeIgniter.php(941): App\Controllers\FIautoController->auto_mail_fi_start()
#7 C:\xampp\htdocs\www\mfiCRM\system\CodeIgniter.php(502): CodeIgniter\CodeIgniter->runController(Object(App\Controllers\FIautoController))
#8 C:\xampp\htdocs\www\mfiCRM\system\CodeIgniter.php(361): CodeIgniter\CodeIgniter->handleRequest(NULL, Object(Config\Cache), false)
#9 C:\xampp\htdocs\www\mfiCRM\public\index.php(79): CodeIgniter\CodeIgniter->run()
#10 C:\xampp\htdocs\www\mfiCRM\system\Commands\Server\rewrite.php(47): require_once('C:\\xampp\\htdocs...')
#11 {main}
ERROR - 2025-07-01 10:59:01 --> Email: Unable to send email using SMTP. Your server might not be configured to send mail using this method.
ERROR - 2025-07-01 10:59:01 --> 220 ESMTP smtp.hostinger.com

hello: 250-smtp.hostinger.com
250-PIPELINING
250-SIZE 48811212
250-ETRN
250-AUTH PLAIN LOGIN
250-ENHANCEDSTATUSCODES
250-8BITMIME
250-DSN
250 CHUNKING

starttls: 554 5.5.1 Error: TLS already active

The following SMTP error was encountered: 554 5.5.1 Error: TLS already active

ERROR - 2025-07-01 11:10:52 --> Email: Unable to send email using SMTP. Your server might not be configured to send mail using this method.
ERROR - 2025-07-01 11:10:52 --> 220 ESMTP smtp.hostinger.com

hello: 250-smtp.hostinger.com
250-PIPELINING
250-SIZE 48811212
250-ETRN
250-STARTTLS
250-AUTH PLAIN LOGIN
250-ENHANCEDSTATUSCODES
250-8BITMIME
250-DSN
250 CHUNKING

starttls: 220 2.0.0 Ready to start TLS

hello: 250-smtp.hostinger.com
250-PIPELINING
250-SIZE 48811212
250-ETRN
250-AUTH PLAIN LOGIN
250-ENHANCEDSTATUSCODES
250-8BITMIME
250-DSN
250 CHUNKING

from: 250 2.1.0 Ok

to: 553 5.7.1 <fi@retailpe.in>: Sender address rejected: not owned by user noreply@retailpe.in

The following SMTP error was encountered: 553 5.7.1 <fi@retailpe.in>: Sender address rejected: not owned by user noreply@retailpe.in

quit: 221 2.0.0 Bye

INFO - 2025-07-01 11:15:14 --> Session: Class initialized using 'CodeIgniter\Session\Handlers\FileHandler' driver.
WARNING - 2025-07-01 11:15:14 --> [DEPRECATED] number_format(): Passing null to parameter #1 ($num) of type float is deprecated in APPPATH\Views\field.php on line 160.
 1 APPPATH\Views\field.php(160): number_format(null)
 2 SYSTEMPATH\View\View.php(228): include('C:\\xampp\\htdocs\\www\\mfiCRM\\app\\Views\\field.php')
 3 SYSTEMPATH\View\View.php(231): CodeIgniter\View\View->CodeIgniter\View\{closure}()
 4 SYSTEMPATH\Common.php(1178): CodeIgniter\View\View->render('field', [], true)
 5 APPPATH\Controllers\MemberController.php(295): view('field', [...])
 6 SYSTEMPATH\CodeIgniter.php(941): App\Controllers\MemberController->retailer_fi('NEWB5022')
 7 SYSTEMPATH\CodeIgniter.php(502): CodeIgniter\CodeIgniter->runController(Object(App\Controllers\MemberController))
 8 SYSTEMPATH\CodeIgniter.php(361): CodeIgniter\CodeIgniter->handleRequest(null, Object(Config\Cache), false)
 9 FCPATH\index.php(79): CodeIgniter\CodeIgniter->run()
10 SYSTEMPATH\Commands\Server\rewrite.php(47): require_once('C:\\xampp\\htdocs\\www\\mfiCRM\\public\\index.php')
INFO - 2025-07-01 11:15:15 --> Session: Class initialized using 'CodeIgniter\Session\Handlers\FileHandler' driver.
CRITICAL - 2025-07-01 11:15:15 --> ErrorException: Trying to access array offset on value of type null
in APPPATH\Views\field.php on line 18.
 1 APPPATH\Views\field.php(18): CodeIgniter\Debug\Exceptions->errorHandler(2, 'Trying to access array offset on value of type null', 'C:\\xampp\\htdocs\\www\\mfiCRM\\app\\Views\\field.php', 18)
 2 SYSTEMPATH\View\View.php(228): include('C:\\xampp\\htdocs\\www\\mfiCRM\\app\\Views\\field.php')
 3 SYSTEMPATH\View\View.php(231): CodeIgniter\View\View->CodeIgniter\View\{closure}()
 4 SYSTEMPATH\Common.php(1178): CodeIgniter\View\View->render('field', [], true)
 5 APPPATH\Controllers\MemberController.php(295): view('field', [...])
 6 SYSTEMPATH\CodeIgniter.php(941): App\Controllers\MemberController->retailer_fi('assets', 'js', 'app.js')
 7 SYSTEMPATH\CodeIgniter.php(502): CodeIgniter\CodeIgniter->runController(Object(App\Controllers\MemberController))
 8 SYSTEMPATH\CodeIgniter.php(361): CodeIgniter\CodeIgniter->handleRequest(null, Object(Config\Cache), false)
 9 FCPATH\index.php(79): CodeIgniter\CodeIgniter->run()
10 SYSTEMPATH\Commands\Server\rewrite.php(47): require_once('C:\\xampp\\htdocs\\www\\mfiCRM\\public\\index.php')
