CRITICAL - 2025-05-13 11:14:32 --> ErrorException: file_get_contents(C:\xampp\htdocs\www\mfiCRM\writable\certs/uat_public_key.pem): Failed to open stream: No such file or directory
in APPPATH\Controllers\IpCheckController.php on line 35.
 1 [internal function]: CodeIgniter\Debug\Exceptions->errorHandler(2, 'file_get_contents(C:\\xampp\\htdocs\\www\\mfiCRM\\writable\\certs/uat_public_key.pem): Failed to open stream: No such file or directory', 'C:\\xampp\\htdocs\\www\\mfiCRM\\app\\Controllers\\IpCheckController.php', 35)
 2 APPPATH\Controllers\IpCheckController.php(35): file_get_contents('C:\\xampp\\htdocs\\www\\mfiCRM\\writable\\certs/uat_public_key.pem')
 3 SYSTEMPATH\CodeIgniter.php(941): App\Controllers\IpCheckController->index()
 4 SYSTEMPATH\CodeIgniter.php(502): CodeIgniter\CodeIgniter->runController(Object(App\Controllers\IpCheckController))
 5 SYSTEMPATH\CodeIgniter.php(361): CodeIgniter\CodeIgniter->handleRequest(null, Object(Config\Cache), false)
 6 FCPATH\index.php(79): CodeIgniter\CodeIgniter->run()
 7 SYSTEMPATH\Commands\Server\rewrite.php(47): require_once('C:\\xampp\\htdocs\\www\\mfiCRM\\public\\index.php')
CRITICAL - 2025-05-13 11:15:57 --> ErrorException: file_get_contents(C:\xampp\htdocs\www\mfiCRM\writable\certs/uat_public_key.pem): Failed to open stream: No such file or directory
in APPPATH\Controllers\IpCheckController.php on line 35.
 1 [internal function]: CodeIgniter\Debug\Exceptions->errorHandler(2, 'file_get_contents(C:\\xampp\\htdocs\\www\\mfiCRM\\writable\\certs/uat_public_key.pem): Failed to open stream: No such file or directory', 'C:\\xampp\\htdocs\\www\\mfiCRM\\app\\Controllers\\IpCheckController.php', 35)
 2 APPPATH\Controllers\IpCheckController.php(35): file_get_contents('C:\\xampp\\htdocs\\www\\mfiCRM\\writable\\certs/uat_public_key.pem')
 3 SYSTEMPATH\CodeIgniter.php(941): App\Controllers\IpCheckController->index()
 4 SYSTEMPATH\CodeIgniter.php(502): CodeIgniter\CodeIgniter->runController(Object(App\Controllers\IpCheckController))
 5 SYSTEMPATH\CodeIgniter.php(361): CodeIgniter\CodeIgniter->handleRequest(null, Object(Config\Cache), false)
 6 FCPATH\index.php(79): CodeIgniter\CodeIgniter->run()
 7 SYSTEMPATH\Commands\Server\rewrite.php(47): require_once('C:\\xampp\\htdocs\\www\\mfiCRM\\public\\index.php')
CRITICAL - 2025-05-13 11:16:15 --> ErrorException: file_get_contents(C:\xampp\htdocs\www\mfiCRM\writable\certs/): Failed to open stream: No such file or directory
in APPPATH\Controllers\IpCheckController.php on line 35.
 1 [internal function]: CodeIgniter\Debug\Exceptions->errorHandler(2, 'file_get_contents(C:\\xampp\\htdocs\\www\\mfiCRM\\writable\\certs/): Failed to open stream: No such file or directory', 'C:\\xampp\\htdocs\\www\\mfiCRM\\app\\Controllers\\IpCheckController.php', 35)
 2 APPPATH\Controllers\IpCheckController.php(35): file_get_contents('C:\\xampp\\htdocs\\www\\mfiCRM\\writable\\certs/')
 3 SYSTEMPATH\CodeIgniter.php(941): App\Controllers\IpCheckController->index()
 4 SYSTEMPATH\CodeIgniter.php(502): CodeIgniter\CodeIgniter->runController(Object(App\Controllers\IpCheckController))
 5 SYSTEMPATH\CodeIgniter.php(361): CodeIgniter\CodeIgniter->handleRequest(null, Object(Config\Cache), false)
 6 FCPATH\index.php(79): CodeIgniter\CodeIgniter->run()
 7 SYSTEMPATH\Commands\Server\rewrite.php(47): require_once('C:\\xampp\\htdocs\\www\\mfiCRM\\public\\index.php')
