CRITICAL - 2024-03-23 04:43:13 --> ErrorException: Undefined property: stdClass::$mobileNumber
in APPPATH/Views/api/api_mobile_update.php on line 34.
 1 APPPATH/Views/api/api_mobile_update.php(34): CodeIgniter\Debug\Exceptions->errorHandler()
 2 SYSTEMPATH/View/View.php(228): include('/home/u652040979/domains/truetechnologies.in/public_html/taxConsultant/app/Views/api/api_mobile_update.php')
 3 SYSTEMPATH/View/View.php(231): CodeIgniter\View\View->CodeIgniter\View\{closure}()
 4 SYSTEMPATH/Common.php(1178): CodeIgniter\View\View->render()
 5 APPPATH/Controllers/Home.php(183): view()
 6 SYSTEMPATH/CodeIgniter.php(941): App\Controllers\Home->api_v1_update_mobile()
 7 SYSTEMPATH/CodeIgniter.php(502): CodeIgniter\CodeIgniter->runController()
 8 SYSTEMPATH/CodeIgniter.php(361): CodeIgniter\CodeIgniter->handleRequest()
 9 FCPATH/index.php(79): CodeIgniter\CodeIgniter->run()
CRITICAL - 2024-03-23 07:12:08 --> ErrorException: Undefined variable $uniqidMobile
in APPPATH/Views/api/api_mobile.php on line 39.
 1 APPPATH/Views/api/api_mobile.php(39): CodeIgniter\Debug\Exceptions->errorHandler()
 2 SYSTEMPATH/View/View.php(228): include('/home/u652040979/domains/truetechnologies.in/public_html/taxConsultant/app/Views/api/api_mobile.php')
 3 SYSTEMPATH/View/View.php(231): CodeIgniter\View\View->CodeIgniter\View\{closure}()
 4 SYSTEMPATH/Common.php(1178): CodeIgniter\View\View->render()
 5 APPPATH/Controllers/Home.php(163): view()
 6 SYSTEMPATH/CodeIgniter.php(941): App\Controllers\Home->api_v1_mobile()
 7 SYSTEMPATH/CodeIgniter.php(502): CodeIgniter\CodeIgniter->runController()
 8 SYSTEMPATH/CodeIgniter.php(361): CodeIgniter\CodeIgniter->handleRequest()
 9 FCPATH/index.php(79): CodeIgniter\CodeIgniter->run()
CRITICAL - 2024-03-23 07:55:59 --> ErrorException: Undefined variable $uniqidMobile
in APPPATH/Views/api/api_mobile.php on line 39.
 1 APPPATH/Views/api/api_mobile.php(39): CodeIgniter\Debug\Exceptions->errorHandler()
 2 SYSTEMPATH/View/View.php(228): include('/home/u652040979/domains/truetechnologies.in/public_html/taxConsultant/app/Views/api/api_mobile.php')
 3 SYSTEMPATH/View/View.php(231): CodeIgniter\View\View->CodeIgniter\View\{closure}()
 4 SYSTEMPATH/Common.php(1178): CodeIgniter\View\View->render()
 5 APPPATH/Controllers/Home.php(163): view()
 6 SYSTEMPATH/CodeIgniter.php(941): App\Controllers\Home->api_v1_mobile()
 7 SYSTEMPATH/CodeIgniter.php(502): CodeIgniter\CodeIgniter->runController()
 8 SYSTEMPATH/CodeIgniter.php(361): CodeIgniter\CodeIgniter->handleRequest()
 9 FCPATH/index.php(79): CodeIgniter\CodeIgniter->run()
CRITICAL - 2024-03-23 07:56:01 --> ErrorException: Undefined variable $uniqidMobile
in APPPATH/Views/api/api_mobile.php on line 39.
 1 APPPATH/Views/api/api_mobile.php(39): CodeIgniter\Debug\Exceptions->errorHandler()
 2 SYSTEMPATH/View/View.php(228): include('/home/u652040979/domains/truetechnologies.in/public_html/taxConsultant/app/Views/api/api_mobile.php')
 3 SYSTEMPATH/View/View.php(231): CodeIgniter\View\View->CodeIgniter\View\{closure}()
 4 SYSTEMPATH/Common.php(1178): CodeIgniter\View\View->render()
 5 APPPATH/Controllers/Home.php(163): view()
 6 SYSTEMPATH/CodeIgniter.php(941): App\Controllers\Home->api_v1_mobile()
 7 SYSTEMPATH/CodeIgniter.php(502): CodeIgniter\CodeIgniter->runController()
 8 SYSTEMPATH/CodeIgniter.php(361): CodeIgniter\CodeIgniter->handleRequest()
 9 FCPATH/index.php(79): CodeIgniter\CodeIgniter->run()
CRITICAL - 2024-03-23 07:56:04 --> ErrorException: Undefined variable $uniqidMobile
in APPPATH/Views/api/api_mobile.php on line 39.
 1 APPPATH/Views/api/api_mobile.php(39): CodeIgniter\Debug\Exceptions->errorHandler()
 2 SYSTEMPATH/View/View.php(228): include('/home/u652040979/domains/truetechnologies.in/public_html/taxConsultant/app/Views/api/api_mobile.php')
 3 SYSTEMPATH/View/View.php(231): CodeIgniter\View\View->CodeIgniter\View\{closure}()
 4 SYSTEMPATH/Common.php(1178): CodeIgniter\View\View->render()
 5 APPPATH/Controllers/Home.php(163): view()
 6 SYSTEMPATH/CodeIgniter.php(941): App\Controllers\Home->api_v1_mobile()
 7 SYSTEMPATH/CodeIgniter.php(502): CodeIgniter\CodeIgniter->runController()
 8 SYSTEMPATH/CodeIgniter.php(361): CodeIgniter\CodeIgniter->handleRequest()
 9 FCPATH/index.php(79): CodeIgniter\CodeIgniter->run()
CRITICAL - 2024-03-23 07:56:04 --> ErrorException: Undefined variable $uniqidMobile
in APPPATH/Views/api/api_mobile.php on line 39.
 1 APPPATH/Views/api/api_mobile.php(39): CodeIgniter\Debug\Exceptions->errorHandler()
 2 SYSTEMPATH/View/View.php(228): include('/home/u652040979/domains/truetechnologies.in/public_html/taxConsultant/app/Views/api/api_mobile.php')
 3 SYSTEMPATH/View/View.php(231): CodeIgniter\View\View->CodeIgniter\View\{closure}()
 4 SYSTEMPATH/Common.php(1178): CodeIgniter\View\View->render()
 5 APPPATH/Controllers/Home.php(163): view()
 6 SYSTEMPATH/CodeIgniter.php(941): App\Controllers\Home->api_v1_mobile()
 7 SYSTEMPATH/CodeIgniter.php(502): CodeIgniter\CodeIgniter->runController()
 8 SYSTEMPATH/CodeIgniter.php(361): CodeIgniter\CodeIgniter->handleRequest()
 9 FCPATH/index.php(79): CodeIgniter\CodeIgniter->run()
CRITICAL - 2024-03-23 07:56:11 --> ErrorException: Undefined variable $uniqidMobile
in APPPATH/Views/api/api_mobile.php on line 39.
 1 APPPATH/Views/api/api_mobile.php(39): CodeIgniter\Debug\Exceptions->errorHandler()
 2 SYSTEMPATH/View/View.php(228): include('/home/u652040979/domains/truetechnologies.in/public_html/taxConsultant/app/Views/api/api_mobile.php')
 3 SYSTEMPATH/View/View.php(231): CodeIgniter\View\View->CodeIgniter\View\{closure}()
 4 SYSTEMPATH/Common.php(1178): CodeIgniter\View\View->render()
 5 APPPATH/Controllers/Home.php(163): view()
 6 SYSTEMPATH/CodeIgniter.php(941): App\Controllers\Home->api_v1_mobile()
 7 SYSTEMPATH/CodeIgniter.php(502): CodeIgniter\CodeIgniter->runController()
 8 SYSTEMPATH/CodeIgniter.php(361): CodeIgniter\CodeIgniter->handleRequest()
 9 FCPATH/index.php(79): CodeIgniter\CodeIgniter->run()
CRITICAL - 2024-03-23 07:56:15 --> ErrorException: Undefined property: stdClass::$mobileNumber
in APPPATH/Views/api/api_mobile_update.php on line 34.
 1 APPPATH/Views/api/api_mobile_update.php(34): CodeIgniter\Debug\Exceptions->errorHandler()
 2 SYSTEMPATH/View/View.php(228): include('/home/u652040979/domains/truetechnologies.in/public_html/taxConsultant/app/Views/api/api_mobile_update.php')
 3 SYSTEMPATH/View/View.php(231): CodeIgniter\View\View->CodeIgniter\View\{closure}()
 4 SYSTEMPATH/Common.php(1178): CodeIgniter\View\View->render()
 5 APPPATH/Controllers/Home.php(183): view()
 6 SYSTEMPATH/CodeIgniter.php(941): App\Controllers\Home->api_v1_update_mobile()
 7 SYSTEMPATH/CodeIgniter.php(502): CodeIgniter\CodeIgniter->runController()
 8 SYSTEMPATH/CodeIgniter.php(361): CodeIgniter\CodeIgniter->handleRequest()
 9 FCPATH/index.php(79): CodeIgniter\CodeIgniter->run()
CRITICAL - 2024-03-23 07:56:15 --> ErrorException: Undefined variable $uniqidMobile
in APPPATH/Views/api/api_mobile.php on line 39.
 1 APPPATH/Views/api/api_mobile.php(39): CodeIgniter\Debug\Exceptions->errorHandler()
 2 SYSTEMPATH/View/View.php(228): include('/home/u652040979/domains/truetechnologies.in/public_html/taxConsultant/app/Views/api/api_mobile.php')
 3 SYSTEMPATH/View/View.php(231): CodeIgniter\View\View->CodeIgniter\View\{closure}()
 4 SYSTEMPATH/Common.php(1178): CodeIgniter\View\View->render()
 5 APPPATH/Controllers/Home.php(163): view()
 6 SYSTEMPATH/CodeIgniter.php(941): App\Controllers\Home->api_v1_mobile()
 7 SYSTEMPATH/CodeIgniter.php(502): CodeIgniter\CodeIgniter->runController()
 8 SYSTEMPATH/CodeIgniter.php(361): CodeIgniter\CodeIgniter->handleRequest()
 9 FCPATH/index.php(79): CodeIgniter\CodeIgniter->run()
CRITICAL - 2024-03-23 07:56:15 --> ErrorException: Undefined variable $uniqidMobile
in APPPATH/Views/api/api_mobile.php on line 39.
 1 APPPATH/Views/api/api_mobile.php(39): CodeIgniter\Debug\Exceptions->errorHandler()
 2 SYSTEMPATH/View/View.php(228): include('/home/u652040979/domains/truetechnologies.in/public_html/taxConsultant/app/Views/api/api_mobile.php')
 3 SYSTEMPATH/View/View.php(231): CodeIgniter\View\View->CodeIgniter\View\{closure}()
 4 SYSTEMPATH/Common.php(1178): CodeIgniter\View\View->render()
 5 APPPATH/Controllers/Home.php(163): view()
 6 SYSTEMPATH/CodeIgniter.php(941): App\Controllers\Home->api_v1_mobile()
 7 SYSTEMPATH/CodeIgniter.php(502): CodeIgniter\CodeIgniter->runController()
 8 SYSTEMPATH/CodeIgniter.php(361): CodeIgniter\CodeIgniter->handleRequest()
 9 FCPATH/index.php(79): CodeIgniter\CodeIgniter->run()
CRITICAL - 2024-03-23 07:56:15 --> ErrorException: Undefined variable $uniqidMobile
in APPPATH/Views/api/api_mobile.php on line 39.
 1 APPPATH/Views/api/api_mobile.php(39): CodeIgniter\Debug\Exceptions->errorHandler()
 2 SYSTEMPATH/View/View.php(228): include('/home/u652040979/domains/truetechnologies.in/public_html/taxConsultant/app/Views/api/api_mobile.php')
 3 SYSTEMPATH/View/View.php(231): CodeIgniter\View\View->CodeIgniter\View\{closure}()
 4 SYSTEMPATH/Common.php(1178): CodeIgniter\View\View->render()
 5 APPPATH/Controllers/Home.php(163): view()
 6 SYSTEMPATH/CodeIgniter.php(941): App\Controllers\Home->api_v1_mobile()
 7 SYSTEMPATH/CodeIgniter.php(502): CodeIgniter\CodeIgniter->runController()
 8 SYSTEMPATH/CodeIgniter.php(361): CodeIgniter\CodeIgniter->handleRequest()
 9 FCPATH/index.php(79): CodeIgniter\CodeIgniter->run()
CRITICAL - 2024-03-23 07:56:22 --> ErrorException: Undefined variable $customerID
in APPPATH/Views/api/api_profile.php on line 45.
 1 APPPATH/Views/api/api_profile.php(45): CodeIgniter\Debug\Exceptions->errorHandler()
 2 SYSTEMPATH/View/View.php(228): include('/home/u652040979/domains/truetechnologies.in/public_html/taxConsultant/app/Views/api/api_profile.php')
 3 SYSTEMPATH/View/View.php(231): CodeIgniter\View\View->CodeIgniter\View\{closure}()
 4 SYSTEMPATH/Common.php(1178): CodeIgniter\View\View->render()
 5 APPPATH/Controllers/Home.php(187): view()
 6 SYSTEMPATH/CodeIgniter.php(941): App\Controllers\Home->api_v1_profile()
 7 SYSTEMPATH/CodeIgniter.php(502): CodeIgniter\CodeIgniter->runController()
 8 SYSTEMPATH/CodeIgniter.php(361): CodeIgniter\CodeIgniter->handleRequest()
 9 FCPATH/index.php(79): CodeIgniter\CodeIgniter->run()
CRITICAL - 2024-03-23 07:56:23 --> ErrorException: Undefined variable $customerID
in APPPATH/Views/api/api_profile.php on line 45.
 1 APPPATH/Views/api/api_profile.php(45): CodeIgniter\Debug\Exceptions->errorHandler()
 2 SYSTEMPATH/View/View.php(228): include('/home/u652040979/domains/truetechnologies.in/public_html/taxConsultant/app/Views/api/api_profile.php')
 3 SYSTEMPATH/View/View.php(231): CodeIgniter\View\View->CodeIgniter\View\{closure}()
 4 SYSTEMPATH/Common.php(1178): CodeIgniter\View\View->render()
 5 APPPATH/Controllers/Home.php(187): view()
 6 SYSTEMPATH/CodeIgniter.php(941): App\Controllers\Home->api_v1_profile()
 7 SYSTEMPATH/CodeIgniter.php(502): CodeIgniter\CodeIgniter->runController()
 8 SYSTEMPATH/CodeIgniter.php(361): CodeIgniter\CodeIgniter->handleRequest()
 9 FCPATH/index.php(79): CodeIgniter\CodeIgniter->run()
CRITICAL - 2024-03-23 07:56:23 --> ErrorException: Undefined variable $customerID
in APPPATH/Views/api/api_profile.php on line 45.
 1 APPPATH/Views/api/api_profile.php(45): CodeIgniter\Debug\Exceptions->errorHandler()
 2 SYSTEMPATH/View/View.php(228): include('/home/u652040979/domains/truetechnologies.in/public_html/taxConsultant/app/Views/api/api_profile.php')
 3 SYSTEMPATH/View/View.php(231): CodeIgniter\View\View->CodeIgniter\View\{closure}()
 4 SYSTEMPATH/Common.php(1178): CodeIgniter\View\View->render()
 5 APPPATH/Controllers/Home.php(187): view()
 6 SYSTEMPATH/CodeIgniter.php(941): App\Controllers\Home->api_v1_profile()
 7 SYSTEMPATH/CodeIgniter.php(502): CodeIgniter\CodeIgniter->runController()
 8 SYSTEMPATH/CodeIgniter.php(361): CodeIgniter\CodeIgniter->handleRequest()
 9 FCPATH/index.php(79): CodeIgniter\CodeIgniter->run()
CRITICAL - 2024-03-23 07:56:25 --> ErrorException: Undefined variable $customerID
in APPPATH/Views/api/api_profile.php on line 45.
 1 APPPATH/Views/api/api_profile.php(45): CodeIgniter\Debug\Exceptions->errorHandler()
 2 SYSTEMPATH/View/View.php(228): include('/home/u652040979/domains/truetechnologies.in/public_html/taxConsultant/app/Views/api/api_profile.php')
 3 SYSTEMPATH/View/View.php(231): CodeIgniter\View\View->CodeIgniter\View\{closure}()
 4 SYSTEMPATH/Common.php(1178): CodeIgniter\View\View->render()
 5 APPPATH/Controllers/Home.php(187): view()
 6 SYSTEMPATH/CodeIgniter.php(941): App\Controllers\Home->api_v1_profile()
 7 SYSTEMPATH/CodeIgniter.php(502): CodeIgniter\CodeIgniter->runController()
 8 SYSTEMPATH/CodeIgniter.php(361): CodeIgniter\CodeIgniter->handleRequest()
 9 FCPATH/index.php(79): CodeIgniter\CodeIgniter->run()
CRITICAL - 2024-03-23 07:56:25 --> ErrorException: Undefined variable $customerID
in APPPATH/Views/api/api_profile.php on line 45.
 1 APPPATH/Views/api/api_profile.php(45): CodeIgniter\Debug\Exceptions->errorHandler()
 2 SYSTEMPATH/View/View.php(228): include('/home/u652040979/domains/truetechnologies.in/public_html/taxConsultant/app/Views/api/api_profile.php')
 3 SYSTEMPATH/View/View.php(231): CodeIgniter\View\View->CodeIgniter\View\{closure}()
 4 SYSTEMPATH/Common.php(1178): CodeIgniter\View\View->render()
 5 APPPATH/Controllers/Home.php(187): view()
 6 SYSTEMPATH/CodeIgniter.php(941): App\Controllers\Home->api_v1_profile()
 7 SYSTEMPATH/CodeIgniter.php(502): CodeIgniter\CodeIgniter->runController()
 8 SYSTEMPATH/CodeIgniter.php(361): CodeIgniter\CodeIgniter->handleRequest()
 9 FCPATH/index.php(79): CodeIgniter\CodeIgniter->run()
CRITICAL - 2024-03-23 07:56:26 --> ErrorException: Undefined variable $customerID
in APPPATH/Views/api/api_profile.php on line 45.
 1 APPPATH/Views/api/api_profile.php(45): CodeIgniter\Debug\Exceptions->errorHandler()
 2 SYSTEMPATH/View/View.php(228): include('/home/u652040979/domains/truetechnologies.in/public_html/taxConsultant/app/Views/api/api_profile.php')
 3 SYSTEMPATH/View/View.php(231): CodeIgniter\View\View->CodeIgniter\View\{closure}()
 4 SYSTEMPATH/Common.php(1178): CodeIgniter\View\View->render()
 5 APPPATH/Controllers/Home.php(187): view()
 6 SYSTEMPATH/CodeIgniter.php(941): App\Controllers\Home->api_v1_profile()
 7 SYSTEMPATH/CodeIgniter.php(502): CodeIgniter\CodeIgniter->runController()
 8 SYSTEMPATH/CodeIgniter.php(361): CodeIgniter\CodeIgniter->handleRequest()
 9 FCPATH/index.php(79): CodeIgniter\CodeIgniter->run()
CRITICAL - 2024-03-23 08:00:22 --> ErrorException: Undefined property: stdClass::$mobileNumber
in APPPATH/Views/api/api_mobile_update.php on line 34.
 1 APPPATH/Views/api/api_mobile_update.php(34): CodeIgniter\Debug\Exceptions->errorHandler()
 2 SYSTEMPATH/View/View.php(228): include('/home/u652040979/domains/truetechnologies.in/public_html/taxConsultant/app/Views/api/api_mobile_update.php')
 3 SYSTEMPATH/View/View.php(231): CodeIgniter\View\View->CodeIgniter\View\{closure}()
 4 SYSTEMPATH/Common.php(1178): CodeIgniter\View\View->render()
 5 APPPATH/Controllers/Home.php(183): view()
 6 SYSTEMPATH/CodeIgniter.php(941): App\Controllers\Home->api_v1_update_mobile()
 7 SYSTEMPATH/CodeIgniter.php(502): CodeIgniter\CodeIgniter->runController()
 8 SYSTEMPATH/CodeIgniter.php(361): CodeIgniter\CodeIgniter->handleRequest()
 9 FCPATH/index.php(79): CodeIgniter\CodeIgniter->run()
CRITICAL - 2024-03-23 08:02:45 --> ErrorException: Undefined variable $uniqidMobile
in APPPATH/Views/api/api_mobile.php on line 39.
 1 APPPATH/Views/api/api_mobile.php(39): CodeIgniter\Debug\Exceptions->errorHandler()
 2 SYSTEMPATH/View/View.php(228): include('/home/u652040979/domains/truetechnologies.in/public_html/taxConsultant/app/Views/api/api_mobile.php')
 3 SYSTEMPATH/View/View.php(231): CodeIgniter\View\View->CodeIgniter\View\{closure}()
 4 SYSTEMPATH/Common.php(1178): CodeIgniter\View\View->render()
 5 APPPATH/Controllers/Home.php(163): view()
 6 SYSTEMPATH/CodeIgniter.php(941): App\Controllers\Home->api_v1_mobile()
 7 SYSTEMPATH/CodeIgniter.php(502): CodeIgniter\CodeIgniter->runController()
 8 SYSTEMPATH/CodeIgniter.php(361): CodeIgniter\CodeIgniter->handleRequest()
 9 FCPATH/index.php(79): CodeIgniter\CodeIgniter->run()
CRITICAL - 2024-03-23 08:57:27 --> ErrorException: Undefined variable $uniqid
in APPPATH/Views/api/api_mobile_update.php on line 40.
 1 APPPATH/Views/api/api_mobile_update.php(40): CodeIgniter\Debug\Exceptions->errorHandler()
 2 SYSTEMPATH/View/View.php(228): include('/home/u652040979/domains/truetechnologies.in/public_html/taxConsultant/app/Views/api/api_mobile_update.php')
 3 SYSTEMPATH/View/View.php(231): CodeIgniter\View\View->CodeIgniter\View\{closure}()
 4 SYSTEMPATH/Common.php(1178): CodeIgniter\View\View->render()
 5 APPPATH/Controllers/Home.php(183): view()
 6 SYSTEMPATH/CodeIgniter.php(941): App\Controllers\Home->api_v1_update_mobile()
 7 SYSTEMPATH/CodeIgniter.php(502): CodeIgniter\CodeIgniter->runController()
 8 SYSTEMPATH/CodeIgniter.php(361): CodeIgniter\CodeIgniter->handleRequest()
 9 FCPATH/index.php(79): CodeIgniter\CodeIgniter->run()
CRITICAL - 2024-03-23 13:08:12 --> ErrorException: Undefined variable $uniqid
in APPPATH/Views/api/api_mobile_update.php on line 40.
 1 APPPATH/Views/api/api_mobile_update.php(40): CodeIgniter\Debug\Exceptions->errorHandler()
 2 SYSTEMPATH/View/View.php(228): include('/home/u652040979/domains/truetechnologies.in/public_html/taxConsultant/app/Views/api/api_mobile_update.php')
 3 SYSTEMPATH/View/View.php(231): CodeIgniter\View\View->CodeIgniter\View\{closure}()
 4 SYSTEMPATH/Common.php(1178): CodeIgniter\View\View->render()
 5 APPPATH/Controllers/Home.php(183): view()
 6 SYSTEMPATH/CodeIgniter.php(941): App\Controllers\Home->api_v1_update_mobile()
 7 SYSTEMPATH/CodeIgniter.php(502): CodeIgniter\CodeIgniter->runController()
 8 SYSTEMPATH/CodeIgniter.php(361): CodeIgniter\CodeIgniter->handleRequest()
 9 FCPATH/index.php(79): CodeIgniter\CodeIgniter->run()
CRITICAL - 2024-03-23 13:14:52 --> ErrorException: Undefined variable $customerID
in APPPATH/Views/api/api_profile.php on line 45.
 1 APPPATH/Views/api/api_profile.php(45): CodeIgniter\Debug\Exceptions->errorHandler()
 2 SYSTEMPATH/View/View.php(228): include('/home/u652040979/domains/truetechnologies.in/public_html/taxConsultant/app/Views/api/api_profile.php')
 3 SYSTEMPATH/View/View.php(231): CodeIgniter\View\View->CodeIgniter\View\{closure}()
 4 SYSTEMPATH/Common.php(1178): CodeIgniter\View\View->render()
 5 APPPATH/Controllers/Home.php(187): view()
 6 SYSTEMPATH/CodeIgniter.php(941): App\Controllers\Home->api_v1_profile()
 7 SYSTEMPATH/CodeIgniter.php(502): CodeIgniter\CodeIgniter->runController()
 8 SYSTEMPATH/CodeIgniter.php(361): CodeIgniter\CodeIgniter->handleRequest()
 9 FCPATH/index.php(79): CodeIgniter\CodeIgniter->run()
CRITICAL - 2024-03-23 13:14:52 --> ErrorException: Undefined variable $customerID
in APPPATH/Views/api/api_profile.php on line 45.
 1 APPPATH/Views/api/api_profile.php(45): CodeIgniter\Debug\Exceptions->errorHandler()
 2 SYSTEMPATH/View/View.php(228): include('/home/u652040979/domains/truetechnologies.in/public_html/taxConsultant/app/Views/api/api_profile.php')
 3 SYSTEMPATH/View/View.php(231): CodeIgniter\View\View->CodeIgniter\View\{closure}()
 4 SYSTEMPATH/Common.php(1178): CodeIgniter\View\View->render()
 5 APPPATH/Controllers/Home.php(187): view()
 6 SYSTEMPATH/CodeIgniter.php(941): App\Controllers\Home->api_v1_profile()
 7 SYSTEMPATH/CodeIgniter.php(502): CodeIgniter\CodeIgniter->runController()
 8 SYSTEMPATH/CodeIgniter.php(361): CodeIgniter\CodeIgniter->handleRequest()
 9 FCPATH/index.php(79): CodeIgniter\CodeIgniter->run()
CRITICAL - 2024-03-23 13:14:52 --> ErrorException: Undefined variable $customerID
in APPPATH/Views/api/api_profile.php on line 45.
 1 APPPATH/Views/api/api_profile.php(45): CodeIgniter\Debug\Exceptions->errorHandler()
 2 SYSTEMPATH/View/View.php(228): include('/home/u652040979/domains/truetechnologies.in/public_html/taxConsultant/app/Views/api/api_profile.php')
 3 SYSTEMPATH/View/View.php(231): CodeIgniter\View\View->CodeIgniter\View\{closure}()
 4 SYSTEMPATH/Common.php(1178): CodeIgniter\View\View->render()
 5 APPPATH/Controllers/Home.php(187): view()
 6 SYSTEMPATH/CodeIgniter.php(941): App\Controllers\Home->api_v1_profile()
 7 SYSTEMPATH/CodeIgniter.php(502): CodeIgniter\CodeIgniter->runController()
 8 SYSTEMPATH/CodeIgniter.php(361): CodeIgniter\CodeIgniter->handleRequest()
 9 FCPATH/index.php(79): CodeIgniter\CodeIgniter->run()
CRITICAL - 2024-03-23 13:14:54 --> ErrorException: Undefined variable $customerID
in APPPATH/Views/api/api_profile.php on line 45.
 1 APPPATH/Views/api/api_profile.php(45): CodeIgniter\Debug\Exceptions->errorHandler()
 2 SYSTEMPATH/View/View.php(228): include('/home/u652040979/domains/truetechnologies.in/public_html/taxConsultant/app/Views/api/api_profile.php')
 3 SYSTEMPATH/View/View.php(231): CodeIgniter\View\View->CodeIgniter\View\{closure}()
 4 SYSTEMPATH/Common.php(1178): CodeIgniter\View\View->render()
 5 APPPATH/Controllers/Home.php(187): view()
 6 SYSTEMPATH/CodeIgniter.php(941): App\Controllers\Home->api_v1_profile()
 7 SYSTEMPATH/CodeIgniter.php(502): CodeIgniter\CodeIgniter->runController()
 8 SYSTEMPATH/CodeIgniter.php(361): CodeIgniter\CodeIgniter->handleRequest()
 9 FCPATH/index.php(79): CodeIgniter\CodeIgniter->run()
CRITICAL - 2024-03-23 13:14:54 --> ErrorException: Undefined variable $customerID
in APPPATH/Views/api/api_profile.php on line 45.
 1 APPPATH/Views/api/api_profile.php(45): CodeIgniter\Debug\Exceptions->errorHandler()
 2 SYSTEMPATH/View/View.php(228): include('/home/u652040979/domains/truetechnologies.in/public_html/taxConsultant/app/Views/api/api_profile.php')
 3 SYSTEMPATH/View/View.php(231): CodeIgniter\View\View->CodeIgniter\View\{closure}()
 4 SYSTEMPATH/Common.php(1178): CodeIgniter\View\View->render()
 5 APPPATH/Controllers/Home.php(187): view()
 6 SYSTEMPATH/CodeIgniter.php(941): App\Controllers\Home->api_v1_profile()
 7 SYSTEMPATH/CodeIgniter.php(502): CodeIgniter\CodeIgniter->runController()
 8 SYSTEMPATH/CodeIgniter.php(361): CodeIgniter\CodeIgniter->handleRequest()
 9 FCPATH/index.php(79): CodeIgniter\CodeIgniter->run()
CRITICAL - 2024-03-23 13:14:56 --> ErrorException: Undefined variable $customerID
in APPPATH/Views/api/api_profile.php on line 45.
 1 APPPATH/Views/api/api_profile.php(45): CodeIgniter\Debug\Exceptions->errorHandler()
 2 SYSTEMPATH/View/View.php(228): include('/home/u652040979/domains/truetechnologies.in/public_html/taxConsultant/app/Views/api/api_profile.php')
 3 SYSTEMPATH/View/View.php(231): CodeIgniter\View\View->CodeIgniter\View\{closure}()
 4 SYSTEMPATH/Common.php(1178): CodeIgniter\View\View->render()
 5 APPPATH/Controllers/Home.php(187): view()
 6 SYSTEMPATH/CodeIgniter.php(941): App\Controllers\Home->api_v1_profile()
 7 SYSTEMPATH/CodeIgniter.php(502): CodeIgniter\CodeIgniter->runController()
 8 SYSTEMPATH/CodeIgniter.php(361): CodeIgniter\CodeIgniter->handleRequest()
 9 FCPATH/index.php(79): CodeIgniter\CodeIgniter->run()
CRITICAL - 2024-03-23 13:15:00 --> ErrorException: Undefined variable $customerID
in APPPATH/Views/api/api_profile.php on line 45.
 1 APPPATH/Views/api/api_profile.php(45): CodeIgniter\Debug\Exceptions->errorHandler()
 2 SYSTEMPATH/View/View.php(228): include('/home/u652040979/domains/truetechnologies.in/public_html/taxConsultant/app/Views/api/api_profile.php')
 3 SYSTEMPATH/View/View.php(231): CodeIgniter\View\View->CodeIgniter\View\{closure}()
 4 SYSTEMPATH/Common.php(1178): CodeIgniter\View\View->render()
 5 APPPATH/Controllers/Home.php(187): view()
 6 SYSTEMPATH/CodeIgniter.php(941): App\Controllers\Home->api_v1_profile()
 7 SYSTEMPATH/CodeIgniter.php(502): CodeIgniter\CodeIgniter->runController()
 8 SYSTEMPATH/CodeIgniter.php(361): CodeIgniter\CodeIgniter->handleRequest()
 9 FCPATH/index.php(79): CodeIgniter\CodeIgniter->run()
CRITICAL - 2024-03-23 13:15:03 --> ErrorException: Undefined variable $customerID
in APPPATH/Views/api/api_profile.php on line 45.
 1 APPPATH/Views/api/api_profile.php(45): CodeIgniter\Debug\Exceptions->errorHandler()
 2 SYSTEMPATH/View/View.php(228): include('/home/u652040979/domains/truetechnologies.in/public_html/taxConsultant/app/Views/api/api_profile.php')
 3 SYSTEMPATH/View/View.php(231): CodeIgniter\View\View->CodeIgniter\View\{closure}()
 4 SYSTEMPATH/Common.php(1178): CodeIgniter\View\View->render()
 5 APPPATH/Controllers/Home.php(187): view()
 6 SYSTEMPATH/CodeIgniter.php(941): App\Controllers\Home->api_v1_profile()
 7 SYSTEMPATH/CodeIgniter.php(502): CodeIgniter\CodeIgniter->runController()
 8 SYSTEMPATH/CodeIgniter.php(361): CodeIgniter\CodeIgniter->handleRequest()
 9 FCPATH/index.php(79): CodeIgniter\CodeIgniter->run()
