INFO - 2024-07-25 06:29:45 --> Session: Class initialized using 'CodeIgniter\Session\Handlers\FileHandler' driver.
INFO - 2024-07-25 06:29:47 --> Session: Class initialized using 'CodeIgniter\Session\Handlers\FileHandler' driver.
INFO - 2024-07-25 06:29:47 --> Session: Class initialized using 'CodeIgniter\Session\Handlers\FileHandler' driver.
INFO - 2024-07-25 06:29:49 --> Session: Class initialized using 'CodeIgniter\Session\Handlers\FileHandler' driver.
INFO - 2024-07-25 06:29:51 --> Session: Class initialized using 'CodeIgniter\Session\Handlers\FileHandler' driver.
INFO - 2024-07-25 06:29:56 --> Session: Class initialized using 'CodeIgniter\Session\Handlers\FileHandler' driver.
INFO - 2024-07-25 06:29:56 --> Session: Class initialized using 'CodeIgniter\Session\Handlers\FileHandler' driver.
INFO - 2024-07-25 06:33:18 --> Session: Class initialized using 'CodeIgniter\Session\Handlers\FileHandler' driver.
INFO - 2024-07-25 06:33:21 --> Session: Class initialized using 'CodeIgniter\Session\Handlers\FileHandler' driver.
INFO - 2024-07-25 06:33:21 --> Session: Class initialized using 'CodeIgniter\Session\Handlers\FileHandler' driver.
INFO - 2024-07-25 06:44:52 --> Session: Class initialized using 'CodeIgniter\Session\Handlers\FileHandler' driver.
INFO - 2024-07-25 07:43:12 --> Session: Class initialized using 'CodeIgniter\Session\Handlers\FileHandler' driver.
INFO - 2024-07-25 07:43:14 --> Session: Class initialized using 'CodeIgniter\Session\Handlers\FileHandler' driver.
INFO - 2024-07-25 07:43:21 --> Session: Class initialized using 'CodeIgniter\Session\Handlers\FileHandler' driver.
INFO - 2024-07-25 07:43:21 --> Session: Class initialized using 'CodeIgniter\Session\Handlers\FileHandler' driver.
INFO - 2024-07-25 07:43:28 --> Session: Class initialized using 'CodeIgniter\Session\Handlers\FileHandler' driver.
INFO - 2024-07-25 07:43:31 --> Session: Class initialized using 'CodeIgniter\Session\Handlers\FileHandler' driver.
CRITICAL - 2024-07-25 07:43:31 --> ErrorException: Undefined property: App\Controllers\LoanApi::$db
in APPPATH/Controllers/LoanApi.php on line 85.
 1 APPPATH/Controllers/LoanApi.php(85): CodeIgniter\Debug\Exceptions->errorHandler()
 2 SYSTEMPATH/CodeIgniter.php(941): App\Controllers\LoanApi->update_of_loan()
 3 SYSTEMPATH/CodeIgniter.php(502): CodeIgniter\CodeIgniter->runController()
 4 SYSTEMPATH/CodeIgniter.php(361): CodeIgniter\CodeIgniter->handleRequest()
 5 FCPATH/index.php(79): CodeIgniter\CodeIgniter->run()
 6 SYSTEMPATH/Commands/Server/rewrite.php(47): require_once('/opt/lampp/htdocs/mfi/public/index.php')
INFO - 2024-07-25 07:59:30 --> Session: Class initialized using 'CodeIgniter\Session\Handlers\FileHandler' driver.
INFO - 2024-07-25 07:59:32 --> Session: Class initialized using 'CodeIgniter\Session\Handlers\FileHandler' driver.
INFO - 2024-07-25 07:59:33 --> Session: Class initialized using 'CodeIgniter\Session\Handlers\FileHandler' driver.
INFO - 2024-07-25 07:59:36 --> Session: Class initialized using 'CodeIgniter\Session\Handlers\FileHandler' driver.
ERROR - 2024-07-25 07:59:36 --> mysqli_sql_exception: You have an error in your SQL syntax; check the manual that corresponds to your MariaDB server version for the right syntax to use near '3717446469405 (
    `ledgerId` int(11) NOT NULL AUTO_INCREMENT,
  `transactio...' at line 1 in /opt/lampp/htdocs/mfi/system/Database/MySQLi/Connection.php:306
Stack trace:
#0 /opt/lampp/htdocs/mfi/system/Database/MySQLi/Connection.php(306): mysqli->query()
#1 /opt/lampp/htdocs/mfi/system/Database/BaseConnection.php(693): CodeIgniter\Database\MySQLi\Connection->execute()
#2 /opt/lampp/htdocs/mfi/system/Database/BaseConnection.php(607): CodeIgniter\Database\BaseConnection->simpleQuery()
#3 /opt/lampp/htdocs/mfi/app/Models/LoanModel.php(65): CodeIgniter\Database\BaseConnection->query()
#4 /opt/lampp/htdocs/mfi/app/Controllers/LoanApi.php(72): App\Models\LoanModel->create()
#5 /opt/lampp/htdocs/mfi/system/CodeIgniter.php(941): App\Controllers\LoanApi->update_of_loan()
#6 /opt/lampp/htdocs/mfi/system/CodeIgniter.php(502): CodeIgniter\CodeIgniter->runController()
#7 /opt/lampp/htdocs/mfi/system/CodeIgniter.php(361): CodeIgniter\CodeIgniter->handleRequest()
#8 /opt/lampp/htdocs/mfi/public/index.php(79): CodeIgniter\CodeIgniter->run()
#9 /opt/lampp/htdocs/mfi/system/Commands/Server/rewrite.php(47): require_once('...')
#10 {main}
CRITICAL - 2024-07-25 07:59:36 --> CodeIgniter\Database\Exceptions\DatabaseException: You have an error in your SQL syntax; check the manual that corresponds to your MariaDB server version for the right syntax to use near '3717446469405 (
    `ledgerId` int(11) NOT NULL AUTO_INCREMENT,
  `transactio...' at line 1
in SYSTEMPATH/Database/BaseConnection.php on line 647.
 1 APPPATH/Models/LoanModel.php(65): CodeIgniter\Database\BaseConnection->query()
 2 APPPATH/Controllers/LoanApi.php(72): App\Models\LoanModel->create()
 3 SYSTEMPATH/CodeIgniter.php(941): App\Controllers\LoanApi->update_of_loan()
 4 SYSTEMPATH/CodeIgniter.php(502): CodeIgniter\CodeIgniter->runController()
 5 SYSTEMPATH/CodeIgniter.php(361): CodeIgniter\CodeIgniter->handleRequest()
 6 FCPATH/index.php(79): CodeIgniter\CodeIgniter->run()
 7 SYSTEMPATH/Commands/Server/rewrite.php(47): require_once('/opt/lampp/htdocs/mfi/public/index.php')
CRITICAL - 2024-07-25 07:59:36 --> [Caused by] CodeIgniter\Database\Exceptions\DatabaseException: You have an error in your SQL syntax; check the manual that corresponds to your MariaDB server version for the right syntax to use near '3717446469405 (
    `ledgerId` int(11) NOT NULL AUTO_INCREMENT,
  `transactio...' at line 1
in SYSTEMPATH/Database/MySQLi/Connection.php on line 311.
 1 SYSTEMPATH/Database/BaseConnection.php(693): CodeIgniter\Database\MySQLi\Connection->execute()
 2 SYSTEMPATH/Database/BaseConnection.php(607): CodeIgniter\Database\BaseConnection->simpleQuery()
 3 APPPATH/Models/LoanModel.php(65): CodeIgniter\Database\BaseConnection->query()
 4 APPPATH/Controllers/LoanApi.php(72): App\Models\LoanModel->create()
 5 SYSTEMPATH/CodeIgniter.php(941): App\Controllers\LoanApi->update_of_loan()
 6 SYSTEMPATH/CodeIgniter.php(502): CodeIgniter\CodeIgniter->runController()
 7 SYSTEMPATH/CodeIgniter.php(361): CodeIgniter\CodeIgniter->handleRequest()
 8 FCPATH/index.php(79): CodeIgniter\CodeIgniter->run()
 9 SYSTEMPATH/Commands/Server/rewrite.php(47): require_once('/opt/lampp/htdocs/mfi/public/index.php')
CRITICAL - 2024-07-25 07:59:36 --> [Caused by] mysqli_sql_exception: You have an error in your SQL syntax; check the manual that corresponds to your MariaDB server version for the right syntax to use near '3717446469405 (
    `ledgerId` int(11) NOT NULL AUTO_INCREMENT,
  `transactio...' at line 1
in SYSTEMPATH/Database/MySQLi/Connection.php on line 306.
 1 SYSTEMPATH/Database/MySQLi/Connection.php(306): mysqli->query()
 2 SYSTEMPATH/Database/BaseConnection.php(693): CodeIgniter\Database\MySQLi\Connection->execute()
 3 SYSTEMPATH/Database/BaseConnection.php(607): CodeIgniter\Database\BaseConnection->simpleQuery()
 4 APPPATH/Models/LoanModel.php(65): CodeIgniter\Database\BaseConnection->query()
 5 APPPATH/Controllers/LoanApi.php(72): App\Models\LoanModel->create()
 6 SYSTEMPATH/CodeIgniter.php(941): App\Controllers\LoanApi->update_of_loan()
 7 SYSTEMPATH/CodeIgniter.php(502): CodeIgniter\CodeIgniter->runController()
 8 SYSTEMPATH/CodeIgniter.php(361): CodeIgniter\CodeIgniter->handleRequest()
 9 FCPATH/index.php(79): CodeIgniter\CodeIgniter->run()
10 SYSTEMPATH/Commands/Server/rewrite.php(47): require_once('/opt/lampp/htdocs/mfi/public/index.php')
INFO - 2024-07-25 08:03:25 --> Session: Class initialized using 'CodeIgniter\Session\Handlers\FileHandler' driver.
INFO - 2024-07-25 08:03:27 --> Session: Class initialized using 'CodeIgniter\Session\Handlers\FileHandler' driver.
INFO - 2024-07-25 08:03:28 --> Session: Class initialized using 'CodeIgniter\Session\Handlers\FileHandler' driver.
INFO - 2024-07-25 08:03:31 --> Session: Class initialized using 'CodeIgniter\Session\Handlers\FileHandler' driver.
CRITICAL - 2024-07-25 08:03:31 --> Error: Call to a member function addField() on null
in APPPATH/Models/LoanModel.php on line 52.
 1 APPPATH/Controllers/LoanApi.php(72): App\Models\LoanModel->create()
 2 SYSTEMPATH/CodeIgniter.php(941): App\Controllers\LoanApi->update_of_loan()
 3 SYSTEMPATH/CodeIgniter.php(502): CodeIgniter\CodeIgniter->runController()
 4 SYSTEMPATH/CodeIgniter.php(361): CodeIgniter\CodeIgniter->handleRequest()
 5 FCPATH/index.php(79): CodeIgniter\CodeIgniter->run()
 6 SYSTEMPATH/Commands/Server/rewrite.php(47): require_once('/opt/lampp/htdocs/mfi/public/index.php')
INFO - 2024-07-25 08:04:39 --> Session: Class initialized using 'CodeIgniter\Session\Handlers\FileHandler' driver.
INFO - 2024-07-25 08:04:39 --> Session: Class initialized using 'CodeIgniter\Session\Handlers\FileHandler' driver.
INFO - 2024-07-25 08:04:40 --> Session: Class initialized using 'CodeIgniter\Session\Handlers\FileHandler' driver.
INFO - 2024-07-25 08:04:42 --> Session: Class initialized using 'CodeIgniter\Session\Handlers\FileHandler' driver.
INFO - 2024-07-25 08:04:45 --> Session: Class initialized using 'CodeIgniter\Session\Handlers\FileHandler' driver.
CRITICAL - 2024-07-25 08:04:45 --> Error: Call to a member function addField() on null
in APPPATH/Models/LoanModel.php on line 52.
 1 APPPATH/Controllers/LoanApi.php(72): App\Models\LoanModel->create()
 2 SYSTEMPATH/CodeIgniter.php(941): App\Controllers\LoanApi->update_of_loan()
 3 SYSTEMPATH/CodeIgniter.php(502): CodeIgniter\CodeIgniter->runController()
 4 SYSTEMPATH/CodeIgniter.php(361): CodeIgniter\CodeIgniter->handleRequest()
 5 FCPATH/index.php(79): CodeIgniter\CodeIgniter->run()
 6 SYSTEMPATH/Commands/Server/rewrite.php(47): require_once('/opt/lampp/htdocs/mfi/public/index.php')
INFO - 2024-07-25 08:07:17 --> Session: Class initialized using 'CodeIgniter\Session\Handlers\FileHandler' driver.
INFO - 2024-07-25 08:07:19 --> Session: Class initialized using 'CodeIgniter\Session\Handlers\FileHandler' driver.
INFO - 2024-07-25 08:07:20 --> Session: Class initialized using 'CodeIgniter\Session\Handlers\FileHandler' driver.
INFO - 2024-07-25 08:07:22 --> Session: Class initialized using 'CodeIgniter\Session\Handlers\FileHandler' driver.
CRITICAL - 2024-07-25 08:07:22 --> Error: Call to a member function createTable() on null
in APPPATH/Models/LoanModel.php on line 52.
 1 APPPATH/Controllers/LoanApi.php(72): App\Models\LoanModel->create()
 2 SYSTEMPATH/CodeIgniter.php(941): App\Controllers\LoanApi->update_of_loan()
 3 SYSTEMPATH/CodeIgniter.php(502): CodeIgniter\CodeIgniter->runController()
 4 SYSTEMPATH/CodeIgniter.php(361): CodeIgniter\CodeIgniter->handleRequest()
 5 FCPATH/index.php(79): CodeIgniter\CodeIgniter->run()
 6 SYSTEMPATH/Commands/Server/rewrite.php(47): require_once('/opt/lampp/htdocs/mfi/public/index.php')
INFO - 2024-07-25 08:07:38 --> Session: Class initialized using 'CodeIgniter\Session\Handlers\FileHandler' driver.
INFO - 2024-07-25 08:07:39 --> Session: Class initialized using 'CodeIgniter\Session\Handlers\FileHandler' driver.
INFO - 2024-07-25 08:07:42 --> Session: Class initialized using 'CodeIgniter\Session\Handlers\FileHandler' driver.
INFO - 2024-07-25 08:07:44 --> Session: Class initialized using 'CodeIgniter\Session\Handlers\FileHandler' driver.
ERROR - 2024-07-25 08:07:44 --> mysqli_sql_exception: You have an error in your SQL syntax; check the manual that corresponds to your MariaDB server version for the right syntax to use near '3717446469405 (
    `ledgerId` int(11) NOT NULL AUTO_INCREMENT,
  `transactio...' at line 1 in /opt/lampp/htdocs/mfi/system/Database/MySQLi/Connection.php:306
Stack trace:
#0 /opt/lampp/htdocs/mfi/system/Database/MySQLi/Connection.php(306): mysqli->query()
#1 /opt/lampp/htdocs/mfi/system/Database/BaseConnection.php(693): CodeIgniter\Database\MySQLi\Connection->execute()
#2 /opt/lampp/htdocs/mfi/system/Database/BaseConnection.php(607): CodeIgniter\Database\BaseConnection->simpleQuery()
#3 /opt/lampp/htdocs/mfi/app/Models/LoanModel.php(66): CodeIgniter\Database\BaseConnection->query()
#4 /opt/lampp/htdocs/mfi/app/Controllers/LoanApi.php(72): App\Models\LoanModel->create()
#5 /opt/lampp/htdocs/mfi/system/CodeIgniter.php(941): App\Controllers\LoanApi->update_of_loan()
#6 /opt/lampp/htdocs/mfi/system/CodeIgniter.php(502): CodeIgniter\CodeIgniter->runController()
#7 /opt/lampp/htdocs/mfi/system/CodeIgniter.php(361): CodeIgniter\CodeIgniter->handleRequest()
#8 /opt/lampp/htdocs/mfi/public/index.php(79): CodeIgniter\CodeIgniter->run()
#9 /opt/lampp/htdocs/mfi/system/Commands/Server/rewrite.php(47): require_once('...')
#10 {main}
CRITICAL - 2024-07-25 08:07:44 --> CodeIgniter\Database\Exceptions\DatabaseException: You have an error in your SQL syntax; check the manual that corresponds to your MariaDB server version for the right syntax to use near '3717446469405 (
    `ledgerId` int(11) NOT NULL AUTO_INCREMENT,
  `transactio...' at line 1
in SYSTEMPATH/Database/BaseConnection.php on line 647.
 1 APPPATH/Models/LoanModel.php(66): CodeIgniter\Database\BaseConnection->query()
 2 APPPATH/Controllers/LoanApi.php(72): App\Models\LoanModel->create()
 3 SYSTEMPATH/CodeIgniter.php(941): App\Controllers\LoanApi->update_of_loan()
 4 SYSTEMPATH/CodeIgniter.php(502): CodeIgniter\CodeIgniter->runController()
 5 SYSTEMPATH/CodeIgniter.php(361): CodeIgniter\CodeIgniter->handleRequest()
 6 FCPATH/index.php(79): CodeIgniter\CodeIgniter->run()
 7 SYSTEMPATH/Commands/Server/rewrite.php(47): require_once('/opt/lampp/htdocs/mfi/public/index.php')
CRITICAL - 2024-07-25 08:07:44 --> [Caused by] CodeIgniter\Database\Exceptions\DatabaseException: You have an error in your SQL syntax; check the manual that corresponds to your MariaDB server version for the right syntax to use near '3717446469405 (
    `ledgerId` int(11) NOT NULL AUTO_INCREMENT,
  `transactio...' at line 1
in SYSTEMPATH/Database/MySQLi/Connection.php on line 311.
 1 SYSTEMPATH/Database/BaseConnection.php(693): CodeIgniter\Database\MySQLi\Connection->execute()
 2 SYSTEMPATH/Database/BaseConnection.php(607): CodeIgniter\Database\BaseConnection->simpleQuery()
 3 APPPATH/Models/LoanModel.php(66): CodeIgniter\Database\BaseConnection->query()
 4 APPPATH/Controllers/LoanApi.php(72): App\Models\LoanModel->create()
 5 SYSTEMPATH/CodeIgniter.php(941): App\Controllers\LoanApi->update_of_loan()
 6 SYSTEMPATH/CodeIgniter.php(502): CodeIgniter\CodeIgniter->runController()
 7 SYSTEMPATH/CodeIgniter.php(361): CodeIgniter\CodeIgniter->handleRequest()
 8 FCPATH/index.php(79): CodeIgniter\CodeIgniter->run()
 9 SYSTEMPATH/Commands/Server/rewrite.php(47): require_once('/opt/lampp/htdocs/mfi/public/index.php')
CRITICAL - 2024-07-25 08:07:44 --> [Caused by] mysqli_sql_exception: You have an error in your SQL syntax; check the manual that corresponds to your MariaDB server version for the right syntax to use near '3717446469405 (
    `ledgerId` int(11) NOT NULL AUTO_INCREMENT,
  `transactio...' at line 1
in SYSTEMPATH/Database/MySQLi/Connection.php on line 306.
 1 SYSTEMPATH/Database/MySQLi/Connection.php(306): mysqli->query()
 2 SYSTEMPATH/Database/BaseConnection.php(693): CodeIgniter\Database\MySQLi\Connection->execute()
 3 SYSTEMPATH/Database/BaseConnection.php(607): CodeIgniter\Database\BaseConnection->simpleQuery()
 4 APPPATH/Models/LoanModel.php(66): CodeIgniter\Database\BaseConnection->query()
 5 APPPATH/Controllers/LoanApi.php(72): App\Models\LoanModel->create()
 6 SYSTEMPATH/CodeIgniter.php(941): App\Controllers\LoanApi->update_of_loan()
 7 SYSTEMPATH/CodeIgniter.php(502): CodeIgniter\CodeIgniter->runController()
 8 SYSTEMPATH/CodeIgniter.php(361): CodeIgniter\CodeIgniter->handleRequest()
 9 FCPATH/index.php(79): CodeIgniter\CodeIgniter->run()
10 SYSTEMPATH/Commands/Server/rewrite.php(47): require_once('/opt/lampp/htdocs/mfi/public/index.php')
INFO - 2024-07-25 08:10:52 --> Session: Class initialized using 'CodeIgniter\Session\Handlers\FileHandler' driver.
INFO - 2024-07-25 08:10:54 --> Session: Class initialized using 'CodeIgniter\Session\Handlers\FileHandler' driver.
INFO - 2024-07-25 08:10:55 --> Session: Class initialized using 'CodeIgniter\Session\Handlers\FileHandler' driver.
INFO - 2024-07-25 08:11:04 --> Session: Class initialized using 'CodeIgniter\Session\Handlers\FileHandler' driver.
CRITICAL - 2024-07-25 08:11:04 --> Error: Call to a member function add_field() on null
in APPPATH/Models/LoanModel.php on line 74.
 1 APPPATH/Controllers/LoanApi.php(72): App\Models\LoanModel->create()
 2 SYSTEMPATH/CodeIgniter.php(941): App\Controllers\LoanApi->update_of_loan()
 3 SYSTEMPATH/CodeIgniter.php(502): CodeIgniter\CodeIgniter->runController()
 4 SYSTEMPATH/CodeIgniter.php(361): CodeIgniter\CodeIgniter->handleRequest()
 5 FCPATH/index.php(79): CodeIgniter\CodeIgniter->run()
 6 SYSTEMPATH/Commands/Server/rewrite.php(47): require_once('/opt/lampp/htdocs/mfi/public/index.php')
