INFO - 2024-08-12 05:57:37 --> Session: Class initialized using 'CodeIgniter\Session\Handlers\FileHandler' driver.
INFO - 2024-08-12 05:58:21 --> Session: Class initialized using 'CodeIgniter\Session\Handlers\FileHandler' driver.
INFO - 2024-08-12 05:58:21 --> Session: Class initialized using 'CodeIgniter\Session\Handlers\FileHandler' driver.
ERROR - 2024-08-12 07:30:14 --> mysqli_sql_exception: Column 'groupId' in where clause is ambiguous in /opt/lampp/htdocs/mfi/system/Database/MySQLi/Connection.php:306
Stack trace:
#0 /opt/lampp/htdocs/mfi/system/Database/MySQLi/Connection.php(306): mysqli->query()
#1 /opt/lampp/htdocs/mfi/system/Database/BaseConnection.php(693): CodeIgniter\Database\MySQLi\Connection->execute()
#2 /opt/lampp/htdocs/mfi/system/Database/BaseConnection.php(607): CodeIgniter\Database\BaseConnection->simpleQuery()
#3 /opt/lampp/htdocs/mfi/system/Database/BaseBuilder.php(1613): CodeIgniter\Database\BaseConnection->query()
#4 /opt/lampp/htdocs/mfi/system/Model.php(242): CodeIgniter\Database\BaseBuilder->get()
#5 /opt/lampp/htdocs/mfi/system/BaseModel.php(638): CodeIgniter\Model->doFindAll()
#6 /opt/lampp/htdocs/mfi/app/Controllers/LoanApi.php(263): CodeIgniter\BaseModel->findAll()
#7 /opt/lampp/htdocs/mfi/system/CodeIgniter.php(941): App\Controllers\LoanApi->disbursement_status_member()
#8 /opt/lampp/htdocs/mfi/system/CodeIgniter.php(502): CodeIgniter\CodeIgniter->runController()
#9 /opt/lampp/htdocs/mfi/system/CodeIgniter.php(361): CodeIgniter\CodeIgniter->handleRequest()
#10 /opt/lampp/htdocs/mfi/public/index.php(79): CodeIgniter\CodeIgniter->run()
#11 /opt/lampp/htdocs/mfi/system/Commands/Server/rewrite.php(47): require_once('...')
#12 {main}
CRITICAL - 2024-08-12 07:30:14 --> CodeIgniter\Database\Exceptions\DatabaseException: Column 'groupId' in where clause is ambiguous
in SYSTEMPATH/Database/BaseConnection.php on line 647.
 1 SYSTEMPATH/Database/BaseBuilder.php(1613): CodeIgniter\Database\BaseConnection->query()
 2 SYSTEMPATH/Model.php(242): CodeIgniter\Database\BaseBuilder->get()
 3 SYSTEMPATH/BaseModel.php(638): CodeIgniter\Model->doFindAll()
 4 APPPATH/Controllers/LoanApi.php(263): CodeIgniter\BaseModel->findAll()
 5 SYSTEMPATH/CodeIgniter.php(941): App\Controllers\LoanApi->disbursement_status_member()
 6 SYSTEMPATH/CodeIgniter.php(502): CodeIgniter\CodeIgniter->runController()
 7 SYSTEMPATH/CodeIgniter.php(361): CodeIgniter\CodeIgniter->handleRequest()
 8 FCPATH/index.php(79): CodeIgniter\CodeIgniter->run()
 9 SYSTEMPATH/Commands/Server/rewrite.php(47): require_once('/opt/lampp/htdocs/mfi/public/index.php')
CRITICAL - 2024-08-12 07:30:14 --> [Caused by] CodeIgniter\Database\Exceptions\DatabaseException: Column 'groupId' in where clause is ambiguous
in SYSTEMPATH/Database/MySQLi/Connection.php on line 311.
 1 SYSTEMPATH/Database/BaseConnection.php(693): CodeIgniter\Database\MySQLi\Connection->execute()
 2 SYSTEMPATH/Database/BaseConnection.php(607): CodeIgniter\Database\BaseConnection->simpleQuery()
 3 SYSTEMPATH/Database/BaseBuilder.php(1613): CodeIgniter\Database\BaseConnection->query()
 4 SYSTEMPATH/Model.php(242): CodeIgniter\Database\BaseBuilder->get()
 5 SYSTEMPATH/BaseModel.php(638): CodeIgniter\Model->doFindAll()
 6 APPPATH/Controllers/LoanApi.php(263): CodeIgniter\BaseModel->findAll()
 7 SYSTEMPATH/CodeIgniter.php(941): App\Controllers\LoanApi->disbursement_status_member()
 8 SYSTEMPATH/CodeIgniter.php(502): CodeIgniter\CodeIgniter->runController()
 9 SYSTEMPATH/CodeIgniter.php(361): CodeIgniter\CodeIgniter->handleRequest()
10 FCPATH/index.php(79): CodeIgniter\CodeIgniter->run()
11 SYSTEMPATH/Commands/Server/rewrite.php(47): require_once('/opt/lampp/htdocs/mfi/public/index.php')
CRITICAL - 2024-08-12 07:30:14 --> [Caused by] mysqli_sql_exception: Column 'groupId' in where clause is ambiguous
in SYSTEMPATH/Database/MySQLi/Connection.php on line 306.
 1 SYSTEMPATH/Database/MySQLi/Connection.php(306): mysqli->query()
 2 SYSTEMPATH/Database/BaseConnection.php(693): CodeIgniter\Database\MySQLi\Connection->execute()
 3 SYSTEMPATH/Database/BaseConnection.php(607): CodeIgniter\Database\BaseConnection->simpleQuery()
 4 SYSTEMPATH/Database/BaseBuilder.php(1613): CodeIgniter\Database\BaseConnection->query()
 5 SYSTEMPATH/Model.php(242): CodeIgniter\Database\BaseBuilder->get()
 6 SYSTEMPATH/BaseModel.php(638): CodeIgniter\Model->doFindAll()
 7 APPPATH/Controllers/LoanApi.php(263): CodeIgniter\BaseModel->findAll()
 8 SYSTEMPATH/CodeIgniter.php(941): App\Controllers\LoanApi->disbursement_status_member()
 9 SYSTEMPATH/CodeIgniter.php(502): CodeIgniter\CodeIgniter->runController()
10 SYSTEMPATH/CodeIgniter.php(361): CodeIgniter\CodeIgniter->handleRequest()
11 FCPATH/index.php(79): CodeIgniter\CodeIgniter->run()
12 SYSTEMPATH/Commands/Server/rewrite.php(47): require_once('/opt/lampp/htdocs/mfi/public/index.php')
ERROR - 2024-08-12 07:31:59 --> mysqli_sql_exception: Column 'groupId' in where clause is ambiguous in /opt/lampp/htdocs/mfi/system/Database/MySQLi/Connection.php:306
Stack trace:
#0 /opt/lampp/htdocs/mfi/system/Database/MySQLi/Connection.php(306): mysqli->query()
#1 /opt/lampp/htdocs/mfi/system/Database/BaseConnection.php(693): CodeIgniter\Database\MySQLi\Connection->execute()
#2 /opt/lampp/htdocs/mfi/system/Database/BaseConnection.php(607): CodeIgniter\Database\BaseConnection->simpleQuery()
#3 /opt/lampp/htdocs/mfi/system/Database/BaseBuilder.php(1613): CodeIgniter\Database\BaseConnection->query()
#4 /opt/lampp/htdocs/mfi/system/Model.php(242): CodeIgniter\Database\BaseBuilder->get()
#5 /opt/lampp/htdocs/mfi/system/BaseModel.php(638): CodeIgniter\Model->doFindAll()
#6 /opt/lampp/htdocs/mfi/app/Controllers/LoanApi.php(263): CodeIgniter\BaseModel->findAll()
#7 /opt/lampp/htdocs/mfi/system/CodeIgniter.php(941): App\Controllers\LoanApi->disbursement_status_member()
#8 /opt/lampp/htdocs/mfi/system/CodeIgniter.php(502): CodeIgniter\CodeIgniter->runController()
#9 /opt/lampp/htdocs/mfi/system/CodeIgniter.php(361): CodeIgniter\CodeIgniter->handleRequest()
#10 /opt/lampp/htdocs/mfi/public/index.php(79): CodeIgniter\CodeIgniter->run()
#11 /opt/lampp/htdocs/mfi/system/Commands/Server/rewrite.php(47): require_once('...')
#12 {main}
CRITICAL - 2024-08-12 07:31:59 --> CodeIgniter\Database\Exceptions\DatabaseException: Column 'groupId' in where clause is ambiguous
in SYSTEMPATH/Database/BaseConnection.php on line 647.
 1 SYSTEMPATH/Database/BaseBuilder.php(1613): CodeIgniter\Database\BaseConnection->query()
 2 SYSTEMPATH/Model.php(242): CodeIgniter\Database\BaseBuilder->get()
 3 SYSTEMPATH/BaseModel.php(638): CodeIgniter\Model->doFindAll()
 4 APPPATH/Controllers/LoanApi.php(263): CodeIgniter\BaseModel->findAll()
 5 SYSTEMPATH/CodeIgniter.php(941): App\Controllers\LoanApi->disbursement_status_member()
 6 SYSTEMPATH/CodeIgniter.php(502): CodeIgniter\CodeIgniter->runController()
 7 SYSTEMPATH/CodeIgniter.php(361): CodeIgniter\CodeIgniter->handleRequest()
 8 FCPATH/index.php(79): CodeIgniter\CodeIgniter->run()
 9 SYSTEMPATH/Commands/Server/rewrite.php(47): require_once('/opt/lampp/htdocs/mfi/public/index.php')
CRITICAL - 2024-08-12 07:31:59 --> [Caused by] CodeIgniter\Database\Exceptions\DatabaseException: Column 'groupId' in where clause is ambiguous
in SYSTEMPATH/Database/MySQLi/Connection.php on line 311.
 1 SYSTEMPATH/Database/BaseConnection.php(693): CodeIgniter\Database\MySQLi\Connection->execute()
 2 SYSTEMPATH/Database/BaseConnection.php(607): CodeIgniter\Database\BaseConnection->simpleQuery()
 3 SYSTEMPATH/Database/BaseBuilder.php(1613): CodeIgniter\Database\BaseConnection->query()
 4 SYSTEMPATH/Model.php(242): CodeIgniter\Database\BaseBuilder->get()
 5 SYSTEMPATH/BaseModel.php(638): CodeIgniter\Model->doFindAll()
 6 APPPATH/Controllers/LoanApi.php(263): CodeIgniter\BaseModel->findAll()
 7 SYSTEMPATH/CodeIgniter.php(941): App\Controllers\LoanApi->disbursement_status_member()
 8 SYSTEMPATH/CodeIgniter.php(502): CodeIgniter\CodeIgniter->runController()
 9 SYSTEMPATH/CodeIgniter.php(361): CodeIgniter\CodeIgniter->handleRequest()
10 FCPATH/index.php(79): CodeIgniter\CodeIgniter->run()
11 SYSTEMPATH/Commands/Server/rewrite.php(47): require_once('/opt/lampp/htdocs/mfi/public/index.php')
CRITICAL - 2024-08-12 07:31:59 --> [Caused by] mysqli_sql_exception: Column 'groupId' in where clause is ambiguous
in SYSTEMPATH/Database/MySQLi/Connection.php on line 306.
 1 SYSTEMPATH/Database/MySQLi/Connection.php(306): mysqli->query()
 2 SYSTEMPATH/Database/BaseConnection.php(693): CodeIgniter\Database\MySQLi\Connection->execute()
 3 SYSTEMPATH/Database/BaseConnection.php(607): CodeIgniter\Database\BaseConnection->simpleQuery()
 4 SYSTEMPATH/Database/BaseBuilder.php(1613): CodeIgniter\Database\BaseConnection->query()
 5 SYSTEMPATH/Model.php(242): CodeIgniter\Database\BaseBuilder->get()
 6 SYSTEMPATH/BaseModel.php(638): CodeIgniter\Model->doFindAll()
 7 APPPATH/Controllers/LoanApi.php(263): CodeIgniter\BaseModel->findAll()
 8 SYSTEMPATH/CodeIgniter.php(941): App\Controllers\LoanApi->disbursement_status_member()
 9 SYSTEMPATH/CodeIgniter.php(502): CodeIgniter\CodeIgniter->runController()
10 SYSTEMPATH/CodeIgniter.php(361): CodeIgniter\CodeIgniter->handleRequest()
11 FCPATH/index.php(79): CodeIgniter\CodeIgniter->run()
12 SYSTEMPATH/Commands/Server/rewrite.php(47): require_once('/opt/lampp/htdocs/mfi/public/index.php')
ERROR - 2024-08-12 07:59:27 --> mysqli_sql_exception: Column 'groupId' in where clause is ambiguous in /opt/lampp/htdocs/mfi/system/Database/MySQLi/Connection.php:306
Stack trace:
#0 /opt/lampp/htdocs/mfi/system/Database/MySQLi/Connection.php(306): mysqli->query()
#1 /opt/lampp/htdocs/mfi/system/Database/BaseConnection.php(693): CodeIgniter\Database\MySQLi\Connection->execute()
#2 /opt/lampp/htdocs/mfi/system/Database/BaseConnection.php(607): CodeIgniter\Database\BaseConnection->simpleQuery()
#3 /opt/lampp/htdocs/mfi/system/Database/BaseBuilder.php(1613): CodeIgniter\Database\BaseConnection->query()
#4 /opt/lampp/htdocs/mfi/system/Model.php(242): CodeIgniter\Database\BaseBuilder->get()
#5 /opt/lampp/htdocs/mfi/system/BaseModel.php(638): CodeIgniter\Model->doFindAll()
#6 /opt/lampp/htdocs/mfi/app/Controllers/LoanApi.php(263): CodeIgniter\BaseModel->findAll()
#7 /opt/lampp/htdocs/mfi/system/CodeIgniter.php(941): App\Controllers\LoanApi->disbursement_status_member()
#8 /opt/lampp/htdocs/mfi/system/CodeIgniter.php(502): CodeIgniter\CodeIgniter->runController()
#9 /opt/lampp/htdocs/mfi/system/CodeIgniter.php(361): CodeIgniter\CodeIgniter->handleRequest()
#10 /opt/lampp/htdocs/mfi/public/index.php(79): CodeIgniter\CodeIgniter->run()
#11 /opt/lampp/htdocs/mfi/system/Commands/Server/rewrite.php(47): require_once('...')
#12 {main}
CRITICAL - 2024-08-12 07:59:27 --> CodeIgniter\Database\Exceptions\DatabaseException: Column 'groupId' in where clause is ambiguous
in SYSTEMPATH/Database/BaseConnection.php on line 647.
 1 SYSTEMPATH/Database/BaseBuilder.php(1613): CodeIgniter\Database\BaseConnection->query()
 2 SYSTEMPATH/Model.php(242): CodeIgniter\Database\BaseBuilder->get()
 3 SYSTEMPATH/BaseModel.php(638): CodeIgniter\Model->doFindAll()
 4 APPPATH/Controllers/LoanApi.php(263): CodeIgniter\BaseModel->findAll()
 5 SYSTEMPATH/CodeIgniter.php(941): App\Controllers\LoanApi->disbursement_status_member()
 6 SYSTEMPATH/CodeIgniter.php(502): CodeIgniter\CodeIgniter->runController()
 7 SYSTEMPATH/CodeIgniter.php(361): CodeIgniter\CodeIgniter->handleRequest()
 8 FCPATH/index.php(79): CodeIgniter\CodeIgniter->run()
 9 SYSTEMPATH/Commands/Server/rewrite.php(47): require_once('/opt/lampp/htdocs/mfi/public/index.php')
CRITICAL - 2024-08-12 07:59:27 --> [Caused by] CodeIgniter\Database\Exceptions\DatabaseException: Column 'groupId' in where clause is ambiguous
in SYSTEMPATH/Database/MySQLi/Connection.php on line 311.
 1 SYSTEMPATH/Database/BaseConnection.php(693): CodeIgniter\Database\MySQLi\Connection->execute()
 2 SYSTEMPATH/Database/BaseConnection.php(607): CodeIgniter\Database\BaseConnection->simpleQuery()
 3 SYSTEMPATH/Database/BaseBuilder.php(1613): CodeIgniter\Database\BaseConnection->query()
 4 SYSTEMPATH/Model.php(242): CodeIgniter\Database\BaseBuilder->get()
 5 SYSTEMPATH/BaseModel.php(638): CodeIgniter\Model->doFindAll()
 6 APPPATH/Controllers/LoanApi.php(263): CodeIgniter\BaseModel->findAll()
 7 SYSTEMPATH/CodeIgniter.php(941): App\Controllers\LoanApi->disbursement_status_member()
 8 SYSTEMPATH/CodeIgniter.php(502): CodeIgniter\CodeIgniter->runController()
 9 SYSTEMPATH/CodeIgniter.php(361): CodeIgniter\CodeIgniter->handleRequest()
10 FCPATH/index.php(79): CodeIgniter\CodeIgniter->run()
11 SYSTEMPATH/Commands/Server/rewrite.php(47): require_once('/opt/lampp/htdocs/mfi/public/index.php')
CRITICAL - 2024-08-12 07:59:27 --> [Caused by] mysqli_sql_exception: Column 'groupId' in where clause is ambiguous
in SYSTEMPATH/Database/MySQLi/Connection.php on line 306.
 1 SYSTEMPATH/Database/MySQLi/Connection.php(306): mysqli->query()
 2 SYSTEMPATH/Database/BaseConnection.php(693): CodeIgniter\Database\MySQLi\Connection->execute()
 3 SYSTEMPATH/Database/BaseConnection.php(607): CodeIgniter\Database\BaseConnection->simpleQuery()
 4 SYSTEMPATH/Database/BaseBuilder.php(1613): CodeIgniter\Database\BaseConnection->query()
 5 SYSTEMPATH/Model.php(242): CodeIgniter\Database\BaseBuilder->get()
 6 SYSTEMPATH/BaseModel.php(638): CodeIgniter\Model->doFindAll()
 7 APPPATH/Controllers/LoanApi.php(263): CodeIgniter\BaseModel->findAll()
 8 SYSTEMPATH/CodeIgniter.php(941): App\Controllers\LoanApi->disbursement_status_member()
 9 SYSTEMPATH/CodeIgniter.php(502): CodeIgniter\CodeIgniter->runController()
10 SYSTEMPATH/CodeIgniter.php(361): CodeIgniter\CodeIgniter->handleRequest()
11 FCPATH/index.php(79): CodeIgniter\CodeIgniter->run()
12 SYSTEMPATH/Commands/Server/rewrite.php(47): require_once('/opt/lampp/htdocs/mfi/public/index.php')
ERROR - 2024-08-12 08:00:25 --> mysqli_sql_exception: Column 'groupId' in where clause is ambiguous in /opt/lampp/htdocs/mfi/system/Database/MySQLi/Connection.php:306
Stack trace:
#0 /opt/lampp/htdocs/mfi/system/Database/MySQLi/Connection.php(306): mysqli->query()
#1 /opt/lampp/htdocs/mfi/system/Database/BaseConnection.php(693): CodeIgniter\Database\MySQLi\Connection->execute()
#2 /opt/lampp/htdocs/mfi/system/Database/BaseConnection.php(607): CodeIgniter\Database\BaseConnection->simpleQuery()
#3 /opt/lampp/htdocs/mfi/system/Database/BaseBuilder.php(1613): CodeIgniter\Database\BaseConnection->query()
#4 /opt/lampp/htdocs/mfi/system/Model.php(242): CodeIgniter\Database\BaseBuilder->get()
#5 /opt/lampp/htdocs/mfi/system/BaseModel.php(638): CodeIgniter\Model->doFindAll()
#6 /opt/lampp/htdocs/mfi/app/Controllers/LoanApi.php(263): CodeIgniter\BaseModel->findAll()
#7 /opt/lampp/htdocs/mfi/system/CodeIgniter.php(941): App\Controllers\LoanApi->disbursement_status_member()
#8 /opt/lampp/htdocs/mfi/system/CodeIgniter.php(502): CodeIgniter\CodeIgniter->runController()
#9 /opt/lampp/htdocs/mfi/system/CodeIgniter.php(361): CodeIgniter\CodeIgniter->handleRequest()
#10 /opt/lampp/htdocs/mfi/public/index.php(79): CodeIgniter\CodeIgniter->run()
#11 /opt/lampp/htdocs/mfi/system/Commands/Server/rewrite.php(47): require_once('...')
#12 {main}
CRITICAL - 2024-08-12 08:00:25 --> CodeIgniter\Database\Exceptions\DatabaseException: Column 'groupId' in where clause is ambiguous
in SYSTEMPATH/Database/BaseConnection.php on line 647.
 1 SYSTEMPATH/Database/BaseBuilder.php(1613): CodeIgniter\Database\BaseConnection->query()
 2 SYSTEMPATH/Model.php(242): CodeIgniter\Database\BaseBuilder->get()
 3 SYSTEMPATH/BaseModel.php(638): CodeIgniter\Model->doFindAll()
 4 APPPATH/Controllers/LoanApi.php(263): CodeIgniter\BaseModel->findAll()
 5 SYSTEMPATH/CodeIgniter.php(941): App\Controllers\LoanApi->disbursement_status_member()
 6 SYSTEMPATH/CodeIgniter.php(502): CodeIgniter\CodeIgniter->runController()
 7 SYSTEMPATH/CodeIgniter.php(361): CodeIgniter\CodeIgniter->handleRequest()
 8 FCPATH/index.php(79): CodeIgniter\CodeIgniter->run()
 9 SYSTEMPATH/Commands/Server/rewrite.php(47): require_once('/opt/lampp/htdocs/mfi/public/index.php')
CRITICAL - 2024-08-12 08:00:25 --> [Caused by] CodeIgniter\Database\Exceptions\DatabaseException: Column 'groupId' in where clause is ambiguous
in SYSTEMPATH/Database/MySQLi/Connection.php on line 311.
 1 SYSTEMPATH/Database/BaseConnection.php(693): CodeIgniter\Database\MySQLi\Connection->execute()
 2 SYSTEMPATH/Database/BaseConnection.php(607): CodeIgniter\Database\BaseConnection->simpleQuery()
 3 SYSTEMPATH/Database/BaseBuilder.php(1613): CodeIgniter\Database\BaseConnection->query()
 4 SYSTEMPATH/Model.php(242): CodeIgniter\Database\BaseBuilder->get()
 5 SYSTEMPATH/BaseModel.php(638): CodeIgniter\Model->doFindAll()
 6 APPPATH/Controllers/LoanApi.php(263): CodeIgniter\BaseModel->findAll()
 7 SYSTEMPATH/CodeIgniter.php(941): App\Controllers\LoanApi->disbursement_status_member()
 8 SYSTEMPATH/CodeIgniter.php(502): CodeIgniter\CodeIgniter->runController()
 9 SYSTEMPATH/CodeIgniter.php(361): CodeIgniter\CodeIgniter->handleRequest()
10 FCPATH/index.php(79): CodeIgniter\CodeIgniter->run()
11 SYSTEMPATH/Commands/Server/rewrite.php(47): require_once('/opt/lampp/htdocs/mfi/public/index.php')
CRITICAL - 2024-08-12 08:00:25 --> [Caused by] mysqli_sql_exception: Column 'groupId' in where clause is ambiguous
in SYSTEMPATH/Database/MySQLi/Connection.php on line 306.
 1 SYSTEMPATH/Database/MySQLi/Connection.php(306): mysqli->query()
 2 SYSTEMPATH/Database/BaseConnection.php(693): CodeIgniter\Database\MySQLi\Connection->execute()
 3 SYSTEMPATH/Database/BaseConnection.php(607): CodeIgniter\Database\BaseConnection->simpleQuery()
 4 SYSTEMPATH/Database/BaseBuilder.php(1613): CodeIgniter\Database\BaseConnection->query()
 5 SYSTEMPATH/Model.php(242): CodeIgniter\Database\BaseBuilder->get()
 6 SYSTEMPATH/BaseModel.php(638): CodeIgniter\Model->doFindAll()
 7 APPPATH/Controllers/LoanApi.php(263): CodeIgniter\BaseModel->findAll()
 8 SYSTEMPATH/CodeIgniter.php(941): App\Controllers\LoanApi->disbursement_status_member()
 9 SYSTEMPATH/CodeIgniter.php(502): CodeIgniter\CodeIgniter->runController()
10 SYSTEMPATH/CodeIgniter.php(361): CodeIgniter\CodeIgniter->handleRequest()
11 FCPATH/index.php(79): CodeIgniter\CodeIgniter->run()
12 SYSTEMPATH/Commands/Server/rewrite.php(47): require_once('/opt/lampp/htdocs/mfi/public/index.php')
ERROR - 2024-08-12 08:08:46 --> mysqli_sql_exception: Column 'groupId' in where clause is ambiguous in /opt/lampp/htdocs/mfi/system/Database/MySQLi/Connection.php:306
Stack trace:
#0 /opt/lampp/htdocs/mfi/system/Database/MySQLi/Connection.php(306): mysqli->query()
#1 /opt/lampp/htdocs/mfi/system/Database/BaseConnection.php(693): CodeIgniter\Database\MySQLi\Connection->execute()
#2 /opt/lampp/htdocs/mfi/system/Database/BaseConnection.php(607): CodeIgniter\Database\BaseConnection->simpleQuery()
#3 /opt/lampp/htdocs/mfi/system/Database/BaseBuilder.php(1613): CodeIgniter\Database\BaseConnection->query()
#4 /opt/lampp/htdocs/mfi/system/Model.php(242): CodeIgniter\Database\BaseBuilder->get()
#5 /opt/lampp/htdocs/mfi/system/BaseModel.php(638): CodeIgniter\Model->doFindAll()
#6 /opt/lampp/htdocs/mfi/app/Controllers/LoanApi.php(263): CodeIgniter\BaseModel->findAll()
#7 /opt/lampp/htdocs/mfi/system/CodeIgniter.php(941): App\Controllers\LoanApi->disbursement_status_member()
#8 /opt/lampp/htdocs/mfi/system/CodeIgniter.php(502): CodeIgniter\CodeIgniter->runController()
#9 /opt/lampp/htdocs/mfi/system/CodeIgniter.php(361): CodeIgniter\CodeIgniter->handleRequest()
#10 /opt/lampp/htdocs/mfi/public/index.php(79): CodeIgniter\CodeIgniter->run()
#11 /opt/lampp/htdocs/mfi/system/Commands/Server/rewrite.php(47): require_once('...')
#12 {main}
CRITICAL - 2024-08-12 08:08:46 --> CodeIgniter\Database\Exceptions\DatabaseException: Column 'groupId' in where clause is ambiguous
in SYSTEMPATH/Database/BaseConnection.php on line 647.
 1 SYSTEMPATH/Database/BaseBuilder.php(1613): CodeIgniter\Database\BaseConnection->query()
 2 SYSTEMPATH/Model.php(242): CodeIgniter\Database\BaseBuilder->get()
 3 SYSTEMPATH/BaseModel.php(638): CodeIgniter\Model->doFindAll()
 4 APPPATH/Controllers/LoanApi.php(263): CodeIgniter\BaseModel->findAll()
 5 SYSTEMPATH/CodeIgniter.php(941): App\Controllers\LoanApi->disbursement_status_member()
 6 SYSTEMPATH/CodeIgniter.php(502): CodeIgniter\CodeIgniter->runController()
 7 SYSTEMPATH/CodeIgniter.php(361): CodeIgniter\CodeIgniter->handleRequest()
 8 FCPATH/index.php(79): CodeIgniter\CodeIgniter->run()
 9 SYSTEMPATH/Commands/Server/rewrite.php(47): require_once('/opt/lampp/htdocs/mfi/public/index.php')
CRITICAL - 2024-08-12 08:08:46 --> [Caused by] CodeIgniter\Database\Exceptions\DatabaseException: Column 'groupId' in where clause is ambiguous
in SYSTEMPATH/Database/MySQLi/Connection.php on line 311.
 1 SYSTEMPATH/Database/BaseConnection.php(693): CodeIgniter\Database\MySQLi\Connection->execute()
 2 SYSTEMPATH/Database/BaseConnection.php(607): CodeIgniter\Database\BaseConnection->simpleQuery()
 3 SYSTEMPATH/Database/BaseBuilder.php(1613): CodeIgniter\Database\BaseConnection->query()
 4 SYSTEMPATH/Model.php(242): CodeIgniter\Database\BaseBuilder->get()
 5 SYSTEMPATH/BaseModel.php(638): CodeIgniter\Model->doFindAll()
 6 APPPATH/Controllers/LoanApi.php(263): CodeIgniter\BaseModel->findAll()
 7 SYSTEMPATH/CodeIgniter.php(941): App\Controllers\LoanApi->disbursement_status_member()
 8 SYSTEMPATH/CodeIgniter.php(502): CodeIgniter\CodeIgniter->runController()
 9 SYSTEMPATH/CodeIgniter.php(361): CodeIgniter\CodeIgniter->handleRequest()
10 FCPATH/index.php(79): CodeIgniter\CodeIgniter->run()
11 SYSTEMPATH/Commands/Server/rewrite.php(47): require_once('/opt/lampp/htdocs/mfi/public/index.php')
CRITICAL - 2024-08-12 08:08:46 --> [Caused by] mysqli_sql_exception: Column 'groupId' in where clause is ambiguous
in SYSTEMPATH/Database/MySQLi/Connection.php on line 306.
 1 SYSTEMPATH/Database/MySQLi/Connection.php(306): mysqli->query()
 2 SYSTEMPATH/Database/BaseConnection.php(693): CodeIgniter\Database\MySQLi\Connection->execute()
 3 SYSTEMPATH/Database/BaseConnection.php(607): CodeIgniter\Database\BaseConnection->simpleQuery()
 4 SYSTEMPATH/Database/BaseBuilder.php(1613): CodeIgniter\Database\BaseConnection->query()
 5 SYSTEMPATH/Model.php(242): CodeIgniter\Database\BaseBuilder->get()
 6 SYSTEMPATH/BaseModel.php(638): CodeIgniter\Model->doFindAll()
 7 APPPATH/Controllers/LoanApi.php(263): CodeIgniter\BaseModel->findAll()
 8 SYSTEMPATH/CodeIgniter.php(941): App\Controllers\LoanApi->disbursement_status_member()
 9 SYSTEMPATH/CodeIgniter.php(502): CodeIgniter\CodeIgniter->runController()
10 SYSTEMPATH/CodeIgniter.php(361): CodeIgniter\CodeIgniter->handleRequest()
11 FCPATH/index.php(79): CodeIgniter\CodeIgniter->run()
12 SYSTEMPATH/Commands/Server/rewrite.php(47): require_once('/opt/lampp/htdocs/mfi/public/index.php')
INFO - 2024-08-12 08:13:27 --> Session: Class initialized using 'CodeIgniter\Session\Handlers\FileHandler' driver.
INFO - 2024-08-12 08:13:27 --> Session: Class initialized using 'CodeIgniter\Session\Handlers\FileHandler' driver.
INFO - 2024-08-12 08:13:29 --> Session: Class initialized using 'CodeIgniter\Session\Handlers\FileHandler' driver.
INFO - 2024-08-12 08:13:29 --> Session: Class initialized using 'CodeIgniter\Session\Handlers\FileHandler' driver.
