INFO - 2025-02-21 10:42:20 --> Session: Class initialized using 'CodeIgniter\Session\Handlers\FileHandler' driver.
INFO - 2025-02-21 10:42:23 --> Session: Class initialized using 'CodeIgniter\Session\Handlers\FileHandler' driver.
ERROR - 2025-02-21 10:42:23 --> Error connecting to the database: mysqli_sql_exception: Connection refused in /home/nfspl/Desktop/developer/backup/20-02-2025/backup_lampp_htdoc/htdocs/mfiCRM/system/Database/MySQLi/Connection.php:185
Stack trace:
#0 /home/nfspl/Desktop/developer/backup/20-02-2025/backup_lampp_htdoc/htdocs/mfiCRM/system/Database/MySQLi/Connection.php(185): mysqli->real_connect()
#1 /home/nfspl/Desktop/developer/backup/20-02-2025/backup_lampp_htdoc/htdocs/mfiCRM/system/Database/BaseConnection.php(392): CodeIgniter\Database\MySQLi\Connection->connect()
#2 /home/nfspl/Desktop/developer/backup/20-02-2025/backup_lampp_htdoc/htdocs/mfiCRM/system/Database/BaseConnection.php(575): CodeIgniter\Database\BaseConnection->initialize()
#3 /home/nfspl/Desktop/developer/backup/20-02-2025/backup_lampp_htdoc/htdocs/mfiCRM/system/Database/BaseBuilder.php(1613): CodeIgniter\Database\BaseConnection->query()
#4 /home/nfspl/Desktop/developer/backup/20-02-2025/backup_lampp_htdoc/htdocs/mfiCRM/system/Validation/StrictRules/Rules.php(167): CodeIgniter\Database\BaseBuilder->get()
#5 /home/nfspl/Desktop/developer/backup/20-02-2025/backup_lampp_htdoc/htdocs/mfiCRM/system/Validation/Validation.php(328): CodeIgniter\Validation\StrictRules\Rules->is_not_unique()
#6 /home/nfspl/Desktop/developer/backup/20-02-2025/backup_lampp_htdoc/htdocs/mfiCRM/system/Validation/Validation.php(200): CodeIgniter\Validation\Validation->processRules()
#7 /home/nfspl/Desktop/developer/backup/20-02-2025/backup_lampp_htdoc/htdocs/mfiCRM/system/Controller.php(152): CodeIgniter\Validation\Validation->run()
#8 /home/nfspl/Desktop/developer/backup/20-02-2025/backup_lampp_htdoc/htdocs/mfiCRM/app/Controllers/Auth.php(80): CodeIgniter\Controller->validate()
#9 /home/nfspl/Desktop/developer/backup/20-02-2025/backup_lampp_htdoc/htdocs/mfiCRM/system/CodeIgniter.php(941): App\Controllers\Auth->login_validation()
#10 /home/nfspl/Desktop/developer/backup/20-02-2025/backup_lampp_htdoc/htdocs/mfiCRM/system/CodeIgniter.php(502): CodeIgniter\CodeIgniter->runController()
#11 /home/nfspl/Desktop/developer/backup/20-02-2025/backup_lampp_htdoc/htdocs/mfiCRM/system/CodeIgniter.php(361): CodeIgniter\CodeIgniter->handleRequest()
#12 /home/nfspl/Desktop/developer/backup/20-02-2025/backup_lampp_htdoc/htdocs/mfiCRM/public/index.php(79): CodeIgniter\CodeIgniter->run()
#13 /home/nfspl/Desktop/developer/backup/20-02-2025/backup_lampp_htdoc/htdocs/mfiCRM/system/Commands/Server/rewrite.php(47): require_once('...')
#14 {main}

Next CodeIgniter\Database\Exceptions\DatabaseException: Connection refused in /home/nfspl/Desktop/developer/backup/20-02-2025/backup_lampp_htdoc/htdocs/mfiCRM/system/Database/MySQLi/Connection.php:229
Stack trace:
#0 /home/nfspl/Desktop/developer/backup/20-02-2025/backup_lampp_htdoc/htdocs/mfiCRM/system/Database/BaseConnection.php(392): CodeIgniter\Database\MySQLi\Connection->connect()
#1 /home/nfspl/Desktop/developer/backup/20-02-2025/backup_lampp_htdoc/htdocs/mfiCRM/system/Database/BaseConnection.php(575): CodeIgniter\Database\BaseConnection->initialize()
#2 /home/nfspl/Desktop/developer/backup/20-02-2025/backup_lampp_htdoc/htdocs/mfiCRM/system/Database/BaseBuilder.php(1613): CodeIgniter\Database\BaseConnection->query()
#3 /home/nfspl/Desktop/developer/backup/20-02-2025/backup_lampp_htdoc/htdocs/mfiCRM/system/Validation/StrictRules/Rules.php(167): CodeIgniter\Database\BaseBuilder->get()
#4 /home/nfspl/Desktop/developer/backup/20-02-2025/backup_lampp_htdoc/htdocs/mfiCRM/system/Validation/Validation.php(328): CodeIgniter\Validation\StrictRules\Rules->is_not_unique()
#5 /home/nfspl/Desktop/developer/backup/20-02-2025/backup_lampp_htdoc/htdocs/mfiCRM/system/Validation/Validation.php(200): CodeIgniter\Validation\Validation->processRules()
#6 /home/nfspl/Desktop/developer/backup/20-02-2025/backup_lampp_htdoc/htdocs/mfiCRM/system/Controller.php(152): CodeIgniter\Validation\Validation->run()
#7 /home/nfspl/Desktop/developer/backup/20-02-2025/backup_lampp_htdoc/htdocs/mfiCRM/app/Controllers/Auth.php(80): CodeIgniter\Controller->validate()
#8 /home/nfspl/Desktop/developer/backup/20-02-2025/backup_lampp_htdoc/htdocs/mfiCRM/system/CodeIgniter.php(941): App\Controllers\Auth->login_validation()
#9 /home/nfspl/Desktop/developer/backup/20-02-2025/backup_lampp_htdoc/htdocs/mfiCRM/system/CodeIgniter.php(502): CodeIgniter\CodeIgniter->runController()
#10 /home/nfspl/Desktop/developer/backup/20-02-2025/backup_lampp_htdoc/htdocs/mfiCRM/system/CodeIgniter.php(361): CodeIgniter\CodeIgniter->handleRequest()
#11 /home/nfspl/Desktop/developer/backup/20-02-2025/backup_lampp_htdoc/htdocs/mfiCRM/public/index.php(79): CodeIgniter\CodeIgniter->run()
#12 /home/nfspl/Desktop/developer/backup/20-02-2025/backup_lampp_htdoc/htdocs/mfiCRM/system/Commands/Server/rewrite.php(47): require_once('...')
#13 {main}
CRITICAL - 2025-02-21 10:42:23 --> CodeIgniter\Database\Exceptions\DatabaseException: Unable to connect to the database.
Main connection [MySQLi]: Connection refused
in SYSTEMPATH/Database/BaseConnection.php on line 428.
 1 SYSTEMPATH/Database/BaseConnection.php(575): CodeIgniter\Database\BaseConnection->initialize()
 2 SYSTEMPATH/Database/BaseBuilder.php(1613): CodeIgniter\Database\BaseConnection->query()
 3 SYSTEMPATH/Validation/StrictRules/Rules.php(167): CodeIgniter\Database\BaseBuilder->get()
 4 SYSTEMPATH/Validation/Validation.php(328): CodeIgniter\Validation\StrictRules\Rules->is_not_unique()
 5 SYSTEMPATH/Validation/Validation.php(200): CodeIgniter\Validation\Validation->processRules()
 6 SYSTEMPATH/Controller.php(152): CodeIgniter\Validation\Validation->run()
 7 APPPATH/Controllers/Auth.php(80): CodeIgniter\Controller->validate()
 8 SYSTEMPATH/CodeIgniter.php(941): App\Controllers\Auth->login_validation()
 9 SYSTEMPATH/CodeIgniter.php(502): CodeIgniter\CodeIgniter->runController()
10 SYSTEMPATH/CodeIgniter.php(361): CodeIgniter\CodeIgniter->handleRequest()
11 FCPATH/index.php(79): CodeIgniter\CodeIgniter->run()
12 SYSTEMPATH/Commands/Server/rewrite.php(47): require_once('/home/nfspl/Desktop/developer/backup/20-02-2025/backup_lampp_htdoc/htdocs/mfiCRM/public/index.php')
INFO - 2025-02-21 10:52:57 --> Session: Class initialized using 'CodeIgniter\Session\Handlers\FileHandler' driver.
