CRITICAL - 2024-02-05 12:14:34 --> ErrorException: Undefined variable $ex_uniqID
in APPPATH/Views/api/api_service.php on line 55.
 1 APPPATH/Views/api/api_service.php(55): CodeIgniter\Debug\Exceptions->errorHandler()
 2 SYSTEMPATH/View/View.php(228): include('/home/u652040979/domains/truetechnologies.in/public_html/taxConsultant/app/Views/api/api_service.php')
 3 SYSTEMPATH/View/View.php(231): CodeIgniter\View\View->CodeIgniter\View\{closure}()
 4 SYSTEMPATH/Common.php(1178): CodeIgniter\View\View->render()
 5 APPPATH/Controllers/Home.php(64): view()
 6 SYSTEMPATH/CodeIgniter.php(941): App\Controllers\Home->api_v1_service()
 7 SYSTEMPATH/CodeIgniter.php(502): CodeIgniter\CodeIgniter->runController()
 8 SYSTEMPATH/CodeIgniter.php(361): CodeIgniter\CodeIgniter->handleRequest()
 9 FCPATH/index.php(79): CodeIgniter\CodeIgniter->run()
CRITICAL - 2024-02-05 12:18:09 --> ErrorException: Undefined variable $ex_uniqID
in APPPATH/Views/api/api_service.php on line 55.
 1 APPPATH/Views/api/api_service.php(55): CodeIgniter\Debug\Exceptions->errorHandler()
 2 SYSTEMPATH/View/View.php(228): include('/home/u652040979/domains/truetechnologies.in/public_html/taxConsultant/app/Views/api/api_service.php')
 3 SYSTEMPATH/View/View.php(231): CodeIgniter\View\View->CodeIgniter\View\{closure}()
 4 SYSTEMPATH/Common.php(1178): CodeIgniter\View\View->render()
 5 APPPATH/Controllers/Home.php(64): view()
 6 SYSTEMPATH/CodeIgniter.php(941): App\Controllers\Home->api_v1_service()
 7 SYSTEMPATH/CodeIgniter.php(502): CodeIgniter\CodeIgniter->runController()
 8 SYSTEMPATH/CodeIgniter.php(361): CodeIgniter\CodeIgniter->handleRequest()
 9 FCPATH/index.php(79): CodeIgniter\CodeIgniter->run()
CRITICAL - 2024-02-05 12:20:59 --> ErrorException: Undefined variable $ex_uniqID
in APPPATH/Views/api/api_service.php on line 55.
 1 APPPATH/Views/api/api_service.php(55): CodeIgniter\Debug\Exceptions->errorHandler()
 2 SYSTEMPATH/View/View.php(228): include('/home/u652040979/domains/truetechnologies.in/public_html/taxConsultant/app/Views/api/api_service.php')
 3 SYSTEMPATH/View/View.php(231): CodeIgniter\View\View->CodeIgniter\View\{closure}()
 4 SYSTEMPATH/Common.php(1178): CodeIgniter\View\View->render()
 5 APPPATH/Controllers/Home.php(64): view()
 6 SYSTEMPATH/CodeIgniter.php(941): App\Controllers\Home->api_v1_service()
 7 SYSTEMPATH/CodeIgniter.php(502): CodeIgniter\CodeIgniter->runController()
 8 SYSTEMPATH/CodeIgniter.php(361): CodeIgniter\CodeIgniter->handleRequest()
 9 FCPATH/index.php(79): CodeIgniter\CodeIgniter->run()
CRITICAL - 2024-02-05 12:56:42 --> ErrorException: Attempt to read property "productID" on null
in APPPATH/Views/api/api_service_gst.php on line 27.
 1 APPPATH/Views/api/api_service_gst.php(27): CodeIgniter\Debug\Exceptions->errorHandler()
 2 SYSTEMPATH/View/View.php(228): include('/home/u652040979/domains/truetechnologies.in/public_html/taxConsultant/app/Views/api/api_service_gst.php')
 3 SYSTEMPATH/View/View.php(231): CodeIgniter\View\View->CodeIgniter\View\{closure}()
 4 SYSTEMPATH/Common.php(1178): CodeIgniter\View\View->render()
 5 APPPATH/Controllers/Home.php(68): view()
 6 SYSTEMPATH/CodeIgniter.php(941): App\Controllers\Home->api_v1_service_gst()
 7 SYSTEMPATH/CodeIgniter.php(502): CodeIgniter\CodeIgniter->runController()
 8 SYSTEMPATH/CodeIgniter.php(361): CodeIgniter\CodeIgniter->handleRequest()
 9 FCPATH/index.php(79): CodeIgniter\CodeIgniter->run()
CRITICAL - 2024-02-05 12:57:25 --> ErrorException: Undefined property: stdClass::$downloadURLP1
in APPPATH/Views/api/api_service_gst.php on line 30.
 1 APPPATH/Views/api/api_service_gst.php(30): CodeIgniter\Debug\Exceptions->errorHandler()
 2 SYSTEMPATH/View/View.php(228): include('/home/u652040979/domains/truetechnologies.in/public_html/taxConsultant/app/Views/api/api_service_gst.php')
 3 SYSTEMPATH/View/View.php(231): CodeIgniter\View\View->CodeIgniter\View\{closure}()
 4 SYSTEMPATH/Common.php(1178): CodeIgniter\View\View->render()
 5 APPPATH/Controllers/Home.php(68): view()
 6 SYSTEMPATH/CodeIgniter.php(941): App\Controllers\Home->api_v1_service_gst()
 7 SYSTEMPATH/CodeIgniter.php(502): CodeIgniter\CodeIgniter->runController()
 8 SYSTEMPATH/CodeIgniter.php(361): CodeIgniter\CodeIgniter->handleRequest()
 9 FCPATH/index.php(79): CodeIgniter\CodeIgniter->run()
CRITICAL - 2024-02-05 12:58:02 --> ErrorException: Undefined property: stdClass::$downloadURLP1
in APPPATH/Views/api/api_service_gst.php on line 30.
 1 APPPATH/Views/api/api_service_gst.php(30): CodeIgniter\Debug\Exceptions->errorHandler()
 2 SYSTEMPATH/View/View.php(228): include('/home/u652040979/domains/truetechnologies.in/public_html/taxConsultant/app/Views/api/api_service_gst.php')
 3 SYSTEMPATH/View/View.php(231): CodeIgniter\View\View->CodeIgniter\View\{closure}()
 4 SYSTEMPATH/Common.php(1178): CodeIgniter\View\View->render()
 5 APPPATH/Controllers/Home.php(68): view()
 6 SYSTEMPATH/CodeIgniter.php(941): App\Controllers\Home->api_v1_service_gst()
 7 SYSTEMPATH/CodeIgniter.php(502): CodeIgniter\CodeIgniter->runController()
 8 SYSTEMPATH/CodeIgniter.php(361): CodeIgniter\CodeIgniter->handleRequest()
 9 FCPATH/index.php(79): CodeIgniter\CodeIgniter->run()
CRITICAL - 2024-02-05 12:58:59 --> ErrorException: Undefined property: stdClass::$downloadURLP1
in APPPATH/Views/api/api_service_gst.php on line 30.
 1 APPPATH/Views/api/api_service_gst.php(30): CodeIgniter\Debug\Exceptions->errorHandler()
 2 SYSTEMPATH/View/View.php(228): include('/home/u652040979/domains/truetechnologies.in/public_html/taxConsultant/app/Views/api/api_service_gst.php')
 3 SYSTEMPATH/View/View.php(231): CodeIgniter\View\View->CodeIgniter\View\{closure}()
 4 SYSTEMPATH/Common.php(1178): CodeIgniter\View\View->render()
 5 APPPATH/Controllers/Home.php(68): view()
 6 SYSTEMPATH/CodeIgniter.php(941): App\Controllers\Home->api_v1_service_gst()
 7 SYSTEMPATH/CodeIgniter.php(502): CodeIgniter\CodeIgniter->runController()
 8 SYSTEMPATH/CodeIgniter.php(361): CodeIgniter\CodeIgniter->handleRequest()
 9 FCPATH/index.php(79): CodeIgniter\CodeIgniter->run()
CRITICAL - 2024-02-05 13:02:03 --> ErrorException: Undefined variable $ex_uniqID
in APPPATH/Views/api/api_service_gst.php on line 52.
 1 APPPATH/Views/api/api_service_gst.php(52): CodeIgniter\Debug\Exceptions->errorHandler()
 2 SYSTEMPATH/View/View.php(228): include('/home/u652040979/domains/truetechnologies.in/public_html/taxConsultant/app/Views/api/api_service_gst.php')
 3 SYSTEMPATH/View/View.php(231): CodeIgniter\View\View->CodeIgniter\View\{closure}()
 4 SYSTEMPATH/Common.php(1178): CodeIgniter\View\View->render()
 5 APPPATH/Controllers/Home.php(68): view()
 6 SYSTEMPATH/CodeIgniter.php(941): App\Controllers\Home->api_v1_service_gst()
 7 SYSTEMPATH/CodeIgniter.php(502): CodeIgniter\CodeIgniter->runController()
 8 SYSTEMPATH/CodeIgniter.php(361): CodeIgniter\CodeIgniter->handleRequest()
 9 FCPATH/index.php(79): CodeIgniter\CodeIgniter->run()
CRITICAL - 2024-02-05 13:02:49 --> ErrorException: Undefined variable $ex_uniqID
in APPPATH/Views/api/api_service_gst.php on line 52.
 1 APPPATH/Views/api/api_service_gst.php(52): CodeIgniter\Debug\Exceptions->errorHandler()
 2 SYSTEMPATH/View/View.php(228): include('/home/u652040979/domains/truetechnologies.in/public_html/taxConsultant/app/Views/api/api_service_gst.php')
 3 SYSTEMPATH/View/View.php(231): CodeIgniter\View\View->CodeIgniter\View\{closure}()
 4 SYSTEMPATH/Common.php(1178): CodeIgniter\View\View->render()
 5 APPPATH/Controllers/Home.php(68): view()
 6 SYSTEMPATH/CodeIgniter.php(941): App\Controllers\Home->api_v1_service_gst()
 7 SYSTEMPATH/CodeIgniter.php(502): CodeIgniter\CodeIgniter->runController()
 8 SYSTEMPATH/CodeIgniter.php(361): CodeIgniter\CodeIgniter->handleRequest()
 9 FCPATH/index.php(79): CodeIgniter\CodeIgniter->run()
CRITICAL - 2024-02-05 13:07:00 --> ErrorException: Attempt to read property "productID" on null
in APPPATH/Views/api/api_service_gst.php on line 27.
 1 APPPATH/Views/api/api_service_gst.php(27): CodeIgniter\Debug\Exceptions->errorHandler()
 2 SYSTEMPATH/View/View.php(228): include('/home/u652040979/domains/truetechnologies.in/public_html/taxConsultant/app/Views/api/api_service_gst.php')
 3 SYSTEMPATH/View/View.php(231): CodeIgniter\View\View->CodeIgniter\View\{closure}()
 4 SYSTEMPATH/Common.php(1178): CodeIgniter\View\View->render()
 5 APPPATH/Controllers/Home.php(68): view()
 6 SYSTEMPATH/CodeIgniter.php(941): App\Controllers\Home->api_v1_service_gst()
 7 SYSTEMPATH/CodeIgniter.php(502): CodeIgniter\CodeIgniter->runController()
 8 SYSTEMPATH/CodeIgniter.php(361): CodeIgniter\CodeIgniter->handleRequest()
 9 FCPATH/index.php(79): CodeIgniter\CodeIgniter->run()
CRITICAL - 2024-02-05 13:07:20 --> ErrorException: Attempt to read property "productID" on null
in APPPATH/Views/api/api_service_gst.php on line 27.
 1 APPPATH/Views/api/api_service_gst.php(27): CodeIgniter\Debug\Exceptions->errorHandler()
 2 SYSTEMPATH/View/View.php(228): include('/home/u652040979/domains/truetechnologies.in/public_html/taxConsultant/app/Views/api/api_service_gst.php')
 3 SYSTEMPATH/View/View.php(231): CodeIgniter\View\View->CodeIgniter\View\{closure}()
 4 SYSTEMPATH/Common.php(1178): CodeIgniter\View\View->render()
 5 APPPATH/Controllers/Home.php(68): view()
 6 SYSTEMPATH/CodeIgniter.php(941): App\Controllers\Home->api_v1_service_gst()
 7 SYSTEMPATH/CodeIgniter.php(502): CodeIgniter\CodeIgniter->runController()
 8 SYSTEMPATH/CodeIgniter.php(361): CodeIgniter\CodeIgniter->handleRequest()
 9 FCPATH/index.php(79): CodeIgniter\CodeIgniter->run()
CRITICAL - 2024-02-05 13:07:38 --> ErrorException: Attempt to read property "productID" on null
in APPPATH/Views/api/api_service_gst.php on line 27.
 1 APPPATH/Views/api/api_service_gst.php(27): CodeIgniter\Debug\Exceptions->errorHandler()
 2 SYSTEMPATH/View/View.php(228): include('/home/u652040979/domains/truetechnologies.in/public_html/taxConsultant/app/Views/api/api_service_gst.php')
 3 SYSTEMPATH/View/View.php(231): CodeIgniter\View\View->CodeIgniter\View\{closure}()
 4 SYSTEMPATH/Common.php(1178): CodeIgniter\View\View->render()
 5 APPPATH/Controllers/Home.php(68): view()
 6 SYSTEMPATH/CodeIgniter.php(941): App\Controllers\Home->api_v1_service_gst()
 7 SYSTEMPATH/CodeIgniter.php(502): CodeIgniter\CodeIgniter->runController()
 8 SYSTEMPATH/CodeIgniter.php(361): CodeIgniter\CodeIgniter->handleRequest()
 9 FCPATH/index.php(79): CodeIgniter\CodeIgniter->run()
CRITICAL - 2024-02-05 13:10:34 --> ErrorException: Undefined variable $ex_uniqID
in APPPATH/Views/api/api_service_gst.php on line 52.
 1 APPPATH/Views/api/api_service_gst.php(52): CodeIgniter\Debug\Exceptions->errorHandler()
 2 SYSTEMPATH/View/View.php(228): include('/home/u652040979/domains/truetechnologies.in/public_html/taxConsultant/app/Views/api/api_service_gst.php')
 3 SYSTEMPATH/View/View.php(231): CodeIgniter\View\View->CodeIgniter\View\{closure}()
 4 SYSTEMPATH/Common.php(1178): CodeIgniter\View\View->render()
 5 APPPATH/Controllers/Home.php(68): view()
 6 SYSTEMPATH/CodeIgniter.php(941): App\Controllers\Home->api_v1_service_gst()
 7 SYSTEMPATH/CodeIgniter.php(502): CodeIgniter\CodeIgniter->runController()
 8 SYSTEMPATH/CodeIgniter.php(361): CodeIgniter\CodeIgniter->handleRequest()
 9 FCPATH/index.php(79): CodeIgniter\CodeIgniter->run()
