INFO - 2025-05-02 05:23:14 --> Session: Class initialized using 'CodeIgniter\Session\Handlers\FileHandler' driver.
INFO - 2025-05-02 05:23:18 --> Session: Class initialized using 'CodeIgniter\Session\Handlers\FileHandler' driver.
INFO - 2025-05-02 05:23:18 --> Session: Class initialized using 'CodeIgniter\Session\Handlers\FileHandler' driver.
INFO - 2025-05-02 05:28:25 --> Session: Class initialized using 'CodeIgniter\Session\Handlers\FileHandler' driver.
INFO - 2025-05-02 05:28:27 --> Session: Class initialized using 'CodeIgniter\Session\Handlers\FileHandler' driver.
INFO - 2025-05-02 05:28:28 --> Session: Class initialized using 'CodeIgniter\Session\Handlers\FileHandler' driver.
INFO - 2025-05-02 06:11:15 --> Session: Class initialized using 'CodeIgniter\Session\Handlers\FileHandler' driver.
INFO - 2025-05-02 06:11:45 --> Session: Class initialized using 'CodeIgniter\Session\Handlers\FileHandler' driver.
INFO - 2025-05-02 06:11:47 --> Session: Class initialized using 'CodeIgniter\Session\Handlers\FileHandler' driver.
INFO - 2025-05-02 06:11:50 --> Session: Class initialized using 'CodeIgniter\Session\Handlers\FileHandler' driver.
INFO - 2025-05-02 06:11:51 --> Session: Class initialized using 'CodeIgniter\Session\Handlers\FileHandler' driver.
INFO - 2025-05-02 06:17:34 --> Session: Class initialized using 'CodeIgniter\Session\Handlers\FileHandler' driver.
INFO - 2025-05-02 06:17:38 --> Session: Class initialized using 'CodeIgniter\Session\Handlers\FileHandler' driver.
INFO - 2025-05-02 06:17:39 --> Session: Class initialized using 'CodeIgniter\Session\Handlers\FileHandler' driver.
INFO - 2025-05-02 06:17:43 --> Session: Class initialized using 'CodeIgniter\Session\Handlers\FileHandler' driver.
INFO - 2025-05-02 06:40:33 --> Session: Class initialized using 'CodeIgniter\Session\Handlers\FileHandler' driver.
INFO - 2025-05-02 06:40:35 --> Session: Class initialized using 'CodeIgniter\Session\Handlers\FileHandler' driver.
CRITICAL - 2025-05-02 06:40:36 --> ErrorException: Undefined property: CodeIgniter\View\View::$request
in APPPATH\Views\payment_details.php on line 87.
 1 APPPATH\Views\payment_details.php(87): CodeIgniter\Debug\Exceptions->errorHandler(2, 'Undefined property: CodeIgniter\\View\\View::$request', 'C:\\xampp\\htdocs\\www\\mfiCRM\\app\\Views\\payment_details.php', 87)
 2 SYSTEMPATH\View\View.php(228): include('C:\\xampp\\htdocs\\www\\mfiCRM\\app\\Views\\payment_details.php')
 3 SYSTEMPATH\View\View.php(231): CodeIgniter\View\View->CodeIgniter\View\{closure}()
 4 SYSTEMPATH\Common.php(1178): CodeIgniter\View\View->render('payment_details', [], true)
 5 APPPATH\Controllers\PaymentController.php(91): view('payment_details', [...])
 6 SYSTEMPATH\CodeIgniter.php(941): App\Controllers\PaymentController->details()
 7 SYSTEMPATH\CodeIgniter.php(502): CodeIgniter\CodeIgniter->runController(Object(App\Controllers\PaymentController))
 8 SYSTEMPATH\CodeIgniter.php(361): CodeIgniter\CodeIgniter->handleRequest(null, Object(Config\Cache), false)
 9 FCPATH\index.php(79): CodeIgniter\CodeIgniter->run()
10 SYSTEMPATH\Commands\Server\rewrite.php(47): require_once('C:\\xampp\\htdocs\\www\\mfiCRM\\public\\index.php')
INFO - 2025-05-02 06:40:53 --> Session: Class initialized using 'CodeIgniter\Session\Handlers\FileHandler' driver.
INFO - 2025-05-02 06:41:47 --> Session: Class initialized using 'CodeIgniter\Session\Handlers\FileHandler' driver.
INFO - 2025-05-02 06:44:44 --> Session: Class initialized using 'CodeIgniter\Session\Handlers\FileHandler' driver.
INFO - 2025-05-02 06:45:39 --> Session: Class initialized using 'CodeIgniter\Session\Handlers\FileHandler' driver.
INFO - 2025-05-02 07:51:35 --> Session: Class initialized using 'CodeIgniter\Session\Handlers\FileHandler' driver.
CRITICAL - 2025-05-02 07:51:35 --> ErrorException: Undefined variable $loanID
in APPPATH\Views\payment_conf.php on line 15.
 1 APPPATH\Views\payment_conf.php(15): CodeIgniter\Debug\Exceptions->errorHandler(2, 'Undefined variable $loanID', 'C:\\xampp\\htdocs\\www\\mfiCRM\\app\\Views\\payment_conf.php', 15)
 2 SYSTEMPATH\View\View.php(228): include('C:\\xampp\\htdocs\\www\\mfiCRM\\app\\Views\\payment_conf.php')
 3 SYSTEMPATH\View\View.php(231): CodeIgniter\View\View->CodeIgniter\View\{closure}()
 4 SYSTEMPATH\Common.php(1178): CodeIgniter\View\View->render('payment_conf', [], true)
 5 APPPATH\Controllers\PaymentController.php(95): view('payment_conf')
 6 SYSTEMPATH\CodeIgniter.php(941): App\Controllers\PaymentController->pay_conf()
 7 SYSTEMPATH\CodeIgniter.php(502): CodeIgniter\CodeIgniter->runController(Object(App\Controllers\PaymentController))
 8 SYSTEMPATH\CodeIgniter.php(361): CodeIgniter\CodeIgniter->handleRequest(null, Object(Config\Cache), false)
 9 FCPATH\index.php(79): CodeIgniter\CodeIgniter->run()
10 SYSTEMPATH\Commands\Server\rewrite.php(47): require_once('C:\\xampp\\htdocs\\www\\mfiCRM\\public\\index.php')
INFO - 2025-05-02 08:04:51 --> Session: Class initialized using 'CodeIgniter\Session\Handlers\FileHandler' driver.
CRITICAL - 2025-05-02 08:04:51 --> ErrorException: Undefined variable $data_json
in APPPATH\Views\payment_conf.php on line 27.
 1 APPPATH\Views\payment_conf.php(27): CodeIgniter\Debug\Exceptions->errorHandler(2, 'Undefined variable $data_json', 'C:\\xampp\\htdocs\\www\\mfiCRM\\app\\Views\\payment_conf.php', 27)
 2 SYSTEMPATH\View\View.php(228): include('C:\\xampp\\htdocs\\www\\mfiCRM\\app\\Views\\payment_conf.php')
 3 SYSTEMPATH\View\View.php(231): CodeIgniter\View\View->CodeIgniter\View\{closure}()
 4 SYSTEMPATH\Common.php(1178): CodeIgniter\View\View->render('payment_conf', [], true)
 5 APPPATH\Controllers\PaymentController.php(95): view('payment_conf')
 6 SYSTEMPATH\CodeIgniter.php(941): App\Controllers\PaymentController->pay_conf()
 7 SYSTEMPATH\CodeIgniter.php(502): CodeIgniter\CodeIgniter->runController(Object(App\Controllers\PaymentController))
 8 SYSTEMPATH\CodeIgniter.php(361): CodeIgniter\CodeIgniter->handleRequest(null, Object(Config\Cache), false)
 9 FCPATH\index.php(79): CodeIgniter\CodeIgniter->run()
10 SYSTEMPATH\Commands\Server\rewrite.php(47): require_once('C:\\xampp\\htdocs\\www\\mfiCRM\\public\\index.php')
INFO - 2025-05-02 08:06:28 --> Session: Class initialized using 'CodeIgniter\Session\Handlers\FileHandler' driver.
CRITICAL - 2025-05-02 08:06:30 --> ErrorException: Undefined variable $db
in APPPATH\Views\payment_conf.php on line 45.
 1 APPPATH\Views\payment_conf.php(45): CodeIgniter\Debug\Exceptions->errorHandler(2, 'Undefined variable $db', 'C:\\xampp\\htdocs\\www\\mfiCRM\\app\\Views\\payment_conf.php', 45)
 2 SYSTEMPATH\View\View.php(228): include('C:\\xampp\\htdocs\\www\\mfiCRM\\app\\Views\\payment_conf.php')
 3 SYSTEMPATH\View\View.php(231): CodeIgniter\View\View->CodeIgniter\View\{closure}()
 4 SYSTEMPATH\Common.php(1178): CodeIgniter\View\View->render('payment_conf', [], true)
 5 APPPATH\Controllers\PaymentController.php(95): view('payment_conf')
 6 SYSTEMPATH\CodeIgniter.php(941): App\Controllers\PaymentController->pay_conf()
 7 SYSTEMPATH\CodeIgniter.php(502): CodeIgniter\CodeIgniter->runController(Object(App\Controllers\PaymentController))
 8 SYSTEMPATH\CodeIgniter.php(361): CodeIgniter\CodeIgniter->handleRequest(null, Object(Config\Cache), false)
 9 FCPATH\index.php(79): CodeIgniter\CodeIgniter->run()
10 SYSTEMPATH\Commands\Server\rewrite.php(47): require_once('C:\\xampp\\htdocs\\www\\mfiCRM\\public\\index.php')
INFO - 2025-05-02 08:12:27 --> Session: Class initialized using 'CodeIgniter\Session\Handlers\FileHandler' driver.
CRITICAL - 2025-05-02 08:12:27 --> ErrorException: Undefined variable $loanID
in APPPATH\Views\payment_conf.php on line 66.
 1 APPPATH\Views\payment_conf.php(66): CodeIgniter\Debug\Exceptions->errorHandler(2, 'Undefined variable $loanID', 'C:\\xampp\\htdocs\\www\\mfiCRM\\app\\Views\\payment_conf.php', 66)
 2 SYSTEMPATH\View\View.php(228): include('C:\\xampp\\htdocs\\www\\mfiCRM\\app\\Views\\payment_conf.php')
 3 SYSTEMPATH\View\View.php(231): CodeIgniter\View\View->CodeIgniter\View\{closure}()
 4 SYSTEMPATH\Common.php(1178): CodeIgniter\View\View->render('payment_conf', [], true)
 5 APPPATH\Controllers\PaymentController.php(95): view('payment_conf')
 6 SYSTEMPATH\CodeIgniter.php(941): App\Controllers\PaymentController->pay_conf()
 7 SYSTEMPATH\CodeIgniter.php(502): CodeIgniter\CodeIgniter->runController(Object(App\Controllers\PaymentController))
 8 SYSTEMPATH\CodeIgniter.php(361): CodeIgniter\CodeIgniter->handleRequest(null, Object(Config\Cache), false)
 9 FCPATH\index.php(79): CodeIgniter\CodeIgniter->run()
10 SYSTEMPATH\Commands\Server\rewrite.php(47): require_once('C:\\xampp\\htdocs\\www\\mfiCRM\\public\\index.php')
INFO - 2025-05-02 08:12:41 --> Session: Class initialized using 'CodeIgniter\Session\Handlers\FileHandler' driver.
INFO - 2025-05-02 08:24:45 --> Session: Class initialized using 'CodeIgniter\Session\Handlers\FileHandler' driver.
INFO - 2025-05-02 08:24:48 --> Session: Class initialized using 'CodeIgniter\Session\Handlers\FileHandler' driver.
INFO - 2025-05-02 08:24:52 --> Session: Class initialized using 'CodeIgniter\Session\Handlers\FileHandler' driver.
INFO - 2025-05-02 08:27:43 --> Session: Class initialized using 'CodeIgniter\Session\Handlers\FileHandler' driver.
INFO - 2025-05-02 08:27:46 --> Session: Class initialized using 'CodeIgniter\Session\Handlers\FileHandler' driver.
INFO - 2025-05-02 08:44:52 --> Session: Class initialized using 'CodeIgniter\Session\Handlers\FileHandler' driver.
INFO - 2025-05-02 08:48:48 --> Session: Class initialized using 'CodeIgniter\Session\Handlers\FileHandler' driver.
INFO - 2025-05-02 08:49:11 --> Session: Class initialized using 'CodeIgniter\Session\Handlers\FileHandler' driver.
CRITICAL - 2025-05-02 08:49:11 --> ErrorException: Undefined variable $data_json
in APPPATH\Views\payment_conf.php on line 16.
 1 APPPATH\Views\payment_conf.php(16): CodeIgniter\Debug\Exceptions->errorHandler(2, 'Undefined variable $data_json', 'C:\\xampp\\htdocs\\www\\mfiCRM\\app\\Views\\payment_conf.php', 16)
 2 SYSTEMPATH\View\View.php(228): include('C:\\xampp\\htdocs\\www\\mfiCRM\\app\\Views\\payment_conf.php')
 3 SYSTEMPATH\View\View.php(231): CodeIgniter\View\View->CodeIgniter\View\{closure}()
 4 SYSTEMPATH\Common.php(1178): CodeIgniter\View\View->render('payment_conf', [], true)
 5 APPPATH\Controllers\PaymentController.php(95): view('payment_conf')
 6 SYSTEMPATH\CodeIgniter.php(941): App\Controllers\PaymentController->pay_conf()
 7 SYSTEMPATH\CodeIgniter.php(502): CodeIgniter\CodeIgniter->runController(Object(App\Controllers\PaymentController))
 8 SYSTEMPATH\CodeIgniter.php(361): CodeIgniter\CodeIgniter->handleRequest(null, Object(Config\Cache), false)
 9 FCPATH\index.php(79): CodeIgniter\CodeIgniter->run()
10 SYSTEMPATH\Commands\Server\rewrite.php(47): require_once('C:\\xampp\\htdocs\\www\\mfiCRM\\public\\index.php')
INFO - 2025-05-02 08:49:25 --> Session: Class initialized using 'CodeIgniter\Session\Handlers\FileHandler' driver.
INFO - 2025-05-02 10:01:29 --> Session: Class initialized using 'CodeIgniter\Session\Handlers\FileHandler' driver.
INFO - 2025-05-02 10:05:34 --> Session: Class initialized using 'CodeIgniter\Session\Handlers\FileHandler' driver.
INFO - 2025-05-02 10:05:40 --> Session: Class initialized using 'CodeIgniter\Session\Handlers\FileHandler' driver.
INFO - 2025-05-02 10:06:34 --> Session: Class initialized using 'CodeIgniter\Session\Handlers\FileHandler' driver.
INFO - 2025-05-02 10:07:56 --> Session: Class initialized using 'CodeIgniter\Session\Handlers\FileHandler' driver.
INFO - 2025-05-02 10:08:18 --> Session: Class initialized using 'CodeIgniter\Session\Handlers\FileHandler' driver.
INFO - 2025-05-02 10:08:30 --> Session: Class initialized using 'CodeIgniter\Session\Handlers\FileHandler' driver.
INFO - 2025-05-02 10:08:43 --> Session: Class initialized using 'CodeIgniter\Session\Handlers\FileHandler' driver.
INFO - 2025-05-02 10:09:24 --> Session: Class initialized using 'CodeIgniter\Session\Handlers\FileHandler' driver.
INFO - 2025-05-02 10:09:25 --> Session: Class initialized using 'CodeIgniter\Session\Handlers\FileHandler' driver.
INFO - 2025-05-02 10:09:25 --> Session: Class initialized using 'CodeIgniter\Session\Handlers\FileHandler' driver.
INFO - 2025-05-02 10:22:14 --> Session: Class initialized using 'CodeIgniter\Session\Handlers\FileHandler' driver.
INFO - 2025-05-02 10:23:07 --> Session: Class initialized using 'CodeIgniter\Session\Handlers\FileHandler' driver.
INFO - 2025-05-02 10:24:31 --> Session: Class initialized using 'CodeIgniter\Session\Handlers\FileHandler' driver.
INFO - 2025-05-02 10:24:42 --> Session: Class initialized using 'CodeIgniter\Session\Handlers\FileHandler' driver.
INFO - 2025-05-02 10:58:59 --> Session: Class initialized using 'CodeIgniter\Session\Handlers\FileHandler' driver.
INFO - 2025-05-02 10:59:05 --> Session: Class initialized using 'CodeIgniter\Session\Handlers\FileHandler' driver.
INFO - 2025-05-02 10:59:33 --> Session: Class initialized using 'CodeIgniter\Session\Handlers\FileHandler' driver.
CRITICAL - 2025-05-02 10:59:33 --> ErrorException: Undefined variable $builder
in APPPATH\Views\payment_conf.php on line 58.
 1 APPPATH\Views\payment_conf.php(58): CodeIgniter\Debug\Exceptions->errorHandler(2, 'Undefined variable $builder', 'C:\\xampp\\htdocs\\www\\mfiCRM\\app\\Views\\payment_conf.php', 58)
 2 SYSTEMPATH\View\View.php(228): include('C:\\xampp\\htdocs\\www\\mfiCRM\\app\\Views\\payment_conf.php')
 3 SYSTEMPATH\View\View.php(231): CodeIgniter\View\View->CodeIgniter\View\{closure}()
 4 SYSTEMPATH\Common.php(1178): CodeIgniter\View\View->render('payment_conf', [], true)
 5 APPPATH\Controllers\PaymentController.php(95): view('payment_conf')
 6 SYSTEMPATH\CodeIgniter.php(941): App\Controllers\PaymentController->pay_conf()
 7 SYSTEMPATH\CodeIgniter.php(502): CodeIgniter\CodeIgniter->runController(Object(App\Controllers\PaymentController))
 8 SYSTEMPATH\CodeIgniter.php(361): CodeIgniter\CodeIgniter->handleRequest(null, Object(Config\Cache), false)
 9 FCPATH\index.php(79): CodeIgniter\CodeIgniter->run()
10 SYSTEMPATH\Commands\Server\rewrite.php(47): require_once('C:\\xampp\\htdocs\\www\\mfiCRM\\public\\index.php')
INFO - 2025-05-02 11:02:17 --> Session: Class initialized using 'CodeIgniter\Session\Handlers\FileHandler' driver.
CRITICAL - 2025-05-02 11:02:17 --> ErrorException: Undefined variable $builderEmi
in APPPATH\Views\payment_conf.php on line 53.
 1 APPPATH\Views\payment_conf.php(53): CodeIgniter\Debug\Exceptions->errorHandler(2, 'Undefined variable $builderEmi', 'C:\\xampp\\htdocs\\www\\mfiCRM\\app\\Views\\payment_conf.php', 53)
 2 SYSTEMPATH\View\View.php(228): include('C:\\xampp\\htdocs\\www\\mfiCRM\\app\\Views\\payment_conf.php')
 3 SYSTEMPATH\View\View.php(231): CodeIgniter\View\View->CodeIgniter\View\{closure}()
 4 SYSTEMPATH\Common.php(1178): CodeIgniter\View\View->render('payment_conf', [], true)
 5 APPPATH\Controllers\PaymentController.php(95): view('payment_conf')
 6 SYSTEMPATH\CodeIgniter.php(941): App\Controllers\PaymentController->pay_conf()
 7 SYSTEMPATH\CodeIgniter.php(502): CodeIgniter\CodeIgniter->runController(Object(App\Controllers\PaymentController))
 8 SYSTEMPATH\CodeIgniter.php(361): CodeIgniter\CodeIgniter->handleRequest(null, Object(Config\Cache), false)
 9 FCPATH\index.php(79): CodeIgniter\CodeIgniter->run()
10 SYSTEMPATH\Commands\Server\rewrite.php(47): require_once('C:\\xampp\\htdocs\\www\\mfiCRM\\public\\index.php')
INFO - 2025-05-02 11:02:31 --> Session: Class initialized using 'CodeIgniter\Session\Handlers\FileHandler' driver.
CRITICAL - 2025-05-02 11:02:32 --> ErrorException: Undefined variable $emiPending
in APPPATH\Views\payment_conf.php on line 60.
 1 APPPATH\Views\payment_conf.php(60): CodeIgniter\Debug\Exceptions->errorHandler(2, 'Undefined variable $emiPending', 'C:\\xampp\\htdocs\\www\\mfiCRM\\app\\Views\\payment_conf.php', 60)
 2 SYSTEMPATH\View\View.php(228): include('C:\\xampp\\htdocs\\www\\mfiCRM\\app\\Views\\payment_conf.php')
 3 SYSTEMPATH\View\View.php(231): CodeIgniter\View\View->CodeIgniter\View\{closure}()
 4 SYSTEMPATH\Common.php(1178): CodeIgniter\View\View->render('payment_conf', [], true)
 5 APPPATH\Controllers\PaymentController.php(95): view('payment_conf')
 6 SYSTEMPATH\CodeIgniter.php(941): App\Controllers\PaymentController->pay_conf()
 7 SYSTEMPATH\CodeIgniter.php(502): CodeIgniter\CodeIgniter->runController(Object(App\Controllers\PaymentController))
 8 SYSTEMPATH\CodeIgniter.php(361): CodeIgniter\CodeIgniter->handleRequest(null, Object(Config\Cache), false)
 9 FCPATH\index.php(79): CodeIgniter\CodeIgniter->run()
10 SYSTEMPATH\Commands\Server\rewrite.php(47): require_once('C:\\xampp\\htdocs\\www\\mfiCRM\\public\\index.php')
INFO - 2025-05-02 11:33:59 --> Session: Class initialized using 'CodeIgniter\Session\Handlers\FileHandler' driver.
ERROR - 2025-05-02 11:33:59 --> mysqli_sql_exception: Table 'mfi.tab_65277test5860' doesn't exist in C:\xampp\htdocs\www\mfiCRM\system\Database\MySQLi\Connection.php:306
Stack trace:
#0 C:\xampp\htdocs\www\mfiCRM\system\Database\MySQLi\Connection.php(306): mysqli->query('SELECT *\nFROM `...', 0)
#1 C:\xampp\htdocs\www\mfiCRM\system\Database\BaseConnection.php(693): CodeIgniter\Database\MySQLi\Connection->execute('SELECT *\nFROM `...')
#2 C:\xampp\htdocs\www\mfiCRM\system\Database\BaseConnection.php(607): CodeIgniter\Database\BaseConnection->simpleQuery('SELECT *\nFROM `...')
#3 C:\xampp\htdocs\www\mfiCRM\system\Database\BaseBuilder.php(1613): CodeIgniter\Database\BaseConnection->query('SELECT *\nFROM `...', Array, false)
#4 C:\xampp\htdocs\www\mfiCRM\app\Views\payment_details.php(29): CodeIgniter\Database\BaseBuilder->get()
#5 C:\xampp\htdocs\www\mfiCRM\system\View\View.php(228): include('C:\\xampp\\htdocs...')
#6 C:\xampp\htdocs\www\mfiCRM\system\View\View.php(231): CodeIgniter\View\View->CodeIgniter\View\{closure}()
#7 C:\xampp\htdocs\www\mfiCRM\system\Common.php(1178): CodeIgniter\View\View->render('payment_details', Array, true)
#8 C:\xampp\htdocs\www\mfiCRM\app\Controllers\PaymentController.php(91): view('payment_details', Array)
#9 C:\xampp\htdocs\www\mfiCRM\system\CodeIgniter.php(941): App\Controllers\PaymentController->details()
#10 C:\xampp\htdocs\www\mfiCRM\system\CodeIgniter.php(502): CodeIgniter\CodeIgniter->runController(Object(App\Controllers\PaymentController))
#11 C:\xampp\htdocs\www\mfiCRM\system\CodeIgniter.php(361): CodeIgniter\CodeIgniter->handleRequest(NULL, Object(Config\Cache), false)
#12 C:\xampp\htdocs\www\mfiCRM\public\index.php(79): CodeIgniter\CodeIgniter->run()
#13 C:\xampp\htdocs\www\mfiCRM\system\Commands\Server\rewrite.php(47): require_once('C:\\xampp\\htdocs...')
#14 {main}
CRITICAL - 2025-05-02 11:33:59 --> CodeIgniter\Database\Exceptions\DatabaseException: Table 'mfi.tab_65277test5860' doesn't exist
in SYSTEMPATH\Database\BaseConnection.php on line 647.
 1 SYSTEMPATH\Database\BaseBuilder.php(1613): CodeIgniter\Database\BaseConnection->query('SELECT *
FROM `tab_65277TEST5860`
WHERE `reference` = :reference:
ORDER BY `Id` DESC', [...], false)
 2 APPPATH\Views\payment_details.php(29): CodeIgniter\Database\BaseBuilder->get()
 3 SYSTEMPATH\View\View.php(228): include('C:\\xampp\\htdocs\\www\\mfiCRM\\app\\Views\\payment_details.php')
 4 SYSTEMPATH\View\View.php(231): CodeIgniter\View\View->CodeIgniter\View\{closure}()
 5 SYSTEMPATH\Common.php(1178): CodeIgniter\View\View->render('payment_details', [], true)
 6 APPPATH\Controllers\PaymentController.php(91): view('payment_details', [...])
 7 SYSTEMPATH\CodeIgniter.php(941): App\Controllers\PaymentController->details()
 8 SYSTEMPATH\CodeIgniter.php(502): CodeIgniter\CodeIgniter->runController(Object(App\Controllers\PaymentController))
 9 SYSTEMPATH\CodeIgniter.php(361): CodeIgniter\CodeIgniter->handleRequest(null, Object(Config\Cache), false)
10 FCPATH\index.php(79): CodeIgniter\CodeIgniter->run()
11 SYSTEMPATH\Commands\Server\rewrite.php(47): require_once('C:\\xampp\\htdocs\\www\\mfiCRM\\public\\index.php')
CRITICAL - 2025-05-02 11:33:59 --> [Caused by] CodeIgniter\Database\Exceptions\DatabaseException: Table 'mfi.tab_65277test5860' doesn't exist
in SYSTEMPATH\Database\MySQLi\Connection.php on line 311.
 1 SYSTEMPATH\Database\BaseConnection.php(693): CodeIgniter\Database\MySQLi\Connection->execute('SELECT *
FROM `tab_65277TEST5860`
WHERE `reference` = \'Due\'
ORDER BY `Id` DESC')
 2 SYSTEMPATH\Database\BaseConnection.php(607): CodeIgniter\Database\BaseConnection->simpleQuery('SELECT *
FROM `tab_65277TEST5860`
WHERE `reference` = \'Due\'
ORDER BY `Id` DESC')
 3 SYSTEMPATH\Database\BaseBuilder.php(1613): CodeIgniter\Database\BaseConnection->query('SELECT *
FROM `tab_65277TEST5860`
WHERE `reference` = :reference:
ORDER BY `Id` DESC', [...], false)
 4 APPPATH\Views\payment_details.php(29): CodeIgniter\Database\BaseBuilder->get()
 5 SYSTEMPATH\View\View.php(228): include('C:\\xampp\\htdocs\\www\\mfiCRM\\app\\Views\\payment_details.php')
 6 SYSTEMPATH\View\View.php(231): CodeIgniter\View\View->CodeIgniter\View\{closure}()
 7 SYSTEMPATH\Common.php(1178): CodeIgniter\View\View->render('payment_details', [], true)
 8 APPPATH\Controllers\PaymentController.php(91): view('payment_details', [...])
 9 SYSTEMPATH\CodeIgniter.php(941): App\Controllers\PaymentController->details()
10 SYSTEMPATH\CodeIgniter.php(502): CodeIgniter\CodeIgniter->runController(Object(App\Controllers\PaymentController))
11 SYSTEMPATH\CodeIgniter.php(361): CodeIgniter\CodeIgniter->handleRequest(null, Object(Config\Cache), false)
12 FCPATH\index.php(79): CodeIgniter\CodeIgniter->run()
13 SYSTEMPATH\Commands\Server\rewrite.php(47): require_once('C:\\xampp\\htdocs\\www\\mfiCRM\\public\\index.php')
CRITICAL - 2025-05-02 11:33:59 --> [Caused by] mysqli_sql_exception: Table 'mfi.tab_65277test5860' doesn't exist
in SYSTEMPATH\Database\MySQLi\Connection.php on line 306.
 1 SYSTEMPATH\Database\MySQLi\Connection.php(306): mysqli->query('SELECT *
FROM `tab_65277TEST5860`
WHERE `reference` = \'Due\'
ORDER BY `Id` DESC', 0)
 2 SYSTEMPATH\Database\BaseConnection.php(693): CodeIgniter\Database\MySQLi\Connection->execute('SELECT *
FROM `tab_65277TEST5860`
WHERE `reference` = \'Due\'
ORDER BY `Id` DESC')
 3 SYSTEMPATH\Database\BaseConnection.php(607): CodeIgniter\Database\BaseConnection->simpleQuery('SELECT *
FROM `tab_65277TEST5860`
WHERE `reference` = \'Due\'
ORDER BY `Id` DESC')
 4 SYSTEMPATH\Database\BaseBuilder.php(1613): CodeIgniter\Database\BaseConnection->query('SELECT *
FROM `tab_65277TEST5860`
WHERE `reference` = :reference:
ORDER BY `Id` DESC', [...], false)
 5 APPPATH\Views\payment_details.php(29): CodeIgniter\Database\BaseBuilder->get()
 6 SYSTEMPATH\View\View.php(228): include('C:\\xampp\\htdocs\\www\\mfiCRM\\app\\Views\\payment_details.php')
 7 SYSTEMPATH\View\View.php(231): CodeIgniter\View\View->CodeIgniter\View\{closure}()
 8 SYSTEMPATH\Common.php(1178): CodeIgniter\View\View->render('payment_details', [], true)
 9 APPPATH\Controllers\PaymentController.php(91): view('payment_details', [...])
10 SYSTEMPATH\CodeIgniter.php(941): App\Controllers\PaymentController->details()
11 SYSTEMPATH\CodeIgniter.php(502): CodeIgniter\CodeIgniter->runController(Object(App\Controllers\PaymentController))
12 SYSTEMPATH\CodeIgniter.php(361): CodeIgniter\CodeIgniter->handleRequest(null, Object(Config\Cache), false)
13 FCPATH\index.php(79): CodeIgniter\CodeIgniter->run()
14 SYSTEMPATH\Commands\Server\rewrite.php(47): require_once('C:\\xampp\\htdocs\\www\\mfiCRM\\public\\index.php')
INFO - 2025-05-02 11:34:07 --> Session: Class initialized using 'CodeIgniter\Session\Handlers\FileHandler' driver.
INFO - 2025-05-02 11:34:07 --> Session: Class initialized using 'CodeIgniter\Session\Handlers\FileHandler' driver.
INFO - 2025-05-02 11:34:08 --> Session: Class initialized using 'CodeIgniter\Session\Handlers\FileHandler' driver.
INFO - 2025-05-02 11:34:12 --> Session: Class initialized using 'CodeIgniter\Session\Handlers\FileHandler' driver.
INFO - 2025-05-02 11:34:12 --> Session: Class initialized using 'CodeIgniter\Session\Handlers\FileHandler' driver.
INFO - 2025-05-02 11:34:15 --> Session: Class initialized using 'CodeIgniter\Session\Handlers\FileHandler' driver.
INFO - 2025-05-02 11:34:17 --> Session: Class initialized using 'CodeIgniter\Session\Handlers\FileHandler' driver.
INFO - 2025-05-02 11:34:21 --> Session: Class initialized using 'CodeIgniter\Session\Handlers\FileHandler' driver.
INFO - 2025-05-02 11:34:21 --> Session: Class initialized using 'CodeIgniter\Session\Handlers\FileHandler' driver.
INFO - 2025-05-02 11:35:31 --> Session: Class initialized using 'CodeIgniter\Session\Handlers\FileHandler' driver.
INFO - 2025-05-02 11:35:35 --> Session: Class initialized using 'CodeIgniter\Session\Handlers\FileHandler' driver.
INFO - 2025-05-02 11:48:54 --> Session: Class initialized using 'CodeIgniter\Session\Handlers\FileHandler' driver.
ERROR - 2025-05-02 11:48:54 --> mysqli_sql_exception: Table 'tab_65277test5860' already exists in C:\xampp\htdocs\www\mfiCRM\system\Database\MySQLi\Connection.php:306
Stack trace:
#0 C:\xampp\htdocs\www\mfiCRM\system\Database\MySQLi\Connection.php(306): mysqli->query('CREATE TABLE ta...', 0)
#1 C:\xampp\htdocs\www\mfiCRM\system\Database\BaseConnection.php(693): CodeIgniter\Database\MySQLi\Connection->execute('CREATE TABLE ta...')
#2 C:\xampp\htdocs\www\mfiCRM\system\Database\BaseConnection.php(607): CodeIgniter\Database\BaseConnection->simpleQuery('CREATE TABLE ta...')
#3 C:\xampp\htdocs\www\mfiCRM\app\Models\LoanModel.php(80): CodeIgniter\Database\BaseConnection->query('CREATE TABLE ta...')
#4 C:\xampp\htdocs\www\mfiCRM\app\Controllers\LoanApi.php(84): App\Models\LoanModel->create('tab_65277TEST58...')
#5 C:\xampp\htdocs\www\mfiCRM\system\CodeIgniter.php(941): App\Controllers\LoanApi->update_of_loan()
#6 C:\xampp\htdocs\www\mfiCRM\system\CodeIgniter.php(502): CodeIgniter\CodeIgniter->runController(Object(App\Controllers\LoanApi))
#7 C:\xampp\htdocs\www\mfiCRM\system\CodeIgniter.php(361): CodeIgniter\CodeIgniter->handleRequest(NULL, Object(Config\Cache), false)
#8 C:\xampp\htdocs\www\mfiCRM\public\index.php(79): CodeIgniter\CodeIgniter->run()
#9 C:\xampp\htdocs\www\mfiCRM\system\Commands\Server\rewrite.php(47): require_once('C:\\xampp\\htdocs...')
#10 {main}
CRITICAL - 2025-05-02 11:48:54 --> CodeIgniter\Database\Exceptions\DatabaseException: Table 'tab_65277test5860' already exists
in SYSTEMPATH\Database\BaseConnection.php on line 647.
 1 APPPATH\Models\LoanModel.php(80): CodeIgniter\Database\BaseConnection->query('CREATE TABLE tab_65277TEST5860 (
            `Id` int(11) NOT NULL AUTO_INCREMENT,
          `transactionDate` timestamp NOT NULL DEFAULT current_timestamp(),
          `valueDate` varchar(28) NOT NULL,
          `valueDateStamp` varchar(28) NOT NULL,
          `reference` varchar(4) NOT NULL DEFAULT \'N\',
          `emi` varchar(18) DEFAULT 0 NULL,
          `debit` varchar(18) DEFAULT 0 NULL,
          `credit` varchar(18) DEFAULT 0 NULL,
          `balance` varchar(18) NOT NULL,
          `orderId` varchar(64) NULL,
          `paymentSession` varchar(256) NULL,
          `paymentStatus` varchar(64) NULL,
          `transactionId` varchar(64) NULL,
          `comments` varchar(64) NULL,
          `updated_on` timestamp NOT NULL DEFAULT current_timestamp(),
          PRIMARY KEY (Id)
          );')
 2 APPPATH\Controllers\LoanApi.php(84): App\Models\LoanModel->create('tab_65277TEST5860')
 3 SYSTEMPATH\CodeIgniter.php(941): App\Controllers\LoanApi->update_of_loan()
 4 SYSTEMPATH\CodeIgniter.php(502): CodeIgniter\CodeIgniter->runController(Object(App\Controllers\LoanApi))
 5 SYSTEMPATH\CodeIgniter.php(361): CodeIgniter\CodeIgniter->handleRequest(null, Object(Config\Cache), false)
 6 FCPATH\index.php(79): CodeIgniter\CodeIgniter->run()
 7 SYSTEMPATH\Commands\Server\rewrite.php(47): require_once('C:\\xampp\\htdocs\\www\\mfiCRM\\public\\index.php')
CRITICAL - 2025-05-02 11:48:54 --> [Caused by] CodeIgniter\Database\Exceptions\DatabaseException: Table 'tab_65277test5860' already exists
in SYSTEMPATH\Database\MySQLi\Connection.php on line 311.
 1 SYSTEMPATH\Database\BaseConnection.php(693): CodeIgniter\Database\MySQLi\Connection->execute('CREATE TABLE tab_65277TEST5860 (
            `Id` int(11) NOT NULL AUTO_INCREMENT,
          `transactionDate` timestamp NOT NULL DEFAULT current_timestamp(),
          `valueDate` varchar(28) NOT NULL,
          `valueDateStamp` varchar(28) NOT NULL,
          `reference` varchar(4) NOT NULL DEFAULT \'N\',
          `emi` varchar(18) DEFAULT 0 NULL,
          `debit` varchar(18) DEFAULT 0 NULL,
          `credit` varchar(18) DEFAULT 0 NULL,
          `balance` varchar(18) NOT NULL,
          `orderId` varchar(64) NULL,
          `paymentSession` varchar(256) NULL,
          `paymentStatus` varchar(64) NULL,
          `transactionId` varchar(64) NULL,
          `comments` varchar(64) NULL,
          `updated_on` timestamp NOT NULL DEFAULT current_timestamp(),
          PRIMARY KEY (Id)
          );')
 2 SYSTEMPATH\Database\BaseConnection.php(607): CodeIgniter\Database\BaseConnection->simpleQuery('CREATE TABLE tab_65277TEST5860 (
            `Id` int(11) NOT NULL AUTO_INCREMENT,
          `transactionDate` timestamp NOT NULL DEFAULT current_timestamp(),
          `valueDate` varchar(28) NOT NULL,
          `valueDateStamp` varchar(28) NOT NULL,
          `reference` varchar(4) NOT NULL DEFAULT \'N\',
          `emi` varchar(18) DEFAULT 0 NULL,
          `debit` varchar(18) DEFAULT 0 NULL,
          `credit` varchar(18) DEFAULT 0 NULL,
          `balance` varchar(18) NOT NULL,
          `orderId` varchar(64) NULL,
          `paymentSession` varchar(256) NULL,
          `paymentStatus` varchar(64) NULL,
          `transactionId` varchar(64) NULL,
          `comments` varchar(64) NULL,
          `updated_on` timestamp NOT NULL DEFAULT current_timestamp(),
          PRIMARY KEY (Id)
          );')
 3 APPPATH\Models\LoanModel.php(80): CodeIgniter\Database\BaseConnection->query('CREATE TABLE tab_65277TEST5860 (
            `Id` int(11) NOT NULL AUTO_INCREMENT,
          `transactionDate` timestamp NOT NULL DEFAULT current_timestamp(),
          `valueDate` varchar(28) NOT NULL,
          `valueDateStamp` varchar(28) NOT NULL,
          `reference` varchar(4) NOT NULL DEFAULT \'N\',
          `emi` varchar(18) DEFAULT 0 NULL,
          `debit` varchar(18) DEFAULT 0 NULL,
          `credit` varchar(18) DEFAULT 0 NULL,
          `balance` varchar(18) NOT NULL,
          `orderId` varchar(64) NULL,
          `paymentSession` varchar(256) NULL,
          `paymentStatus` varchar(64) NULL,
          `transactionId` varchar(64) NULL,
          `comments` varchar(64) NULL,
          `updated_on` timestamp NOT NULL DEFAULT current_timestamp(),
          PRIMARY KEY (Id)
          );')
 4 APPPATH\Controllers\LoanApi.php(84): App\Models\LoanModel->create('tab_65277TEST5860')
 5 SYSTEMPATH\CodeIgniter.php(941): App\Controllers\LoanApi->update_of_loan()
 6 SYSTEMPATH\CodeIgniter.php(502): CodeIgniter\CodeIgniter->runController(Object(App\Controllers\LoanApi))
 7 SYSTEMPATH\CodeIgniter.php(361): CodeIgniter\CodeIgniter->handleRequest(null, Object(Config\Cache), false)
 8 FCPATH\index.php(79): CodeIgniter\CodeIgniter->run()
 9 SYSTEMPATH\Commands\Server\rewrite.php(47): require_once('C:\\xampp\\htdocs\\www\\mfiCRM\\public\\index.php')
CRITICAL - 2025-05-02 11:48:54 --> [Caused by] mysqli_sql_exception: Table 'tab_65277test5860' already exists
in SYSTEMPATH\Database\MySQLi\Connection.php on line 306.
 1 SYSTEMPATH\Database\MySQLi\Connection.php(306): mysqli->query('CREATE TABLE tab_65277TEST5860 (
            `Id` int(11) NOT NULL AUTO_INCREMENT,
          `transactionDate` timestamp NOT NULL DEFAULT current_timestamp(),
          `valueDate` varchar(28) NOT NULL,
          `valueDateStamp` varchar(28) NOT NULL,
          `reference` varchar(4) NOT NULL DEFAULT \'N\',
          `emi` varchar(18) DEFAULT 0 NULL,
          `debit` varchar(18) DEFAULT 0 NULL,
          `credit` varchar(18) DEFAULT 0 NULL,
          `balance` varchar(18) NOT NULL,
          `orderId` varchar(64) NULL,
          `paymentSession` varchar(256) NULL,
          `paymentStatus` varchar(64) NULL,
          `transactionId` varchar(64) NULL,
          `comments` varchar(64) NULL,
          `updated_on` timestamp NOT NULL DEFAULT current_timestamp(),
          PRIMARY KEY (Id)
          );', 0)
 2 SYSTEMPATH\Database\BaseConnection.php(693): CodeIgniter\Database\MySQLi\Connection->execute('CREATE TABLE tab_65277TEST5860 (
            `Id` int(11) NOT NULL AUTO_INCREMENT,
          `transactionDate` timestamp NOT NULL DEFAULT current_timestamp(),
          `valueDate` varchar(28) NOT NULL,
          `valueDateStamp` varchar(28) NOT NULL,
          `reference` varchar(4) NOT NULL DEFAULT \'N\',
          `emi` varchar(18) DEFAULT 0 NULL,
          `debit` varchar(18) DEFAULT 0 NULL,
          `credit` varchar(18) DEFAULT 0 NULL,
          `balance` varchar(18) NOT NULL,
          `orderId` varchar(64) NULL,
          `paymentSession` varchar(256) NULL,
          `paymentStatus` varchar(64) NULL,
          `transactionId` varchar(64) NULL,
          `comments` varchar(64) NULL,
          `updated_on` timestamp NOT NULL DEFAULT current_timestamp(),
          PRIMARY KEY (Id)
          );')
 3 SYSTEMPATH\Database\BaseConnection.php(607): CodeIgniter\Database\BaseConnection->simpleQuery('CREATE TABLE tab_65277TEST5860 (
            `Id` int(11) NOT NULL AUTO_INCREMENT,
          `transactionDate` timestamp NOT NULL DEFAULT current_timestamp(),
          `valueDate` varchar(28) NOT NULL,
          `valueDateStamp` varchar(28) NOT NULL,
          `reference` varchar(4) NOT NULL DEFAULT \'N\',
          `emi` varchar(18) DEFAULT 0 NULL,
          `debit` varchar(18) DEFAULT 0 NULL,
          `credit` varchar(18) DEFAULT 0 NULL,
          `balance` varchar(18) NOT NULL,
          `orderId` varchar(64) NULL,
          `paymentSession` varchar(256) NULL,
          `paymentStatus` varchar(64) NULL,
          `transactionId` varchar(64) NULL,
          `comments` varchar(64) NULL,
          `updated_on` timestamp NOT NULL DEFAULT current_timestamp(),
          PRIMARY KEY (Id)
          );')
 4 APPPATH\Models\LoanModel.php(80): CodeIgniter\Database\BaseConnection->query('CREATE TABLE tab_65277TEST5860 (
            `Id` int(11) NOT NULL AUTO_INCREMENT,
          `transactionDate` timestamp NOT NULL DEFAULT current_timestamp(),
          `valueDate` varchar(28) NOT NULL,
          `valueDateStamp` varchar(28) NOT NULL,
          `reference` varchar(4) NOT NULL DEFAULT \'N\',
          `emi` varchar(18) DEFAULT 0 NULL,
          `debit` varchar(18) DEFAULT 0 NULL,
          `credit` varchar(18) DEFAULT 0 NULL,
          `balance` varchar(18) NOT NULL,
          `orderId` varchar(64) NULL,
          `paymentSession` varchar(256) NULL,
          `paymentStatus` varchar(64) NULL,
          `transactionId` varchar(64) NULL,
          `comments` varchar(64) NULL,
          `updated_on` timestamp NOT NULL DEFAULT current_timestamp(),
          PRIMARY KEY (Id)
          );')
 5 APPPATH\Controllers\LoanApi.php(84): App\Models\LoanModel->create('tab_65277TEST5860')
 6 SYSTEMPATH\CodeIgniter.php(941): App\Controllers\LoanApi->update_of_loan()
 7 SYSTEMPATH\CodeIgniter.php(502): CodeIgniter\CodeIgniter->runController(Object(App\Controllers\LoanApi))
 8 SYSTEMPATH\CodeIgniter.php(361): CodeIgniter\CodeIgniter->handleRequest(null, Object(Config\Cache), false)
 9 FCPATH\index.php(79): CodeIgniter\CodeIgniter->run()
10 SYSTEMPATH\Commands\Server\rewrite.php(47): require_once('C:\\xampp\\htdocs\\www\\mfiCRM\\public\\index.php')
INFO - 2025-05-02 11:49:03 --> Session: Class initialized using 'CodeIgniter\Session\Handlers\FileHandler' driver.
INFO - 2025-05-02 11:49:05 --> Session: Class initialized using 'CodeIgniter\Session\Handlers\FileHandler' driver.
INFO - 2025-05-02 11:49:08 --> Session: Class initialized using 'CodeIgniter\Session\Handlers\FileHandler' driver.
INFO - 2025-05-02 11:50:36 --> Session: Class initialized using 'CodeIgniter\Session\Handlers\FileHandler' driver.
INFO - 2025-05-02 11:50:38 --> Session: Class initialized using 'CodeIgniter\Session\Handlers\FileHandler' driver.
CRITICAL - 2025-05-02 11:50:38 --> ErrorException: Undefined variable $rowLoan
in APPPATH\Views\loan_details.php on line 81.
 1 APPPATH\Views\loan_details.php(81): CodeIgniter\Debug\Exceptions->errorHandler(2, 'Undefined variable $rowLoan', 'C:\\xampp\\htdocs\\www\\mfiCRM\\app\\Views\\loan_details.php', 81)
 2 SYSTEMPATH\View\View.php(228): include('C:\\xampp\\htdocs\\www\\mfiCRM\\app\\Views\\loan_details.php')
 3 SYSTEMPATH\View\View.php(231): CodeIgniter\View\View->CodeIgniter\View\{closure}()
 4 SYSTEMPATH\Common.php(1178): CodeIgniter\View\View->render('loan_details', [], true)
 5 APPPATH\Controllers\Home.php(47): view('loan_details')
 6 SYSTEMPATH\CodeIgniter.php(941): App\Controllers\Home->loan_details()
 7 SYSTEMPATH\CodeIgniter.php(502): CodeIgniter\CodeIgniter->runController(Object(App\Controllers\Home))
 8 SYSTEMPATH\CodeIgniter.php(361): CodeIgniter\CodeIgniter->handleRequest(null, Object(Config\Cache), false)
 9 FCPATH\index.php(79): CodeIgniter\CodeIgniter->run()
10 SYSTEMPATH\Commands\Server\rewrite.php(47): require_once('C:\\xampp\\htdocs\\www\\mfiCRM\\public\\index.php')
INFO - 2025-05-02 11:50:40 --> Session: Class initialized using 'CodeIgniter\Session\Handlers\FileHandler' driver.
CRITICAL - 2025-05-02 11:50:40 --> ErrorException: Undefined variable $rowLoan
in APPPATH\Views\loan_details.php on line 81.
 1 APPPATH\Views\loan_details.php(81): CodeIgniter\Debug\Exceptions->errorHandler(2, 'Undefined variable $rowLoan', 'C:\\xampp\\htdocs\\www\\mfiCRM\\app\\Views\\loan_details.php', 81)
 2 SYSTEMPATH\View\View.php(228): include('C:\\xampp\\htdocs\\www\\mfiCRM\\app\\Views\\loan_details.php')
 3 SYSTEMPATH\View\View.php(231): CodeIgniter\View\View->CodeIgniter\View\{closure}()
 4 SYSTEMPATH\Common.php(1178): CodeIgniter\View\View->render('loan_details', [], true)
 5 APPPATH\Controllers\Home.php(47): view('loan_details')
 6 SYSTEMPATH\CodeIgniter.php(941): App\Controllers\Home->loan_details()
 7 SYSTEMPATH\CodeIgniter.php(502): CodeIgniter\CodeIgniter->runController(Object(App\Controllers\Home))
 8 SYSTEMPATH\CodeIgniter.php(361): CodeIgniter\CodeIgniter->handleRequest(null, Object(Config\Cache), false)
 9 FCPATH\index.php(79): CodeIgniter\CodeIgniter->run()
10 SYSTEMPATH\Commands\Server\rewrite.php(47): require_once('C:\\xampp\\htdocs\\www\\mfiCRM\\public\\index.php')
INFO - 2025-05-02 11:50:40 --> Session: Class initialized using 'CodeIgniter\Session\Handlers\FileHandler' driver.
INFO - 2025-05-02 11:50:44 --> Session: Class initialized using 'CodeIgniter\Session\Handlers\FileHandler' driver.
CRITICAL - 2025-05-02 11:50:44 --> ErrorException: Undefined variable $rowLoan
in APPPATH\Views\loan_details.php on line 81.
 1 APPPATH\Views\loan_details.php(81): CodeIgniter\Debug\Exceptions->errorHandler(2, 'Undefined variable $rowLoan', 'C:\\xampp\\htdocs\\www\\mfiCRM\\app\\Views\\loan_details.php', 81)
 2 SYSTEMPATH\View\View.php(228): include('C:\\xampp\\htdocs\\www\\mfiCRM\\app\\Views\\loan_details.php')
 3 SYSTEMPATH\View\View.php(231): CodeIgniter\View\View->CodeIgniter\View\{closure}()
 4 SYSTEMPATH\Common.php(1178): CodeIgniter\View\View->render('loan_details', [], true)
 5 APPPATH\Controllers\Home.php(47): view('loan_details')
 6 SYSTEMPATH\CodeIgniter.php(941): App\Controllers\Home->loan_details()
 7 SYSTEMPATH\CodeIgniter.php(502): CodeIgniter\CodeIgniter->runController(Object(App\Controllers\Home))
 8 SYSTEMPATH\CodeIgniter.php(361): CodeIgniter\CodeIgniter->handleRequest(null, Object(Config\Cache), false)
 9 FCPATH\index.php(79): CodeIgniter\CodeIgniter->run()
10 SYSTEMPATH\Commands\Server\rewrite.php(47): require_once('C:\\xampp\\htdocs\\www\\mfiCRM\\public\\index.php')
INFO - 2025-05-02 11:50:45 --> Session: Class initialized using 'CodeIgniter\Session\Handlers\FileHandler' driver.
INFO - 2025-05-02 11:50:47 --> Session: Class initialized using 'CodeIgniter\Session\Handlers\FileHandler' driver.
CRITICAL - 2025-05-02 11:50:47 --> ErrorException: DateTime::modify(): Failed to parse time string (+ months) at position 0 (+): Unexpected character
in APPPATH\Controllers\LoanApi.php on line 75.
 1 [internal function]: CodeIgniter\Debug\Exceptions->errorHandler(2, 'DateTime::modify(): Failed to parse time string (+ months) at position 0 (+): Unexpected character', 'C:\\xampp\\htdocs\\www\\mfiCRM\\app\\Controllers\\LoanApi.php', 75)
 2 APPPATH\Controllers\LoanApi.php(75): DateTime->modify('+ months')
 3 SYSTEMPATH\CodeIgniter.php(941): App\Controllers\LoanApi->update_of_loan()
 4 SYSTEMPATH\CodeIgniter.php(502): CodeIgniter\CodeIgniter->runController(Object(App\Controllers\LoanApi))
 5 SYSTEMPATH\CodeIgniter.php(361): CodeIgniter\CodeIgniter->handleRequest(null, Object(Config\Cache), false)
 6 FCPATH\index.php(79): CodeIgniter\CodeIgniter->run()
 7 SYSTEMPATH\Commands\Server\rewrite.php(47): require_once('C:\\xampp\\htdocs\\www\\mfiCRM\\public\\index.php')
INFO - 2025-05-02 11:51:18 --> Session: Class initialized using 'CodeIgniter\Session\Handlers\FileHandler' driver.
INFO - 2025-05-02 11:51:19 --> Session: Class initialized using 'CodeIgniter\Session\Handlers\FileHandler' driver.
INFO - 2025-05-02 11:51:20 --> Session: Class initialized using 'CodeIgniter\Session\Handlers\FileHandler' driver.
INFO - 2025-05-02 11:51:25 --> Session: Class initialized using 'CodeIgniter\Session\Handlers\FileHandler' driver.
INFO - 2025-05-02 11:51:25 --> Session: Class initialized using 'CodeIgniter\Session\Handlers\FileHandler' driver.
INFO - 2025-05-02 11:51:53 --> Session: Class initialized using 'CodeIgniter\Session\Handlers\FileHandler' driver.
INFO - 2025-05-02 11:52:33 --> Session: Class initialized using 'CodeIgniter\Session\Handlers\FileHandler' driver.
ERROR - 2025-05-02 11:53:00 --> mysqli_sql_exception: Table 'mfi.tab_65277test5860' doesn't exist in C:\xampp\htdocs\www\mfiCRM\system\Database\MySQLi\Connection.php:306
Stack trace:
#0 C:\xampp\htdocs\www\mfiCRM\system\Database\MySQLi\Connection.php(306): mysqli->query('INSERT INTO `ta...', 0)
#1 C:\xampp\htdocs\www\mfiCRM\system\Database\BaseConnection.php(693): CodeIgniter\Database\MySQLi\Connection->execute('INSERT INTO `ta...')
#2 C:\xampp\htdocs\www\mfiCRM\system\Database\BaseConnection.php(607): CodeIgniter\Database\BaseConnection->simpleQuery('INSERT INTO `ta...')
#3 C:\xampp\htdocs\www\mfiCRM\system\Database\BaseBuilder.php(2302): CodeIgniter\Database\BaseConnection->query('INSERT INTO `ta...', Array, false)
#4 C:\xampp\htdocs\www\mfiCRM\app\Controllers\LoanApi.php(145): CodeIgniter\Database\BaseBuilder->insert(Array)
#5 C:\xampp\htdocs\www\mfiCRM\system\CodeIgniter.php(941): App\Controllers\LoanApi->update_of_loan()
#6 C:\xampp\htdocs\www\mfiCRM\system\CodeIgniter.php(502): CodeIgniter\CodeIgniter->runController(Object(App\Controllers\LoanApi))
#7 C:\xampp\htdocs\www\mfiCRM\system\CodeIgniter.php(361): CodeIgniter\CodeIgniter->handleRequest(NULL, Object(Config\Cache), false)
#8 C:\xampp\htdocs\www\mfiCRM\public\index.php(79): CodeIgniter\CodeIgniter->run()
#9 C:\xampp\htdocs\www\mfiCRM\system\Commands\Server\rewrite.php(47): require_once('C:\\xampp\\htdocs...')
#10 {main}
CRITICAL - 2025-05-02 11:53:00 --> CodeIgniter\Database\Exceptions\DatabaseException: Table 'mfi.tab_65277test5860' doesn't exist
in SYSTEMPATH\Database\BaseConnection.php on line 647.
 1 SYSTEMPATH\Database\BaseBuilder.php(2302): CodeIgniter\Database\BaseConnection->query('INSERT INTO `tab_65277TEST5860` (`emi`, `valueDate`, `valueDateStamp`, `balance`) VALUES (:emi:, :valueDate:, :valueDateStamp:, :balance:)', [...], false)
 2 APPPATH\Controllers\LoanApi.php(145): CodeIgniter\Database\BaseBuilder->insert([...])
 3 SYSTEMPATH\CodeIgniter.php(941): App\Controllers\LoanApi->update_of_loan()
 4 SYSTEMPATH\CodeIgniter.php(502): CodeIgniter\CodeIgniter->runController(Object(App\Controllers\LoanApi))
 5 SYSTEMPATH\CodeIgniter.php(361): CodeIgniter\CodeIgniter->handleRequest(null, Object(Config\Cache), false)
 6 FCPATH\index.php(79): CodeIgniter\CodeIgniter->run()
 7 SYSTEMPATH\Commands\Server\rewrite.php(47): require_once('C:\\xampp\\htdocs\\www\\mfiCRM\\public\\index.php')
CRITICAL - 2025-05-02 11:53:00 --> [Caused by] CodeIgniter\Database\Exceptions\DatabaseException: Table 'mfi.tab_65277test5860' doesn't exist
in SYSTEMPATH\Database\MySQLi\Connection.php on line 311.
 1 SYSTEMPATH\Database\BaseConnection.php(693): CodeIgniter\Database\MySQLi\Connection->execute('INSERT INTO `tab_65277TEST5860` (`emi`, `valueDate`, `valueDateStamp`, `balance`) VALUES (53, \'2050-01-09\', \'09-Jan-50 Sun\', 584365)')
 2 SYSTEMPATH\Database\BaseConnection.php(607): CodeIgniter\Database\BaseConnection->simpleQuery('INSERT INTO `tab_65277TEST5860` (`emi`, `valueDate`, `valueDateStamp`, `balance`) VALUES (53, \'2050-01-09\', \'09-Jan-50 Sun\', 584365)')
 3 SYSTEMPATH\Database\BaseBuilder.php(2302): CodeIgniter\Database\BaseConnection->query('INSERT INTO `tab_65277TEST5860` (`emi`, `valueDate`, `valueDateStamp`, `balance`) VALUES (:emi:, :valueDate:, :valueDateStamp:, :balance:)', [...], false)
 4 APPPATH\Controllers\LoanApi.php(145): CodeIgniter\Database\BaseBuilder->insert([...])
 5 SYSTEMPATH\CodeIgniter.php(941): App\Controllers\LoanApi->update_of_loan()
 6 SYSTEMPATH\CodeIgniter.php(502): CodeIgniter\CodeIgniter->runController(Object(App\Controllers\LoanApi))
 7 SYSTEMPATH\CodeIgniter.php(361): CodeIgniter\CodeIgniter->handleRequest(null, Object(Config\Cache), false)
 8 FCPATH\index.php(79): CodeIgniter\CodeIgniter->run()
 9 SYSTEMPATH\Commands\Server\rewrite.php(47): require_once('C:\\xampp\\htdocs\\www\\mfiCRM\\public\\index.php')
CRITICAL - 2025-05-02 11:53:00 --> [Caused by] mysqli_sql_exception: Table 'mfi.tab_65277test5860' doesn't exist
in SYSTEMPATH\Database\MySQLi\Connection.php on line 306.
 1 SYSTEMPATH\Database\MySQLi\Connection.php(306): mysqli->query('INSERT INTO `tab_65277TEST5860` (`emi`, `valueDate`, `valueDateStamp`, `balance`) VALUES (53, \'2050-01-09\', \'09-Jan-50 Sun\', 584365)', 0)
 2 SYSTEMPATH\Database\BaseConnection.php(693): CodeIgniter\Database\MySQLi\Connection->execute('INSERT INTO `tab_65277TEST5860` (`emi`, `valueDate`, `valueDateStamp`, `balance`) VALUES (53, \'2050-01-09\', \'09-Jan-50 Sun\', 584365)')
 3 SYSTEMPATH\Database\BaseConnection.php(607): CodeIgniter\Database\BaseConnection->simpleQuery('INSERT INTO `tab_65277TEST5860` (`emi`, `valueDate`, `valueDateStamp`, `balance`) VALUES (53, \'2050-01-09\', \'09-Jan-50 Sun\', 584365)')
 4 SYSTEMPATH\Database\BaseBuilder.php(2302): CodeIgniter\Database\BaseConnection->query('INSERT INTO `tab_65277TEST5860` (`emi`, `valueDate`, `valueDateStamp`, `balance`) VALUES (:emi:, :valueDate:, :valueDateStamp:, :balance:)', [...], false)
 5 APPPATH\Controllers\LoanApi.php(145): CodeIgniter\Database\BaseBuilder->insert([...])
 6 SYSTEMPATH\CodeIgniter.php(941): App\Controllers\LoanApi->update_of_loan()
 7 SYSTEMPATH\CodeIgniter.php(502): CodeIgniter\CodeIgniter->runController(Object(App\Controllers\LoanApi))
 8 SYSTEMPATH\CodeIgniter.php(361): CodeIgniter\CodeIgniter->handleRequest(null, Object(Config\Cache), false)
 9 FCPATH\index.php(79): CodeIgniter\CodeIgniter->run()
10 SYSTEMPATH\Commands\Server\rewrite.php(47): require_once('C:\\xampp\\htdocs\\www\\mfiCRM\\public\\index.php')
INFO - 2025-05-02 11:53:25 --> Session: Class initialized using 'CodeIgniter\Session\Handlers\FileHandler' driver.
INFO - 2025-05-02 11:53:26 --> Session: Class initialized using 'CodeIgniter\Session\Handlers\FileHandler' driver.
INFO - 2025-05-02 11:54:20 --> Session: Class initialized using 'CodeIgniter\Session\Handlers\FileHandler' driver.
INFO - 2025-05-02 11:54:22 --> Session: Class initialized using 'CodeIgniter\Session\Handlers\FileHandler' driver.
INFO - 2025-05-02 11:54:22 --> Session: Class initialized using 'CodeIgniter\Session\Handlers\FileHandler' driver.
INFO - 2025-05-02 11:54:23 --> Session: Class initialized using 'CodeIgniter\Session\Handlers\FileHandler' driver.
INFO - 2025-05-02 11:57:02 --> Session: Class initialized using 'CodeIgniter\Session\Handlers\FileHandler' driver.
INFO - 2025-05-02 11:57:03 --> Session: Class initialized using 'CodeIgniter\Session\Handlers\FileHandler' driver.
INFO - 2025-05-02 11:57:07 --> Session: Class initialized using 'CodeIgniter\Session\Handlers\FileHandler' driver.
INFO - 2025-05-02 11:57:07 --> Session: Class initialized using 'CodeIgniter\Session\Handlers\FileHandler' driver.
INFO - 2025-05-02 11:57:43 --> Session: Class initialized using 'CodeIgniter\Session\Handlers\FileHandler' driver.
INFO - 2025-05-02 11:57:48 --> Session: Class initialized using 'CodeIgniter\Session\Handlers\FileHandler' driver.
INFO - 2025-05-02 11:57:48 --> Session: Class initialized using 'CodeIgniter\Session\Handlers\FileHandler' driver.
INFO - 2025-05-02 12:20:52 --> Session: Class initialized using 'CodeIgniter\Session\Handlers\FileHandler' driver.
INFO - 2025-05-02 12:20:54 --> Session: Class initialized using 'CodeIgniter\Session\Handlers\FileHandler' driver.
INFO - 2025-05-02 12:20:56 --> Session: Class initialized using 'CodeIgniter\Session\Handlers\FileHandler' driver.
INFO - 2025-05-02 12:34:28 --> Session: Class initialized using 'CodeIgniter\Session\Handlers\FileHandler' driver.
INFO - 2025-05-02 12:34:30 --> Session: Class initialized using 'CodeIgniter\Session\Handlers\FileHandler' driver.
INFO - 2025-05-02 12:34:33 --> Session: Class initialized using 'CodeIgniter\Session\Handlers\FileHandler' driver.
CRITICAL - 2025-05-02 12:34:33 --> TypeError: Unsupported operand types: string / int
in APPPATH\Controllers\LoanApi.php on line 85.
 1 SYSTEMPATH\CodeIgniter.php(941): App\Controllers\LoanApi->update_of_loan()
 2 SYSTEMPATH\CodeIgniter.php(502): CodeIgniter\CodeIgniter->runController(Object(App\Controllers\LoanApi))
 3 SYSTEMPATH\CodeIgniter.php(361): CodeIgniter\CodeIgniter->handleRequest(null, Object(Config\Cache), false)
 4 FCPATH\index.php(79): CodeIgniter\CodeIgniter->run()
 5 SYSTEMPATH\Commands\Server\rewrite.php(47): require_once('C:\\xampp\\htdocs\\www\\mfiCRM\\public\\index.php')
INFO - 2025-05-02 12:34:37 --> Session: Class initialized using 'CodeIgniter\Session\Handlers\FileHandler' driver.
INFO - 2025-05-02 12:34:38 --> Session: Class initialized using 'CodeIgniter\Session\Handlers\FileHandler' driver.
INFO - 2025-05-02 12:34:42 --> Session: Class initialized using 'CodeIgniter\Session\Handlers\FileHandler' driver.
ERROR - 2025-05-02 12:34:42 --> mysqli_sql_exception: Table 'tab_63112fund1496' already exists in C:\xampp\htdocs\www\mfiCRM\system\Database\MySQLi\Connection.php:306
Stack trace:
#0 C:\xampp\htdocs\www\mfiCRM\system\Database\MySQLi\Connection.php(306): mysqli->query('CREATE TABLE ta...', 0)
#1 C:\xampp\htdocs\www\mfiCRM\system\Database\BaseConnection.php(693): CodeIgniter\Database\MySQLi\Connection->execute('CREATE TABLE ta...')
#2 C:\xampp\htdocs\www\mfiCRM\system\Database\BaseConnection.php(607): CodeIgniter\Database\BaseConnection->simpleQuery('CREATE TABLE ta...')
#3 C:\xampp\htdocs\www\mfiCRM\app\Models\LoanModel.php(80): CodeIgniter\Database\BaseConnection->query('CREATE TABLE ta...')
#4 C:\xampp\htdocs\www\mfiCRM\app\Controllers\LoanApi.php(84): App\Models\LoanModel->create('tab_63112FUND14...')
#5 C:\xampp\htdocs\www\mfiCRM\system\CodeIgniter.php(941): App\Controllers\LoanApi->update_of_loan()
#6 C:\xampp\htdocs\www\mfiCRM\system\CodeIgniter.php(502): CodeIgniter\CodeIgniter->runController(Object(App\Controllers\LoanApi))
#7 C:\xampp\htdocs\www\mfiCRM\system\CodeIgniter.php(361): CodeIgniter\CodeIgniter->handleRequest(NULL, Object(Config\Cache), false)
#8 C:\xampp\htdocs\www\mfiCRM\public\index.php(79): CodeIgniter\CodeIgniter->run()
#9 C:\xampp\htdocs\www\mfiCRM\system\Commands\Server\rewrite.php(47): require_once('C:\\xampp\\htdocs...')
#10 {main}
CRITICAL - 2025-05-02 12:34:42 --> CodeIgniter\Database\Exceptions\DatabaseException: Table 'tab_63112fund1496' already exists
in SYSTEMPATH\Database\BaseConnection.php on line 647.
 1 APPPATH\Models\LoanModel.php(80): CodeIgniter\Database\BaseConnection->query('CREATE TABLE tab_63112FUND1496 (
            `Id` int(11) NOT NULL AUTO_INCREMENT,
          `transactionDate` timestamp NOT NULL DEFAULT current_timestamp(),
          `valueDate` varchar(28) NOT NULL,
          `valueDateStamp` varchar(28) NOT NULL,
          `reference` varchar(4) NOT NULL DEFAULT \'N\',
          `emi` varchar(18) DEFAULT 0 NULL,
          `debit` varchar(18) DEFAULT 0 NULL,
          `credit` varchar(18) DEFAULT 0 NULL,
          `balance` varchar(18) NOT NULL,
          `orderId` varchar(64) NULL,
          `paymentSession` varchar(256) NULL,
          `paymentStatus` varchar(64) NULL,
          `transactionId` varchar(64) NULL,
          `comments` varchar(64) NULL,
          `updated_on` timestamp NOT NULL DEFAULT current_timestamp(),
          PRIMARY KEY (Id)
          );')
 2 APPPATH\Controllers\LoanApi.php(84): App\Models\LoanModel->create('tab_63112FUND1496')
 3 SYSTEMPATH\CodeIgniter.php(941): App\Controllers\LoanApi->update_of_loan()
 4 SYSTEMPATH\CodeIgniter.php(502): CodeIgniter\CodeIgniter->runController(Object(App\Controllers\LoanApi))
 5 SYSTEMPATH\CodeIgniter.php(361): CodeIgniter\CodeIgniter->handleRequest(null, Object(Config\Cache), false)
 6 FCPATH\index.php(79): CodeIgniter\CodeIgniter->run()
 7 SYSTEMPATH\Commands\Server\rewrite.php(47): require_once('C:\\xampp\\htdocs\\www\\mfiCRM\\public\\index.php')
CRITICAL - 2025-05-02 12:34:42 --> [Caused by] CodeIgniter\Database\Exceptions\DatabaseException: Table 'tab_63112fund1496' already exists
in SYSTEMPATH\Database\MySQLi\Connection.php on line 311.
 1 SYSTEMPATH\Database\BaseConnection.php(693): CodeIgniter\Database\MySQLi\Connection->execute('CREATE TABLE tab_63112FUND1496 (
            `Id` int(11) NOT NULL AUTO_INCREMENT,
          `transactionDate` timestamp NOT NULL DEFAULT current_timestamp(),
          `valueDate` varchar(28) NOT NULL,
          `valueDateStamp` varchar(28) NOT NULL,
          `reference` varchar(4) NOT NULL DEFAULT \'N\',
          `emi` varchar(18) DEFAULT 0 NULL,
          `debit` varchar(18) DEFAULT 0 NULL,
          `credit` varchar(18) DEFAULT 0 NULL,
          `balance` varchar(18) NOT NULL,
          `orderId` varchar(64) NULL,
          `paymentSession` varchar(256) NULL,
          `paymentStatus` varchar(64) NULL,
          `transactionId` varchar(64) NULL,
          `comments` varchar(64) NULL,
          `updated_on` timestamp NOT NULL DEFAULT current_timestamp(),
          PRIMARY KEY (Id)
          );')
 2 SYSTEMPATH\Database\BaseConnection.php(607): CodeIgniter\Database\BaseConnection->simpleQuery('CREATE TABLE tab_63112FUND1496 (
            `Id` int(11) NOT NULL AUTO_INCREMENT,
          `transactionDate` timestamp NOT NULL DEFAULT current_timestamp(),
          `valueDate` varchar(28) NOT NULL,
          `valueDateStamp` varchar(28) NOT NULL,
          `reference` varchar(4) NOT NULL DEFAULT \'N\',
          `emi` varchar(18) DEFAULT 0 NULL,
          `debit` varchar(18) DEFAULT 0 NULL,
          `credit` varchar(18) DEFAULT 0 NULL,
          `balance` varchar(18) NOT NULL,
          `orderId` varchar(64) NULL,
          `paymentSession` varchar(256) NULL,
          `paymentStatus` varchar(64) NULL,
          `transactionId` varchar(64) NULL,
          `comments` varchar(64) NULL,
          `updated_on` timestamp NOT NULL DEFAULT current_timestamp(),
          PRIMARY KEY (Id)
          );')
 3 APPPATH\Models\LoanModel.php(80): CodeIgniter\Database\BaseConnection->query('CREATE TABLE tab_63112FUND1496 (
            `Id` int(11) NOT NULL AUTO_INCREMENT,
          `transactionDate` timestamp NOT NULL DEFAULT current_timestamp(),
          `valueDate` varchar(28) NOT NULL,
          `valueDateStamp` varchar(28) NOT NULL,
          `reference` varchar(4) NOT NULL DEFAULT \'N\',
          `emi` varchar(18) DEFAULT 0 NULL,
          `debit` varchar(18) DEFAULT 0 NULL,
          `credit` varchar(18) DEFAULT 0 NULL,
          `balance` varchar(18) NOT NULL,
          `orderId` varchar(64) NULL,
          `paymentSession` varchar(256) NULL,
          `paymentStatus` varchar(64) NULL,
          `transactionId` varchar(64) NULL,
          `comments` varchar(64) NULL,
          `updated_on` timestamp NOT NULL DEFAULT current_timestamp(),
          PRIMARY KEY (Id)
          );')
 4 APPPATH\Controllers\LoanApi.php(84): App\Models\LoanModel->create('tab_63112FUND1496')
 5 SYSTEMPATH\CodeIgniter.php(941): App\Controllers\LoanApi->update_of_loan()
 6 SYSTEMPATH\CodeIgniter.php(502): CodeIgniter\CodeIgniter->runController(Object(App\Controllers\LoanApi))
 7 SYSTEMPATH\CodeIgniter.php(361): CodeIgniter\CodeIgniter->handleRequest(null, Object(Config\Cache), false)
 8 FCPATH\index.php(79): CodeIgniter\CodeIgniter->run()
 9 SYSTEMPATH\Commands\Server\rewrite.php(47): require_once('C:\\xampp\\htdocs\\www\\mfiCRM\\public\\index.php')
CRITICAL - 2025-05-02 12:34:42 --> [Caused by] mysqli_sql_exception: Table 'tab_63112fund1496' already exists
in SYSTEMPATH\Database\MySQLi\Connection.php on line 306.
 1 SYSTEMPATH\Database\MySQLi\Connection.php(306): mysqli->query('CREATE TABLE tab_63112FUND1496 (
            `Id` int(11) NOT NULL AUTO_INCREMENT,
          `transactionDate` timestamp NOT NULL DEFAULT current_timestamp(),
          `valueDate` varchar(28) NOT NULL,
          `valueDateStamp` varchar(28) NOT NULL,
          `reference` varchar(4) NOT NULL DEFAULT \'N\',
          `emi` varchar(18) DEFAULT 0 NULL,
          `debit` varchar(18) DEFAULT 0 NULL,
          `credit` varchar(18) DEFAULT 0 NULL,
          `balance` varchar(18) NOT NULL,
          `orderId` varchar(64) NULL,
          `paymentSession` varchar(256) NULL,
          `paymentStatus` varchar(64) NULL,
          `transactionId` varchar(64) NULL,
          `comments` varchar(64) NULL,
          `updated_on` timestamp NOT NULL DEFAULT current_timestamp(),
          PRIMARY KEY (Id)
          );', 0)
 2 SYSTEMPATH\Database\BaseConnection.php(693): CodeIgniter\Database\MySQLi\Connection->execute('CREATE TABLE tab_63112FUND1496 (
            `Id` int(11) NOT NULL AUTO_INCREMENT,
          `transactionDate` timestamp NOT NULL DEFAULT current_timestamp(),
          `valueDate` varchar(28) NOT NULL,
          `valueDateStamp` varchar(28) NOT NULL,
          `reference` varchar(4) NOT NULL DEFAULT \'N\',
          `emi` varchar(18) DEFAULT 0 NULL,
          `debit` varchar(18) DEFAULT 0 NULL,
          `credit` varchar(18) DEFAULT 0 NULL,
          `balance` varchar(18) NOT NULL,
          `orderId` varchar(64) NULL,
          `paymentSession` varchar(256) NULL,
          `paymentStatus` varchar(64) NULL,
          `transactionId` varchar(64) NULL,
          `comments` varchar(64) NULL,
          `updated_on` timestamp NOT NULL DEFAULT current_timestamp(),
          PRIMARY KEY (Id)
          );')
 3 SYSTEMPATH\Database\BaseConnection.php(607): CodeIgniter\Database\BaseConnection->simpleQuery('CREATE TABLE tab_63112FUND1496 (
            `Id` int(11) NOT NULL AUTO_INCREMENT,
          `transactionDate` timestamp NOT NULL DEFAULT current_timestamp(),
          `valueDate` varchar(28) NOT NULL,
          `valueDateStamp` varchar(28) NOT NULL,
          `reference` varchar(4) NOT NULL DEFAULT \'N\',
          `emi` varchar(18) DEFAULT 0 NULL,
          `debit` varchar(18) DEFAULT 0 NULL,
          `credit` varchar(18) DEFAULT 0 NULL,
          `balance` varchar(18) NOT NULL,
          `orderId` varchar(64) NULL,
          `paymentSession` varchar(256) NULL,
          `paymentStatus` varchar(64) NULL,
          `transactionId` varchar(64) NULL,
          `comments` varchar(64) NULL,
          `updated_on` timestamp NOT NULL DEFAULT current_timestamp(),
          PRIMARY KEY (Id)
          );')
 4 APPPATH\Models\LoanModel.php(80): CodeIgniter\Database\BaseConnection->query('CREATE TABLE tab_63112FUND1496 (
            `Id` int(11) NOT NULL AUTO_INCREMENT,
          `transactionDate` timestamp NOT NULL DEFAULT current_timestamp(),
          `valueDate` varchar(28) NOT NULL,
          `valueDateStamp` varchar(28) NOT NULL,
          `reference` varchar(4) NOT NULL DEFAULT \'N\',
          `emi` varchar(18) DEFAULT 0 NULL,
          `debit` varchar(18) DEFAULT 0 NULL,
          `credit` varchar(18) DEFAULT 0 NULL,
          `balance` varchar(18) NOT NULL,
          `orderId` varchar(64) NULL,
          `paymentSession` varchar(256) NULL,
          `paymentStatus` varchar(64) NULL,
          `transactionId` varchar(64) NULL,
          `comments` varchar(64) NULL,
          `updated_on` timestamp NOT NULL DEFAULT current_timestamp(),
          PRIMARY KEY (Id)
          );')
 5 APPPATH\Controllers\LoanApi.php(84): App\Models\LoanModel->create('tab_63112FUND1496')
 6 SYSTEMPATH\CodeIgniter.php(941): App\Controllers\LoanApi->update_of_loan()
 7 SYSTEMPATH\CodeIgniter.php(502): CodeIgniter\CodeIgniter->runController(Object(App\Controllers\LoanApi))
 8 SYSTEMPATH\CodeIgniter.php(361): CodeIgniter\CodeIgniter->handleRequest(null, Object(Config\Cache), false)
 9 FCPATH\index.php(79): CodeIgniter\CodeIgniter->run()
10 SYSTEMPATH\Commands\Server\rewrite.php(47): require_once('C:\\xampp\\htdocs\\www\\mfiCRM\\public\\index.php')
INFO - 2025-05-02 12:34:59 --> Session: Class initialized using 'CodeIgniter\Session\Handlers\FileHandler' driver.
INFO - 2025-05-02 12:34:59 --> Session: Class initialized using 'CodeIgniter\Session\Handlers\FileHandler' driver.
INFO - 2025-05-02 12:35:41 --> Session: Class initialized using 'CodeIgniter\Session\Handlers\FileHandler' driver.
INFO - 2025-05-02 12:35:44 --> Session: Class initialized using 'CodeIgniter\Session\Handlers\FileHandler' driver.
INFO - 2025-05-02 12:35:45 --> Session: Class initialized using 'CodeIgniter\Session\Handlers\FileHandler' driver.
INFO - 2025-05-02 12:36:04 --> Session: Class initialized using 'CodeIgniter\Session\Handlers\FileHandler' driver.
INFO - 2025-05-02 12:36:05 --> Session: Class initialized using 'CodeIgniter\Session\Handlers\FileHandler' driver.
INFO - 2025-05-02 12:36:37 --> Session: Class initialized using 'CodeIgniter\Session\Handlers\FileHandler' driver.
CRITICAL - 2025-05-02 12:36:38 --> ErrorException: Undefined variable $builder
in APPPATH\Views\payment_conf.php on line 51.
 1 APPPATH\Views\payment_conf.php(51): CodeIgniter\Debug\Exceptions->errorHandler(2, 'Undefined variable $builder', 'C:\\xampp\\htdocs\\www\\mfiCRM\\app\\Views\\payment_conf.php', 51)
 2 SYSTEMPATH\View\View.php(228): include('C:\\xampp\\htdocs\\www\\mfiCRM\\app\\Views\\payment_conf.php')
 3 SYSTEMPATH\View\View.php(231): CodeIgniter\View\View->CodeIgniter\View\{closure}()
 4 SYSTEMPATH\Common.php(1178): CodeIgniter\View\View->render('payment_conf', [], true)
 5 APPPATH\Controllers\PaymentController.php(95): view('payment_conf')
 6 SYSTEMPATH\CodeIgniter.php(941): App\Controllers\PaymentController->pay_conf()
 7 SYSTEMPATH\CodeIgniter.php(502): CodeIgniter\CodeIgniter->runController(Object(App\Controllers\PaymentController))
 8 SYSTEMPATH\CodeIgniter.php(361): CodeIgniter\CodeIgniter->handleRequest(null, Object(Config\Cache), false)
 9 FCPATH\index.php(79): CodeIgniter\CodeIgniter->run()
10 SYSTEMPATH\Commands\Server\rewrite.php(47): require_once('C:\\xampp\\htdocs\\www\\mfiCRM\\public\\index.php')
INFO - 2025-05-02 12:37:14 --> Session: Class initialized using 'CodeIgniter\Session\Handlers\FileHandler' driver.
CRITICAL - 2025-05-02 12:37:16 --> TypeError: Unsupported operand types: string - string
in APPPATH\Views\payment_conf.php on line 72.
 1 SYSTEMPATH\View\View.php(228): include()
 2 SYSTEMPATH\View\View.php(231): CodeIgniter\View\View->CodeIgniter\View\{closure}()
 3 SYSTEMPATH\Common.php(1178): CodeIgniter\View\View->render('payment_conf', [], true)
 4 APPPATH\Controllers\PaymentController.php(95): view('payment_conf')
 5 SYSTEMPATH\CodeIgniter.php(941): App\Controllers\PaymentController->pay_conf()
 6 SYSTEMPATH\CodeIgniter.php(502): CodeIgniter\CodeIgniter->runController(Object(App\Controllers\PaymentController))
 7 SYSTEMPATH\CodeIgniter.php(361): CodeIgniter\CodeIgniter->handleRequest(null, Object(Config\Cache), false)
 8 FCPATH\index.php(79): CodeIgniter\CodeIgniter->run()
 9 SYSTEMPATH\Commands\Server\rewrite.php(47): require_once('C:\\xampp\\htdocs\\www\\mfiCRM\\public\\index.php')
INFO - 2025-05-02 12:46:39 --> Session: Class initialized using 'CodeIgniter\Session\Handlers\FileHandler' driver.
INFO - 2025-05-02 12:47:57 --> Session: Class initialized using 'CodeIgniter\Session\Handlers\FileHandler' driver.
INFO - 2025-05-02 12:47:58 --> Session: Class initialized using 'CodeIgniter\Session\Handlers\FileHandler' driver.
INFO - 2025-05-02 12:48:03 --> Session: Class initialized using 'CodeIgniter\Session\Handlers\FileHandler' driver.
INFO - 2025-05-02 12:48:03 --> Session: Class initialized using 'CodeIgniter\Session\Handlers\FileHandler' driver.
INFO - 2025-05-02 12:48:23 --> Session: Class initialized using 'CodeIgniter\Session\Handlers\FileHandler' driver.
INFO - 2025-05-02 12:48:26 --> Session: Class initialized using 'CodeIgniter\Session\Handlers\FileHandler' driver.
INFO - 2025-05-02 12:48:27 --> Session: Class initialized using 'CodeIgniter\Session\Handlers\FileHandler' driver.
INFO - 2025-05-02 12:49:14 --> Session: Class initialized using 'CodeIgniter\Session\Handlers\FileHandler' driver.
INFO - 2025-05-02 12:49:15 --> Session: Class initialized using 'CodeIgniter\Session\Handlers\FileHandler' driver.
INFO - 2025-05-02 12:50:15 --> Session: Class initialized using 'CodeIgniter\Session\Handlers\FileHandler' driver.
INFO - 2025-05-02 12:51:09 --> Session: Class initialized using 'CodeIgniter\Session\Handlers\FileHandler' driver.
INFO - 2025-05-02 12:51:10 --> Session: Class initialized using 'CodeIgniter\Session\Handlers\FileHandler' driver.
INFO - 2025-05-02 12:51:31 --> Session: Class initialized using 'CodeIgniter\Session\Handlers\FileHandler' driver.
