INFO - 2025-05-28 05:19:39 --> Session: Class initialized using 'CodeIgniter\Session\Handlers\FileHandler' driver.
INFO - 2025-05-28 05:20:28 --> Session: Class initialized using 'CodeIgniter\Session\Handlers\FileHandler' driver.
INFO - 2025-05-28 05:20:29 --> Session: Class initialized using 'CodeIgniter\Session\Handlers\FileHandler' driver.
INFO - 2025-05-28 06:06:38 --> Session: Class initialized using 'CodeIgniter\Session\Handlers\FileHandler' driver.
INFO - 2025-05-28 06:06:43 --> Session: Class initialized using 'CodeIgniter\Session\Handlers\FileHandler' driver.
INFO - 2025-05-28 06:06:44 --> Session: Class initialized using 'CodeIgniter\Session\Handlers\FileHandler' driver.
WARNING - 2025-05-28 07:59:19 --> [DEPRECATED] number_format(): Passing null to parameter #1 ($num) of type float is deprecated in APPPATH\Controllers\PaymentController.php on line 91.
 1 APPPATH\Controllers\PaymentController.php(91): number_format(null)
 2 SYSTEMPATH\CodeIgniter.php(941): App\Controllers\PaymentController->generate_order()
 3 SYSTEMPATH\CodeIgniter.php(502): CodeIgniter\CodeIgniter->runController(Object(App\Controllers\PaymentController))
 4 SYSTEMPATH\CodeIgniter.php(361): CodeIgniter\CodeIgniter->handleRequest(null, Object(Config\Cache), false)
 5 FCPATH\index.php(79): CodeIgniter\CodeIgniter->run()
 6 SYSTEMPATH\Commands\Server\rewrite.php(47): require_once('C:\\xampp\\htdocs\\www\\mfiCRM\\public\\index.php')
CRITICAL - 2025-05-28 07:59:22 --> ErrorException: Undefined array key "payment_session_id"
in APPPATH\Controllers\PaymentController.php on line 141.
 1 APPPATH\Controllers\PaymentController.php(141): CodeIgniter\Debug\Exceptions->errorHandler(2, 'Undefined array key "payment_session_id"', 'C:\\xampp\\htdocs\\www\\mfiCRM\\app\\Controllers\\PaymentController.php', 141)
 2 SYSTEMPATH\CodeIgniter.php(941): App\Controllers\PaymentController->generate_order()
 3 SYSTEMPATH\CodeIgniter.php(502): CodeIgniter\CodeIgniter->runController(Object(App\Controllers\PaymentController))
 4 SYSTEMPATH\CodeIgniter.php(361): CodeIgniter\CodeIgniter->handleRequest(null, Object(Config\Cache), false)
 5 FCPATH\index.php(79): CodeIgniter\CodeIgniter->run()
 6 SYSTEMPATH\Commands\Server\rewrite.php(47): require_once('C:\\xampp\\htdocs\\www\\mfiCRM\\public\\index.php')
WARNING - 2025-05-28 08:00:06 --> [DEPRECATED] number_format(): Passing null to parameter #1 ($num) of type float is deprecated in APPPATH\Controllers\PaymentController.php on line 91.
 1 APPPATH\Controllers\PaymentController.php(91): number_format(null)
 2 SYSTEMPATH\CodeIgniter.php(941): App\Controllers\PaymentController->generate_order()
 3 SYSTEMPATH\CodeIgniter.php(502): CodeIgniter\CodeIgniter->runController(Object(App\Controllers\PaymentController))
 4 SYSTEMPATH\CodeIgniter.php(361): CodeIgniter\CodeIgniter->handleRequest(null, Object(Config\Cache), false)
 5 FCPATH\index.php(79): CodeIgniter\CodeIgniter->run()
 6 SYSTEMPATH\Commands\Server\rewrite.php(47): require_once('C:\\xampp\\htdocs\\www\\mfiCRM\\public\\index.php')
CRITICAL - 2025-05-28 08:00:08 --> ErrorException: Undefined array key "payment_session_id"
in APPPATH\Controllers\PaymentController.php on line 141.
 1 APPPATH\Controllers\PaymentController.php(141): CodeIgniter\Debug\Exceptions->errorHandler(2, 'Undefined array key "payment_session_id"', 'C:\\xampp\\htdocs\\www\\mfiCRM\\app\\Controllers\\PaymentController.php', 141)
 2 SYSTEMPATH\CodeIgniter.php(941): App\Controllers\PaymentController->generate_order()
 3 SYSTEMPATH\CodeIgniter.php(502): CodeIgniter\CodeIgniter->runController(Object(App\Controllers\PaymentController))
 4 SYSTEMPATH\CodeIgniter.php(361): CodeIgniter\CodeIgniter->handleRequest(null, Object(Config\Cache), false)
 5 FCPATH\index.php(79): CodeIgniter\CodeIgniter->run()
 6 SYSTEMPATH\Commands\Server\rewrite.php(47): require_once('C:\\xampp\\htdocs\\www\\mfiCRM\\public\\index.php')
WARNING - 2025-05-28 08:00:49 --> [DEPRECATED] number_format(): Passing null to parameter #1 ($num) of type float is deprecated in APPPATH\Controllers\PaymentController.php on line 91.
 1 APPPATH\Controllers\PaymentController.php(91): number_format(null)
 2 SYSTEMPATH\CodeIgniter.php(941): App\Controllers\PaymentController->generate_order()
 3 SYSTEMPATH\CodeIgniter.php(502): CodeIgniter\CodeIgniter->runController(Object(App\Controllers\PaymentController))
 4 SYSTEMPATH\CodeIgniter.php(361): CodeIgniter\CodeIgniter->handleRequest(null, Object(Config\Cache), false)
 5 FCPATH\index.php(79): CodeIgniter\CodeIgniter->run()
 6 SYSTEMPATH\Commands\Server\rewrite.php(47): require_once('C:\\xampp\\htdocs\\www\\mfiCRM\\public\\index.php')
CRITICAL - 2025-05-28 08:09:16 --> ErrorException: Undefined array key "payment_session_id"
in APPPATH\Controllers\PaymentController.php on line 134.
 1 APPPATH\Controllers\PaymentController.php(134): CodeIgniter\Debug\Exceptions->errorHandler(2, 'Undefined array key "payment_session_id"', 'C:\\xampp\\htdocs\\www\\mfiCRM\\app\\Controllers\\PaymentController.php', 134)
 2 SYSTEMPATH\CodeIgniter.php(941): App\Controllers\PaymentController->generate_order()
 3 SYSTEMPATH\CodeIgniter.php(502): CodeIgniter\CodeIgniter->runController(Object(App\Controllers\PaymentController))
 4 SYSTEMPATH\CodeIgniter.php(361): CodeIgniter\CodeIgniter->handleRequest(null, Object(Config\Cache), false)
 5 FCPATH\index.php(79): CodeIgniter\CodeIgniter->run()
 6 SYSTEMPATH\Commands\Server\rewrite.php(47): require_once('C:\\xampp\\htdocs\\www\\mfiCRM\\public\\index.php')
CRITICAL - 2025-05-28 09:11:15 --> TypeError: App\Controllers\PaymentController::failForbidden(): Argument #1 ($description) must be of type string, array given, called in C:\xampp\htdocs\www\mfiCRM\app\Controllers\PaymentController.php on line 148
in SYSTEMPATH\API\ResponseTrait.php on line 207.
 1 APPPATH\Controllers\PaymentController.php(148): App\Controllers\PaymentController->failForbidden([...])
 2 SYSTEMPATH\CodeIgniter.php(941): App\Controllers\PaymentController->generate_order()
 3 SYSTEMPATH\CodeIgniter.php(502): CodeIgniter\CodeIgniter->runController(Object(App\Controllers\PaymentController))
 4 SYSTEMPATH\CodeIgniter.php(361): CodeIgniter\CodeIgniter->handleRequest(null, Object(Config\Cache), false)
 5 FCPATH\index.php(79): CodeIgniter\CodeIgniter->run()
 6 SYSTEMPATH\Commands\Server\rewrite.php(47): require_once('C:\\xampp\\htdocs\\www\\mfiCRM\\public\\index.php')
ERROR - 2025-05-28 10:04:19 --> mysqli_sql_exception: Table 'mfi.tab_' doesn't exist in C:\xampp\htdocs\www\mfiCRM\system\Database\MySQLi\Connection.php:306
Stack trace:
#0 C:\xampp\htdocs\www\mfiCRM\system\Database\MySQLi\Connection.php(306): mysqli->query('UPDATE `tab_` S...', 0)
#1 C:\xampp\htdocs\www\mfiCRM\system\Database\BaseConnection.php(693): CodeIgniter\Database\MySQLi\Connection->execute('UPDATE `tab_` S...')
#2 C:\xampp\htdocs\www\mfiCRM\system\Database\BaseConnection.php(607): CodeIgniter\Database\BaseConnection->simpleQuery('UPDATE `tab_` S...')
#3 C:\xampp\htdocs\www\mfiCRM\system\Database\BaseBuilder.php(2469): CodeIgniter\Database\BaseConnection->query('UPDATE `tab_` S...', Array, false)
#4 C:\xampp\htdocs\www\mfiCRM\app\Controllers\PaymentController.php(141): CodeIgniter\Database\BaseBuilder->update(Array)
#5 C:\xampp\htdocs\www\mfiCRM\system\CodeIgniter.php(941): App\Controllers\PaymentController->generate_order()
#6 C:\xampp\htdocs\www\mfiCRM\system\CodeIgniter.php(502): CodeIgniter\CodeIgniter->runController(Object(App\Controllers\PaymentController))
#7 C:\xampp\htdocs\www\mfiCRM\system\CodeIgniter.php(361): CodeIgniter\CodeIgniter->handleRequest(NULL, Object(Config\Cache), false)
#8 C:\xampp\htdocs\www\mfiCRM\public\index.php(79): CodeIgniter\CodeIgniter->run()
#9 C:\xampp\htdocs\www\mfiCRM\system\Commands\Server\rewrite.php(47): require_once('C:\\xampp\\htdocs...')
#10 {main}
CRITICAL - 2025-05-28 10:04:19 --> CodeIgniter\Database\Exceptions\DatabaseException: Table 'mfi.tab_' doesn't exist
in SYSTEMPATH\Database\BaseConnection.php on line 647.
 1 SYSTEMPATH\Database\BaseBuilder.php(2469): CodeIgniter\Database\BaseConnection->query('UPDATE `tab_` SET `paymentSession` = :paymentSession:, `orderId` = :orderId:, `paymentStatus` = :paymentStatus:, `updated_on` = :updated_on:
WHERE `reference` = :reference:', [...], false)
 2 APPPATH\Controllers\PaymentController.php(141): CodeIgniter\Database\BaseBuilder->update([...])
 3 SYSTEMPATH\CodeIgniter.php(941): App\Controllers\PaymentController->generate_order()
 4 SYSTEMPATH\CodeIgniter.php(502): CodeIgniter\CodeIgniter->runController(Object(App\Controllers\PaymentController))
 5 SYSTEMPATH\CodeIgniter.php(361): CodeIgniter\CodeIgniter->handleRequest(null, Object(Config\Cache), false)
 6 FCPATH\index.php(79): CodeIgniter\CodeIgniter->run()
 7 SYSTEMPATH\Commands\Server\rewrite.php(47): require_once('C:\\xampp\\htdocs\\www\\mfiCRM\\public\\index.php')
CRITICAL - 2025-05-28 10:04:19 --> [Caused by] CodeIgniter\Database\Exceptions\DatabaseException: Table 'mfi.tab_' doesn't exist
in SYSTEMPATH\Database\MySQLi\Connection.php on line 311.
 1 SYSTEMPATH\Database\BaseConnection.php(693): CodeIgniter\Database\MySQLi\Connection->execute('UPDATE `tab_` SET `paymentSession` = \'session_o6Poj1KtEWTLRiJLqWiFMrOPJv193pW6H9fkDjyjMnQcyit4FF7VFiQ93N_P6fyae0gCmZBTW4a-sKB9v_7_YrfFdEBQ8BMXGB2gyhVfhiBYGbrtCYsiH5f9BYyooApaymentpayment\', `orderId` = \'order_103714682xihAkPAWLWaSGiiiR9nckgQZtt\', `paymentStatus` = \'ACTIVE\', `updated_on` = \'2025-05-28 10:04:19\'
WHERE `reference` = \'Due\'')
 2 SYSTEMPATH\Database\BaseConnection.php(607): CodeIgniter\Database\BaseConnection->simpleQuery('UPDATE `tab_` SET `paymentSession` = \'session_o6Poj1KtEWTLRiJLqWiFMrOPJv193pW6H9fkDjyjMnQcyit4FF7VFiQ93N_P6fyae0gCmZBTW4a-sKB9v_7_YrfFdEBQ8BMXGB2gyhVfhiBYGbrtCYsiH5f9BYyooApaymentpayment\', `orderId` = \'order_103714682xihAkPAWLWaSGiiiR9nckgQZtt\', `paymentStatus` = \'ACTIVE\', `updated_on` = \'2025-05-28 10:04:19\'
WHERE `reference` = \'Due\'')
 3 SYSTEMPATH\Database\BaseBuilder.php(2469): CodeIgniter\Database\BaseConnection->query('UPDATE `tab_` SET `paymentSession` = :paymentSession:, `orderId` = :orderId:, `paymentStatus` = :paymentStatus:, `updated_on` = :updated_on:
WHERE `reference` = :reference:', [...], false)
 4 APPPATH\Controllers\PaymentController.php(141): CodeIgniter\Database\BaseBuilder->update([...])
 5 SYSTEMPATH\CodeIgniter.php(941): App\Controllers\PaymentController->generate_order()
 6 SYSTEMPATH\CodeIgniter.php(502): CodeIgniter\CodeIgniter->runController(Object(App\Controllers\PaymentController))
 7 SYSTEMPATH\CodeIgniter.php(361): CodeIgniter\CodeIgniter->handleRequest(null, Object(Config\Cache), false)
 8 FCPATH\index.php(79): CodeIgniter\CodeIgniter->run()
 9 SYSTEMPATH\Commands\Server\rewrite.php(47): require_once('C:\\xampp\\htdocs\\www\\mfiCRM\\public\\index.php')
CRITICAL - 2025-05-28 10:04:19 --> [Caused by] mysqli_sql_exception: Table 'mfi.tab_' doesn't exist
in SYSTEMPATH\Database\MySQLi\Connection.php on line 306.
 1 SYSTEMPATH\Database\MySQLi\Connection.php(306): mysqli->query('UPDATE `tab_` SET `paymentSession` = \'session_o6Poj1KtEWTLRiJLqWiFMrOPJv193pW6H9fkDjyjMnQcyit4FF7VFiQ93N_P6fyae0gCmZBTW4a-sKB9v_7_YrfFdEBQ8BMXGB2gyhVfhiBYGbrtCYsiH5f9BYyooApaymentpayment\', `orderId` = \'order_103714682xihAkPAWLWaSGiiiR9nckgQZtt\', `paymentStatus` = \'ACTIVE\', `updated_on` = \'2025-05-28 10:04:19\'
WHERE `reference` = \'Due\'', 0)
 2 SYSTEMPATH\Database\BaseConnection.php(693): CodeIgniter\Database\MySQLi\Connection->execute('UPDATE `tab_` SET `paymentSession` = \'session_o6Poj1KtEWTLRiJLqWiFMrOPJv193pW6H9fkDjyjMnQcyit4FF7VFiQ93N_P6fyae0gCmZBTW4a-sKB9v_7_YrfFdEBQ8BMXGB2gyhVfhiBYGbrtCYsiH5f9BYyooApaymentpayment\', `orderId` = \'order_103714682xihAkPAWLWaSGiiiR9nckgQZtt\', `paymentStatus` = \'ACTIVE\', `updated_on` = \'2025-05-28 10:04:19\'
WHERE `reference` = \'Due\'')
 3 SYSTEMPATH\Database\BaseConnection.php(607): CodeIgniter\Database\BaseConnection->simpleQuery('UPDATE `tab_` SET `paymentSession` = \'session_o6Poj1KtEWTLRiJLqWiFMrOPJv193pW6H9fkDjyjMnQcyit4FF7VFiQ93N_P6fyae0gCmZBTW4a-sKB9v_7_YrfFdEBQ8BMXGB2gyhVfhiBYGbrtCYsiH5f9BYyooApaymentpayment\', `orderId` = \'order_103714682xihAkPAWLWaSGiiiR9nckgQZtt\', `paymentStatus` = \'ACTIVE\', `updated_on` = \'2025-05-28 10:04:19\'
WHERE `reference` = \'Due\'')
 4 SYSTEMPATH\Database\BaseBuilder.php(2469): CodeIgniter\Database\BaseConnection->query('UPDATE `tab_` SET `paymentSession` = :paymentSession:, `orderId` = :orderId:, `paymentStatus` = :paymentStatus:, `updated_on` = :updated_on:
WHERE `reference` = :reference:', [...], false)
 5 APPPATH\Controllers\PaymentController.php(141): CodeIgniter\Database\BaseBuilder->update([...])
 6 SYSTEMPATH\CodeIgniter.php(941): App\Controllers\PaymentController->generate_order()
 7 SYSTEMPATH\CodeIgniter.php(502): CodeIgniter\CodeIgniter->runController(Object(App\Controllers\PaymentController))
 8 SYSTEMPATH\CodeIgniter.php(361): CodeIgniter\CodeIgniter->handleRequest(null, Object(Config\Cache), false)
 9 FCPATH\index.php(79): CodeIgniter\CodeIgniter->run()
10 SYSTEMPATH\Commands\Server\rewrite.php(47): require_once('C:\\xampp\\htdocs\\www\\mfiCRM\\public\\index.php')
