CRITICAL - 2024-01-08 07:18:54 --> CodeIgniter\View\Exceptions\ViewException: Invalid file: "welcome_message.php"
in SYSTEMPATH/Exceptions/FrameworkException.php on line 39.
 1 SYSTEMPATH/View/View.php(216): CodeIgniter\Exceptions\FrameworkException::forInvalidFile('welcome_message.php')
 2 SYSTEMPATH/Common.php(1178): CodeIgniter\View\View->render('welcome_message', [], true)
 3 APPPATH/Controllers/Home.php(9): view('welcome_message')
 4 SYSTEMPATH/CodeIgniter.php(941): App\Controllers\Home->index()
 5 SYSTEMPATH/CodeIgniter.php(502): CodeIgniter\CodeIgniter->runController(Object(App\Controllers\Home))
 6 SYSTEMPATH/CodeIgniter.php(361): CodeIgniter\CodeIgniter->handleRequest(null, Object(Config\Cache), false)
 7 FCPATH/index.php(79): CodeIgniter\CodeIgniter->run()
CRITICAL - 2024-01-08 07:23:57 --> CodeIgniter\HTTP\Exceptions\HTTPException: Request URI segment is out of range: "2"
in SYSTEMPATH/HTTP/URI.php on line 562.
 1 SYSTEMPATH/HTTP/URI.php(562): CodeIgniter\HTTP\Exceptions\HTTPException::forURISegmentOutOfRange(2)
 2 APPPATH/Views/login.php(34): CodeIgniter\HTTP\URI->getSegment(2)
 3 SYSTEMPATH/View/View.php(228): include('/opt/lampp/htdocs/taxConsultant/app/Views/login.php')
 4 SYSTEMPATH/View/View.php(231): CodeIgniter\View\View->CodeIgniter\View\{closure}()
 5 SYSTEMPATH/Common.php(1178): CodeIgniter\View\View->render('login', [], true)
 6 APPPATH/Controllers/Home.php(9): view('login')
 7 SYSTEMPATH/CodeIgniter.php(941): App\Controllers\Home->index()
 8 SYSTEMPATH/CodeIgniter.php(502): CodeIgniter\CodeIgniter->runController(Object(App\Controllers\Home))
 9 SYSTEMPATH/CodeIgniter.php(361): CodeIgniter\CodeIgniter->handleRequest(null, Object(Config\Cache), false)
10 FCPATH/index.php(79): CodeIgniter\CodeIgniter->run()
CRITICAL - 2024-01-08 07:24:06 --> CodeIgniter\HTTP\Exceptions\HTTPException: Request URI segment is out of range: "2"
in SYSTEMPATH/HTTP/URI.php on line 562.
 1 SYSTEMPATH/HTTP/URI.php(562): CodeIgniter\HTTP\Exceptions\HTTPException::forURISegmentOutOfRange(2)
 2 APPPATH/Views/login.php(34): CodeIgniter\HTTP\URI->getSegment(2)
 3 SYSTEMPATH/View/View.php(228): include('/opt/lampp/htdocs/taxConsultant/app/Views/login.php')
 4 SYSTEMPATH/View/View.php(231): CodeIgniter\View\View->CodeIgniter\View\{closure}()
 5 SYSTEMPATH/Common.php(1178): CodeIgniter\View\View->render('login', [], true)
 6 APPPATH/Controllers/Home.php(9): view('login')
 7 SYSTEMPATH/CodeIgniter.php(941): App\Controllers\Home->index()
 8 SYSTEMPATH/CodeIgniter.php(502): CodeIgniter\CodeIgniter->runController(Object(App\Controllers\Home))
 9 SYSTEMPATH/CodeIgniter.php(361): CodeIgniter\CodeIgniter->handleRequest(null, Object(Config\Cache), false)
10 FCPATH/index.php(79): CodeIgniter\CodeIgniter->run()
CRITICAL - 2024-01-08 07:25:05 --> CodeIgniter\HTTP\Exceptions\HTTPException: Request URI segment is out of range: "2"
in SYSTEMPATH/HTTP/URI.php on line 562.
 1 SYSTEMPATH/HTTP/URI.php(562): CodeIgniter\HTTP\Exceptions\HTTPException::forURISegmentOutOfRange(2)
 2 APPPATH/Views/login.php(34): CodeIgniter\HTTP\URI->getSegment(2)
 3 SYSTEMPATH/View/View.php(228): include('/opt/lampp/htdocs/taxConsultant/app/Views/login.php')
 4 SYSTEMPATH/View/View.php(231): CodeIgniter\View\View->CodeIgniter\View\{closure}()
 5 SYSTEMPATH/Common.php(1178): CodeIgniter\View\View->render('login', [], true)
 6 APPPATH/Controllers/Home.php(9): view('login')
 7 SYSTEMPATH/CodeIgniter.php(941): App\Controllers\Home->index()
 8 SYSTEMPATH/CodeIgniter.php(502): CodeIgniter\CodeIgniter->runController(Object(App\Controllers\Home))
 9 SYSTEMPATH/CodeIgniter.php(361): CodeIgniter\CodeIgniter->handleRequest(null, Object(Config\Cache), false)
10 FCPATH/index.php(79): CodeIgniter\CodeIgniter->run()
CRITICAL - 2024-01-08 07:32:26 --> ErrorException: Attempt to read property "username" on null
in APPPATH/Views/api/api_login.php on line 27.
 1 APPPATH/Views/api/api_login.php(27): CodeIgniter\Debug\Exceptions->errorHandler(2, 'Attempt to read property "username" on null', '/opt/lampp/htdocs/taxConsultant/app/Views/api/api_login.php', 27)
 2 SYSTEMPATH/View/View.php(228): include('/opt/lampp/htdocs/taxConsultant/app/Views/api/api_login.php')
 3 SYSTEMPATH/View/View.php(231): CodeIgniter\View\View->CodeIgniter\View\{closure}()
 4 SYSTEMPATH/Common.php(1178): CodeIgniter\View\View->render('api/api_login', [], true)
 5 APPPATH/Controllers/Home.php(13): view('api/api_login')
 6 SYSTEMPATH/CodeIgniter.php(941): App\Controllers\Home->api_v1_login()
 7 SYSTEMPATH/CodeIgniter.php(502): CodeIgniter\CodeIgniter->runController(Object(App\Controllers\Home))
 8 SYSTEMPATH/CodeIgniter.php(361): CodeIgniter\CodeIgniter->handleRequest(null, Object(Config\Cache), false)
 9 FCPATH/index.php(79): CodeIgniter\CodeIgniter->run()
CRITICAL - 2024-01-08 07:33:33 --> ErrorException: Attempt to read property "username" on null
in APPPATH/Views/api/api_login.php on line 27.
 1 APPPATH/Views/api/api_login.php(27): CodeIgniter\Debug\Exceptions->errorHandler(2, 'Attempt to read property "username" on null', '/opt/lampp/htdocs/taxConsultant/app/Views/api/api_login.php', 27)
 2 SYSTEMPATH/View/View.php(228): include('/opt/lampp/htdocs/taxConsultant/app/Views/api/api_login.php')
 3 SYSTEMPATH/View/View.php(231): CodeIgniter\View\View->CodeIgniter\View\{closure}()
 4 SYSTEMPATH/Common.php(1178): CodeIgniter\View\View->render('api/api_login', [], true)
 5 APPPATH/Controllers/Home.php(13): view('api/api_login')
 6 SYSTEMPATH/CodeIgniter.php(941): App\Controllers\Home->api_v1_login()
 7 SYSTEMPATH/CodeIgniter.php(502): CodeIgniter\CodeIgniter->runController(Object(App\Controllers\Home))
 8 SYSTEMPATH/CodeIgniter.php(361): CodeIgniter\CodeIgniter->handleRequest(null, Object(Config\Cache), false)
 9 FCPATH/index.php(79): CodeIgniter\CodeIgniter->run()
CRITICAL - 2024-01-08 07:36:46 --> ErrorException: Attempt to read property "username" on null
in APPPATH/Views/api/api_login.php on line 27.
 1 APPPATH/Views/api/api_login.php(27): CodeIgniter\Debug\Exceptions->errorHandler(2, 'Attempt to read property "username" on null', '/opt/lampp/htdocs/taxConsultant/app/Views/api/api_login.php', 27)
 2 SYSTEMPATH/View/View.php(228): include('/opt/lampp/htdocs/taxConsultant/app/Views/api/api_login.php')
 3 SYSTEMPATH/View/View.php(231): CodeIgniter\View\View->CodeIgniter\View\{closure}()
 4 SYSTEMPATH/Common.php(1178): CodeIgniter\View\View->render('api/api_login', [], true)
 5 APPPATH/Controllers/Home.php(13): view('api/api_login')
 6 SYSTEMPATH/CodeIgniter.php(941): App\Controllers\Home->api_v1_login()
 7 SYSTEMPATH/CodeIgniter.php(502): CodeIgniter\CodeIgniter->runController(Object(App\Controllers\Home))
 8 SYSTEMPATH/CodeIgniter.php(361): CodeIgniter\CodeIgniter->handleRequest(null, Object(Config\Cache), false)
 9 FCPATH/index.php(79): CodeIgniter\CodeIgniter->run()
CRITICAL - 2024-01-08 07:38:25 --> ErrorException: Attempt to read property "username" on null
in APPPATH/Views/api/api_login.php on line 27.
 1 APPPATH/Views/api/api_login.php(27): CodeIgniter\Debug\Exceptions->errorHandler(2, 'Attempt to read property "username" on null', '/opt/lampp/htdocs/taxConsultant/app/Views/api/api_login.php', 27)
 2 SYSTEMPATH/View/View.php(228): include('/opt/lampp/htdocs/taxConsultant/app/Views/api/api_login.php')
 3 SYSTEMPATH/View/View.php(231): CodeIgniter\View\View->CodeIgniter\View\{closure}()
 4 SYSTEMPATH/Common.php(1178): CodeIgniter\View\View->render('api/api_login', [], true)
 5 APPPATH/Controllers/Home.php(13): view('api/api_login')
 6 SYSTEMPATH/CodeIgniter.php(941): App\Controllers\Home->api_v1_login()
 7 SYSTEMPATH/CodeIgniter.php(502): CodeIgniter\CodeIgniter->runController(Object(App\Controllers\Home))
 8 SYSTEMPATH/CodeIgniter.php(361): CodeIgniter\CodeIgniter->handleRequest(null, Object(Config\Cache), false)
 9 FCPATH/index.php(79): CodeIgniter\CodeIgniter->run()
CRITICAL - 2024-01-08 07:41:20 --> ErrorException: Undefined property: stdClass::$uniqid
in APPPATH/Views/api/api_login.php on line 34.
 1 APPPATH/Views/api/api_login.php(34): CodeIgniter\Debug\Exceptions->errorHandler(2, 'Undefined property: stdClass::$uniqid', '/opt/lampp/htdocs/taxConsultant/app/Views/api/api_login.php', 34)
 2 SYSTEMPATH/View/View.php(228): include('/opt/lampp/htdocs/taxConsultant/app/Views/api/api_login.php')
 3 SYSTEMPATH/View/View.php(231): CodeIgniter\View\View->CodeIgniter\View\{closure}()
 4 SYSTEMPATH/Common.php(1178): CodeIgniter\View\View->render('api/api_login', [], true)
 5 APPPATH/Controllers/Home.php(13): view('api/api_login')
 6 SYSTEMPATH/CodeIgniter.php(941): App\Controllers\Home->api_v1_login()
 7 SYSTEMPATH/CodeIgniter.php(502): CodeIgniter\CodeIgniter->runController(Object(App\Controllers\Home))
 8 SYSTEMPATH/CodeIgniter.php(361): CodeIgniter\CodeIgniter->handleRequest(null, Object(Config\Cache), false)
 9 FCPATH/index.php(79): CodeIgniter\CodeIgniter->run()
CRITICAL - 2024-01-08 07:41:31 --> ErrorException: Undefined property: stdClass::$uniqid
in APPPATH/Views/api/api_login.php on line 34.
 1 APPPATH/Views/api/api_login.php(34): CodeIgniter\Debug\Exceptions->errorHandler(2, 'Undefined property: stdClass::$uniqid', '/opt/lampp/htdocs/taxConsultant/app/Views/api/api_login.php', 34)
 2 SYSTEMPATH/View/View.php(228): include('/opt/lampp/htdocs/taxConsultant/app/Views/api/api_login.php')
 3 SYSTEMPATH/View/View.php(231): CodeIgniter\View\View->CodeIgniter\View\{closure}()
 4 SYSTEMPATH/Common.php(1178): CodeIgniter\View\View->render('api/api_login', [], true)
 5 APPPATH/Controllers/Home.php(13): view('api/api_login')
 6 SYSTEMPATH/CodeIgniter.php(941): App\Controllers\Home->api_v1_login()
 7 SYSTEMPATH/CodeIgniter.php(502): CodeIgniter\CodeIgniter->runController(Object(App\Controllers\Home))
 8 SYSTEMPATH/CodeIgniter.php(361): CodeIgniter\CodeIgniter->handleRequest(null, Object(Config\Cache), false)
 9 FCPATH/index.php(79): CodeIgniter\CodeIgniter->run()
CRITICAL - 2024-01-08 07:43:09 --> ErrorException: Attempt to read property "username" on null
in APPPATH/Views/api/api_login.php on line 27.
 1 APPPATH/Views/api/api_login.php(27): CodeIgniter\Debug\Exceptions->errorHandler(2, 'Attempt to read property "username" on null', '/opt/lampp/htdocs/taxConsultant/app/Views/api/api_login.php', 27)
 2 SYSTEMPATH/View/View.php(228): include('/opt/lampp/htdocs/taxConsultant/app/Views/api/api_login.php')
 3 SYSTEMPATH/View/View.php(231): CodeIgniter\View\View->CodeIgniter\View\{closure}()
 4 SYSTEMPATH/Common.php(1178): CodeIgniter\View\View->render('api/api_login', [], true)
 5 APPPATH/Controllers/Home.php(13): view('api/api_login')
 6 SYSTEMPATH/CodeIgniter.php(941): App\Controllers\Home->api_v1_login()
 7 SYSTEMPATH/CodeIgniter.php(502): CodeIgniter\CodeIgniter->runController(Object(App\Controllers\Home))
 8 SYSTEMPATH/CodeIgniter.php(361): CodeIgniter\CodeIgniter->handleRequest(null, Object(Config\Cache), false)
 9 FCPATH/index.php(79): CodeIgniter\CodeIgniter->run()
ERROR - 2024-01-08 07:43:41 --> Error connecting to the database: mysqli_sql_exception: Access denied for user 'root'@'localhost' (using password: YES) in /opt/lampp/htdocs/taxConsultant/system/Database/MySQLi/Connection.php:185
Stack trace:
#0 /opt/lampp/htdocs/taxConsultant/system/Database/MySQLi/Connection.php(185): mysqli->real_connect('localhost', 'root', 'taxConsultant', '', 3306, '', 0)
#1 /opt/lampp/htdocs/taxConsultant/system/Database/BaseConnection.php(392): CodeIgniter\Database\MySQLi\Connection->connect(false)
#2 /opt/lampp/htdocs/taxConsultant/system/Database/BaseConnection.php(575): CodeIgniter\Database\BaseConnection->initialize()
#3 /opt/lampp/htdocs/taxConsultant/system/Database/BaseBuilder.php(2302): CodeIgniter\Database\BaseConnection->query('INSERT INTO `cu...', Array, false)
#4 /opt/lampp/htdocs/taxConsultant/app/Views/api/api_login.php(42): CodeIgniter\Database\BaseBuilder->insert(Array)
#5 /opt/lampp/htdocs/taxConsultant/system/View/View.php(228): include('/opt/lampp/htdo...')
#6 /opt/lampp/htdocs/taxConsultant/system/View/View.php(231): CodeIgniter\View\View->CodeIgniter\View\{closure}()
#7 /opt/lampp/htdocs/taxConsultant/system/Common.php(1178): CodeIgniter\View\View->render('api/api_login', Array, true)
#8 /opt/lampp/htdocs/taxConsultant/app/Controllers/Home.php(13): view('api/api_login')
#9 /opt/lampp/htdocs/taxConsultant/system/CodeIgniter.php(941): App\Controllers\Home->api_v1_login()
#10 /opt/lampp/htdocs/taxConsultant/system/CodeIgniter.php(502): CodeIgniter\CodeIgniter->runController(Object(App\Controllers\Home))
#11 /opt/lampp/htdocs/taxConsultant/system/CodeIgniter.php(361): CodeIgniter\CodeIgniter->handleRequest(NULL, Object(Config\Cache), false)
#12 /opt/lampp/htdocs/taxConsultant/tax/index.php(79): CodeIgniter\CodeIgniter->run()
#13 {main}

Next CodeIgniter\Database\Exceptions\DatabaseException: Access denied for user '****'@'localhost' (using password: YES) in /opt/lampp/htdocs/taxConsultant/system/Database/MySQLi/Connection.php:229
Stack trace:
#0 /opt/lampp/htdocs/taxConsultant/system/Database/BaseConnection.php(392): CodeIgniter\Database\MySQLi\Connection->connect(false)
#1 /opt/lampp/htdocs/taxConsultant/system/Database/BaseConnection.php(575): CodeIgniter\Database\BaseConnection->initialize()
#2 /opt/lampp/htdocs/taxConsultant/system/Database/BaseBuilder.php(2302): CodeIgniter\Database\BaseConnection->query('INSERT INTO `cu...', Array, false)
#3 /opt/lampp/htdocs/taxConsultant/app/Views/api/api_login.php(42): CodeIgniter\Database\BaseBuilder->insert(Array)
#4 /opt/lampp/htdocs/taxConsultant/system/View/View.php(228): include('/opt/lampp/htdo...')
#5 /opt/lampp/htdocs/taxConsultant/system/View/View.php(231): CodeIgniter\View\View->CodeIgniter\View\{closure}()
#6 /opt/lampp/htdocs/taxConsultant/system/Common.php(1178): CodeIgniter\View\View->render('api/api_login', Array, true)
#7 /opt/lampp/htdocs/taxConsultant/app/Controllers/Home.php(13): view('api/api_login')
#8 /opt/lampp/htdocs/taxConsultant/system/CodeIgniter.php(941): App\Controllers\Home->api_v1_login()
#9 /opt/lampp/htdocs/taxConsultant/system/CodeIgniter.php(502): CodeIgniter\CodeIgniter->runController(Object(App\Controllers\Home))
#10 /opt/lampp/htdocs/taxConsultant/system/CodeIgniter.php(361): CodeIgniter\CodeIgniter->handleRequest(NULL, Object(Config\Cache), false)
#11 /opt/lampp/htdocs/taxConsultant/tax/index.php(79): CodeIgniter\CodeIgniter->run()
#12 {main}
CRITICAL - 2024-01-08 07:43:41 --> CodeIgniter\Database\Exceptions\DatabaseException: Unable to connect to the database.
Main connection [MySQLi]: Access denied for user '****'@'localhost' (using password: YES)
in SYSTEMPATH/Database/BaseConnection.php on line 428.
 1 SYSTEMPATH/Database/BaseConnection.php(575): CodeIgniter\Database\BaseConnection->initialize()
 2 SYSTEMPATH/Database/BaseBuilder.php(2302): CodeIgniter\Database\BaseConnection->query('INSERT INTO `customerDetails` (`uniqid`, `loginWith`, `email`, `ipv`) VALUES (:uniqid:, :loginWith:, :email:, :ipv:)', [...], false)
 3 APPPATH/Views/api/api_login.php(42): CodeIgniter\Database\BaseBuilder->insert([...])
 4 SYSTEMPATH/View/View.php(228): include('/opt/lampp/htdocs/taxConsultant/app/Views/api/api_login.php')
 5 SYSTEMPATH/View/View.php(231): CodeIgniter\View\View->CodeIgniter\View\{closure}()
 6 SYSTEMPATH/Common.php(1178): CodeIgniter\View\View->render('api/api_login', [], true)
 7 APPPATH/Controllers/Home.php(13): view('api/api_login')
 8 SYSTEMPATH/CodeIgniter.php(941): App\Controllers\Home->api_v1_login()
 9 SYSTEMPATH/CodeIgniter.php(502): CodeIgniter\CodeIgniter->runController(Object(App\Controllers\Home))
10 SYSTEMPATH/CodeIgniter.php(361): CodeIgniter\CodeIgniter->handleRequest(null, Object(Config\Cache), false)
11 FCPATH/index.php(79): CodeIgniter\CodeIgniter->run()
ERROR - 2024-01-08 07:44:07 --> Error connecting to the database: mysqli_sql_exception: Access denied for user 'root'@'localhost' (using password: YES) in /opt/lampp/htdocs/taxConsultant/system/Database/MySQLi/Connection.php:185
Stack trace:
#0 /opt/lampp/htdocs/taxConsultant/system/Database/MySQLi/Connection.php(185): mysqli->real_connect('localhost', 'root', 'taxConsultant', '', 3306, '', 0)
#1 /opt/lampp/htdocs/taxConsultant/system/Database/BaseConnection.php(392): CodeIgniter\Database\MySQLi\Connection->connect(false)
#2 /opt/lampp/htdocs/taxConsultant/system/Database/BaseConnection.php(575): CodeIgniter\Database\BaseConnection->initialize()
#3 /opt/lampp/htdocs/taxConsultant/system/Database/BaseBuilder.php(2302): CodeIgniter\Database\BaseConnection->query('INSERT INTO `cu...', Array, false)
#4 /opt/lampp/htdocs/taxConsultant/app/Views/api/api_login.php(42): CodeIgniter\Database\BaseBuilder->insert(Array)
#5 /opt/lampp/htdocs/taxConsultant/system/View/View.php(228): include('/opt/lampp/htdo...')
#6 /opt/lampp/htdocs/taxConsultant/system/View/View.php(231): CodeIgniter\View\View->CodeIgniter\View\{closure}()
#7 /opt/lampp/htdocs/taxConsultant/system/Common.php(1178): CodeIgniter\View\View->render('api/api_login', Array, true)
#8 /opt/lampp/htdocs/taxConsultant/app/Controllers/Home.php(13): view('api/api_login')
#9 /opt/lampp/htdocs/taxConsultant/system/CodeIgniter.php(941): App\Controllers\Home->api_v1_login()
#10 /opt/lampp/htdocs/taxConsultant/system/CodeIgniter.php(502): CodeIgniter\CodeIgniter->runController(Object(App\Controllers\Home))
#11 /opt/lampp/htdocs/taxConsultant/system/CodeIgniter.php(361): CodeIgniter\CodeIgniter->handleRequest(NULL, Object(Config\Cache), false)
#12 /opt/lampp/htdocs/taxConsultant/tax/index.php(79): CodeIgniter\CodeIgniter->run()
#13 {main}

Next CodeIgniter\Database\Exceptions\DatabaseException: Access denied for user '****'@'localhost' (using password: YES) in /opt/lampp/htdocs/taxConsultant/system/Database/MySQLi/Connection.php:229
Stack trace:
#0 /opt/lampp/htdocs/taxConsultant/system/Database/BaseConnection.php(392): CodeIgniter\Database\MySQLi\Connection->connect(false)
#1 /opt/lampp/htdocs/taxConsultant/system/Database/BaseConnection.php(575): CodeIgniter\Database\BaseConnection->initialize()
#2 /opt/lampp/htdocs/taxConsultant/system/Database/BaseBuilder.php(2302): CodeIgniter\Database\BaseConnection->query('INSERT INTO `cu...', Array, false)
#3 /opt/lampp/htdocs/taxConsultant/app/Views/api/api_login.php(42): CodeIgniter\Database\BaseBuilder->insert(Array)
#4 /opt/lampp/htdocs/taxConsultant/system/View/View.php(228): include('/opt/lampp/htdo...')
#5 /opt/lampp/htdocs/taxConsultant/system/View/View.php(231): CodeIgniter\View\View->CodeIgniter\View\{closure}()
#6 /opt/lampp/htdocs/taxConsultant/system/Common.php(1178): CodeIgniter\View\View->render('api/api_login', Array, true)
#7 /opt/lampp/htdocs/taxConsultant/app/Controllers/Home.php(13): view('api/api_login')
#8 /opt/lampp/htdocs/taxConsultant/system/CodeIgniter.php(941): App\Controllers\Home->api_v1_login()
#9 /opt/lampp/htdocs/taxConsultant/system/CodeIgniter.php(502): CodeIgniter\CodeIgniter->runController(Object(App\Controllers\Home))
#10 /opt/lampp/htdocs/taxConsultant/system/CodeIgniter.php(361): CodeIgniter\CodeIgniter->handleRequest(NULL, Object(Config\Cache), false)
#11 /opt/lampp/htdocs/taxConsultant/tax/index.php(79): CodeIgniter\CodeIgniter->run()
#12 {main}
CRITICAL - 2024-01-08 07:44:07 --> CodeIgniter\Database\Exceptions\DatabaseException: Unable to connect to the database.
Main connection [MySQLi]: Access denied for user '****'@'localhost' (using password: YES)
in SYSTEMPATH/Database/BaseConnection.php on line 428.
 1 SYSTEMPATH/Database/BaseConnection.php(575): CodeIgniter\Database\BaseConnection->initialize()
 2 SYSTEMPATH/Database/BaseBuilder.php(2302): CodeIgniter\Database\BaseConnection->query('INSERT INTO `customerDetails` (`uniqid`, `loginWith`, `email`, `ipv`) VALUES (:uniqid:, :loginWith:, :email:, :ipv:)', [...], false)
 3 APPPATH/Views/api/api_login.php(42): CodeIgniter\Database\BaseBuilder->insert([...])
 4 SYSTEMPATH/View/View.php(228): include('/opt/lampp/htdocs/taxConsultant/app/Views/api/api_login.php')
 5 SYSTEMPATH/View/View.php(231): CodeIgniter\View\View->CodeIgniter\View\{closure}()
 6 SYSTEMPATH/Common.php(1178): CodeIgniter\View\View->render('api/api_login', [], true)
 7 APPPATH/Controllers/Home.php(13): view('api/api_login')
 8 SYSTEMPATH/CodeIgniter.php(941): App\Controllers\Home->api_v1_login()
 9 SYSTEMPATH/CodeIgniter.php(502): CodeIgniter\CodeIgniter->runController(Object(App\Controllers\Home))
10 SYSTEMPATH/CodeIgniter.php(361): CodeIgniter\CodeIgniter->handleRequest(null, Object(Config\Cache), false)
11 FCPATH/index.php(79): CodeIgniter\CodeIgniter->run()
ERROR - 2024-01-08 07:47:28 --> Error connecting to the database: mysqli_sql_exception: Access denied for user 'root'@'localhost' (using password: YES) in /opt/lampp/htdocs/taxConsultant/system/Database/MySQLi/Connection.php:185
Stack trace:
#0 /opt/lampp/htdocs/taxConsultant/system/Database/MySQLi/Connection.php(185): mysqli->real_connect('localhost', 'root', 'taxConsultant', '', 3306, '', 0)
#1 /opt/lampp/htdocs/taxConsultant/system/Database/BaseConnection.php(392): CodeIgniter\Database\MySQLi\Connection->connect(false)
#2 /opt/lampp/htdocs/taxConsultant/system/Database/BaseConnection.php(575): CodeIgniter\Database\BaseConnection->initialize()
#3 /opt/lampp/htdocs/taxConsultant/system/Database/BaseBuilder.php(2302): CodeIgniter\Database\BaseConnection->query('INSERT INTO `cu...', Array, false)
#4 /opt/lampp/htdocs/taxConsultant/app/Views/api/api_login.php(42): CodeIgniter\Database\BaseBuilder->insert(Array)
#5 /opt/lampp/htdocs/taxConsultant/system/View/View.php(228): include('/opt/lampp/htdo...')
#6 /opt/lampp/htdocs/taxConsultant/system/View/View.php(231): CodeIgniter\View\View->CodeIgniter\View\{closure}()
#7 /opt/lampp/htdocs/taxConsultant/system/Common.php(1178): CodeIgniter\View\View->render('api/api_login', Array, true)
#8 /opt/lampp/htdocs/taxConsultant/app/Controllers/Home.php(13): view('api/api_login')
#9 /opt/lampp/htdocs/taxConsultant/system/CodeIgniter.php(941): App\Controllers\Home->api_v1_login()
#10 /opt/lampp/htdocs/taxConsultant/system/CodeIgniter.php(502): CodeIgniter\CodeIgniter->runController(Object(App\Controllers\Home))
#11 /opt/lampp/htdocs/taxConsultant/system/CodeIgniter.php(361): CodeIgniter\CodeIgniter->handleRequest(NULL, Object(Config\Cache), false)
#12 /opt/lampp/htdocs/taxConsultant/tax/index.php(79): CodeIgniter\CodeIgniter->run()
#13 {main}

Next CodeIgniter\Database\Exceptions\DatabaseException: Access denied for user '****'@'localhost' (using password: YES) in /opt/lampp/htdocs/taxConsultant/system/Database/MySQLi/Connection.php:229
Stack trace:
#0 /opt/lampp/htdocs/taxConsultant/system/Database/BaseConnection.php(392): CodeIgniter\Database\MySQLi\Connection->connect(false)
#1 /opt/lampp/htdocs/taxConsultant/system/Database/BaseConnection.php(575): CodeIgniter\Database\BaseConnection->initialize()
#2 /opt/lampp/htdocs/taxConsultant/system/Database/BaseBuilder.php(2302): CodeIgniter\Database\BaseConnection->query('INSERT INTO `cu...', Array, false)
#3 /opt/lampp/htdocs/taxConsultant/app/Views/api/api_login.php(42): CodeIgniter\Database\BaseBuilder->insert(Array)
#4 /opt/lampp/htdocs/taxConsultant/system/View/View.php(228): include('/opt/lampp/htdo...')
#5 /opt/lampp/htdocs/taxConsultant/system/View/View.php(231): CodeIgniter\View\View->CodeIgniter\View\{closure}()
#6 /opt/lampp/htdocs/taxConsultant/system/Common.php(1178): CodeIgniter\View\View->render('api/api_login', Array, true)
#7 /opt/lampp/htdocs/taxConsultant/app/Controllers/Home.php(13): view('api/api_login')
#8 /opt/lampp/htdocs/taxConsultant/system/CodeIgniter.php(941): App\Controllers\Home->api_v1_login()
#9 /opt/lampp/htdocs/taxConsultant/system/CodeIgniter.php(502): CodeIgniter\CodeIgniter->runController(Object(App\Controllers\Home))
#10 /opt/lampp/htdocs/taxConsultant/system/CodeIgniter.php(361): CodeIgniter\CodeIgniter->handleRequest(NULL, Object(Config\Cache), false)
#11 /opt/lampp/htdocs/taxConsultant/tax/index.php(79): CodeIgniter\CodeIgniter->run()
#12 {main}
CRITICAL - 2024-01-08 07:47:28 --> CodeIgniter\Database\Exceptions\DatabaseException: Unable to connect to the database.
Main connection [MySQLi]: Access denied for user '****'@'localhost' (using password: YES)
in SYSTEMPATH/Database/BaseConnection.php on line 428.
 1 SYSTEMPATH/Database/BaseConnection.php(575): CodeIgniter\Database\BaseConnection->initialize()
 2 SYSTEMPATH/Database/BaseBuilder.php(2302): CodeIgniter\Database\BaseConnection->query('INSERT INTO `customerDetails` (`uniqid`, `loginWith`, `email`, `ipv`) VALUES (:uniqid:, :loginWith:, :email:, :ipv:)', [...], false)
 3 APPPATH/Views/api/api_login.php(42): CodeIgniter\Database\BaseBuilder->insert([...])
 4 SYSTEMPATH/View/View.php(228): include('/opt/lampp/htdocs/taxConsultant/app/Views/api/api_login.php')
 5 SYSTEMPATH/View/View.php(231): CodeIgniter\View\View->CodeIgniter\View\{closure}()
 6 SYSTEMPATH/Common.php(1178): CodeIgniter\View\View->render('api/api_login', [], true)
 7 APPPATH/Controllers/Home.php(13): view('api/api_login')
 8 SYSTEMPATH/CodeIgniter.php(941): App\Controllers\Home->api_v1_login()
 9 SYSTEMPATH/CodeIgniter.php(502): CodeIgniter\CodeIgniter->runController(Object(App\Controllers\Home))
10 SYSTEMPATH/CodeIgniter.php(361): CodeIgniter\CodeIgniter->handleRequest(null, Object(Config\Cache), false)
11 FCPATH/index.php(79): CodeIgniter\CodeIgniter->run()
ERROR - 2024-01-08 07:47:47 --> Error connecting to the database: mysqli_sql_exception: Access denied for user 'root'@'localhost' (using password: YES) in /opt/lampp/htdocs/taxConsultant/system/Database/MySQLi/Connection.php:185
Stack trace:
#0 /opt/lampp/htdocs/taxConsultant/system/Database/MySQLi/Connection.php(185): mysqli->real_connect('localhost', 'root', 'taxConsultant', '', 3306, '', 0)
#1 /opt/lampp/htdocs/taxConsultant/system/Database/BaseConnection.php(392): CodeIgniter\Database\MySQLi\Connection->connect(false)
#2 /opt/lampp/htdocs/taxConsultant/system/Database/BaseConnection.php(575): CodeIgniter\Database\BaseConnection->initialize()
#3 /opt/lampp/htdocs/taxConsultant/system/Database/BaseBuilder.php(2302): CodeIgniter\Database\BaseConnection->query('INSERT INTO `cu...', Array, false)
#4 /opt/lampp/htdocs/taxConsultant/app/Views/api/api_login.php(42): CodeIgniter\Database\BaseBuilder->insert(Array)
#5 /opt/lampp/htdocs/taxConsultant/system/View/View.php(228): include('/opt/lampp/htdo...')
#6 /opt/lampp/htdocs/taxConsultant/system/View/View.php(231): CodeIgniter\View\View->CodeIgniter\View\{closure}()
#7 /opt/lampp/htdocs/taxConsultant/system/Common.php(1178): CodeIgniter\View\View->render('api/api_login', Array, true)
#8 /opt/lampp/htdocs/taxConsultant/app/Controllers/Home.php(13): view('api/api_login')
#9 /opt/lampp/htdocs/taxConsultant/system/CodeIgniter.php(941): App\Controllers\Home->api_v1_login()
#10 /opt/lampp/htdocs/taxConsultant/system/CodeIgniter.php(502): CodeIgniter\CodeIgniter->runController(Object(App\Controllers\Home))
#11 /opt/lampp/htdocs/taxConsultant/system/CodeIgniter.php(361): CodeIgniter\CodeIgniter->handleRequest(NULL, Object(Config\Cache), false)
#12 /opt/lampp/htdocs/taxConsultant/tax/index.php(79): CodeIgniter\CodeIgniter->run()
#13 {main}

Next CodeIgniter\Database\Exceptions\DatabaseException: Access denied for user '****'@'localhost' (using password: YES) in /opt/lampp/htdocs/taxConsultant/system/Database/MySQLi/Connection.php:229
Stack trace:
#0 /opt/lampp/htdocs/taxConsultant/system/Database/BaseConnection.php(392): CodeIgniter\Database\MySQLi\Connection->connect(false)
#1 /opt/lampp/htdocs/taxConsultant/system/Database/BaseConnection.php(575): CodeIgniter\Database\BaseConnection->initialize()
#2 /opt/lampp/htdocs/taxConsultant/system/Database/BaseBuilder.php(2302): CodeIgniter\Database\BaseConnection->query('INSERT INTO `cu...', Array, false)
#3 /opt/lampp/htdocs/taxConsultant/app/Views/api/api_login.php(42): CodeIgniter\Database\BaseBuilder->insert(Array)
#4 /opt/lampp/htdocs/taxConsultant/system/View/View.php(228): include('/opt/lampp/htdo...')
#5 /opt/lampp/htdocs/taxConsultant/system/View/View.php(231): CodeIgniter\View\View->CodeIgniter\View\{closure}()
#6 /opt/lampp/htdocs/taxConsultant/system/Common.php(1178): CodeIgniter\View\View->render('api/api_login', Array, true)
#7 /opt/lampp/htdocs/taxConsultant/app/Controllers/Home.php(13): view('api/api_login')
#8 /opt/lampp/htdocs/taxConsultant/system/CodeIgniter.php(941): App\Controllers\Home->api_v1_login()
#9 /opt/lampp/htdocs/taxConsultant/system/CodeIgniter.php(502): CodeIgniter\CodeIgniter->runController(Object(App\Controllers\Home))
#10 /opt/lampp/htdocs/taxConsultant/system/CodeIgniter.php(361): CodeIgniter\CodeIgniter->handleRequest(NULL, Object(Config\Cache), false)
#11 /opt/lampp/htdocs/taxConsultant/tax/index.php(79): CodeIgniter\CodeIgniter->run()
#12 {main}
CRITICAL - 2024-01-08 07:47:47 --> CodeIgniter\Database\Exceptions\DatabaseException: Unable to connect to the database.
Main connection [MySQLi]: Access denied for user '****'@'localhost' (using password: YES)
in SYSTEMPATH/Database/BaseConnection.php on line 428.
 1 SYSTEMPATH/Database/BaseConnection.php(575): CodeIgniter\Database\BaseConnection->initialize()
 2 SYSTEMPATH/Database/BaseBuilder.php(2302): CodeIgniter\Database\BaseConnection->query('INSERT INTO `customerDetails` (`uniqid`, `loginWith`, `email`, `ipv`) VALUES (:uniqid:, :loginWith:, :email:, :ipv:)', [...], false)
 3 APPPATH/Views/api/api_login.php(42): CodeIgniter\Database\BaseBuilder->insert([...])
 4 SYSTEMPATH/View/View.php(228): include('/opt/lampp/htdocs/taxConsultant/app/Views/api/api_login.php')
 5 SYSTEMPATH/View/View.php(231): CodeIgniter\View\View->CodeIgniter\View\{closure}()
 6 SYSTEMPATH/Common.php(1178): CodeIgniter\View\View->render('api/api_login', [], true)
 7 APPPATH/Controllers/Home.php(13): view('api/api_login')
 8 SYSTEMPATH/CodeIgniter.php(941): App\Controllers\Home->api_v1_login()
 9 SYSTEMPATH/CodeIgniter.php(502): CodeIgniter\CodeIgniter->runController(Object(App\Controllers\Home))
10 SYSTEMPATH/CodeIgniter.php(361): CodeIgniter\CodeIgniter->handleRequest(null, Object(Config\Cache), false)
11 FCPATH/index.php(79): CodeIgniter\CodeIgniter->run()
CRITICAL - 2024-01-08 07:48:37 --> ErrorException: Attempt to read property "uniqid" on array
in APPPATH/Views/api/api_login.php on line 44.
 1 APPPATH/Views/api/api_login.php(44): CodeIgniter\Debug\Exceptions->errorHandler(2, 'Attempt to read property "uniqid" on array', '/opt/lampp/htdocs/taxConsultant/app/Views/api/api_login.php', 44)
 2 SYSTEMPATH/View/View.php(228): include('/opt/lampp/htdocs/taxConsultant/app/Views/api/api_login.php')
 3 SYSTEMPATH/View/View.php(231): CodeIgniter\View\View->CodeIgniter\View\{closure}()
 4 SYSTEMPATH/Common.php(1178): CodeIgniter\View\View->render('api/api_login', [], true)
 5 APPPATH/Controllers/Home.php(13): view('api/api_login')
 6 SYSTEMPATH/CodeIgniter.php(941): App\Controllers\Home->api_v1_login()
 7 SYSTEMPATH/CodeIgniter.php(502): CodeIgniter\CodeIgniter->runController(Object(App\Controllers\Home))
 8 SYSTEMPATH/CodeIgniter.php(361): CodeIgniter\CodeIgniter->handleRequest(null, Object(Config\Cache), false)
 9 FCPATH/index.php(79): CodeIgniter\CodeIgniter->run()
CRITICAL - 2024-01-08 07:49:35 --> ErrorException: Attempt to read property "uniqid" on array
in APPPATH/Views/api/api_login.php on line 44.
 1 APPPATH/Views/api/api_login.php(44): CodeIgniter\Debug\Exceptions->errorHandler(2, 'Attempt to read property "uniqid" on array', '/opt/lampp/htdocs/taxConsultant/app/Views/api/api_login.php', 44)
 2 SYSTEMPATH/View/View.php(228): include('/opt/lampp/htdocs/taxConsultant/app/Views/api/api_login.php')
 3 SYSTEMPATH/View/View.php(231): CodeIgniter\View\View->CodeIgniter\View\{closure}()
 4 SYSTEMPATH/Common.php(1178): CodeIgniter\View\View->render('api/api_login', [], true)
 5 APPPATH/Controllers/Home.php(13): view('api/api_login')
 6 SYSTEMPATH/CodeIgniter.php(941): App\Controllers\Home->api_v1_login()
 7 SYSTEMPATH/CodeIgniter.php(502): CodeIgniter\CodeIgniter->runController(Object(App\Controllers\Home))
 8 SYSTEMPATH/CodeIgniter.php(361): CodeIgniter\CodeIgniter->handleRequest(null, Object(Config\Cache), false)
 9 FCPATH/index.php(79): CodeIgniter\CodeIgniter->run()
CRITICAL - 2024-01-08 07:51:22 --> TypeError: array_push(): Argument #1 ($array) must be of type array, null given
in APPPATH/Views/api/api_login.php on line 44.
 1 APPPATH/Views/api/api_login.php(44): array_push(null, [...])
 2 SYSTEMPATH/View/View.php(228): include('/opt/lampp/htdocs/taxConsultant/app/Views/api/api_login.php')
 3 SYSTEMPATH/View/View.php(231): CodeIgniter\View\View->CodeIgniter\View\{closure}()
 4 SYSTEMPATH/Common.php(1178): CodeIgniter\View\View->render('api/api_login', [], true)
 5 APPPATH/Controllers/Home.php(13): view('api/api_login')
 6 SYSTEMPATH/CodeIgniter.php(941): App\Controllers\Home->api_v1_login()
 7 SYSTEMPATH/CodeIgniter.php(502): CodeIgniter\CodeIgniter->runController(Object(App\Controllers\Home))
 8 SYSTEMPATH/CodeIgniter.php(361): CodeIgniter\CodeIgniter->handleRequest(null, Object(Config\Cache), false)
 9 FCPATH/index.php(79): CodeIgniter\CodeIgniter->run()
CRITICAL - 2024-01-08 07:53:32 --> ErrorException: Undefined variable $response1
in APPPATH/Views/api/api_login.php on line 49.
 1 APPPATH/Views/api/api_login.php(49): CodeIgniter\Debug\Exceptions->errorHandler(2, 'Undefined variable $response1', '/opt/lampp/htdocs/taxConsultant/app/Views/api/api_login.php', 49)
 2 SYSTEMPATH/View/View.php(228): include('/opt/lampp/htdocs/taxConsultant/app/Views/api/api_login.php')
 3 SYSTEMPATH/View/View.php(231): CodeIgniter\View\View->CodeIgniter\View\{closure}()
 4 SYSTEMPATH/Common.php(1178): CodeIgniter\View\View->render('api/api_login', [], true)
 5 APPPATH/Controllers/Home.php(13): view('api/api_login')
 6 SYSTEMPATH/CodeIgniter.php(941): App\Controllers\Home->api_v1_login()
 7 SYSTEMPATH/CodeIgniter.php(502): CodeIgniter\CodeIgniter->runController(Object(App\Controllers\Home))
 8 SYSTEMPATH/CodeIgniter.php(361): CodeIgniter\CodeIgniter->handleRequest(null, Object(Config\Cache), false)
 9 FCPATH/index.php(79): CodeIgniter\CodeIgniter->run()
ERROR - 2024-01-08 08:31:49 --> mysqli_sql_exception: Unknown column 'mobile' in 'where clause' in /opt/lampp/htdocs/taxConsultant/system/Database/MySQLi/Connection.php:306
Stack trace:
#0 /opt/lampp/htdocs/taxConsultant/system/Database/MySQLi/Connection.php(306): mysqli->query('SELECT *\nFROM `...', 0)
#1 /opt/lampp/htdocs/taxConsultant/system/Database/BaseConnection.php(693): CodeIgniter\Database\MySQLi\Connection->execute('SELECT *\nFROM `...')
#2 /opt/lampp/htdocs/taxConsultant/system/Database/BaseConnection.php(607): CodeIgniter\Database\BaseConnection->simpleQuery('SELECT *\nFROM `...')
#3 /opt/lampp/htdocs/taxConsultant/system/Database/BaseBuilder.php(1613): CodeIgniter\Database\BaseConnection->query('SELECT *\nFROM `...', Array, false)
#4 /opt/lampp/htdocs/taxConsultant/system/Model.php(270): CodeIgniter\Database\BaseBuilder->get()
#5 /opt/lampp/htdocs/taxConsultant/system/BaseModel.php(676): CodeIgniter\Model->doFirst()
#6 /opt/lampp/htdocs/taxConsultant/app/Controllers/Home.php(24): CodeIgniter\BaseModel->first()
#7 /opt/lampp/htdocs/taxConsultant/system/CodeIgniter.php(941): App\Controllers\Home->user_login()
#8 /opt/lampp/htdocs/taxConsultant/system/CodeIgniter.php(502): CodeIgniter\CodeIgniter->runController(Object(App\Controllers\Home))
#9 /opt/lampp/htdocs/taxConsultant/system/CodeIgniter.php(361): CodeIgniter\CodeIgniter->handleRequest(NULL, Object(Config\Cache), false)
#10 /opt/lampp/htdocs/taxConsultant/tax/index.php(79): CodeIgniter\CodeIgniter->run()
#11 {main}
CRITICAL - 2024-01-08 08:31:49 --> CodeIgniter\Database\Exceptions\DatabaseException: Unknown column 'mobile' in 'where clause'
in SYSTEMPATH/Database/BaseConnection.php on line 647.
 1 SYSTEMPATH/Database/BaseBuilder.php(1613): CodeIgniter\Database\BaseConnection->query('SELECT *
FROM `user`
WHERE `mobile` = :mobile:
 LIMIT 1', [...], false)
 2 SYSTEMPATH/Model.php(270): CodeIgniter\Database\BaseBuilder->get()
 3 SYSTEMPATH/BaseModel.php(676): CodeIgniter\Model->doFirst()
 4 APPPATH/Controllers/Home.php(24): CodeIgniter\BaseModel->first()
 5 SYSTEMPATH/CodeIgniter.php(941): App\Controllers\Home->user_login()
 6 SYSTEMPATH/CodeIgniter.php(502): CodeIgniter\CodeIgniter->runController(Object(App\Controllers\Home))
 7 SYSTEMPATH/CodeIgniter.php(361): CodeIgniter\CodeIgniter->handleRequest(null, Object(Config\Cache), false)
 8 FCPATH/index.php(79): CodeIgniter\CodeIgniter->run()
CRITICAL - 2024-01-08 08:31:49 --> [Caused by] CodeIgniter\Database\Exceptions\DatabaseException: Unknown column 'mobile' in 'where clause'
in SYSTEMPATH/Database/MySQLi/Connection.php on line 311.
 1 SYSTEMPATH/Database/BaseConnection.php(693): CodeIgniter\Database\MySQLi\Connection->execute('SELECT *
FROM `user`
WHERE `mobile` = \'tax@admin\'
 LIMIT 1')
 2 SYSTEMPATH/Database/BaseConnection.php(607): CodeIgniter\Database\BaseConnection->simpleQuery('SELECT *
FROM `user`
WHERE `mobile` = \'tax@admin\'
 LIMIT 1')
 3 SYSTEMPATH/Database/BaseBuilder.php(1613): CodeIgniter\Database\BaseConnection->query('SELECT *
FROM `user`
WHERE `mobile` = :mobile:
 LIMIT 1', [...], false)
 4 SYSTEMPATH/Model.php(270): CodeIgniter\Database\BaseBuilder->get()
 5 SYSTEMPATH/BaseModel.php(676): CodeIgniter\Model->doFirst()
 6 APPPATH/Controllers/Home.php(24): CodeIgniter\BaseModel->first()
 7 SYSTEMPATH/CodeIgniter.php(941): App\Controllers\Home->user_login()
 8 SYSTEMPATH/CodeIgniter.php(502): CodeIgniter\CodeIgniter->runController(Object(App\Controllers\Home))
 9 SYSTEMPATH/CodeIgniter.php(361): CodeIgniter\CodeIgniter->handleRequest(null, Object(Config\Cache), false)
10 FCPATH/index.php(79): CodeIgniter\CodeIgniter->run()
CRITICAL - 2024-01-08 08:31:49 --> [Caused by] mysqli_sql_exception: Unknown column 'mobile' in 'where clause'
in SYSTEMPATH/Database/MySQLi/Connection.php on line 306.
 1 SYSTEMPATH/Database/MySQLi/Connection.php(306): mysqli->query('SELECT *
FROM `user`
WHERE `mobile` = \'tax@admin\'
 LIMIT 1', 0)
 2 SYSTEMPATH/Database/BaseConnection.php(693): CodeIgniter\Database\MySQLi\Connection->execute('SELECT *
FROM `user`
WHERE `mobile` = \'tax@admin\'
 LIMIT 1')
 3 SYSTEMPATH/Database/BaseConnection.php(607): CodeIgniter\Database\BaseConnection->simpleQuery('SELECT *
FROM `user`
WHERE `mobile` = \'tax@admin\'
 LIMIT 1')
 4 SYSTEMPATH/Database/BaseBuilder.php(1613): CodeIgniter\Database\BaseConnection->query('SELECT *
FROM `user`
WHERE `mobile` = :mobile:
 LIMIT 1', [...], false)
 5 SYSTEMPATH/Model.php(270): CodeIgniter\Database\BaseBuilder->get()
 6 SYSTEMPATH/BaseModel.php(676): CodeIgniter\Model->doFirst()
 7 APPPATH/Controllers/Home.php(24): CodeIgniter\BaseModel->first()
 8 SYSTEMPATH/CodeIgniter.php(941): App\Controllers\Home->user_login()
 9 SYSTEMPATH/CodeIgniter.php(502): CodeIgniter\CodeIgniter->runController(Object(App\Controllers\Home))
10 SYSTEMPATH/CodeIgniter.php(361): CodeIgniter\CodeIgniter->handleRequest(null, Object(Config\Cache), false)
11 FCPATH/index.php(79): CodeIgniter\CodeIgniter->run()
ERROR - 2024-01-08 08:31:59 --> mysqli_sql_exception: Unknown column 'mobile' in 'where clause' in /opt/lampp/htdocs/taxConsultant/system/Database/MySQLi/Connection.php:306
Stack trace:
#0 /opt/lampp/htdocs/taxConsultant/system/Database/MySQLi/Connection.php(306): mysqli->query('SELECT *\nFROM `...', 0)
#1 /opt/lampp/htdocs/taxConsultant/system/Database/BaseConnection.php(693): CodeIgniter\Database\MySQLi\Connection->execute('SELECT *\nFROM `...')
#2 /opt/lampp/htdocs/taxConsultant/system/Database/BaseConnection.php(607): CodeIgniter\Database\BaseConnection->simpleQuery('SELECT *\nFROM `...')
#3 /opt/lampp/htdocs/taxConsultant/system/Database/BaseBuilder.php(1613): CodeIgniter\Database\BaseConnection->query('SELECT *\nFROM `...', Array, false)
#4 /opt/lampp/htdocs/taxConsultant/system/Model.php(270): CodeIgniter\Database\BaseBuilder->get()
#5 /opt/lampp/htdocs/taxConsultant/system/BaseModel.php(676): CodeIgniter\Model->doFirst()
#6 /opt/lampp/htdocs/taxConsultant/app/Controllers/Home.php(24): CodeIgniter\BaseModel->first()
#7 /opt/lampp/htdocs/taxConsultant/system/CodeIgniter.php(941): App\Controllers\Home->user_login()
#8 /opt/lampp/htdocs/taxConsultant/system/CodeIgniter.php(502): CodeIgniter\CodeIgniter->runController(Object(App\Controllers\Home))
#9 /opt/lampp/htdocs/taxConsultant/system/CodeIgniter.php(361): CodeIgniter\CodeIgniter->handleRequest(NULL, Object(Config\Cache), false)
#10 /opt/lampp/htdocs/taxConsultant/tax/index.php(79): CodeIgniter\CodeIgniter->run()
#11 {main}
CRITICAL - 2024-01-08 08:31:59 --> CodeIgniter\Database\Exceptions\DatabaseException: Unknown column 'mobile' in 'where clause'
in SYSTEMPATH/Database/BaseConnection.php on line 647.
 1 SYSTEMPATH/Database/BaseBuilder.php(1613): CodeIgniter\Database\BaseConnection->query('SELECT *
FROM `user`
WHERE `mobile` = :mobile:
 LIMIT 1', [...], false)
 2 SYSTEMPATH/Model.php(270): CodeIgniter\Database\BaseBuilder->get()
 3 SYSTEMPATH/BaseModel.php(676): CodeIgniter\Model->doFirst()
 4 APPPATH/Controllers/Home.php(24): CodeIgniter\BaseModel->first()
 5 SYSTEMPATH/CodeIgniter.php(941): App\Controllers\Home->user_login()
 6 SYSTEMPATH/CodeIgniter.php(502): CodeIgniter\CodeIgniter->runController(Object(App\Controllers\Home))
 7 SYSTEMPATH/CodeIgniter.php(361): CodeIgniter\CodeIgniter->handleRequest(null, Object(Config\Cache), false)
 8 FCPATH/index.php(79): CodeIgniter\CodeIgniter->run()
CRITICAL - 2024-01-08 08:31:59 --> [Caused by] CodeIgniter\Database\Exceptions\DatabaseException: Unknown column 'mobile' in 'where clause'
in SYSTEMPATH/Database/MySQLi/Connection.php on line 311.
 1 SYSTEMPATH/Database/BaseConnection.php(693): CodeIgniter\Database\MySQLi\Connection->execute('SELECT *
FROM `user`
WHERE `mobile` = \'adas\'
 LIMIT 1')
 2 SYSTEMPATH/Database/BaseConnection.php(607): CodeIgniter\Database\BaseConnection->simpleQuery('SELECT *
FROM `user`
WHERE `mobile` = \'adas\'
 LIMIT 1')
 3 SYSTEMPATH/Database/BaseBuilder.php(1613): CodeIgniter\Database\BaseConnection->query('SELECT *
FROM `user`
WHERE `mobile` = :mobile:
 LIMIT 1', [...], false)
 4 SYSTEMPATH/Model.php(270): CodeIgniter\Database\BaseBuilder->get()
 5 SYSTEMPATH/BaseModel.php(676): CodeIgniter\Model->doFirst()
 6 APPPATH/Controllers/Home.php(24): CodeIgniter\BaseModel->first()
 7 SYSTEMPATH/CodeIgniter.php(941): App\Controllers\Home->user_login()
 8 SYSTEMPATH/CodeIgniter.php(502): CodeIgniter\CodeIgniter->runController(Object(App\Controllers\Home))
 9 SYSTEMPATH/CodeIgniter.php(361): CodeIgniter\CodeIgniter->handleRequest(null, Object(Config\Cache), false)
10 FCPATH/index.php(79): CodeIgniter\CodeIgniter->run()
CRITICAL - 2024-01-08 08:31:59 --> [Caused by] mysqli_sql_exception: Unknown column 'mobile' in 'where clause'
in SYSTEMPATH/Database/MySQLi/Connection.php on line 306.
 1 SYSTEMPATH/Database/MySQLi/Connection.php(306): mysqli->query('SELECT *
FROM `user`
WHERE `mobile` = \'adas\'
 LIMIT 1', 0)
 2 SYSTEMPATH/Database/BaseConnection.php(693): CodeIgniter\Database\MySQLi\Connection->execute('SELECT *
FROM `user`
WHERE `mobile` = \'adas\'
 LIMIT 1')
 3 SYSTEMPATH/Database/BaseConnection.php(607): CodeIgniter\Database\BaseConnection->simpleQuery('SELECT *
FROM `user`
WHERE `mobile` = \'adas\'
 LIMIT 1')
 4 SYSTEMPATH/Database/BaseBuilder.php(1613): CodeIgniter\Database\BaseConnection->query('SELECT *
FROM `user`
WHERE `mobile` = :mobile:
 LIMIT 1', [...], false)
 5 SYSTEMPATH/Model.php(270): CodeIgniter\Database\BaseBuilder->get()
 6 SYSTEMPATH/BaseModel.php(676): CodeIgniter\Model->doFirst()
 7 APPPATH/Controllers/Home.php(24): CodeIgniter\BaseModel->first()
 8 SYSTEMPATH/CodeIgniter.php(941): App\Controllers\Home->user_login()
 9 SYSTEMPATH/CodeIgniter.php(502): CodeIgniter\CodeIgniter->runController(Object(App\Controllers\Home))
10 SYSTEMPATH/CodeIgniter.php(361): CodeIgniter\CodeIgniter->handleRequest(null, Object(Config\Cache), false)
11 FCPATH/index.php(79): CodeIgniter\CodeIgniter->run()
CRITICAL - 2024-01-08 08:34:02 --> ErrorException: Undefined array key "UserNuserTypeame"
in APPPATH/Controllers/Home.php on line 33.
 1 APPPATH/Controllers/Home.php(33): CodeIgniter\Debug\Exceptions->errorHandler(2, 'Undefined array key "UserNuserTypeame"', '/opt/lampp/htdocs/taxConsultant/app/Controllers/Home.php', 33)
 2 SYSTEMPATH/CodeIgniter.php(941): App\Controllers\Home->user_login()
 3 SYSTEMPATH/CodeIgniter.php(502): CodeIgniter\CodeIgniter->runController(Object(App\Controllers\Home))
 4 SYSTEMPATH/CodeIgniter.php(361): CodeIgniter\CodeIgniter->handleRequest(null, Object(Config\Cache), false)
 5 FCPATH/index.php(79): CodeIgniter\CodeIgniter->run()
CRITICAL - 2024-01-08 08:45:46 --> CodeIgniter\HTTP\Exceptions\HTTPException: Request URI segment is out of range: "2"
in SYSTEMPATH/HTTP/URI.php on line 562.
 1 SYSTEMPATH/HTTP/URI.php(562): CodeIgniter\HTTP\Exceptions\HTTPException::forURISegmentOutOfRange(2)
 2 APPPATH/Views/login.php(34): CodeIgniter\HTTP\URI->getSegment(2)
 3 SYSTEMPATH/View/View.php(228): include('/opt/lampp/htdocs/taxConsultant/app/Views/login.php')
 4 SYSTEMPATH/View/View.php(231): CodeIgniter\View\View->CodeIgniter\View\{closure}()
 5 SYSTEMPATH/Common.php(1178): CodeIgniter\View\View->render('login', [], true)
 6 APPPATH/Controllers/Home.php(11): view('login')
 7 SYSTEMPATH/CodeIgniter.php(941): App\Controllers\Home->index()
 8 SYSTEMPATH/CodeIgniter.php(502): CodeIgniter\CodeIgniter->runController(Object(App\Controllers\Home))
 9 SYSTEMPATH/CodeIgniter.php(361): CodeIgniter\CodeIgniter->handleRequest(null, Object(Config\Cache), false)
10 FCPATH/index.php(79): CodeIgniter\CodeIgniter->run()
CRITICAL - 2024-01-08 08:45:49 --> ErrorException: Attempt to read property "username" on null
in APPPATH/Views/api/api_login.php on line 27.
 1 APPPATH/Views/api/api_login.php(27): CodeIgniter\Debug\Exceptions->errorHandler(2, 'Attempt to read property "username" on null', '/opt/lampp/htdocs/taxConsultant/app/Views/api/api_login.php', 27)
 2 SYSTEMPATH/View/View.php(228): include('/opt/lampp/htdocs/taxConsultant/app/Views/api/api_login.php')
 3 SYSTEMPATH/View/View.php(231): CodeIgniter\View\View->CodeIgniter\View\{closure}()
 4 SYSTEMPATH/Common.php(1178): CodeIgniter\View\View->render('api/api_login', [], true)
 5 APPPATH/Controllers/Home.php(15): view('api/api_login')
 6 SYSTEMPATH/CodeIgniter.php(941): App\Controllers\Home->api_v1_login()
 7 SYSTEMPATH/CodeIgniter.php(502): CodeIgniter\CodeIgniter->runController(Object(App\Controllers\Home))
 8 SYSTEMPATH/CodeIgniter.php(361): CodeIgniter\CodeIgniter->handleRequest(null, Object(Config\Cache), false)
 9 FCPATH/index.php(79): CodeIgniter\CodeIgniter->run()
CRITICAL - 2024-01-08 08:45:52 --> CodeIgniter\HTTP\Exceptions\HTTPException: Request URI segment is out of range: "2"
in SYSTEMPATH/HTTP/URI.php on line 562.
 1 SYSTEMPATH/HTTP/URI.php(562): CodeIgniter\HTTP\Exceptions\HTTPException::forURISegmentOutOfRange(2)
 2 APPPATH/Views/login.php(34): CodeIgniter\HTTP\URI->getSegment(2)
 3 SYSTEMPATH/View/View.php(228): include('/opt/lampp/htdocs/taxConsultant/app/Views/login.php')
 4 SYSTEMPATH/View/View.php(231): CodeIgniter\View\View->CodeIgniter\View\{closure}()
 5 SYSTEMPATH/Common.php(1178): CodeIgniter\View\View->render('login', [], true)
 6 APPPATH/Controllers/Home.php(11): view('login')
 7 SYSTEMPATH/CodeIgniter.php(941): App\Controllers\Home->index()
 8 SYSTEMPATH/CodeIgniter.php(502): CodeIgniter\CodeIgniter->runController(Object(App\Controllers\Home))
 9 SYSTEMPATH/CodeIgniter.php(361): CodeIgniter\CodeIgniter->handleRequest(null, Object(Config\Cache), false)
10 FCPATH/index.php(79): CodeIgniter\CodeIgniter->run()
CRITICAL - 2024-01-08 09:22:20 --> ErrorException: Undefined variable $userId
in APPPATH/Views/login.php on line 42.
 1 APPPATH/Views/login.php(42): CodeIgniter\Debug\Exceptions->errorHandler(2, 'Undefined variable $userId', '/opt/lampp/htdocs/taxConsultant/app/Views/login.php', 42)
 2 SYSTEMPATH/View/View.php(228): include('/opt/lampp/htdocs/taxConsultant/app/Views/login.php')
 3 SYSTEMPATH/View/View.php(231): CodeIgniter\View\View->CodeIgniter\View\{closure}()
 4 SYSTEMPATH/Common.php(1178): CodeIgniter\View\View->render('login', [], true)
 5 APPPATH/Controllers/Home.php(11): view('login')
 6 SYSTEMPATH/CodeIgniter.php(941): App\Controllers\Home->index()
 7 SYSTEMPATH/CodeIgniter.php(502): CodeIgniter\CodeIgniter->runController(Object(App\Controllers\Home))
 8 SYSTEMPATH/CodeIgniter.php(361): CodeIgniter\CodeIgniter->handleRequest(null, Object(Config\Cache), false)
 9 FCPATH/index.php(79): CodeIgniter\CodeIgniter->run()
CRITICAL - 2024-01-08 09:22:27 --> ErrorException: Undefined variable $userId
in APPPATH/Views/login.php on line 42.
 1 APPPATH/Views/login.php(42): CodeIgniter\Debug\Exceptions->errorHandler(2, 'Undefined variable $userId', '/opt/lampp/htdocs/taxConsultant/app/Views/login.php', 42)
 2 SYSTEMPATH/View/View.php(228): include('/opt/lampp/htdocs/taxConsultant/app/Views/login.php')
 3 SYSTEMPATH/View/View.php(231): CodeIgniter\View\View->CodeIgniter\View\{closure}()
 4 SYSTEMPATH/Common.php(1178): CodeIgniter\View\View->render('login', [], true)
 5 APPPATH/Controllers/Home.php(11): view('login')
 6 SYSTEMPATH/CodeIgniter.php(941): App\Controllers\Home->index()
 7 SYSTEMPATH/CodeIgniter.php(502): CodeIgniter\CodeIgniter->runController(Object(App\Controllers\Home))
 8 SYSTEMPATH/CodeIgniter.php(361): CodeIgniter\CodeIgniter->handleRequest(null, Object(Config\Cache), false)
 9 FCPATH/index.php(79): CodeIgniter\CodeIgniter->run()
CRITICAL - 2024-01-08 09:24:46 --> ErrorException: Undefined variable $obj
in APPPATH/Views/login.php on line 42.
 1 APPPATH/Views/login.php(42): CodeIgniter\Debug\Exceptions->errorHandler(2, 'Undefined variable $obj', '/opt/lampp/htdocs/taxConsultant/app/Views/login.php', 42)
 2 SYSTEMPATH/View/View.php(228): include('/opt/lampp/htdocs/taxConsultant/app/Views/login.php')
 3 SYSTEMPATH/View/View.php(231): CodeIgniter\View\View->CodeIgniter\View\{closure}()
 4 SYSTEMPATH/Common.php(1178): CodeIgniter\View\View->render('login', [], true)
 5 APPPATH/Controllers/Home.php(11): view('login')
 6 SYSTEMPATH/CodeIgniter.php(941): App\Controllers\Home->index()
 7 SYSTEMPATH/CodeIgniter.php(502): CodeIgniter\CodeIgniter->runController(Object(App\Controllers\Home))
 8 SYSTEMPATH/CodeIgniter.php(361): CodeIgniter\CodeIgniter->handleRequest(null, Object(Config\Cache), false)
 9 FCPATH/index.php(79): CodeIgniter\CodeIgniter->run()
CRITICAL - 2024-01-08 09:26:27 --> ErrorException: Undefined variable $userId
in APPPATH/Views/login.php on line 42.
 1 APPPATH/Views/login.php(42): CodeIgniter\Debug\Exceptions->errorHandler(2, 'Undefined variable $userId', '/opt/lampp/htdocs/taxConsultant/app/Views/login.php', 42)
 2 SYSTEMPATH/View/View.php(228): include('/opt/lampp/htdocs/taxConsultant/app/Views/login.php')
 3 SYSTEMPATH/View/View.php(231): CodeIgniter\View\View->CodeIgniter\View\{closure}()
 4 SYSTEMPATH/Common.php(1178): CodeIgniter\View\View->render('login', [], true)
 5 APPPATH/Controllers/Home.php(11): view('login')
 6 SYSTEMPATH/CodeIgniter.php(941): App\Controllers\Home->index()
 7 SYSTEMPATH/CodeIgniter.php(502): CodeIgniter\CodeIgniter->runController(Object(App\Controllers\Home))
 8 SYSTEMPATH/CodeIgniter.php(361): CodeIgniter\CodeIgniter->handleRequest(null, Object(Config\Cache), false)
 9 FCPATH/index.php(79): CodeIgniter\CodeIgniter->run()
CRITICAL - 2024-01-08 10:48:17 --> ErrorException: include(fragments/header.php): Failed to open stream: No such file or directory
in APPPATH/Views/dashboard.php on line 6.
 1 APPPATH/Views/dashboard.php(6): CodeIgniter\Debug\Exceptions->errorHandler(2, 'include(fragments/header.php): Failed to open stream: No such file or directory', '/opt/lampp/htdocs/taxConsultant/app/Views/dashboard.php', 6)
 2 APPPATH/Views/dashboard.php(6): include()
 3 APPPATH/Views/login.php(29): include('/opt/lampp/htdocs/taxConsultant/app/Views/dashboard.php')
 4 SYSTEMPATH/View/View.php(228): include('/opt/lampp/htdocs/taxConsultant/app/Views/login.php')
 5 SYSTEMPATH/View/View.php(231): CodeIgniter\View\View->CodeIgniter\View\{closure}()
 6 SYSTEMPATH/Common.php(1178): CodeIgniter\View\View->render('login', [], true)
 7 APPPATH/Controllers/Home.php(19): view('login')
 8 SYSTEMPATH/CodeIgniter.php(941): App\Controllers\Home->panel()
 9 SYSTEMPATH/CodeIgniter.php(502): CodeIgniter\CodeIgniter->runController(Object(App\Controllers\Home))
10 SYSTEMPATH/CodeIgniter.php(361): CodeIgniter\CodeIgniter->handleRequest(null, Object(Config\Cache), false)
11 FCPATH/index.php(79): CodeIgniter\CodeIgniter->run()
CRITICAL - 2024-01-08 11:07:49 --> ErrorException: Undefined variable $db
in APPPATH/Views/dashboard.php on line 54.
 1 APPPATH/Views/dashboard.php(54): CodeIgniter\Debug\Exceptions->errorHandler(2, 'Undefined variable $db', '/opt/lampp/htdocs/taxConsultant/app/Views/dashboard.php', 54)
 2 APPPATH/Views/login.php(29): include('/opt/lampp/htdocs/taxConsultant/app/Views/dashboard.php')
 3 SYSTEMPATH/View/View.php(228): include('/opt/lampp/htdocs/taxConsultant/app/Views/login.php')
 4 SYSTEMPATH/View/View.php(231): CodeIgniter\View\View->CodeIgniter\View\{closure}()
 5 SYSTEMPATH/Common.php(1178): CodeIgniter\View\View->render('login', [], true)
 6 APPPATH/Controllers/Home.php(19): view('login')
 7 SYSTEMPATH/CodeIgniter.php(941): App\Controllers\Home->panel()
 8 SYSTEMPATH/CodeIgniter.php(502): CodeIgniter\CodeIgniter->runController(Object(App\Controllers\Home))
 9 SYSTEMPATH/CodeIgniter.php(361): CodeIgniter\CodeIgniter->handleRequest(null, Object(Config\Cache), false)
10 FCPATH/index.php(79): CodeIgniter\CodeIgniter->run()
