CRITICAL - 2024-03-13 07:23:41 --> ErrorException: Undefined variable $uniqid
in APPPATH/Views/api/api_mobile_update.php on line 40.
 1 APPPATH/Views/api/api_mobile_update.php(40): CodeIgniter\Debug\Exceptions->errorHandler()
 2 SYSTEMPATH/View/View.php(228): include('/home/u652040979/domains/truetechnologies.in/public_html/taxConsultant/app/Views/api/api_mobile_update.php')
 3 SYSTEMPATH/View/View.php(231): CodeIgniter\View\View->CodeIgniter\View\{closure}()
 4 SYSTEMPATH/Common.php(1178): CodeIgniter\View\View->render()
 5 APPPATH/Controllers/Home.php(183): view()
 6 SYSTEMPATH/CodeIgniter.php(941): App\Controllers\Home->api_v1_update_mobile()
 7 SYSTEMPATH/CodeIgniter.php(502): CodeIgniter\CodeIgniter->runController()
 8 SYSTEMPATH/CodeIgniter.php(361): CodeIgniter\CodeIgniter->handleRequest()
 9 FCPATH/index.php(79): CodeIgniter\CodeIgniter->run()
CRITICAL - 2024-03-13 07:24:49 --> ErrorException: Undefined variable $uniqid
in APPPATH/Views/api/api_mobile_update.php on line 40.
 1 APPPATH/Views/api/api_mobile_update.php(40): CodeIgniter\Debug\Exceptions->errorHandler()
 2 SYSTEMPATH/View/View.php(228): include('/home/u652040979/domains/truetechnologies.in/public_html/taxConsultant/app/Views/api/api_mobile_update.php')
 3 SYSTEMPATH/View/View.php(231): CodeIgniter\View\View->CodeIgniter\View\{closure}()
 4 SYSTEMPATH/Common.php(1178): CodeIgniter\View\View->render()
 5 APPPATH/Controllers/Home.php(183): view()
 6 SYSTEMPATH/CodeIgniter.php(941): App\Controllers\Home->api_v1_update_mobile()
 7 SYSTEMPATH/CodeIgniter.php(502): CodeIgniter\CodeIgniter->runController()
 8 SYSTEMPATH/CodeIgniter.php(361): CodeIgniter\CodeIgniter->handleRequest()
 9 FCPATH/index.php(79): CodeIgniter\CodeIgniter->run()
CRITICAL - 2024-03-13 07:44:05 --> ErrorException: Undefined variable $uniqid
in APPPATH/Views/api/api_mobile_update.php on line 40.
 1 APPPATH/Views/api/api_mobile_update.php(40): CodeIgniter\Debug\Exceptions->errorHandler()
 2 SYSTEMPATH/View/View.php(228): include('/home/u652040979/domains/truetechnologies.in/public_html/taxConsultant/app/Views/api/api_mobile_update.php')
 3 SYSTEMPATH/View/View.php(231): CodeIgniter\View\View->CodeIgniter\View\{closure}()
 4 SYSTEMPATH/Common.php(1178): CodeIgniter\View\View->render()
 5 APPPATH/Controllers/Home.php(183): view()
 6 SYSTEMPATH/CodeIgniter.php(941): App\Controllers\Home->api_v1_update_mobile()
 7 SYSTEMPATH/CodeIgniter.php(502): CodeIgniter\CodeIgniter->runController()
 8 SYSTEMPATH/CodeIgniter.php(361): CodeIgniter\CodeIgniter->handleRequest()
 9 FCPATH/index.php(79): CodeIgniter\CodeIgniter->run()
CRITICAL - 2024-03-13 11:47:48 --> ErrorException: Undefined variable $uniqid
in APPPATH/Views/api/api_mobile_update.php on line 40.
 1 APPPATH/Views/api/api_mobile_update.php(40): CodeIgniter\Debug\Exceptions->errorHandler()
 2 SYSTEMPATH/View/View.php(228): include('/home/u652040979/domains/truetechnologies.in/public_html/taxConsultant/app/Views/api/api_mobile_update.php')
 3 SYSTEMPATH/View/View.php(231): CodeIgniter\View\View->CodeIgniter\View\{closure}()
 4 SYSTEMPATH/Common.php(1178): CodeIgniter\View\View->render()
 5 APPPATH/Controllers/Home.php(183): view()
 6 SYSTEMPATH/CodeIgniter.php(941): App\Controllers\Home->api_v1_update_mobile()
 7 SYSTEMPATH/CodeIgniter.php(502): CodeIgniter\CodeIgniter->runController()
 8 SYSTEMPATH/CodeIgniter.php(361): CodeIgniter\CodeIgniter->handleRequest()
 9 FCPATH/index.php(79): CodeIgniter\CodeIgniter->run()
CRITICAL - 2024-03-13 17:15:24 --> ErrorException: Undefined variable $uniqidMobile
in APPPATH/Views/api/api_mobile.php on line 39.
 1 APPPATH/Views/api/api_mobile.php(39): CodeIgniter\Debug\Exceptions->errorHandler()
 2 SYSTEMPATH/View/View.php(228): include('/home/u652040979/domains/truetechnologies.in/public_html/taxConsultant/app/Views/api/api_mobile.php')
 3 SYSTEMPATH/View/View.php(231): CodeIgniter\View\View->CodeIgniter\View\{closure}()
 4 SYSTEMPATH/Common.php(1178): CodeIgniter\View\View->render()
 5 APPPATH/Controllers/Home.php(163): view()
 6 SYSTEMPATH/CodeIgniter.php(941): App\Controllers\Home->api_v1_mobile()
 7 SYSTEMPATH/CodeIgniter.php(502): CodeIgniter\CodeIgniter->runController()
 8 SYSTEMPATH/CodeIgniter.php(361): CodeIgniter\CodeIgniter->handleRequest()
 9 FCPATH/index.php(79): CodeIgniter\CodeIgniter->run()
CRITICAL - 2024-03-13 17:15:26 --> ErrorException: Undefined variable $uniqidMobile
in APPPATH/Views/api/api_mobile.php on line 39.
 1 APPPATH/Views/api/api_mobile.php(39): CodeIgniter\Debug\Exceptions->errorHandler()
 2 SYSTEMPATH/View/View.php(228): include('/home/u652040979/domains/truetechnologies.in/public_html/taxConsultant/app/Views/api/api_mobile.php')
 3 SYSTEMPATH/View/View.php(231): CodeIgniter\View\View->CodeIgniter\View\{closure}()
 4 SYSTEMPATH/Common.php(1178): CodeIgniter\View\View->render()
 5 APPPATH/Controllers/Home.php(163): view()
 6 SYSTEMPATH/CodeIgniter.php(941): App\Controllers\Home->api_v1_mobile()
 7 SYSTEMPATH/CodeIgniter.php(502): CodeIgniter\CodeIgniter->runController()
 8 SYSTEMPATH/CodeIgniter.php(361): CodeIgniter\CodeIgniter->handleRequest()
 9 FCPATH/index.php(79): CodeIgniter\CodeIgniter->run()
CRITICAL - 2024-03-13 17:15:52 --> ErrorException: Undefined variable $uniqidMobile
in APPPATH/Views/api/api_mobile.php on line 39.
 1 APPPATH/Views/api/api_mobile.php(39): CodeIgniter\Debug\Exceptions->errorHandler()
 2 SYSTEMPATH/View/View.php(228): include('/home/u652040979/domains/truetechnologies.in/public_html/taxConsultant/app/Views/api/api_mobile.php')
 3 SYSTEMPATH/View/View.php(231): CodeIgniter\View\View->CodeIgniter\View\{closure}()
 4 SYSTEMPATH/Common.php(1178): CodeIgniter\View\View->render()
 5 APPPATH/Controllers/Home.php(163): view()
 6 SYSTEMPATH/CodeIgniter.php(941): App\Controllers\Home->api_v1_mobile()
 7 SYSTEMPATH/CodeIgniter.php(502): CodeIgniter\CodeIgniter->runController()
 8 SYSTEMPATH/CodeIgniter.php(361): CodeIgniter\CodeIgniter->handleRequest()
 9 FCPATH/index.php(79): CodeIgniter\CodeIgniter->run()
