CRITICAL - 2024-02-07 11:56:30 --> ErrorException: Attempt to read property "customerID" on null
in APPPATH/Views/api/api_mobile.php on line 27.
 1 APPPATH/Views/api/api_mobile.php(27): CodeIgniter\Debug\Exceptions->errorHandler()
 2 SYSTEMPATH/View/View.php(228): include('/home/u652040979/domains/truetechnologies.in/public_html/taxConsultant/app/Views/api/api_mobile.php')
 3 SYSTEMPATH/View/View.php(231): CodeIgniter\View\View->CodeIgniter\View\{closure}()
 4 SYSTEMPATH/Common.php(1178): CodeIgniter\View\View->render()
 5 APPPATH/Controllers/Home.php(95): view()
 6 SYSTEMPATH/CodeIgniter.php(941): App\Controllers\Home->api_v1_mobile()
 7 SYSTEMPATH/CodeIgniter.php(502): CodeIgniter\CodeIgniter->runController()
 8 SYSTEMPATH/CodeIgniter.php(361): CodeIgniter\CodeIgniter->handleRequest()
 9 FCPATH/index.php(79): CodeIgniter\CodeIgniter->run()
CRITICAL - 2024-02-07 12:15:24 --> ErrorException: Attempt to read property "customerID" on null
in APPPATH/Views/api/api_mobile_update.php on line 27.
 1 APPPATH/Views/api/api_mobile_update.php(27): CodeIgniter\Debug\Exceptions->errorHandler()
 2 SYSTEMPATH/View/View.php(228): include('/home/u652040979/domains/truetechnologies.in/public_html/taxConsultant/app/Views/api/api_mobile_update.php')
 3 SYSTEMPATH/View/View.php(231): CodeIgniter\View\View->CodeIgniter\View\{closure}()
 4 SYSTEMPATH/Common.php(1178): CodeIgniter\View\View->render()
 5 APPPATH/Controllers/Home.php(115): view()
 6 SYSTEMPATH/CodeIgniter.php(941): App\Controllers\Home->api_v1_update_mobile()
 7 SYSTEMPATH/CodeIgniter.php(502): CodeIgniter\CodeIgniter->runController()
 8 SYSTEMPATH/CodeIgniter.php(361): CodeIgniter\CodeIgniter->handleRequest()
 9 FCPATH/index.php(79): CodeIgniter\CodeIgniter->run()
CRITICAL - 2024-02-07 12:21:15 --> ErrorException: Undefined variable $uniqid
in APPPATH/Views/api/api_mobile_update.php on line 40.
 1 APPPATH/Views/api/api_mobile_update.php(40): CodeIgniter\Debug\Exceptions->errorHandler()
 2 SYSTEMPATH/View/View.php(228): include('/home/u652040979/domains/truetechnologies.in/public_html/taxConsultant/app/Views/api/api_mobile_update.php')
 3 SYSTEMPATH/View/View.php(231): CodeIgniter\View\View->CodeIgniter\View\{closure}()
 4 SYSTEMPATH/Common.php(1178): CodeIgniter\View\View->render()
 5 APPPATH/Controllers/Home.php(115): view()
 6 SYSTEMPATH/CodeIgniter.php(941): App\Controllers\Home->api_v1_update_mobile()
 7 SYSTEMPATH/CodeIgniter.php(502): CodeIgniter\CodeIgniter->runController()
 8 SYSTEMPATH/CodeIgniter.php(361): CodeIgniter\CodeIgniter->handleRequest()
 9 FCPATH/index.php(79): CodeIgniter\CodeIgniter->run()
CRITICAL - 2024-02-07 12:27:09 --> ErrorException: Undefined variable $uniqid
in APPPATH/Views/api/api_mobile_update.php on line 40.
 1 APPPATH/Views/api/api_mobile_update.php(40): CodeIgniter\Debug\Exceptions->errorHandler()
 2 SYSTEMPATH/View/View.php(228): include('/home/u652040979/domains/truetechnologies.in/public_html/taxConsultant/app/Views/api/api_mobile_update.php')
 3 SYSTEMPATH/View/View.php(231): CodeIgniter\View\View->CodeIgniter\View\{closure}()
 4 SYSTEMPATH/Common.php(1178): CodeIgniter\View\View->render()
 5 APPPATH/Controllers/Home.php(115): view()
 6 SYSTEMPATH/CodeIgniter.php(941): App\Controllers\Home->api_v1_update_mobile()
 7 SYSTEMPATH/CodeIgniter.php(502): CodeIgniter\CodeIgniter->runController()
 8 SYSTEMPATH/CodeIgniter.php(361): CodeIgniter\CodeIgniter->handleRequest()
 9 FCPATH/index.php(79): CodeIgniter\CodeIgniter->run()
CRITICAL - 2024-02-07 12:30:40 --> ErrorException: Undefined variable $uniqid
in APPPATH/Views/api/api_mobile_update.php on line 40.
 1 APPPATH/Views/api/api_mobile_update.php(40): CodeIgniter\Debug\Exceptions->errorHandler()
 2 SYSTEMPATH/View/View.php(228): include('/home/u652040979/domains/truetechnologies.in/public_html/taxConsultant/app/Views/api/api_mobile_update.php')
 3 SYSTEMPATH/View/View.php(231): CodeIgniter\View\View->CodeIgniter\View\{closure}()
 4 SYSTEMPATH/Common.php(1178): CodeIgniter\View\View->render()
 5 APPPATH/Controllers/Home.php(115): view()
 6 SYSTEMPATH/CodeIgniter.php(941): App\Controllers\Home->api_v1_update_mobile()
 7 SYSTEMPATH/CodeIgniter.php(502): CodeIgniter\CodeIgniter->runController()
 8 SYSTEMPATH/CodeIgniter.php(361): CodeIgniter\CodeIgniter->handleRequest()
 9 FCPATH/index.php(79): CodeIgniter\CodeIgniter->run()
CRITICAL - 2024-02-07 12:30:51 --> ErrorException: Undefined variable $uniqid
in APPPATH/Views/api/api_mobile_update.php on line 40.
 1 APPPATH/Views/api/api_mobile_update.php(40): CodeIgniter\Debug\Exceptions->errorHandler()
 2 SYSTEMPATH/View/View.php(228): include('/home/u652040979/domains/truetechnologies.in/public_html/taxConsultant/app/Views/api/api_mobile_update.php')
 3 SYSTEMPATH/View/View.php(231): CodeIgniter\View\View->CodeIgniter\View\{closure}()
 4 SYSTEMPATH/Common.php(1178): CodeIgniter\View\View->render()
 5 APPPATH/Controllers/Home.php(115): view()
 6 SYSTEMPATH/CodeIgniter.php(941): App\Controllers\Home->api_v1_update_mobile()
 7 SYSTEMPATH/CodeIgniter.php(502): CodeIgniter\CodeIgniter->runController()
 8 SYSTEMPATH/CodeIgniter.php(361): CodeIgniter\CodeIgniter->handleRequest()
 9 FCPATH/index.php(79): CodeIgniter\CodeIgniter->run()
CRITICAL - 2024-02-07 12:32:20 --> ErrorException: Undefined variable $uniqid
in APPPATH/Views/api/api_mobile_update.php on line 40.
 1 APPPATH/Views/api/api_mobile_update.php(40): CodeIgniter\Debug\Exceptions->errorHandler()
 2 SYSTEMPATH/View/View.php(228): include('/home/u652040979/domains/truetechnologies.in/public_html/taxConsultant/app/Views/api/api_mobile_update.php')
 3 SYSTEMPATH/View/View.php(231): CodeIgniter\View\View->CodeIgniter\View\{closure}()
 4 SYSTEMPATH/Common.php(1178): CodeIgniter\View\View->render()
 5 APPPATH/Controllers/Home.php(115): view()
 6 SYSTEMPATH/CodeIgniter.php(941): App\Controllers\Home->api_v1_update_mobile()
 7 SYSTEMPATH/CodeIgniter.php(502): CodeIgniter\CodeIgniter->runController()
 8 SYSTEMPATH/CodeIgniter.php(361): CodeIgniter\CodeIgniter->handleRequest()
 9 FCPATH/index.php(79): CodeIgniter\CodeIgniter->run()
CRITICAL - 2024-02-07 12:33:36 --> ErrorException: Undefined variable $uniqid
in APPPATH/Views/api/api_mobile_update.php on line 40.
 1 APPPATH/Views/api/api_mobile_update.php(40): CodeIgniter\Debug\Exceptions->errorHandler()
 2 SYSTEMPATH/View/View.php(228): include('/home/u652040979/domains/truetechnologies.in/public_html/taxConsultant/app/Views/api/api_mobile_update.php')
 3 SYSTEMPATH/View/View.php(231): CodeIgniter\View\View->CodeIgniter\View\{closure}()
 4 SYSTEMPATH/Common.php(1178): CodeIgniter\View\View->render()
 5 APPPATH/Controllers/Home.php(115): view()
 6 SYSTEMPATH/CodeIgniter.php(941): App\Controllers\Home->api_v1_update_mobile()
 7 SYSTEMPATH/CodeIgniter.php(502): CodeIgniter\CodeIgniter->runController()
 8 SYSTEMPATH/CodeIgniter.php(361): CodeIgniter\CodeIgniter->handleRequest()
 9 FCPATH/index.php(79): CodeIgniter\CodeIgniter->run()
CRITICAL - 2024-02-07 12:43:13 --> ErrorException: Undefined variable $uniqid
in APPPATH/Views/api/api_mobile_update.php on line 40.
 1 APPPATH/Views/api/api_mobile_update.php(40): CodeIgniter\Debug\Exceptions->errorHandler()
 2 SYSTEMPATH/View/View.php(228): include('/home/u652040979/domains/truetechnologies.in/public_html/taxConsultant/app/Views/api/api_mobile_update.php')
 3 SYSTEMPATH/View/View.php(231): CodeIgniter\View\View->CodeIgniter\View\{closure}()
 4 SYSTEMPATH/Common.php(1178): CodeIgniter\View\View->render()
 5 APPPATH/Controllers/Home.php(115): view()
 6 SYSTEMPATH/CodeIgniter.php(941): App\Controllers\Home->api_v1_update_mobile()
 7 SYSTEMPATH/CodeIgniter.php(502): CodeIgniter\CodeIgniter->runController()
 8 SYSTEMPATH/CodeIgniter.php(361): CodeIgniter\CodeIgniter->handleRequest()
 9 FCPATH/index.php(79): CodeIgniter\CodeIgniter->run()
CRITICAL - 2024-02-07 12:52:35 --> ErrorException: Undefined variable $uniqid
in APPPATH/Views/api/api_mobile_update.php on line 40.
 1 APPPATH/Views/api/api_mobile_update.php(40): CodeIgniter\Debug\Exceptions->errorHandler()
 2 SYSTEMPATH/View/View.php(228): include('/home/u652040979/domains/truetechnologies.in/public_html/taxConsultant/app/Views/api/api_mobile_update.php')
 3 SYSTEMPATH/View/View.php(231): CodeIgniter\View\View->CodeIgniter\View\{closure}()
 4 SYSTEMPATH/Common.php(1178): CodeIgniter\View\View->render()
 5 APPPATH/Controllers/Home.php(115): view()
 6 SYSTEMPATH/CodeIgniter.php(941): App\Controllers\Home->api_v1_update_mobile()
 7 SYSTEMPATH/CodeIgniter.php(502): CodeIgniter\CodeIgniter->runController()
 8 SYSTEMPATH/CodeIgniter.php(361): CodeIgniter\CodeIgniter->handleRequest()
 9 FCPATH/index.php(79): CodeIgniter\CodeIgniter->run()
CRITICAL - 2024-02-07 14:02:39 --> ErrorException: Attempt to read property "customerID" on null
in APPPATH/Views/api/api_profile.php on line 27.
 1 APPPATH/Views/api/api_profile.php(27): CodeIgniter\Debug\Exceptions->errorHandler()
 2 SYSTEMPATH/View/View.php(228): include('/home/u652040979/domains/truetechnologies.in/public_html/taxConsultant/app/Views/api/api_profile.php')
 3 SYSTEMPATH/View/View.php(231): CodeIgniter\View\View->CodeIgniter\View\{closure}()
 4 SYSTEMPATH/Common.php(1178): CodeIgniter\View\View->render()
 5 APPPATH/Controllers/Home.php(119): view()
 6 SYSTEMPATH/CodeIgniter.php(941): App\Controllers\Home->api_v1_profile()
 7 SYSTEMPATH/CodeIgniter.php(502): CodeIgniter\CodeIgniter->runController()
 8 SYSTEMPATH/CodeIgniter.php(361): CodeIgniter\CodeIgniter->handleRequest()
 9 FCPATH/index.php(79): CodeIgniter\CodeIgniter->run()
CRITICAL - 2024-02-07 14:04:36 --> ErrorException: Undefined property: stdClass::$customerIDL
in APPPATH/Views/api/api_dashboard_ser_list.php on line 27.
 1 APPPATH/Views/api/api_dashboard_ser_list.php(27): CodeIgniter\Debug\Exceptions->errorHandler()
 2 SYSTEMPATH/View/View.php(228): include('/home/u652040979/domains/truetechnologies.in/public_html/taxConsultant/app/Views/api/api_dashboard_ser_list.php')
 3 SYSTEMPATH/View/View.php(231): CodeIgniter\View\View->CodeIgniter\View\{closure}()
 4 SYSTEMPATH/Common.php(1178): CodeIgniter\View\View->render()
 5 APPPATH/Controllers/Home.php(111): view()
 6 SYSTEMPATH/CodeIgniter.php(941): App\Controllers\Home->api_v1_dashboard_ser_list()
 7 SYSTEMPATH/CodeIgniter.php(502): CodeIgniter\CodeIgniter->runController()
 8 SYSTEMPATH/CodeIgniter.php(361): CodeIgniter\CodeIgniter->handleRequest()
 9 FCPATH/index.php(79): CodeIgniter\CodeIgniter->run()
CRITICAL - 2024-02-07 14:04:36 --> ErrorException: Undefined property: stdClass::$customerIDL
in APPPATH/Views/api/api_dashboard_ser_list.php on line 27.
 1 APPPATH/Views/api/api_dashboard_ser_list.php(27): CodeIgniter\Debug\Exceptions->errorHandler()
 2 SYSTEMPATH/View/View.php(228): include('/home/u652040979/domains/truetechnologies.in/public_html/taxConsultant/app/Views/api/api_dashboard_ser_list.php')
 3 SYSTEMPATH/View/View.php(231): CodeIgniter\View\View->CodeIgniter\View\{closure}()
 4 SYSTEMPATH/Common.php(1178): CodeIgniter\View\View->render()
 5 APPPATH/Controllers/Home.php(111): view()
 6 SYSTEMPATH/CodeIgniter.php(941): App\Controllers\Home->api_v1_dashboard_ser_list()
 7 SYSTEMPATH/CodeIgniter.php(502): CodeIgniter\CodeIgniter->runController()
 8 SYSTEMPATH/CodeIgniter.php(361): CodeIgniter\CodeIgniter->handleRequest()
 9 FCPATH/index.php(79): CodeIgniter\CodeIgniter->run()
ERROR - 2024-02-07 14:04:46 --> mysqli_sql_exception: Unknown column 'customer_id' in 'where clause' in /home/u652040979/domains/truetechnologies.in/public_html/taxConsultant/system/Database/MySQLi/Connection.php:306
Stack trace:
#0 /home/u652040979/domains/truetechnologies.in/public_html/taxConsultant/system/Database/MySQLi/Connection.php(306): mysqli->query()
#1 /home/u652040979/domains/truetechnologies.in/public_html/taxConsultant/system/Database/BaseConnection.php(693): CodeIgniter\Database\MySQLi\Connection->execute()
#2 /home/u652040979/domains/truetechnologies.in/public_html/taxConsultant/system/Database/BaseConnection.php(607): CodeIgniter\Database\BaseConnection->simpleQuery()
#3 /home/u652040979/domains/truetechnologies.in/public_html/taxConsultant/system/Database/BaseBuilder.php(1613): CodeIgniter\Database\BaseConnection->query()
#4 /home/u652040979/domains/truetechnologies.in/public_html/taxConsultant/app/Views/api/api_profile.php(33): CodeIgniter\Database\BaseBuilder->get()
#5 /home/u652040979/domains/truetechnologies.in/public_html/taxConsultant/system/View/View.php(228): include('/home/u65204097...')
#6 /home/u652040979/domains/truetechnologies.in/public_html/taxConsultant/system/View/View.php(231): CodeIgniter\View\View->CodeIgniter\View\{closure}()
#7 /home/u652040979/domains/truetechnologies.in/public_html/taxConsultant/system/Common.php(1178): CodeIgniter\View\View->render()
#8 /home/u652040979/domains/truetechnologies.in/public_html/taxConsultant/app/Controllers/Home.php(119): view()
#9 /home/u652040979/domains/truetechnologies.in/public_html/taxConsultant/system/CodeIgniter.php(941): App\Controllers\Home->api_v1_profile()
#10 /home/u652040979/domains/truetechnologies.in/public_html/taxConsultant/system/CodeIgniter.php(502): CodeIgniter\CodeIgniter->runController()
#11 /home/u652040979/domains/truetechnologies.in/public_html/taxConsultant/system/CodeIgniter.php(361): CodeIgniter\CodeIgniter->handleRequest()
#12 /home/u652040979/domains/truetechnologies.in/public_html/taxConsultant/tax/index.php(79): CodeIgniter\CodeIgniter->run()
#13 {main}
CRITICAL - 2024-02-07 14:04:46 --> CodeIgniter\Database\Exceptions\DatabaseException: Unknown column 'customer_id' in 'where clause'
in SYSTEMPATH/Database/BaseConnection.php on line 647.
 1 SYSTEMPATH/Database/BaseBuilder.php(1613): CodeIgniter\Database\BaseConnection->query()
 2 APPPATH/Views/api/api_profile.php(33): CodeIgniter\Database\BaseBuilder->get()
 3 SYSTEMPATH/View/View.php(228): include('/home/u652040979/domains/truetechnologies.in/public_html/taxConsultant/app/Views/api/api_profile.php')
 4 SYSTEMPATH/View/View.php(231): CodeIgniter\View\View->CodeIgniter\View\{closure}()
 5 SYSTEMPATH/Common.php(1178): CodeIgniter\View\View->render()
 6 APPPATH/Controllers/Home.php(119): view()
 7 SYSTEMPATH/CodeIgniter.php(941): App\Controllers\Home->api_v1_profile()
 8 SYSTEMPATH/CodeIgniter.php(502): CodeIgniter\CodeIgniter->runController()
 9 SYSTEMPATH/CodeIgniter.php(361): CodeIgniter\CodeIgniter->handleRequest()
10 FCPATH/index.php(79): CodeIgniter\CodeIgniter->run()
CRITICAL - 2024-02-07 14:04:46 --> [Caused by] CodeIgniter\Database\Exceptions\DatabaseException: Unknown column 'customer_id' in 'where clause'
in SYSTEMPATH/Database/MySQLi/Connection.php on line 311.
 1 SYSTEMPATH/Database/BaseConnection.php(693): CodeIgniter\Database\MySQLi\Connection->execute()
 2 SYSTEMPATH/Database/BaseConnection.php(607): CodeIgniter\Database\BaseConnection->simpleQuery()
 3 SYSTEMPATH/Database/BaseBuilder.php(1613): CodeIgniter\Database\BaseConnection->query()
 4 APPPATH/Views/api/api_profile.php(33): CodeIgniter\Database\BaseBuilder->get()
 5 SYSTEMPATH/View/View.php(228): include('/home/u652040979/domains/truetechnologies.in/public_html/taxConsultant/app/Views/api/api_profile.php')
 6 SYSTEMPATH/View/View.php(231): CodeIgniter\View\View->CodeIgniter\View\{closure}()
 7 SYSTEMPATH/Common.php(1178): CodeIgniter\View\View->render()
 8 APPPATH/Controllers/Home.php(119): view()
 9 SYSTEMPATH/CodeIgniter.php(941): App\Controllers\Home->api_v1_profile()
10 SYSTEMPATH/CodeIgniter.php(502): CodeIgniter\CodeIgniter->runController()
11 SYSTEMPATH/CodeIgniter.php(361): CodeIgniter\CodeIgniter->handleRequest()
12 FCPATH/index.php(79): CodeIgniter\CodeIgniter->run()
CRITICAL - 2024-02-07 14:04:46 --> [Caused by] mysqli_sql_exception: Unknown column 'customer_id' in 'where clause'
in SYSTEMPATH/Database/MySQLi/Connection.php on line 306.
 1 SYSTEMPATH/Database/MySQLi/Connection.php(306): mysqli->query()
 2 SYSTEMPATH/Database/BaseConnection.php(693): CodeIgniter\Database\MySQLi\Connection->execute()
 3 SYSTEMPATH/Database/BaseConnection.php(607): CodeIgniter\Database\BaseConnection->simpleQuery()
 4 SYSTEMPATH/Database/BaseBuilder.php(1613): CodeIgniter\Database\BaseConnection->query()
 5 APPPATH/Views/api/api_profile.php(33): CodeIgniter\Database\BaseBuilder->get()
 6 SYSTEMPATH/View/View.php(228): include('/home/u652040979/domains/truetechnologies.in/public_html/taxConsultant/app/Views/api/api_profile.php')
 7 SYSTEMPATH/View/View.php(231): CodeIgniter\View\View->CodeIgniter\View\{closure}()
 8 SYSTEMPATH/Common.php(1178): CodeIgniter\View\View->render()
 9 APPPATH/Controllers/Home.php(119): view()
10 SYSTEMPATH/CodeIgniter.php(941): App\Controllers\Home->api_v1_profile()
11 SYSTEMPATH/CodeIgniter.php(502): CodeIgniter\CodeIgniter->runController()
12 SYSTEMPATH/CodeIgniter.php(361): CodeIgniter\CodeIgniter->handleRequest()
13 FCPATH/index.php(79): CodeIgniter\CodeIgniter->run()
ERROR - 2024-02-07 14:04:46 --> mysqli_sql_exception: Unknown column 'customer_id' in 'where clause' in /home/u652040979/domains/truetechnologies.in/public_html/taxConsultant/system/Database/MySQLi/Connection.php:306
Stack trace:
#0 /home/u652040979/domains/truetechnologies.in/public_html/taxConsultant/system/Database/MySQLi/Connection.php(306): mysqli->query()
#1 /home/u652040979/domains/truetechnologies.in/public_html/taxConsultant/system/Database/BaseConnection.php(693): CodeIgniter\Database\MySQLi\Connection->execute()
#2 /home/u652040979/domains/truetechnologies.in/public_html/taxConsultant/system/Database/BaseConnection.php(607): CodeIgniter\Database\BaseConnection->simpleQuery()
#3 /home/u652040979/domains/truetechnologies.in/public_html/taxConsultant/system/Database/BaseBuilder.php(1613): CodeIgniter\Database\BaseConnection->query()
#4 /home/u652040979/domains/truetechnologies.in/public_html/taxConsultant/app/Views/api/api_profile.php(33): CodeIgniter\Database\BaseBuilder->get()
#5 /home/u652040979/domains/truetechnologies.in/public_html/taxConsultant/system/View/View.php(228): include('/home/u65204097...')
#6 /home/u652040979/domains/truetechnologies.in/public_html/taxConsultant/system/View/View.php(231): CodeIgniter\View\View->CodeIgniter\View\{closure}()
#7 /home/u652040979/domains/truetechnologies.in/public_html/taxConsultant/system/Common.php(1178): CodeIgniter\View\View->render()
#8 /home/u652040979/domains/truetechnologies.in/public_html/taxConsultant/app/Controllers/Home.php(119): view()
#9 /home/u652040979/domains/truetechnologies.in/public_html/taxConsultant/system/CodeIgniter.php(941): App\Controllers\Home->api_v1_profile()
#10 /home/u652040979/domains/truetechnologies.in/public_html/taxConsultant/system/CodeIgniter.php(502): CodeIgniter\CodeIgniter->runController()
#11 /home/u652040979/domains/truetechnologies.in/public_html/taxConsultant/system/CodeIgniter.php(361): CodeIgniter\CodeIgniter->handleRequest()
#12 /home/u652040979/domains/truetechnologies.in/public_html/taxConsultant/tax/index.php(79): CodeIgniter\CodeIgniter->run()
#13 {main}
CRITICAL - 2024-02-07 14:04:46 --> CodeIgniter\Database\Exceptions\DatabaseException: Unknown column 'customer_id' in 'where clause'
in SYSTEMPATH/Database/BaseConnection.php on line 647.
 1 SYSTEMPATH/Database/BaseBuilder.php(1613): CodeIgniter\Database\BaseConnection->query()
 2 APPPATH/Views/api/api_profile.php(33): CodeIgniter\Database\BaseBuilder->get()
 3 SYSTEMPATH/View/View.php(228): include('/home/u652040979/domains/truetechnologies.in/public_html/taxConsultant/app/Views/api/api_profile.php')
 4 SYSTEMPATH/View/View.php(231): CodeIgniter\View\View->CodeIgniter\View\{closure}()
 5 SYSTEMPATH/Common.php(1178): CodeIgniter\View\View->render()
 6 APPPATH/Controllers/Home.php(119): view()
 7 SYSTEMPATH/CodeIgniter.php(941): App\Controllers\Home->api_v1_profile()
 8 SYSTEMPATH/CodeIgniter.php(502): CodeIgniter\CodeIgniter->runController()
 9 SYSTEMPATH/CodeIgniter.php(361): CodeIgniter\CodeIgniter->handleRequest()
10 FCPATH/index.php(79): CodeIgniter\CodeIgniter->run()
CRITICAL - 2024-02-07 14:04:46 --> [Caused by] CodeIgniter\Database\Exceptions\DatabaseException: Unknown column 'customer_id' in 'where clause'
in SYSTEMPATH/Database/MySQLi/Connection.php on line 311.
 1 SYSTEMPATH/Database/BaseConnection.php(693): CodeIgniter\Database\MySQLi\Connection->execute()
 2 SYSTEMPATH/Database/BaseConnection.php(607): CodeIgniter\Database\BaseConnection->simpleQuery()
 3 SYSTEMPATH/Database/BaseBuilder.php(1613): CodeIgniter\Database\BaseConnection->query()
 4 APPPATH/Views/api/api_profile.php(33): CodeIgniter\Database\BaseBuilder->get()
 5 SYSTEMPATH/View/View.php(228): include('/home/u652040979/domains/truetechnologies.in/public_html/taxConsultant/app/Views/api/api_profile.php')
 6 SYSTEMPATH/View/View.php(231): CodeIgniter\View\View->CodeIgniter\View\{closure}()
 7 SYSTEMPATH/Common.php(1178): CodeIgniter\View\View->render()
 8 APPPATH/Controllers/Home.php(119): view()
 9 SYSTEMPATH/CodeIgniter.php(941): App\Controllers\Home->api_v1_profile()
10 SYSTEMPATH/CodeIgniter.php(502): CodeIgniter\CodeIgniter->runController()
11 SYSTEMPATH/CodeIgniter.php(361): CodeIgniter\CodeIgniter->handleRequest()
12 FCPATH/index.php(79): CodeIgniter\CodeIgniter->run()
CRITICAL - 2024-02-07 14:04:46 --> [Caused by] mysqli_sql_exception: Unknown column 'customer_id' in 'where clause'
in SYSTEMPATH/Database/MySQLi/Connection.php on line 306.
 1 SYSTEMPATH/Database/MySQLi/Connection.php(306): mysqli->query()
 2 SYSTEMPATH/Database/BaseConnection.php(693): CodeIgniter\Database\MySQLi\Connection->execute()
 3 SYSTEMPATH/Database/BaseConnection.php(607): CodeIgniter\Database\BaseConnection->simpleQuery()
 4 SYSTEMPATH/Database/BaseBuilder.php(1613): CodeIgniter\Database\BaseConnection->query()
 5 APPPATH/Views/api/api_profile.php(33): CodeIgniter\Database\BaseBuilder->get()
 6 SYSTEMPATH/View/View.php(228): include('/home/u652040979/domains/truetechnologies.in/public_html/taxConsultant/app/Views/api/api_profile.php')
 7 SYSTEMPATH/View/View.php(231): CodeIgniter\View\View->CodeIgniter\View\{closure}()
 8 SYSTEMPATH/Common.php(1178): CodeIgniter\View\View->render()
 9 APPPATH/Controllers/Home.php(119): view()
10 SYSTEMPATH/CodeIgniter.php(941): App\Controllers\Home->api_v1_profile()
11 SYSTEMPATH/CodeIgniter.php(502): CodeIgniter\CodeIgniter->runController()
12 SYSTEMPATH/CodeIgniter.php(361): CodeIgniter\CodeIgniter->handleRequest()
13 FCPATH/index.php(79): CodeIgniter\CodeIgniter->run()
ERROR - 2024-02-07 14:05:00 --> mysqli_sql_exception: Unknown column 'customer_id' in 'where clause' in /home/u652040979/domains/truetechnologies.in/public_html/taxConsultant/system/Database/MySQLi/Connection.php:306
Stack trace:
#0 /home/u652040979/domains/truetechnologies.in/public_html/taxConsultant/system/Database/MySQLi/Connection.php(306): mysqli->query()
#1 /home/u652040979/domains/truetechnologies.in/public_html/taxConsultant/system/Database/BaseConnection.php(693): CodeIgniter\Database\MySQLi\Connection->execute()
#2 /home/u652040979/domains/truetechnologies.in/public_html/taxConsultant/system/Database/BaseConnection.php(607): CodeIgniter\Database\BaseConnection->simpleQuery()
#3 /home/u652040979/domains/truetechnologies.in/public_html/taxConsultant/system/Database/BaseBuilder.php(1613): CodeIgniter\Database\BaseConnection->query()
#4 /home/u652040979/domains/truetechnologies.in/public_html/taxConsultant/app/Views/api/api_profile.php(33): CodeIgniter\Database\BaseBuilder->get()
#5 /home/u652040979/domains/truetechnologies.in/public_html/taxConsultant/system/View/View.php(228): include('/home/u65204097...')
#6 /home/u652040979/domains/truetechnologies.in/public_html/taxConsultant/system/View/View.php(231): CodeIgniter\View\View->CodeIgniter\View\{closure}()
#7 /home/u652040979/domains/truetechnologies.in/public_html/taxConsultant/system/Common.php(1178): CodeIgniter\View\View->render()
#8 /home/u652040979/domains/truetechnologies.in/public_html/taxConsultant/app/Controllers/Home.php(119): view()
#9 /home/u652040979/domains/truetechnologies.in/public_html/taxConsultant/system/CodeIgniter.php(941): App\Controllers\Home->api_v1_profile()
#10 /home/u652040979/domains/truetechnologies.in/public_html/taxConsultant/system/CodeIgniter.php(502): CodeIgniter\CodeIgniter->runController()
#11 /home/u652040979/domains/truetechnologies.in/public_html/taxConsultant/system/CodeIgniter.php(361): CodeIgniter\CodeIgniter->handleRequest()
#12 /home/u652040979/domains/truetechnologies.in/public_html/taxConsultant/tax/index.php(79): CodeIgniter\CodeIgniter->run()
#13 {main}
CRITICAL - 2024-02-07 14:05:00 --> CodeIgniter\Database\Exceptions\DatabaseException: Unknown column 'customer_id' in 'where clause'
in SYSTEMPATH/Database/BaseConnection.php on line 647.
 1 SYSTEMPATH/Database/BaseBuilder.php(1613): CodeIgniter\Database\BaseConnection->query()
 2 APPPATH/Views/api/api_profile.php(33): CodeIgniter\Database\BaseBuilder->get()
 3 SYSTEMPATH/View/View.php(228): include('/home/u652040979/domains/truetechnologies.in/public_html/taxConsultant/app/Views/api/api_profile.php')
 4 SYSTEMPATH/View/View.php(231): CodeIgniter\View\View->CodeIgniter\View\{closure}()
 5 SYSTEMPATH/Common.php(1178): CodeIgniter\View\View->render()
 6 APPPATH/Controllers/Home.php(119): view()
 7 SYSTEMPATH/CodeIgniter.php(941): App\Controllers\Home->api_v1_profile()
 8 SYSTEMPATH/CodeIgniter.php(502): CodeIgniter\CodeIgniter->runController()
 9 SYSTEMPATH/CodeIgniter.php(361): CodeIgniter\CodeIgniter->handleRequest()
10 FCPATH/index.php(79): CodeIgniter\CodeIgniter->run()
CRITICAL - 2024-02-07 14:05:00 --> [Caused by] CodeIgniter\Database\Exceptions\DatabaseException: Unknown column 'customer_id' in 'where clause'
in SYSTEMPATH/Database/MySQLi/Connection.php on line 311.
 1 SYSTEMPATH/Database/BaseConnection.php(693): CodeIgniter\Database\MySQLi\Connection->execute()
 2 SYSTEMPATH/Database/BaseConnection.php(607): CodeIgniter\Database\BaseConnection->simpleQuery()
 3 SYSTEMPATH/Database/BaseBuilder.php(1613): CodeIgniter\Database\BaseConnection->query()
 4 APPPATH/Views/api/api_profile.php(33): CodeIgniter\Database\BaseBuilder->get()
 5 SYSTEMPATH/View/View.php(228): include('/home/u652040979/domains/truetechnologies.in/public_html/taxConsultant/app/Views/api/api_profile.php')
 6 SYSTEMPATH/View/View.php(231): CodeIgniter\View\View->CodeIgniter\View\{closure}()
 7 SYSTEMPATH/Common.php(1178): CodeIgniter\View\View->render()
 8 APPPATH/Controllers/Home.php(119): view()
 9 SYSTEMPATH/CodeIgniter.php(941): App\Controllers\Home->api_v1_profile()
10 SYSTEMPATH/CodeIgniter.php(502): CodeIgniter\CodeIgniter->runController()
11 SYSTEMPATH/CodeIgniter.php(361): CodeIgniter\CodeIgniter->handleRequest()
12 FCPATH/index.php(79): CodeIgniter\CodeIgniter->run()
CRITICAL - 2024-02-07 14:05:00 --> [Caused by] mysqli_sql_exception: Unknown column 'customer_id' in 'where clause'
in SYSTEMPATH/Database/MySQLi/Connection.php on line 306.
 1 SYSTEMPATH/Database/MySQLi/Connection.php(306): mysqli->query()
 2 SYSTEMPATH/Database/BaseConnection.php(693): CodeIgniter\Database\MySQLi\Connection->execute()
 3 SYSTEMPATH/Database/BaseConnection.php(607): CodeIgniter\Database\BaseConnection->simpleQuery()
 4 SYSTEMPATH/Database/BaseBuilder.php(1613): CodeIgniter\Database\BaseConnection->query()
 5 APPPATH/Views/api/api_profile.php(33): CodeIgniter\Database\BaseBuilder->get()
 6 SYSTEMPATH/View/View.php(228): include('/home/u652040979/domains/truetechnologies.in/public_html/taxConsultant/app/Views/api/api_profile.php')
 7 SYSTEMPATH/View/View.php(231): CodeIgniter\View\View->CodeIgniter\View\{closure}()
 8 SYSTEMPATH/Common.php(1178): CodeIgniter\View\View->render()
 9 APPPATH/Controllers/Home.php(119): view()
10 SYSTEMPATH/CodeIgniter.php(941): App\Controllers\Home->api_v1_profile()
11 SYSTEMPATH/CodeIgniter.php(502): CodeIgniter\CodeIgniter->runController()
12 SYSTEMPATH/CodeIgniter.php(361): CodeIgniter\CodeIgniter->handleRequest()
13 FCPATH/index.php(79): CodeIgniter\CodeIgniter->run()
ERROR - 2024-02-07 14:05:00 --> mysqli_sql_exception: Unknown column 'customer_id' in 'where clause' in /home/u652040979/domains/truetechnologies.in/public_html/taxConsultant/system/Database/MySQLi/Connection.php:306
Stack trace:
#0 /home/u652040979/domains/truetechnologies.in/public_html/taxConsultant/system/Database/MySQLi/Connection.php(306): mysqli->query()
#1 /home/u652040979/domains/truetechnologies.in/public_html/taxConsultant/system/Database/BaseConnection.php(693): CodeIgniter\Database\MySQLi\Connection->execute()
#2 /home/u652040979/domains/truetechnologies.in/public_html/taxConsultant/system/Database/BaseConnection.php(607): CodeIgniter\Database\BaseConnection->simpleQuery()
#3 /home/u652040979/domains/truetechnologies.in/public_html/taxConsultant/system/Database/BaseBuilder.php(1613): CodeIgniter\Database\BaseConnection->query()
#4 /home/u652040979/domains/truetechnologies.in/public_html/taxConsultant/app/Views/api/api_profile.php(33): CodeIgniter\Database\BaseBuilder->get()
#5 /home/u652040979/domains/truetechnologies.in/public_html/taxConsultant/system/View/View.php(228): include('/home/u65204097...')
#6 /home/u652040979/domains/truetechnologies.in/public_html/taxConsultant/system/View/View.php(231): CodeIgniter\View\View->CodeIgniter\View\{closure}()
#7 /home/u652040979/domains/truetechnologies.in/public_html/taxConsultant/system/Common.php(1178): CodeIgniter\View\View->render()
#8 /home/u652040979/domains/truetechnologies.in/public_html/taxConsultant/app/Controllers/Home.php(119): view()
#9 /home/u652040979/domains/truetechnologies.in/public_html/taxConsultant/system/CodeIgniter.php(941): App\Controllers\Home->api_v1_profile()
#10 /home/u652040979/domains/truetechnologies.in/public_html/taxConsultant/system/CodeIgniter.php(502): CodeIgniter\CodeIgniter->runController()
#11 /home/u652040979/domains/truetechnologies.in/public_html/taxConsultant/system/CodeIgniter.php(361): CodeIgniter\CodeIgniter->handleRequest()
#12 /home/u652040979/domains/truetechnologies.in/public_html/taxConsultant/tax/index.php(79): CodeIgniter\CodeIgniter->run()
#13 {main}
CRITICAL - 2024-02-07 14:05:00 --> CodeIgniter\Database\Exceptions\DatabaseException: Unknown column 'customer_id' in 'where clause'
in SYSTEMPATH/Database/BaseConnection.php on line 647.
 1 SYSTEMPATH/Database/BaseBuilder.php(1613): CodeIgniter\Database\BaseConnection->query()
 2 APPPATH/Views/api/api_profile.php(33): CodeIgniter\Database\BaseBuilder->get()
 3 SYSTEMPATH/View/View.php(228): include('/home/u652040979/domains/truetechnologies.in/public_html/taxConsultant/app/Views/api/api_profile.php')
 4 SYSTEMPATH/View/View.php(231): CodeIgniter\View\View->CodeIgniter\View\{closure}()
 5 SYSTEMPATH/Common.php(1178): CodeIgniter\View\View->render()
 6 APPPATH/Controllers/Home.php(119): view()
 7 SYSTEMPATH/CodeIgniter.php(941): App\Controllers\Home->api_v1_profile()
 8 SYSTEMPATH/CodeIgniter.php(502): CodeIgniter\CodeIgniter->runController()
 9 SYSTEMPATH/CodeIgniter.php(361): CodeIgniter\CodeIgniter->handleRequest()
10 FCPATH/index.php(79): CodeIgniter\CodeIgniter->run()
CRITICAL - 2024-02-07 14:05:00 --> [Caused by] CodeIgniter\Database\Exceptions\DatabaseException: Unknown column 'customer_id' in 'where clause'
in SYSTEMPATH/Database/MySQLi/Connection.php on line 311.
 1 SYSTEMPATH/Database/BaseConnection.php(693): CodeIgniter\Database\MySQLi\Connection->execute()
 2 SYSTEMPATH/Database/BaseConnection.php(607): CodeIgniter\Database\BaseConnection->simpleQuery()
 3 SYSTEMPATH/Database/BaseBuilder.php(1613): CodeIgniter\Database\BaseConnection->query()
 4 APPPATH/Views/api/api_profile.php(33): CodeIgniter\Database\BaseBuilder->get()
 5 SYSTEMPATH/View/View.php(228): include('/home/u652040979/domains/truetechnologies.in/public_html/taxConsultant/app/Views/api/api_profile.php')
 6 SYSTEMPATH/View/View.php(231): CodeIgniter\View\View->CodeIgniter\View\{closure}()
 7 SYSTEMPATH/Common.php(1178): CodeIgniter\View\View->render()
 8 APPPATH/Controllers/Home.php(119): view()
 9 SYSTEMPATH/CodeIgniter.php(941): App\Controllers\Home->api_v1_profile()
10 SYSTEMPATH/CodeIgniter.php(502): CodeIgniter\CodeIgniter->runController()
11 SYSTEMPATH/CodeIgniter.php(361): CodeIgniter\CodeIgniter->handleRequest()
12 FCPATH/index.php(79): CodeIgniter\CodeIgniter->run()
CRITICAL - 2024-02-07 14:05:00 --> [Caused by] mysqli_sql_exception: Unknown column 'customer_id' in 'where clause'
in SYSTEMPATH/Database/MySQLi/Connection.php on line 306.
 1 SYSTEMPATH/Database/MySQLi/Connection.php(306): mysqli->query()
 2 SYSTEMPATH/Database/BaseConnection.php(693): CodeIgniter\Database\MySQLi\Connection->execute()
 3 SYSTEMPATH/Database/BaseConnection.php(607): CodeIgniter\Database\BaseConnection->simpleQuery()
 4 SYSTEMPATH/Database/BaseBuilder.php(1613): CodeIgniter\Database\BaseConnection->query()
 5 APPPATH/Views/api/api_profile.php(33): CodeIgniter\Database\BaseBuilder->get()
 6 SYSTEMPATH/View/View.php(228): include('/home/u652040979/domains/truetechnologies.in/public_html/taxConsultant/app/Views/api/api_profile.php')
 7 SYSTEMPATH/View/View.php(231): CodeIgniter\View\View->CodeIgniter\View\{closure}()
 8 SYSTEMPATH/Common.php(1178): CodeIgniter\View\View->render()
 9 APPPATH/Controllers/Home.php(119): view()
10 SYSTEMPATH/CodeIgniter.php(941): App\Controllers\Home->api_v1_profile()
11 SYSTEMPATH/CodeIgniter.php(502): CodeIgniter\CodeIgniter->runController()
12 SYSTEMPATH/CodeIgniter.php(361): CodeIgniter\CodeIgniter->handleRequest()
13 FCPATH/index.php(79): CodeIgniter\CodeIgniter->run()
ERROR - 2024-02-07 14:05:10 --> mysqli_sql_exception: Unknown column 'customer_id' in 'where clause' in /home/u652040979/domains/truetechnologies.in/public_html/taxConsultant/system/Database/MySQLi/Connection.php:306
Stack trace:
#0 /home/u652040979/domains/truetechnologies.in/public_html/taxConsultant/system/Database/MySQLi/Connection.php(306): mysqli->query()
#1 /home/u652040979/domains/truetechnologies.in/public_html/taxConsultant/system/Database/BaseConnection.php(693): CodeIgniter\Database\MySQLi\Connection->execute()
#2 /home/u652040979/domains/truetechnologies.in/public_html/taxConsultant/system/Database/BaseConnection.php(607): CodeIgniter\Database\BaseConnection->simpleQuery()
#3 /home/u652040979/domains/truetechnologies.in/public_html/taxConsultant/system/Database/BaseBuilder.php(1613): CodeIgniter\Database\BaseConnection->query()
#4 /home/u652040979/domains/truetechnologies.in/public_html/taxConsultant/app/Views/api/api_profile.php(33): CodeIgniter\Database\BaseBuilder->get()
#5 /home/u652040979/domains/truetechnologies.in/public_html/taxConsultant/system/View/View.php(228): include('/home/u65204097...')
#6 /home/u652040979/domains/truetechnologies.in/public_html/taxConsultant/system/View/View.php(231): CodeIgniter\View\View->CodeIgniter\View\{closure}()
#7 /home/u652040979/domains/truetechnologies.in/public_html/taxConsultant/system/Common.php(1178): CodeIgniter\View\View->render()
#8 /home/u652040979/domains/truetechnologies.in/public_html/taxConsultant/app/Controllers/Home.php(119): view()
#9 /home/u652040979/domains/truetechnologies.in/public_html/taxConsultant/system/CodeIgniter.php(941): App\Controllers\Home->api_v1_profile()
#10 /home/u652040979/domains/truetechnologies.in/public_html/taxConsultant/system/CodeIgniter.php(502): CodeIgniter\CodeIgniter->runController()
#11 /home/u652040979/domains/truetechnologies.in/public_html/taxConsultant/system/CodeIgniter.php(361): CodeIgniter\CodeIgniter->handleRequest()
#12 /home/u652040979/domains/truetechnologies.in/public_html/taxConsultant/tax/index.php(79): CodeIgniter\CodeIgniter->run()
#13 {main}
CRITICAL - 2024-02-07 14:05:10 --> CodeIgniter\Database\Exceptions\DatabaseException: Unknown column 'customer_id' in 'where clause'
in SYSTEMPATH/Database/BaseConnection.php on line 647.
 1 SYSTEMPATH/Database/BaseBuilder.php(1613): CodeIgniter\Database\BaseConnection->query()
 2 APPPATH/Views/api/api_profile.php(33): CodeIgniter\Database\BaseBuilder->get()
 3 SYSTEMPATH/View/View.php(228): include('/home/u652040979/domains/truetechnologies.in/public_html/taxConsultant/app/Views/api/api_profile.php')
 4 SYSTEMPATH/View/View.php(231): CodeIgniter\View\View->CodeIgniter\View\{closure}()
 5 SYSTEMPATH/Common.php(1178): CodeIgniter\View\View->render()
 6 APPPATH/Controllers/Home.php(119): view()
 7 SYSTEMPATH/CodeIgniter.php(941): App\Controllers\Home->api_v1_profile()
 8 SYSTEMPATH/CodeIgniter.php(502): CodeIgniter\CodeIgniter->runController()
 9 SYSTEMPATH/CodeIgniter.php(361): CodeIgniter\CodeIgniter->handleRequest()
10 FCPATH/index.php(79): CodeIgniter\CodeIgniter->run()
CRITICAL - 2024-02-07 14:05:10 --> [Caused by] CodeIgniter\Database\Exceptions\DatabaseException: Unknown column 'customer_id' in 'where clause'
in SYSTEMPATH/Database/MySQLi/Connection.php on line 311.
 1 SYSTEMPATH/Database/BaseConnection.php(693): CodeIgniter\Database\MySQLi\Connection->execute()
 2 SYSTEMPATH/Database/BaseConnection.php(607): CodeIgniter\Database\BaseConnection->simpleQuery()
 3 SYSTEMPATH/Database/BaseBuilder.php(1613): CodeIgniter\Database\BaseConnection->query()
 4 APPPATH/Views/api/api_profile.php(33): CodeIgniter\Database\BaseBuilder->get()
 5 SYSTEMPATH/View/View.php(228): include('/home/u652040979/domains/truetechnologies.in/public_html/taxConsultant/app/Views/api/api_profile.php')
 6 SYSTEMPATH/View/View.php(231): CodeIgniter\View\View->CodeIgniter\View\{closure}()
 7 SYSTEMPATH/Common.php(1178): CodeIgniter\View\View->render()
 8 APPPATH/Controllers/Home.php(119): view()
 9 SYSTEMPATH/CodeIgniter.php(941): App\Controllers\Home->api_v1_profile()
10 SYSTEMPATH/CodeIgniter.php(502): CodeIgniter\CodeIgniter->runController()
11 SYSTEMPATH/CodeIgniter.php(361): CodeIgniter\CodeIgniter->handleRequest()
12 FCPATH/index.php(79): CodeIgniter\CodeIgniter->run()
CRITICAL - 2024-02-07 14:05:10 --> [Caused by] mysqli_sql_exception: Unknown column 'customer_id' in 'where clause'
in SYSTEMPATH/Database/MySQLi/Connection.php on line 306.
 1 SYSTEMPATH/Database/MySQLi/Connection.php(306): mysqli->query()
 2 SYSTEMPATH/Database/BaseConnection.php(693): CodeIgniter\Database\MySQLi\Connection->execute()
 3 SYSTEMPATH/Database/BaseConnection.php(607): CodeIgniter\Database\BaseConnection->simpleQuery()
 4 SYSTEMPATH/Database/BaseBuilder.php(1613): CodeIgniter\Database\BaseConnection->query()
 5 APPPATH/Views/api/api_profile.php(33): CodeIgniter\Database\BaseBuilder->get()
 6 SYSTEMPATH/View/View.php(228): include('/home/u652040979/domains/truetechnologies.in/public_html/taxConsultant/app/Views/api/api_profile.php')
 7 SYSTEMPATH/View/View.php(231): CodeIgniter\View\View->CodeIgniter\View\{closure}()
 8 SYSTEMPATH/Common.php(1178): CodeIgniter\View\View->render()
 9 APPPATH/Controllers/Home.php(119): view()
10 SYSTEMPATH/CodeIgniter.php(941): App\Controllers\Home->api_v1_profile()
11 SYSTEMPATH/CodeIgniter.php(502): CodeIgniter\CodeIgniter->runController()
12 SYSTEMPATH/CodeIgniter.php(361): CodeIgniter\CodeIgniter->handleRequest()
13 FCPATH/index.php(79): CodeIgniter\CodeIgniter->run()
ERROR - 2024-02-07 14:05:10 --> mysqli_sql_exception: Unknown column 'customer_id' in 'where clause' in /home/u652040979/domains/truetechnologies.in/public_html/taxConsultant/system/Database/MySQLi/Connection.php:306
Stack trace:
#0 /home/u652040979/domains/truetechnologies.in/public_html/taxConsultant/system/Database/MySQLi/Connection.php(306): mysqli->query()
#1 /home/u652040979/domains/truetechnologies.in/public_html/taxConsultant/system/Database/BaseConnection.php(693): CodeIgniter\Database\MySQLi\Connection->execute()
#2 /home/u652040979/domains/truetechnologies.in/public_html/taxConsultant/system/Database/BaseConnection.php(607): CodeIgniter\Database\BaseConnection->simpleQuery()
#3 /home/u652040979/domains/truetechnologies.in/public_html/taxConsultant/system/Database/BaseBuilder.php(1613): CodeIgniter\Database\BaseConnection->query()
#4 /home/u652040979/domains/truetechnologies.in/public_html/taxConsultant/app/Views/api/api_profile.php(33): CodeIgniter\Database\BaseBuilder->get()
#5 /home/u652040979/domains/truetechnologies.in/public_html/taxConsultant/system/View/View.php(228): include('/home/u65204097...')
#6 /home/u652040979/domains/truetechnologies.in/public_html/taxConsultant/system/View/View.php(231): CodeIgniter\View\View->CodeIgniter\View\{closure}()
#7 /home/u652040979/domains/truetechnologies.in/public_html/taxConsultant/system/Common.php(1178): CodeIgniter\View\View->render()
#8 /home/u652040979/domains/truetechnologies.in/public_html/taxConsultant/app/Controllers/Home.php(119): view()
#9 /home/u652040979/domains/truetechnologies.in/public_html/taxConsultant/system/CodeIgniter.php(941): App\Controllers\Home->api_v1_profile()
#10 /home/u652040979/domains/truetechnologies.in/public_html/taxConsultant/system/CodeIgniter.php(502): CodeIgniter\CodeIgniter->runController()
#11 /home/u652040979/domains/truetechnologies.in/public_html/taxConsultant/system/CodeIgniter.php(361): CodeIgniter\CodeIgniter->handleRequest()
#12 /home/u652040979/domains/truetechnologies.in/public_html/taxConsultant/tax/index.php(79): CodeIgniter\CodeIgniter->run()
#13 {main}
CRITICAL - 2024-02-07 14:05:10 --> CodeIgniter\Database\Exceptions\DatabaseException: Unknown column 'customer_id' in 'where clause'
in SYSTEMPATH/Database/BaseConnection.php on line 647.
 1 SYSTEMPATH/Database/BaseBuilder.php(1613): CodeIgniter\Database\BaseConnection->query()
 2 APPPATH/Views/api/api_profile.php(33): CodeIgniter\Database\BaseBuilder->get()
 3 SYSTEMPATH/View/View.php(228): include('/home/u652040979/domains/truetechnologies.in/public_html/taxConsultant/app/Views/api/api_profile.php')
 4 SYSTEMPATH/View/View.php(231): CodeIgniter\View\View->CodeIgniter\View\{closure}()
 5 SYSTEMPATH/Common.php(1178): CodeIgniter\View\View->render()
 6 APPPATH/Controllers/Home.php(119): view()
 7 SYSTEMPATH/CodeIgniter.php(941): App\Controllers\Home->api_v1_profile()
 8 SYSTEMPATH/CodeIgniter.php(502): CodeIgniter\CodeIgniter->runController()
 9 SYSTEMPATH/CodeIgniter.php(361): CodeIgniter\CodeIgniter->handleRequest()
10 FCPATH/index.php(79): CodeIgniter\CodeIgniter->run()
CRITICAL - 2024-02-07 14:05:10 --> [Caused by] CodeIgniter\Database\Exceptions\DatabaseException: Unknown column 'customer_id' in 'where clause'
in SYSTEMPATH/Database/MySQLi/Connection.php on line 311.
 1 SYSTEMPATH/Database/BaseConnection.php(693): CodeIgniter\Database\MySQLi\Connection->execute()
 2 SYSTEMPATH/Database/BaseConnection.php(607): CodeIgniter\Database\BaseConnection->simpleQuery()
 3 SYSTEMPATH/Database/BaseBuilder.php(1613): CodeIgniter\Database\BaseConnection->query()
 4 APPPATH/Views/api/api_profile.php(33): CodeIgniter\Database\BaseBuilder->get()
 5 SYSTEMPATH/View/View.php(228): include('/home/u652040979/domains/truetechnologies.in/public_html/taxConsultant/app/Views/api/api_profile.php')
 6 SYSTEMPATH/View/View.php(231): CodeIgniter\View\View->CodeIgniter\View\{closure}()
 7 SYSTEMPATH/Common.php(1178): CodeIgniter\View\View->render()
 8 APPPATH/Controllers/Home.php(119): view()
 9 SYSTEMPATH/CodeIgniter.php(941): App\Controllers\Home->api_v1_profile()
10 SYSTEMPATH/CodeIgniter.php(502): CodeIgniter\CodeIgniter->runController()
11 SYSTEMPATH/CodeIgniter.php(361): CodeIgniter\CodeIgniter->handleRequest()
12 FCPATH/index.php(79): CodeIgniter\CodeIgniter->run()
CRITICAL - 2024-02-07 14:05:10 --> [Caused by] mysqli_sql_exception: Unknown column 'customer_id' in 'where clause'
in SYSTEMPATH/Database/MySQLi/Connection.php on line 306.
 1 SYSTEMPATH/Database/MySQLi/Connection.php(306): mysqli->query()
 2 SYSTEMPATH/Database/BaseConnection.php(693): CodeIgniter\Database\MySQLi\Connection->execute()
 3 SYSTEMPATH/Database/BaseConnection.php(607): CodeIgniter\Database\BaseConnection->simpleQuery()
 4 SYSTEMPATH/Database/BaseBuilder.php(1613): CodeIgniter\Database\BaseConnection->query()
 5 APPPATH/Views/api/api_profile.php(33): CodeIgniter\Database\BaseBuilder->get()
 6 SYSTEMPATH/View/View.php(228): include('/home/u652040979/domains/truetechnologies.in/public_html/taxConsultant/app/Views/api/api_profile.php')
 7 SYSTEMPATH/View/View.php(231): CodeIgniter\View\View->CodeIgniter\View\{closure}()
 8 SYSTEMPATH/Common.php(1178): CodeIgniter\View\View->render()
 9 APPPATH/Controllers/Home.php(119): view()
10 SYSTEMPATH/CodeIgniter.php(941): App\Controllers\Home->api_v1_profile()
11 SYSTEMPATH/CodeIgniter.php(502): CodeIgniter\CodeIgniter->runController()
12 SYSTEMPATH/CodeIgniter.php(361): CodeIgniter\CodeIgniter->handleRequest()
13 FCPATH/index.php(79): CodeIgniter\CodeIgniter->run()
ERROR - 2024-02-07 14:05:26 --> mysqli_sql_exception: Unknown column 'customer_id' in 'where clause' in /home/u652040979/domains/truetechnologies.in/public_html/taxConsultant/system/Database/MySQLi/Connection.php:306
Stack trace:
#0 /home/u652040979/domains/truetechnologies.in/public_html/taxConsultant/system/Database/MySQLi/Connection.php(306): mysqli->query()
#1 /home/u652040979/domains/truetechnologies.in/public_html/taxConsultant/system/Database/BaseConnection.php(693): CodeIgniter\Database\MySQLi\Connection->execute()
#2 /home/u652040979/domains/truetechnologies.in/public_html/taxConsultant/system/Database/BaseConnection.php(607): CodeIgniter\Database\BaseConnection->simpleQuery()
#3 /home/u652040979/domains/truetechnologies.in/public_html/taxConsultant/system/Database/BaseBuilder.php(1613): CodeIgniter\Database\BaseConnection->query()
#4 /home/u652040979/domains/truetechnologies.in/public_html/taxConsultant/app/Views/api/api_profile.php(33): CodeIgniter\Database\BaseBuilder->get()
#5 /home/u652040979/domains/truetechnologies.in/public_html/taxConsultant/system/View/View.php(228): include('/home/u65204097...')
#6 /home/u652040979/domains/truetechnologies.in/public_html/taxConsultant/system/View/View.php(231): CodeIgniter\View\View->CodeIgniter\View\{closure}()
#7 /home/u652040979/domains/truetechnologies.in/public_html/taxConsultant/system/Common.php(1178): CodeIgniter\View\View->render()
#8 /home/u652040979/domains/truetechnologies.in/public_html/taxConsultant/app/Controllers/Home.php(119): view()
#9 /home/u652040979/domains/truetechnologies.in/public_html/taxConsultant/system/CodeIgniter.php(941): App\Controllers\Home->api_v1_profile()
#10 /home/u652040979/domains/truetechnologies.in/public_html/taxConsultant/system/CodeIgniter.php(502): CodeIgniter\CodeIgniter->runController()
#11 /home/u652040979/domains/truetechnologies.in/public_html/taxConsultant/system/CodeIgniter.php(361): CodeIgniter\CodeIgniter->handleRequest()
#12 /home/u652040979/domains/truetechnologies.in/public_html/taxConsultant/tax/index.php(79): CodeIgniter\CodeIgniter->run()
#13 {main}
ERROR - 2024-02-07 14:05:26 --> mysqli_sql_exception: Unknown column 'customer_id' in 'where clause' in /home/u652040979/domains/truetechnologies.in/public_html/taxConsultant/system/Database/MySQLi/Connection.php:306
Stack trace:
#0 /home/u652040979/domains/truetechnologies.in/public_html/taxConsultant/system/Database/MySQLi/Connection.php(306): mysqli->query()
#1 /home/u652040979/domains/truetechnologies.in/public_html/taxConsultant/system/Database/BaseConnection.php(693): CodeIgniter\Database\MySQLi\Connection->execute()
#2 /home/u652040979/domains/truetechnologies.in/public_html/taxConsultant/system/Database/BaseConnection.php(607): CodeIgniter\Database\BaseConnection->simpleQuery()
#3 /home/u652040979/domains/truetechnologies.in/public_html/taxConsultant/system/Database/BaseBuilder.php(1613): CodeIgniter\Database\BaseConnection->query()
#4 /home/u652040979/domains/truetechnologies.in/public_html/taxConsultant/app/Views/api/api_profile.php(33): CodeIgniter\Database\BaseBuilder->get()
#5 /home/u652040979/domains/truetechnologies.in/public_html/taxConsultant/system/View/View.php(228): include('/home/u65204097...')
#6 /home/u652040979/domains/truetechnologies.in/public_html/taxConsultant/system/View/View.php(231): CodeIgniter\View\View->CodeIgniter\View\{closure}()
#7 /home/u652040979/domains/truetechnologies.in/public_html/taxConsultant/system/Common.php(1178): CodeIgniter\View\View->render()
#8 /home/u652040979/domains/truetechnologies.in/public_html/taxConsultant/app/Controllers/Home.php(119): view()
#9 /home/u652040979/domains/truetechnologies.in/public_html/taxConsultant/system/CodeIgniter.php(941): App\Controllers\Home->api_v1_profile()
#10 /home/u652040979/domains/truetechnologies.in/public_html/taxConsultant/system/CodeIgniter.php(502): CodeIgniter\CodeIgniter->runController()
#11 /home/u652040979/domains/truetechnologies.in/public_html/taxConsultant/system/CodeIgniter.php(361): CodeIgniter\CodeIgniter->handleRequest()
#12 /home/u652040979/domains/truetechnologies.in/public_html/taxConsultant/tax/index.php(79): CodeIgniter\CodeIgniter->run()
#13 {main}
CRITICAL - 2024-02-07 14:05:26 --> CodeIgniter\Database\Exceptions\DatabaseException: Unknown column 'customer_id' in 'where clause'
in SYSTEMPATH/Database/BaseConnection.php on line 647.
 1 SYSTEMPATH/Database/BaseBuilder.php(1613): CodeIgniter\Database\BaseConnection->query()
 2 APPPATH/Views/api/api_profile.php(33): CodeIgniter\Database\BaseBuilder->get()
 3 SYSTEMPATH/View/View.php(228): include('/home/u652040979/domains/truetechnologies.in/public_html/taxConsultant/app/Views/api/api_profile.php')
 4 SYSTEMPATH/View/View.php(231): CodeIgniter\View\View->CodeIgniter\View\{closure}()
 5 SYSTEMPATH/Common.php(1178): CodeIgniter\View\View->render()
 6 APPPATH/Controllers/Home.php(119): view()
 7 SYSTEMPATH/CodeIgniter.php(941): App\Controllers\Home->api_v1_profile()
 8 SYSTEMPATH/CodeIgniter.php(502): CodeIgniter\CodeIgniter->runController()
 9 SYSTEMPATH/CodeIgniter.php(361): CodeIgniter\CodeIgniter->handleRequest()
10 FCPATH/index.php(79): CodeIgniter\CodeIgniter->run()
CRITICAL - 2024-02-07 14:05:26 --> CodeIgniter\Database\Exceptions\DatabaseException: Unknown column 'customer_id' in 'where clause'
in SYSTEMPATH/Database/BaseConnection.php on line 647.
 1 SYSTEMPATH/Database/BaseBuilder.php(1613): CodeIgniter\Database\BaseConnection->query()
 2 APPPATH/Views/api/api_profile.php(33): CodeIgniter\Database\BaseBuilder->get()
 3 SYSTEMPATH/View/View.php(228): include('/home/u652040979/domains/truetechnologies.in/public_html/taxConsultant/app/Views/api/api_profile.php')
 4 SYSTEMPATH/View/View.php(231): CodeIgniter\View\View->CodeIgniter\View\{closure}()
 5 SYSTEMPATH/Common.php(1178): CodeIgniter\View\View->render()
 6 APPPATH/Controllers/Home.php(119): view()
 7 SYSTEMPATH/CodeIgniter.php(941): App\Controllers\Home->api_v1_profile()
 8 SYSTEMPATH/CodeIgniter.php(502): CodeIgniter\CodeIgniter->runController()
 9 SYSTEMPATH/CodeIgniter.php(361): CodeIgniter\CodeIgniter->handleRequest()
10 FCPATH/index.php(79): CodeIgniter\CodeIgniter->run()
CRITICAL - 2024-02-07 14:05:26 --> [Caused by] CodeIgniter\Database\Exceptions\DatabaseException: Unknown column 'customer_id' in 'where clause'
in SYSTEMPATH/Database/MySQLi/Connection.php on line 311.
 1 SYSTEMPATH/Database/BaseConnection.php(693): CodeIgniter\Database\MySQLi\Connection->execute()
 2 SYSTEMPATH/Database/BaseConnection.php(607): CodeIgniter\Database\BaseConnection->simpleQuery()
 3 SYSTEMPATH/Database/BaseBuilder.php(1613): CodeIgniter\Database\BaseConnection->query()
 4 APPPATH/Views/api/api_profile.php(33): CodeIgniter\Database\BaseBuilder->get()
 5 SYSTEMPATH/View/View.php(228): include('/home/u652040979/domains/truetechnologies.in/public_html/taxConsultant/app/Views/api/api_profile.php')
 6 SYSTEMPATH/View/View.php(231): CodeIgniter\View\View->CodeIgniter\View\{closure}()
 7 SYSTEMPATH/Common.php(1178): CodeIgniter\View\View->render()
 8 APPPATH/Controllers/Home.php(119): view()
 9 SYSTEMPATH/CodeIgniter.php(941): App\Controllers\Home->api_v1_profile()
10 SYSTEMPATH/CodeIgniter.php(502): CodeIgniter\CodeIgniter->runController()
11 SYSTEMPATH/CodeIgniter.php(361): CodeIgniter\CodeIgniter->handleRequest()
12 FCPATH/index.php(79): CodeIgniter\CodeIgniter->run()
CRITICAL - 2024-02-07 14:05:26 --> [Caused by] CodeIgniter\Database\Exceptions\DatabaseException: Unknown column 'customer_id' in 'where clause'
in SYSTEMPATH/Database/MySQLi/Connection.php on line 311.
 1 SYSTEMPATH/Database/BaseConnection.php(693): CodeIgniter\Database\MySQLi\Connection->execute()
 2 SYSTEMPATH/Database/BaseConnection.php(607): CodeIgniter\Database\BaseConnection->simpleQuery()
 3 SYSTEMPATH/Database/BaseBuilder.php(1613): CodeIgniter\Database\BaseConnection->query()
 4 APPPATH/Views/api/api_profile.php(33): CodeIgniter\Database\BaseBuilder->get()
 5 SYSTEMPATH/View/View.php(228): include('/home/u652040979/domains/truetechnologies.in/public_html/taxConsultant/app/Views/api/api_profile.php')
 6 SYSTEMPATH/View/View.php(231): CodeIgniter\View\View->CodeIgniter\View\{closure}()
 7 SYSTEMPATH/Common.php(1178): CodeIgniter\View\View->render()
 8 APPPATH/Controllers/Home.php(119): view()
 9 SYSTEMPATH/CodeIgniter.php(941): App\Controllers\Home->api_v1_profile()
10 SYSTEMPATH/CodeIgniter.php(502): CodeIgniter\CodeIgniter->runController()
11 SYSTEMPATH/CodeIgniter.php(361): CodeIgniter\CodeIgniter->handleRequest()
12 FCPATH/index.php(79): CodeIgniter\CodeIgniter->run()
CRITICAL - 2024-02-07 14:05:26 --> [Caused by] mysqli_sql_exception: Unknown column 'customer_id' in 'where clause'
in SYSTEMPATH/Database/MySQLi/Connection.php on line 306.
 1 SYSTEMPATH/Database/MySQLi/Connection.php(306): mysqli->query()
 2 SYSTEMPATH/Database/BaseConnection.php(693): CodeIgniter\Database\MySQLi\Connection->execute()
 3 SYSTEMPATH/Database/BaseConnection.php(607): CodeIgniter\Database\BaseConnection->simpleQuery()
 4 SYSTEMPATH/Database/BaseBuilder.php(1613): CodeIgniter\Database\BaseConnection->query()
 5 APPPATH/Views/api/api_profile.php(33): CodeIgniter\Database\BaseBuilder->get()
 6 SYSTEMPATH/View/View.php(228): include('/home/u652040979/domains/truetechnologies.in/public_html/taxConsultant/app/Views/api/api_profile.php')
 7 SYSTEMPATH/View/View.php(231): CodeIgniter\View\View->CodeIgniter\View\{closure}()
 8 SYSTEMPATH/Common.php(1178): CodeIgniter\View\View->render()
 9 APPPATH/Controllers/Home.php(119): view()
10 SYSTEMPATH/CodeIgniter.php(941): App\Controllers\Home->api_v1_profile()
11 SYSTEMPATH/CodeIgniter.php(502): CodeIgniter\CodeIgniter->runController()
12 SYSTEMPATH/CodeIgniter.php(361): CodeIgniter\CodeIgniter->handleRequest()
13 FCPATH/index.php(79): CodeIgniter\CodeIgniter->run()
CRITICAL - 2024-02-07 14:05:26 --> [Caused by] mysqli_sql_exception: Unknown column 'customer_id' in 'where clause'
in SYSTEMPATH/Database/MySQLi/Connection.php on line 306.
 1 SYSTEMPATH/Database/MySQLi/Connection.php(306): mysqli->query()
 2 SYSTEMPATH/Database/BaseConnection.php(693): CodeIgniter\Database\MySQLi\Connection->execute()
 3 SYSTEMPATH/Database/BaseConnection.php(607): CodeIgniter\Database\BaseConnection->simpleQuery()
 4 SYSTEMPATH/Database/BaseBuilder.php(1613): CodeIgniter\Database\BaseConnection->query()
 5 APPPATH/Views/api/api_profile.php(33): CodeIgniter\Database\BaseBuilder->get()
 6 SYSTEMPATH/View/View.php(228): include('/home/u652040979/domains/truetechnologies.in/public_html/taxConsultant/app/Views/api/api_profile.php')
 7 SYSTEMPATH/View/View.php(231): CodeIgniter\View\View->CodeIgniter\View\{closure}()
 8 SYSTEMPATH/Common.php(1178): CodeIgniter\View\View->render()
 9 APPPATH/Controllers/Home.php(119): view()
10 SYSTEMPATH/CodeIgniter.php(941): App\Controllers\Home->api_v1_profile()
11 SYSTEMPATH/CodeIgniter.php(502): CodeIgniter\CodeIgniter->runController()
12 SYSTEMPATH/CodeIgniter.php(361): CodeIgniter\CodeIgniter->handleRequest()
13 FCPATH/index.php(79): CodeIgniter\CodeIgniter->run()
ERROR - 2024-02-07 14:05:26 --> mysqli_sql_exception: Unknown column 'customer_id' in 'where clause' in /home/u652040979/domains/truetechnologies.in/public_html/taxConsultant/system/Database/MySQLi/Connection.php:306
Stack trace:
#0 /home/u652040979/domains/truetechnologies.in/public_html/taxConsultant/system/Database/MySQLi/Connection.php(306): mysqli->query()
#1 /home/u652040979/domains/truetechnologies.in/public_html/taxConsultant/system/Database/BaseConnection.php(693): CodeIgniter\Database\MySQLi\Connection->execute()
#2 /home/u652040979/domains/truetechnologies.in/public_html/taxConsultant/system/Database/BaseConnection.php(607): CodeIgniter\Database\BaseConnection->simpleQuery()
#3 /home/u652040979/domains/truetechnologies.in/public_html/taxConsultant/system/Database/BaseBuilder.php(1613): CodeIgniter\Database\BaseConnection->query()
#4 /home/u652040979/domains/truetechnologies.in/public_html/taxConsultant/app/Views/api/api_profile.php(33): CodeIgniter\Database\BaseBuilder->get()
#5 /home/u652040979/domains/truetechnologies.in/public_html/taxConsultant/system/View/View.php(228): include('/home/u65204097...')
#6 /home/u652040979/domains/truetechnologies.in/public_html/taxConsultant/system/View/View.php(231): CodeIgniter\View\View->CodeIgniter\View\{closure}()
#7 /home/u652040979/domains/truetechnologies.in/public_html/taxConsultant/system/Common.php(1178): CodeIgniter\View\View->render()
#8 /home/u652040979/domains/truetechnologies.in/public_html/taxConsultant/app/Controllers/Home.php(119): view()
#9 /home/u652040979/domains/truetechnologies.in/public_html/taxConsultant/system/CodeIgniter.php(941): App\Controllers\Home->api_v1_profile()
#10 /home/u652040979/domains/truetechnologies.in/public_html/taxConsultant/system/CodeIgniter.php(502): CodeIgniter\CodeIgniter->runController()
#11 /home/u652040979/domains/truetechnologies.in/public_html/taxConsultant/system/CodeIgniter.php(361): CodeIgniter\CodeIgniter->handleRequest()
#12 /home/u652040979/domains/truetechnologies.in/public_html/taxConsultant/tax/index.php(79): CodeIgniter\CodeIgniter->run()
#13 {main}
CRITICAL - 2024-02-07 14:05:26 --> CodeIgniter\Database\Exceptions\DatabaseException: Unknown column 'customer_id' in 'where clause'
in SYSTEMPATH/Database/BaseConnection.php on line 647.
 1 SYSTEMPATH/Database/BaseBuilder.php(1613): CodeIgniter\Database\BaseConnection->query()
 2 APPPATH/Views/api/api_profile.php(33): CodeIgniter\Database\BaseBuilder->get()
 3 SYSTEMPATH/View/View.php(228): include('/home/u652040979/domains/truetechnologies.in/public_html/taxConsultant/app/Views/api/api_profile.php')
 4 SYSTEMPATH/View/View.php(231): CodeIgniter\View\View->CodeIgniter\View\{closure}()
 5 SYSTEMPATH/Common.php(1178): CodeIgniter\View\View->render()
 6 APPPATH/Controllers/Home.php(119): view()
 7 SYSTEMPATH/CodeIgniter.php(941): App\Controllers\Home->api_v1_profile()
 8 SYSTEMPATH/CodeIgniter.php(502): CodeIgniter\CodeIgniter->runController()
 9 SYSTEMPATH/CodeIgniter.php(361): CodeIgniter\CodeIgniter->handleRequest()
10 FCPATH/index.php(79): CodeIgniter\CodeIgniter->run()
CRITICAL - 2024-02-07 14:05:26 --> [Caused by] CodeIgniter\Database\Exceptions\DatabaseException: Unknown column 'customer_id' in 'where clause'
in SYSTEMPATH/Database/MySQLi/Connection.php on line 311.
 1 SYSTEMPATH/Database/BaseConnection.php(693): CodeIgniter\Database\MySQLi\Connection->execute()
 2 SYSTEMPATH/Database/BaseConnection.php(607): CodeIgniter\Database\BaseConnection->simpleQuery()
 3 SYSTEMPATH/Database/BaseBuilder.php(1613): CodeIgniter\Database\BaseConnection->query()
 4 APPPATH/Views/api/api_profile.php(33): CodeIgniter\Database\BaseBuilder->get()
 5 SYSTEMPATH/View/View.php(228): include('/home/u652040979/domains/truetechnologies.in/public_html/taxConsultant/app/Views/api/api_profile.php')
 6 SYSTEMPATH/View/View.php(231): CodeIgniter\View\View->CodeIgniter\View\{closure}()
 7 SYSTEMPATH/Common.php(1178): CodeIgniter\View\View->render()
 8 APPPATH/Controllers/Home.php(119): view()
 9 SYSTEMPATH/CodeIgniter.php(941): App\Controllers\Home->api_v1_profile()
10 SYSTEMPATH/CodeIgniter.php(502): CodeIgniter\CodeIgniter->runController()
11 SYSTEMPATH/CodeIgniter.php(361): CodeIgniter\CodeIgniter->handleRequest()
12 FCPATH/index.php(79): CodeIgniter\CodeIgniter->run()
CRITICAL - 2024-02-07 14:05:26 --> [Caused by] mysqli_sql_exception: Unknown column 'customer_id' in 'where clause'
in SYSTEMPATH/Database/MySQLi/Connection.php on line 306.
 1 SYSTEMPATH/Database/MySQLi/Connection.php(306): mysqli->query()
 2 SYSTEMPATH/Database/BaseConnection.php(693): CodeIgniter\Database\MySQLi\Connection->execute()
 3 SYSTEMPATH/Database/BaseConnection.php(607): CodeIgniter\Database\BaseConnection->simpleQuery()
 4 SYSTEMPATH/Database/BaseBuilder.php(1613): CodeIgniter\Database\BaseConnection->query()
 5 APPPATH/Views/api/api_profile.php(33): CodeIgniter\Database\BaseBuilder->get()
 6 SYSTEMPATH/View/View.php(228): include('/home/u652040979/domains/truetechnologies.in/public_html/taxConsultant/app/Views/api/api_profile.php')
 7 SYSTEMPATH/View/View.php(231): CodeIgniter\View\View->CodeIgniter\View\{closure}()
 8 SYSTEMPATH/Common.php(1178): CodeIgniter\View\View->render()
 9 APPPATH/Controllers/Home.php(119): view()
10 SYSTEMPATH/CodeIgniter.php(941): App\Controllers\Home->api_v1_profile()
11 SYSTEMPATH/CodeIgniter.php(502): CodeIgniter\CodeIgniter->runController()
12 SYSTEMPATH/CodeIgniter.php(361): CodeIgniter\CodeIgniter->handleRequest()
13 FCPATH/index.php(79): CodeIgniter\CodeIgniter->run()
ERROR - 2024-02-07 14:05:26 --> mysqli_sql_exception: Unknown column 'customer_id' in 'where clause' in /home/u652040979/domains/truetechnologies.in/public_html/taxConsultant/system/Database/MySQLi/Connection.php:306
Stack trace:
#0 /home/u652040979/domains/truetechnologies.in/public_html/taxConsultant/system/Database/MySQLi/Connection.php(306): mysqli->query()
#1 /home/u652040979/domains/truetechnologies.in/public_html/taxConsultant/system/Database/BaseConnection.php(693): CodeIgniter\Database\MySQLi\Connection->execute()
#2 /home/u652040979/domains/truetechnologies.in/public_html/taxConsultant/system/Database/BaseConnection.php(607): CodeIgniter\Database\BaseConnection->simpleQuery()
#3 /home/u652040979/domains/truetechnologies.in/public_html/taxConsultant/system/Database/BaseBuilder.php(1613): CodeIgniter\Database\BaseConnection->query()
#4 /home/u652040979/domains/truetechnologies.in/public_html/taxConsultant/app/Views/api/api_profile.php(33): CodeIgniter\Database\BaseBuilder->get()
#5 /home/u652040979/domains/truetechnologies.in/public_html/taxConsultant/system/View/View.php(228): include('/home/u65204097...')
#6 /home/u652040979/domains/truetechnologies.in/public_html/taxConsultant/system/View/View.php(231): CodeIgniter\View\View->CodeIgniter\View\{closure}()
#7 /home/u652040979/domains/truetechnologies.in/public_html/taxConsultant/system/Common.php(1178): CodeIgniter\View\View->render()
#8 /home/u652040979/domains/truetechnologies.in/public_html/taxConsultant/app/Controllers/Home.php(119): view()
#9 /home/u652040979/domains/truetechnologies.in/public_html/taxConsultant/system/CodeIgniter.php(941): App\Controllers\Home->api_v1_profile()
#10 /home/u652040979/domains/truetechnologies.in/public_html/taxConsultant/system/CodeIgniter.php(502): CodeIgniter\CodeIgniter->runController()
#11 /home/u652040979/domains/truetechnologies.in/public_html/taxConsultant/system/CodeIgniter.php(361): CodeIgniter\CodeIgniter->handleRequest()
#12 /home/u652040979/domains/truetechnologies.in/public_html/taxConsultant/tax/index.php(79): CodeIgniter\CodeIgniter->run()
#13 {main}
CRITICAL - 2024-02-07 14:05:26 --> CodeIgniter\Database\Exceptions\DatabaseException: Unknown column 'customer_id' in 'where clause'
in SYSTEMPATH/Database/BaseConnection.php on line 647.
 1 SYSTEMPATH/Database/BaseBuilder.php(1613): CodeIgniter\Database\BaseConnection->query()
 2 APPPATH/Views/api/api_profile.php(33): CodeIgniter\Database\BaseBuilder->get()
 3 SYSTEMPATH/View/View.php(228): include('/home/u652040979/domains/truetechnologies.in/public_html/taxConsultant/app/Views/api/api_profile.php')
 4 SYSTEMPATH/View/View.php(231): CodeIgniter\View\View->CodeIgniter\View\{closure}()
 5 SYSTEMPATH/Common.php(1178): CodeIgniter\View\View->render()
 6 APPPATH/Controllers/Home.php(119): view()
 7 SYSTEMPATH/CodeIgniter.php(941): App\Controllers\Home->api_v1_profile()
 8 SYSTEMPATH/CodeIgniter.php(502): CodeIgniter\CodeIgniter->runController()
 9 SYSTEMPATH/CodeIgniter.php(361): CodeIgniter\CodeIgniter->handleRequest()
10 FCPATH/index.php(79): CodeIgniter\CodeIgniter->run()
CRITICAL - 2024-02-07 14:05:26 --> [Caused by] CodeIgniter\Database\Exceptions\DatabaseException: Unknown column 'customer_id' in 'where clause'
in SYSTEMPATH/Database/MySQLi/Connection.php on line 311.
 1 SYSTEMPATH/Database/BaseConnection.php(693): CodeIgniter\Database\MySQLi\Connection->execute()
 2 SYSTEMPATH/Database/BaseConnection.php(607): CodeIgniter\Database\BaseConnection->simpleQuery()
 3 SYSTEMPATH/Database/BaseBuilder.php(1613): CodeIgniter\Database\BaseConnection->query()
 4 APPPATH/Views/api/api_profile.php(33): CodeIgniter\Database\BaseBuilder->get()
 5 SYSTEMPATH/View/View.php(228): include('/home/u652040979/domains/truetechnologies.in/public_html/taxConsultant/app/Views/api/api_profile.php')
 6 SYSTEMPATH/View/View.php(231): CodeIgniter\View\View->CodeIgniter\View\{closure}()
 7 SYSTEMPATH/Common.php(1178): CodeIgniter\View\View->render()
 8 APPPATH/Controllers/Home.php(119): view()
 9 SYSTEMPATH/CodeIgniter.php(941): App\Controllers\Home->api_v1_profile()
10 SYSTEMPATH/CodeIgniter.php(502): CodeIgniter\CodeIgniter->runController()
11 SYSTEMPATH/CodeIgniter.php(361): CodeIgniter\CodeIgniter->handleRequest()
12 FCPATH/index.php(79): CodeIgniter\CodeIgniter->run()
CRITICAL - 2024-02-07 14:05:26 --> [Caused by] mysqli_sql_exception: Unknown column 'customer_id' in 'where clause'
in SYSTEMPATH/Database/MySQLi/Connection.php on line 306.
 1 SYSTEMPATH/Database/MySQLi/Connection.php(306): mysqli->query()
 2 SYSTEMPATH/Database/BaseConnection.php(693): CodeIgniter\Database\MySQLi\Connection->execute()
 3 SYSTEMPATH/Database/BaseConnection.php(607): CodeIgniter\Database\BaseConnection->simpleQuery()
 4 SYSTEMPATH/Database/BaseBuilder.php(1613): CodeIgniter\Database\BaseConnection->query()
 5 APPPATH/Views/api/api_profile.php(33): CodeIgniter\Database\BaseBuilder->get()
 6 SYSTEMPATH/View/View.php(228): include('/home/u652040979/domains/truetechnologies.in/public_html/taxConsultant/app/Views/api/api_profile.php')
 7 SYSTEMPATH/View/View.php(231): CodeIgniter\View\View->CodeIgniter\View\{closure}()
 8 SYSTEMPATH/Common.php(1178): CodeIgniter\View\View->render()
 9 APPPATH/Controllers/Home.php(119): view()
10 SYSTEMPATH/CodeIgniter.php(941): App\Controllers\Home->api_v1_profile()
11 SYSTEMPATH/CodeIgniter.php(502): CodeIgniter\CodeIgniter->runController()
12 SYSTEMPATH/CodeIgniter.php(361): CodeIgniter\CodeIgniter->handleRequest()
13 FCPATH/index.php(79): CodeIgniter\CodeIgniter->run()
