CRITICAL - 2024-02-17 16:56:07 --> ErrorException: Undefined property: stdClass::$customerIDP
in APPPATH/Views/api/api_profile.php on line 27.
 1 APPPATH/Views/api/api_profile.php(27): CodeIgniter\Debug\Exceptions->errorHandler()
 2 SYSTEMPATH/View/View.php(228): include('/home/u652040979/domains/truetechnologies.in/public_html/taxConsultant/app/Views/api/api_profile.php')
 3 SYSTEMPATH/View/View.php(231): CodeIgniter\View\View->CodeIgniter\View\{closure}()
 4 SYSTEMPATH/Common.php(1178): CodeIgniter\View\View->render()
 5 APPPATH/Controllers/Home.php(159): view()
 6 SYSTEMPATH/CodeIgniter.php(941): App\Controllers\Home->api_v1_profile()
 7 SYSTEMPATH/CodeIgniter.php(502): CodeIgniter\CodeIgniter->runController()
 8 SYSTEMPATH/CodeIgniter.php(361): CodeIgniter\CodeIgniter->handleRequest()
 9 FCPATH/index.php(79): CodeIgniter\CodeIgniter->run()
CRITICAL - 2024-02-17 16:56:08 --> ErrorException: Undefined property: stdClass::$customerIDP
in APPPATH/Views/api/api_profile.php on line 27.
 1 APPPATH/Views/api/api_profile.php(27): CodeIgniter\Debug\Exceptions->errorHandler()
 2 SYSTEMPATH/View/View.php(228): include('/home/u652040979/domains/truetechnologies.in/public_html/taxConsultant/app/Views/api/api_profile.php')
 3 SYSTEMPATH/View/View.php(231): CodeIgniter\View\View->CodeIgniter\View\{closure}()
 4 SYSTEMPATH/Common.php(1178): CodeIgniter\View\View->render()
 5 APPPATH/Controllers/Home.php(159): view()
 6 SYSTEMPATH/CodeIgniter.php(941): App\Controllers\Home->api_v1_profile()
 7 SYSTEMPATH/CodeIgniter.php(502): CodeIgniter\CodeIgniter->runController()
 8 SYSTEMPATH/CodeIgniter.php(361): CodeIgniter\CodeIgniter->handleRequest()
 9 FCPATH/index.php(79): CodeIgniter\CodeIgniter->run()
CRITICAL - 2024-02-17 16:56:09 --> ErrorException: Undefined property: stdClass::$customerIDP
in APPPATH/Views/api/api_profile.php on line 27.
 1 APPPATH/Views/api/api_profile.php(27): CodeIgniter\Debug\Exceptions->errorHandler()
 2 SYSTEMPATH/View/View.php(228): include('/home/u652040979/domains/truetechnologies.in/public_html/taxConsultant/app/Views/api/api_profile.php')
 3 SYSTEMPATH/View/View.php(231): CodeIgniter\View\View->CodeIgniter\View\{closure}()
 4 SYSTEMPATH/Common.php(1178): CodeIgniter\View\View->render()
 5 APPPATH/Controllers/Home.php(159): view()
 6 SYSTEMPATH/CodeIgniter.php(941): App\Controllers\Home->api_v1_profile()
 7 SYSTEMPATH/CodeIgniter.php(502): CodeIgniter\CodeIgniter->runController()
 8 SYSTEMPATH/CodeIgniter.php(361): CodeIgniter\CodeIgniter->handleRequest()
 9 FCPATH/index.php(79): CodeIgniter\CodeIgniter->run()
CRITICAL - 2024-02-17 16:56:36 --> ErrorException: Undefined property: stdClass::$customerIDP
in APPPATH/Views/api/api_profile.php on line 27.
 1 APPPATH/Views/api/api_profile.php(27): CodeIgniter\Debug\Exceptions->errorHandler()
 2 SYSTEMPATH/View/View.php(228): include('/home/u652040979/domains/truetechnologies.in/public_html/taxConsultant/app/Views/api/api_profile.php')
 3 SYSTEMPATH/View/View.php(231): CodeIgniter\View\View->CodeIgniter\View\{closure}()
 4 SYSTEMPATH/Common.php(1178): CodeIgniter\View\View->render()
 5 APPPATH/Controllers/Home.php(159): view()
 6 SYSTEMPATH/CodeIgniter.php(941): App\Controllers\Home->api_v1_profile()
 7 SYSTEMPATH/CodeIgniter.php(502): CodeIgniter\CodeIgniter->runController()
 8 SYSTEMPATH/CodeIgniter.php(361): CodeIgniter\CodeIgniter->handleRequest()
 9 FCPATH/index.php(79): CodeIgniter\CodeIgniter->run()
CRITICAL - 2024-02-17 16:56:37 --> ErrorException: Undefined property: stdClass::$customerIDP
in APPPATH/Views/api/api_profile.php on line 27.
 1 APPPATH/Views/api/api_profile.php(27): CodeIgniter\Debug\Exceptions->errorHandler()
 2 SYSTEMPATH/View/View.php(228): include('/home/u652040979/domains/truetechnologies.in/public_html/taxConsultant/app/Views/api/api_profile.php')
 3 SYSTEMPATH/View/View.php(231): CodeIgniter\View\View->CodeIgniter\View\{closure}()
 4 SYSTEMPATH/Common.php(1178): CodeIgniter\View\View->render()
 5 APPPATH/Controllers/Home.php(159): view()
 6 SYSTEMPATH/CodeIgniter.php(941): App\Controllers\Home->api_v1_profile()
 7 SYSTEMPATH/CodeIgniter.php(502): CodeIgniter\CodeIgniter->runController()
 8 SYSTEMPATH/CodeIgniter.php(361): CodeIgniter\CodeIgniter->handleRequest()
 9 FCPATH/index.php(79): CodeIgniter\CodeIgniter->run()
CRITICAL - 2024-02-17 16:56:38 --> ErrorException: Undefined property: stdClass::$customerIDP
in APPPATH/Views/api/api_profile.php on line 27.
 1 APPPATH/Views/api/api_profile.php(27): CodeIgniter\Debug\Exceptions->errorHandler()
 2 SYSTEMPATH/View/View.php(228): include('/home/u652040979/domains/truetechnologies.in/public_html/taxConsultant/app/Views/api/api_profile.php')
 3 SYSTEMPATH/View/View.php(231): CodeIgniter\View\View->CodeIgniter\View\{closure}()
 4 SYSTEMPATH/Common.php(1178): CodeIgniter\View\View->render()
 5 APPPATH/Controllers/Home.php(159): view()
 6 SYSTEMPATH/CodeIgniter.php(941): App\Controllers\Home->api_v1_profile()
 7 SYSTEMPATH/CodeIgniter.php(502): CodeIgniter\CodeIgniter->runController()
 8 SYSTEMPATH/CodeIgniter.php(361): CodeIgniter\CodeIgniter->handleRequest()
 9 FCPATH/index.php(79): CodeIgniter\CodeIgniter->run()
CRITICAL - 2024-02-17 17:20:13 --> ErrorException: Undefined property: stdClass::$customerIDP
in APPPATH/Views/api/api_profile.php on line 27.
 1 APPPATH/Views/api/api_profile.php(27): CodeIgniter\Debug\Exceptions->errorHandler()
 2 SYSTEMPATH/View/View.php(228): include('/home/u652040979/domains/truetechnologies.in/public_html/taxConsultant/app/Views/api/api_profile.php')
 3 SYSTEMPATH/View/View.php(231): CodeIgniter\View\View->CodeIgniter\View\{closure}()
 4 SYSTEMPATH/Common.php(1178): CodeIgniter\View\View->render()
 5 APPPATH/Controllers/Home.php(159): view()
 6 SYSTEMPATH/CodeIgniter.php(941): App\Controllers\Home->api_v1_profile()
 7 SYSTEMPATH/CodeIgniter.php(502): CodeIgniter\CodeIgniter->runController()
 8 SYSTEMPATH/CodeIgniter.php(361): CodeIgniter\CodeIgniter->handleRequest()
 9 FCPATH/index.php(79): CodeIgniter\CodeIgniter->run()
CRITICAL - 2024-02-17 17:20:14 --> ErrorException: Undefined property: stdClass::$customerIDP
in APPPATH/Views/api/api_profile.php on line 27.
 1 APPPATH/Views/api/api_profile.php(27): CodeIgniter\Debug\Exceptions->errorHandler()
 2 SYSTEMPATH/View/View.php(228): include('/home/u652040979/domains/truetechnologies.in/public_html/taxConsultant/app/Views/api/api_profile.php')
 3 SYSTEMPATH/View/View.php(231): CodeIgniter\View\View->CodeIgniter\View\{closure}()
 4 SYSTEMPATH/Common.php(1178): CodeIgniter\View\View->render()
 5 APPPATH/Controllers/Home.php(159): view()
 6 SYSTEMPATH/CodeIgniter.php(941): App\Controllers\Home->api_v1_profile()
 7 SYSTEMPATH/CodeIgniter.php(502): CodeIgniter\CodeIgniter->runController()
 8 SYSTEMPATH/CodeIgniter.php(361): CodeIgniter\CodeIgniter->handleRequest()
 9 FCPATH/index.php(79): CodeIgniter\CodeIgniter->run()
CRITICAL - 2024-02-17 17:20:15 --> ErrorException: Undefined property: stdClass::$customerIDP
in APPPATH/Views/api/api_profile.php on line 27.
 1 APPPATH/Views/api/api_profile.php(27): CodeIgniter\Debug\Exceptions->errorHandler()
 2 SYSTEMPATH/View/View.php(228): include('/home/u652040979/domains/truetechnologies.in/public_html/taxConsultant/app/Views/api/api_profile.php')
 3 SYSTEMPATH/View/View.php(231): CodeIgniter\View\View->CodeIgniter\View\{closure}()
 4 SYSTEMPATH/Common.php(1178): CodeIgniter\View\View->render()
 5 APPPATH/Controllers/Home.php(159): view()
 6 SYSTEMPATH/CodeIgniter.php(941): App\Controllers\Home->api_v1_profile()
 7 SYSTEMPATH/CodeIgniter.php(502): CodeIgniter\CodeIgniter->runController()
 8 SYSTEMPATH/CodeIgniter.php(361): CodeIgniter\CodeIgniter->handleRequest()
 9 FCPATH/index.php(79): CodeIgniter\CodeIgniter->run()
CRITICAL - 2024-02-17 17:46:25 --> ErrorException: Undefined property: stdClass::$pan
in APPPATH/Views/api/api_service_gst.php on line 31.
 1 APPPATH/Views/api/api_service_gst.php(31): CodeIgniter\Debug\Exceptions->errorHandler()
 2 SYSTEMPATH/View/View.php(228): include('/home/u652040979/domains/truetechnologies.in/public_html/taxConsultant/app/Views/api/api_service_gst.php')
 3 SYSTEMPATH/View/View.php(231): CodeIgniter\View\View->CodeIgniter\View\{closure}()
 4 SYSTEMPATH/Common.php(1178): CodeIgniter\View\View->render()
 5 APPPATH/Controllers/Home.php(143): view()
 6 SYSTEMPATH/CodeIgniter.php(941): App\Controllers\Home->api_v1_service_gst()
 7 SYSTEMPATH/CodeIgniter.php(502): CodeIgniter\CodeIgniter->runController()
 8 SYSTEMPATH/CodeIgniter.php(361): CodeIgniter\CodeIgniter->handleRequest()
 9 FCPATH/index.php(79): CodeIgniter\CodeIgniter->run()
CRITICAL - 2024-02-17 19:34:10 --> ErrorException: Undefined property: stdClass::$customerIDP
in APPPATH/Views/api/api_profile.php on line 27.
 1 APPPATH/Views/api/api_profile.php(27): CodeIgniter\Debug\Exceptions->errorHandler()
 2 SYSTEMPATH/View/View.php(228): include('/home/u652040979/domains/truetechnologies.in/public_html/taxConsultant/app/Views/api/api_profile.php')
 3 SYSTEMPATH/View/View.php(231): CodeIgniter\View\View->CodeIgniter\View\{closure}()
 4 SYSTEMPATH/Common.php(1178): CodeIgniter\View\View->render()
 5 APPPATH/Controllers/Home.php(159): view()
 6 SYSTEMPATH/CodeIgniter.php(941): App\Controllers\Home->api_v1_profile()
 7 SYSTEMPATH/CodeIgniter.php(502): CodeIgniter\CodeIgniter->runController()
 8 SYSTEMPATH/CodeIgniter.php(361): CodeIgniter\CodeIgniter->handleRequest()
 9 FCPATH/index.php(79): CodeIgniter\CodeIgniter->run()
CRITICAL - 2024-02-17 19:34:11 --> ErrorException: Undefined property: stdClass::$customerIDP
in APPPATH/Views/api/api_profile.php on line 27.
 1 APPPATH/Views/api/api_profile.php(27): CodeIgniter\Debug\Exceptions->errorHandler()
 2 SYSTEMPATH/View/View.php(228): include('/home/u652040979/domains/truetechnologies.in/public_html/taxConsultant/app/Views/api/api_profile.php')
 3 SYSTEMPATH/View/View.php(231): CodeIgniter\View\View->CodeIgniter\View\{closure}()
 4 SYSTEMPATH/Common.php(1178): CodeIgniter\View\View->render()
 5 APPPATH/Controllers/Home.php(159): view()
 6 SYSTEMPATH/CodeIgniter.php(941): App\Controllers\Home->api_v1_profile()
 7 SYSTEMPATH/CodeIgniter.php(502): CodeIgniter\CodeIgniter->runController()
 8 SYSTEMPATH/CodeIgniter.php(361): CodeIgniter\CodeIgniter->handleRequest()
 9 FCPATH/index.php(79): CodeIgniter\CodeIgniter->run()
CRITICAL - 2024-02-17 19:34:12 --> ErrorException: Undefined property: stdClass::$customerIDP
in APPPATH/Views/api/api_profile.php on line 27.
 1 APPPATH/Views/api/api_profile.php(27): CodeIgniter\Debug\Exceptions->errorHandler()
 2 SYSTEMPATH/View/View.php(228): include('/home/u652040979/domains/truetechnologies.in/public_html/taxConsultant/app/Views/api/api_profile.php')
 3 SYSTEMPATH/View/View.php(231): CodeIgniter\View\View->CodeIgniter\View\{closure}()
 4 SYSTEMPATH/Common.php(1178): CodeIgniter\View\View->render()
 5 APPPATH/Controllers/Home.php(159): view()
 6 SYSTEMPATH/CodeIgniter.php(941): App\Controllers\Home->api_v1_profile()
 7 SYSTEMPATH/CodeIgniter.php(502): CodeIgniter\CodeIgniter->runController()
 8 SYSTEMPATH/CodeIgniter.php(361): CodeIgniter\CodeIgniter->handleRequest()
 9 FCPATH/index.php(79): CodeIgniter\CodeIgniter->run()
