ERROR - 2024-02-06 11:28:59 --> mysqli_sql_exception: Unknown column 'date' in 'where clause' in /home/u652040979/domains/truetechnologies.in/public_html/taxConsultant/system/Database/MySQLi/Connection.php:306
Stack trace:
#0 /home/u652040979/domains/truetechnologies.in/public_html/taxConsultant/system/Database/MySQLi/Connection.php(306): mysqli->query()
#1 /home/u652040979/domains/truetechnologies.in/public_html/taxConsultant/system/Database/BaseConnection.php(693): CodeIgniter\Database\MySQLi\Connection->execute()
#2 /home/u652040979/domains/truetechnologies.in/public_html/taxConsultant/system/Database/BaseConnection.php(607): CodeIgniter\Database\BaseConnection->simpleQuery()
#3 /home/u652040979/domains/truetechnologies.in/public_html/taxConsultant/system/Database/BaseBuilder.php(1697): CodeIgniter\Database\BaseConnection->query()
#4 /home/u652040979/domains/truetechnologies.in/public_html/taxConsultant/app/Views/dashboard.php(706): CodeIgniter\Database\BaseBuilder->countAllResults()
#5 /home/u652040979/domains/truetechnologies.in/public_html/taxConsultant/app/Views/login.php(29): include('/home/u65204097...')
#6 /home/u652040979/domains/truetechnologies.in/public_html/taxConsultant/system/View/View.php(228): include('/home/u65204097...')
#7 /home/u652040979/domains/truetechnologies.in/public_html/taxConsultant/system/View/View.php(231): CodeIgniter\View\View->CodeIgniter\View\{closure}()
#8 /home/u652040979/domains/truetechnologies.in/public_html/taxConsultant/system/Common.php(1178): CodeIgniter\View\View->render()
#9 /home/u652040979/domains/truetechnologies.in/public_html/taxConsultant/app/Controllers/Home.php(15): view()
#10 /home/u652040979/domains/truetechnologies.in/public_html/taxConsultant/system/CodeIgniter.php(941): App\Controllers\Home->panel()
#11 /home/u652040979/domains/truetechnologies.in/public_html/taxConsultant/system/CodeIgniter.php(502): CodeIgniter\CodeIgniter->runController()
#12 /home/u652040979/domains/truetechnologies.in/public_html/taxConsultant/system/CodeIgniter.php(361): CodeIgniter\CodeIgniter->handleRequest()
#13 /home/u652040979/domains/truetechnologies.in/public_html/taxConsultant/tax/index.php(79): CodeIgniter\CodeIgniter->run()
#14 {main}
CRITICAL - 2024-02-06 11:28:59 --> CodeIgniter\Database\Exceptions\DatabaseException: Unknown column 'date' in 'where clause'
in SYSTEMPATH/Database/BaseConnection.php on line 647.
 1 SYSTEMPATH/Database/BaseBuilder.php(1697): CodeIgniter\Database\BaseConnection->query()
 2 APPPATH/Views/dashboard.php(706): CodeIgniter\Database\BaseBuilder->countAllResults()
 3 APPPATH/Views/login.php(29): include('/home/u652040979/domains/truetechnologies.in/public_html/taxConsultant/app/Views/dashboard.php')
 4 SYSTEMPATH/View/View.php(228): include('/home/u652040979/domains/truetechnologies.in/public_html/taxConsultant/app/Views/login.php')
 5 SYSTEMPATH/View/View.php(231): CodeIgniter\View\View->CodeIgniter\View\{closure}()
 6 SYSTEMPATH/Common.php(1178): CodeIgniter\View\View->render()
 7 APPPATH/Controllers/Home.php(15): view()
 8 SYSTEMPATH/CodeIgniter.php(941): App\Controllers\Home->panel()
 9 SYSTEMPATH/CodeIgniter.php(502): CodeIgniter\CodeIgniter->runController()
10 SYSTEMPATH/CodeIgniter.php(361): CodeIgniter\CodeIgniter->handleRequest()
11 FCPATH/index.php(79): CodeIgniter\CodeIgniter->run()
CRITICAL - 2024-02-06 11:28:59 --> [Caused by] CodeIgniter\Database\Exceptions\DatabaseException: Unknown column 'date' in 'where clause'
in SYSTEMPATH/Database/MySQLi/Connection.php on line 311.
 1 SYSTEMPATH/Database/BaseConnection.php(693): CodeIgniter\Database\MySQLi\Connection->execute()
 2 SYSTEMPATH/Database/BaseConnection.php(607): CodeIgniter\Database\BaseConnection->simpleQuery()
 3 SYSTEMPATH/Database/BaseBuilder.php(1697): CodeIgniter\Database\BaseConnection->query()
 4 APPPATH/Views/dashboard.php(706): CodeIgniter\Database\BaseBuilder->countAllResults()
 5 APPPATH/Views/login.php(29): include('/home/u652040979/domains/truetechnologies.in/public_html/taxConsultant/app/Views/dashboard.php')
 6 SYSTEMPATH/View/View.php(228): include('/home/u652040979/domains/truetechnologies.in/public_html/taxConsultant/app/Views/login.php')
 7 SYSTEMPATH/View/View.php(231): CodeIgniter\View\View->CodeIgniter\View\{closure}()
 8 SYSTEMPATH/Common.php(1178): CodeIgniter\View\View->render()
 9 APPPATH/Controllers/Home.php(15): view()
10 SYSTEMPATH/CodeIgniter.php(941): App\Controllers\Home->panel()
11 SYSTEMPATH/CodeIgniter.php(502): CodeIgniter\CodeIgniter->runController()
12 SYSTEMPATH/CodeIgniter.php(361): CodeIgniter\CodeIgniter->handleRequest()
13 FCPATH/index.php(79): CodeIgniter\CodeIgniter->run()
CRITICAL - 2024-02-06 11:28:59 --> [Caused by] mysqli_sql_exception: Unknown column 'date' in 'where clause'
in SYSTEMPATH/Database/MySQLi/Connection.php on line 306.
 1 SYSTEMPATH/Database/MySQLi/Connection.php(306): mysqli->query()
 2 SYSTEMPATH/Database/BaseConnection.php(693): CodeIgniter\Database\MySQLi\Connection->execute()
 3 SYSTEMPATH/Database/BaseConnection.php(607): CodeIgniter\Database\BaseConnection->simpleQuery()
 4 SYSTEMPATH/Database/BaseBuilder.php(1697): CodeIgniter\Database\BaseConnection->query()
 5 APPPATH/Views/dashboard.php(706): CodeIgniter\Database\BaseBuilder->countAllResults()
 6 APPPATH/Views/login.php(29): include('/home/u652040979/domains/truetechnologies.in/public_html/taxConsultant/app/Views/dashboard.php')
 7 SYSTEMPATH/View/View.php(228): include('/home/u652040979/domains/truetechnologies.in/public_html/taxConsultant/app/Views/login.php')
 8 SYSTEMPATH/View/View.php(231): CodeIgniter\View\View->CodeIgniter\View\{closure}()
 9 SYSTEMPATH/Common.php(1178): CodeIgniter\View\View->render()
10 APPPATH/Controllers/Home.php(15): view()
11 SYSTEMPATH/CodeIgniter.php(941): App\Controllers\Home->panel()
12 SYSTEMPATH/CodeIgniter.php(502): CodeIgniter\CodeIgniter->runController()
13 SYSTEMPATH/CodeIgniter.php(361): CodeIgniter\CodeIgniter->handleRequest()
14 FCPATH/index.php(79): CodeIgniter\CodeIgniter->run()
CRITICAL - 2024-02-06 14:27:34 --> ErrorException: Undefined variable $ex_uniqID
in APPPATH/Views/api/api_service.php on line 56.
 1 APPPATH/Views/api/api_service.php(56): CodeIgniter\Debug\Exceptions->errorHandler()
 2 SYSTEMPATH/View/View.php(228): include('/home/u652040979/domains/truetechnologies.in/public_html/taxConsultant/app/Views/api/api_service.php')
 3 SYSTEMPATH/View/View.php(231): CodeIgniter\View\View->CodeIgniter\View\{closure}()
 4 SYSTEMPATH/Common.php(1178): CodeIgniter\View\View->render()
 5 APPPATH/Controllers/Home.php(64): view()
 6 SYSTEMPATH/CodeIgniter.php(941): App\Controllers\Home->api_v1_service()
 7 SYSTEMPATH/CodeIgniter.php(502): CodeIgniter\CodeIgniter->runController()
 8 SYSTEMPATH/CodeIgniter.php(361): CodeIgniter\CodeIgniter->handleRequest()
 9 FCPATH/index.php(79): CodeIgniter\CodeIgniter->run()
CRITICAL - 2024-02-06 14:29:56 --> ErrorException: Undefined variable $ex_uniqID
in APPPATH/Views/api/api_service.php on line 56.
 1 APPPATH/Views/api/api_service.php(56): CodeIgniter\Debug\Exceptions->errorHandler()
 2 SYSTEMPATH/View/View.php(228): include('/home/u652040979/domains/truetechnologies.in/public_html/taxConsultant/app/Views/api/api_service.php')
 3 SYSTEMPATH/View/View.php(231): CodeIgniter\View\View->CodeIgniter\View\{closure}()
 4 SYSTEMPATH/Common.php(1178): CodeIgniter\View\View->render()
 5 APPPATH/Controllers/Home.php(64): view()
 6 SYSTEMPATH/CodeIgniter.php(941): App\Controllers\Home->api_v1_service()
 7 SYSTEMPATH/CodeIgniter.php(502): CodeIgniter\CodeIgniter->runController()
 8 SYSTEMPATH/CodeIgniter.php(361): CodeIgniter\CodeIgniter->handleRequest()
 9 FCPATH/index.php(79): CodeIgniter\CodeIgniter->run()
CRITICAL - 2024-02-06 14:34:38 --> ErrorException: Undefined variable $ex_uniqID
in APPPATH/Views/api/api_service.php on line 44.
 1 APPPATH/Views/api/api_service.php(44): CodeIgniter\Debug\Exceptions->errorHandler()
 2 SYSTEMPATH/View/View.php(228): include('/home/u652040979/domains/truetechnologies.in/public_html/taxConsultant/app/Views/api/api_service.php')
 3 SYSTEMPATH/View/View.php(231): CodeIgniter\View\View->CodeIgniter\View\{closure}()
 4 SYSTEMPATH/Common.php(1178): CodeIgniter\View\View->render()
 5 APPPATH/Controllers/Home.php(64): view()
 6 SYSTEMPATH/CodeIgniter.php(941): App\Controllers\Home->api_v1_service()
 7 SYSTEMPATH/CodeIgniter.php(502): CodeIgniter\CodeIgniter->runController()
 8 SYSTEMPATH/CodeIgniter.php(361): CodeIgniter\CodeIgniter->handleRequest()
 9 FCPATH/index.php(79): CodeIgniter\CodeIgniter->run()
CRITICAL - 2024-02-06 14:36:24 --> ErrorException: Undefined variable $ex_uniqID
in APPPATH/Views/api/api_service.php on line 45.
 1 APPPATH/Views/api/api_service.php(45): CodeIgniter\Debug\Exceptions->errorHandler()
 2 SYSTEMPATH/View/View.php(228): include('/home/u652040979/domains/truetechnologies.in/public_html/taxConsultant/app/Views/api/api_service.php')
 3 SYSTEMPATH/View/View.php(231): CodeIgniter\View\View->CodeIgniter\View\{closure}()
 4 SYSTEMPATH/Common.php(1178): CodeIgniter\View\View->render()
 5 APPPATH/Controllers/Home.php(64): view()
 6 SYSTEMPATH/CodeIgniter.php(941): App\Controllers\Home->api_v1_service()
 7 SYSTEMPATH/CodeIgniter.php(502): CodeIgniter\CodeIgniter->runController()
 8 SYSTEMPATH/CodeIgniter.php(361): CodeIgniter\CodeIgniter->handleRequest()
 9 FCPATH/index.php(79): CodeIgniter\CodeIgniter->run()
CRITICAL - 2024-02-06 14:42:04 --> ErrorException: Undefined variable $ex_uniqID
in APPPATH/Views/api/api_service.php on line 56.
 1 APPPATH/Views/api/api_service.php(56): CodeIgniter\Debug\Exceptions->errorHandler()
 2 SYSTEMPATH/View/View.php(228): include('/home/u652040979/domains/truetechnologies.in/public_html/taxConsultant/app/Views/api/api_service.php')
 3 SYSTEMPATH/View/View.php(231): CodeIgniter\View\View->CodeIgniter\View\{closure}()
 4 SYSTEMPATH/Common.php(1178): CodeIgniter\View\View->render()
 5 APPPATH/Controllers/Home.php(64): view()
 6 SYSTEMPATH/CodeIgniter.php(941): App\Controllers\Home->api_v1_service()
 7 SYSTEMPATH/CodeIgniter.php(502): CodeIgniter\CodeIgniter->runController()
 8 SYSTEMPATH/CodeIgniter.php(361): CodeIgniter\CodeIgniter->handleRequest()
 9 FCPATH/index.php(79): CodeIgniter\CodeIgniter->run()
CRITICAL - 2024-02-06 14:43:03 --> ErrorException: Undefined variable $response
in APPPATH/Views/api/api_service.php on line 81.
 1 APPPATH/Views/api/api_service.php(81): CodeIgniter\Debug\Exceptions->errorHandler()
 2 SYSTEMPATH/View/View.php(228): include('/home/u652040979/domains/truetechnologies.in/public_html/taxConsultant/app/Views/api/api_service.php')
 3 SYSTEMPATH/View/View.php(231): CodeIgniter\View\View->CodeIgniter\View\{closure}()
 4 SYSTEMPATH/Common.php(1178): CodeIgniter\View\View->render()
 5 APPPATH/Controllers/Home.php(64): view()
 6 SYSTEMPATH/CodeIgniter.php(941): App\Controllers\Home->api_v1_service()
 7 SYSTEMPATH/CodeIgniter.php(502): CodeIgniter\CodeIgniter->runController()
 8 SYSTEMPATH/CodeIgniter.php(361): CodeIgniter\CodeIgniter->handleRequest()
 9 FCPATH/index.php(79): CodeIgniter\CodeIgniter->run()
CRITICAL - 2024-02-06 14:45:23 --> ErrorException: Undefined variable $ex_uniqID
in APPPATH/Views/api/api_service_gst.php on line 53.
 1 APPPATH/Views/api/api_service_gst.php(53): CodeIgniter\Debug\Exceptions->errorHandler()
 2 SYSTEMPATH/View/View.php(228): include('/home/u652040979/domains/truetechnologies.in/public_html/taxConsultant/app/Views/api/api_service_gst.php')
 3 SYSTEMPATH/View/View.php(231): CodeIgniter\View\View->CodeIgniter\View\{closure}()
 4 SYSTEMPATH/Common.php(1178): CodeIgniter\View\View->render()
 5 APPPATH/Controllers/Home.php(68): view()
 6 SYSTEMPATH/CodeIgniter.php(941): App\Controllers\Home->api_v1_service_gst()
 7 SYSTEMPATH/CodeIgniter.php(502): CodeIgniter\CodeIgniter->runController()
 8 SYSTEMPATH/CodeIgniter.php(361): CodeIgniter\CodeIgniter->handleRequest()
 9 FCPATH/index.php(79): CodeIgniter\CodeIgniter->run()
CRITICAL - 2024-02-06 14:51:50 --> ErrorException: Undefined variable $response
in APPPATH/Views/api/api_dashboard_ser_list.php on line 53.
 1 APPPATH/Views/api/api_dashboard_ser_list.php(53): CodeIgniter\Debug\Exceptions->errorHandler()
 2 SYSTEMPATH/View/View.php(228): include('/home/u652040979/domains/truetechnologies.in/public_html/taxConsultant/app/Views/api/api_dashboard_ser_list.php')
 3 SYSTEMPATH/View/View.php(231): CodeIgniter\View\View->CodeIgniter\View\{closure}()
 4 SYSTEMPATH/Common.php(1178): CodeIgniter\View\View->render()
 5 APPPATH/Controllers/Home.php(76): view()
 6 SYSTEMPATH/CodeIgniter.php(941): App\Controllers\Home->api_v1_dashboard_ser_list()
 7 SYSTEMPATH/CodeIgniter.php(502): CodeIgniter\CodeIgniter->runController()
 8 SYSTEMPATH/CodeIgniter.php(361): CodeIgniter\CodeIgniter->handleRequest()
 9 FCPATH/index.php(79): CodeIgniter\CodeIgniter->run()
CRITICAL - 2024-02-06 14:51:51 --> ErrorException: Undefined variable $response
in APPPATH/Views/api/api_dashboard_ser_list.php on line 53.
 1 APPPATH/Views/api/api_dashboard_ser_list.php(53): CodeIgniter\Debug\Exceptions->errorHandler()
 2 SYSTEMPATH/View/View.php(228): include('/home/u652040979/domains/truetechnologies.in/public_html/taxConsultant/app/Views/api/api_dashboard_ser_list.php')
 3 SYSTEMPATH/View/View.php(231): CodeIgniter\View\View->CodeIgniter\View\{closure}()
 4 SYSTEMPATH/Common.php(1178): CodeIgniter\View\View->render()
 5 APPPATH/Controllers/Home.php(76): view()
 6 SYSTEMPATH/CodeIgniter.php(941): App\Controllers\Home->api_v1_dashboard_ser_list()
 7 SYSTEMPATH/CodeIgniter.php(502): CodeIgniter\CodeIgniter->runController()
 8 SYSTEMPATH/CodeIgniter.php(361): CodeIgniter\CodeIgniter->handleRequest()
 9 FCPATH/index.php(79): CodeIgniter\CodeIgniter->run()
CRITICAL - 2024-02-06 14:51:52 --> ErrorException: Undefined variable $response
in APPPATH/Views/api/api_dashboard_ser_list.php on line 53.
 1 APPPATH/Views/api/api_dashboard_ser_list.php(53): CodeIgniter\Debug\Exceptions->errorHandler()
 2 SYSTEMPATH/View/View.php(228): include('/home/u652040979/domains/truetechnologies.in/public_html/taxConsultant/app/Views/api/api_dashboard_ser_list.php')
 3 SYSTEMPATH/View/View.php(231): CodeIgniter\View\View->CodeIgniter\View\{closure}()
 4 SYSTEMPATH/Common.php(1178): CodeIgniter\View\View->render()
 5 APPPATH/Controllers/Home.php(76): view()
 6 SYSTEMPATH/CodeIgniter.php(941): App\Controllers\Home->api_v1_dashboard_ser_list()
 7 SYSTEMPATH/CodeIgniter.php(502): CodeIgniter\CodeIgniter->runController()
 8 SYSTEMPATH/CodeIgniter.php(361): CodeIgniter\CodeIgniter->handleRequest()
 9 FCPATH/index.php(79): CodeIgniter\CodeIgniter->run()
CRITICAL - 2024-02-06 14:51:52 --> ErrorException: Undefined variable $response
in APPPATH/Views/api/api_dashboard_ser_list.php on line 53.
 1 APPPATH/Views/api/api_dashboard_ser_list.php(53): CodeIgniter\Debug\Exceptions->errorHandler()
 2 SYSTEMPATH/View/View.php(228): include('/home/u652040979/domains/truetechnologies.in/public_html/taxConsultant/app/Views/api/api_dashboard_ser_list.php')
 3 SYSTEMPATH/View/View.php(231): CodeIgniter\View\View->CodeIgniter\View\{closure}()
 4 SYSTEMPATH/Common.php(1178): CodeIgniter\View\View->render()
 5 APPPATH/Controllers/Home.php(76): view()
 6 SYSTEMPATH/CodeIgniter.php(941): App\Controllers\Home->api_v1_dashboard_ser_list()
 7 SYSTEMPATH/CodeIgniter.php(502): CodeIgniter\CodeIgniter->runController()
 8 SYSTEMPATH/CodeIgniter.php(361): CodeIgniter\CodeIgniter->handleRequest()
 9 FCPATH/index.php(79): CodeIgniter\CodeIgniter->run()
ERROR - 2024-02-06 22:41:32 --> mysqli_sql_exception: Table 'u652040979_taxConsultant.payment' doesn't exist in /home/u652040979/domains/truetechnologies.in/public_html/taxConsultant/system/Database/MySQLi/Connection.php:306
Stack trace:
#0 /home/u652040979/domains/truetechnologies.in/public_html/taxConsultant/system/Database/MySQLi/Connection.php(306): mysqli->query()
#1 /home/u652040979/domains/truetechnologies.in/public_html/taxConsultant/system/Database/BaseConnection.php(693): CodeIgniter\Database\MySQLi\Connection->execute()
#2 /home/u652040979/domains/truetechnologies.in/public_html/taxConsultant/system/Database/BaseConnection.php(607): CodeIgniter\Database\BaseConnection->simpleQuery()
#3 /home/u652040979/domains/truetechnologies.in/public_html/taxConsultant/system/Database/BaseBuilder.php(1798): CodeIgniter\Database\BaseConnection->query()
#4 /home/u652040979/domains/truetechnologies.in/public_html/taxConsultant/system/Database/BaseBuilder.php(1926): CodeIgniter\Database\BaseBuilder->batchExecute()
#5 /home/u652040979/domains/truetechnologies.in/public_html/taxConsultant/app/Controllers/Home.php(81): CodeIgniter\Database\BaseBuilder->upsert()
#6 /home/u652040979/domains/truetechnologies.in/public_html/taxConsultant/system/CodeIgniter.php(941): App\Controllers\Home->insert_data()
#7 /home/u652040979/domains/truetechnologies.in/public_html/taxConsultant/system/CodeIgniter.php(502): CodeIgniter\CodeIgniter->runController()
#8 /home/u652040979/domains/truetechnologies.in/public_html/taxConsultant/system/CodeIgniter.php(361): CodeIgniter\CodeIgniter->handleRequest()
#9 /home/u652040979/domains/truetechnologies.in/public_html/taxConsultant/tax/index.php(79): CodeIgniter\CodeIgniter->run()
#10 {main}
CRITICAL - 2024-02-06 22:41:32 --> CodeIgniter\Database\Exceptions\DatabaseException: Table 'u652040979_taxConsultant.payment' doesn't exist
in SYSTEMPATH/Database/BaseConnection.php on line 647.
 1 SYSTEMPATH/Database/BaseBuilder.php(1798): CodeIgniter\Database\BaseConnection->query()
 2 SYSTEMPATH/Database/BaseBuilder.php(1926): CodeIgniter\Database\BaseBuilder->batchExecute()
 3 APPPATH/Controllers/Home.php(81): CodeIgniter\Database\BaseBuilder->upsert()
 4 SYSTEMPATH/CodeIgniter.php(941): App\Controllers\Home->insert_data()
 5 SYSTEMPATH/CodeIgniter.php(502): CodeIgniter\CodeIgniter->runController()
 6 SYSTEMPATH/CodeIgniter.php(361): CodeIgniter\CodeIgniter->handleRequest()
 7 FCPATH/index.php(79): CodeIgniter\CodeIgniter->run()
CRITICAL - 2024-02-06 22:41:32 --> [Caused by] CodeIgniter\Database\Exceptions\DatabaseException: Table 'u652040979_taxConsultant.payment' doesn't exist
in SYSTEMPATH/Database/MySQLi/Connection.php on line 311.
 1 SYSTEMPATH/Database/BaseConnection.php(693): CodeIgniter\Database\MySQLi\Connection->execute()
 2 SYSTEMPATH/Database/BaseConnection.php(607): CodeIgniter\Database\BaseConnection->simpleQuery()
 3 SYSTEMPATH/Database/BaseBuilder.php(1798): CodeIgniter\Database\BaseConnection->query()
 4 SYSTEMPATH/Database/BaseBuilder.php(1926): CodeIgniter\Database\BaseBuilder->batchExecute()
 5 APPPATH/Controllers/Home.php(81): CodeIgniter\Database\BaseBuilder->upsert()
 6 SYSTEMPATH/CodeIgniter.php(941): App\Controllers\Home->insert_data()
 7 SYSTEMPATH/CodeIgniter.php(502): CodeIgniter\CodeIgniter->runController()
 8 SYSTEMPATH/CodeIgniter.php(361): CodeIgniter\CodeIgniter->handleRequest()
 9 FCPATH/index.php(79): CodeIgniter\CodeIgniter->run()
CRITICAL - 2024-02-06 22:41:32 --> [Caused by] mysqli_sql_exception: Table 'u652040979_taxConsultant.payment' doesn't exist
in SYSTEMPATH/Database/MySQLi/Connection.php on line 306.
 1 SYSTEMPATH/Database/MySQLi/Connection.php(306): mysqli->query()
 2 SYSTEMPATH/Database/BaseConnection.php(693): CodeIgniter\Database\MySQLi\Connection->execute()
 3 SYSTEMPATH/Database/BaseConnection.php(607): CodeIgniter\Database\BaseConnection->simpleQuery()
 4 SYSTEMPATH/Database/BaseBuilder.php(1798): CodeIgniter\Database\BaseConnection->query()
 5 SYSTEMPATH/Database/BaseBuilder.php(1926): CodeIgniter\Database\BaseBuilder->batchExecute()
 6 APPPATH/Controllers/Home.php(81): CodeIgniter\Database\BaseBuilder->upsert()
 7 SYSTEMPATH/CodeIgniter.php(941): App\Controllers\Home->insert_data()
 8 SYSTEMPATH/CodeIgniter.php(502): CodeIgniter\CodeIgniter->runController()
 9 SYSTEMPATH/CodeIgniter.php(361): CodeIgniter\CodeIgniter->handleRequest()
10 FCPATH/index.php(79): CodeIgniter\CodeIgniter->run()
