INFO - 2025-06-10 05:28:56 --> Session: Class initialized using 'CodeIgniter\Session\Handlers\FileHandler' driver.
INFO - 2025-06-10 05:29:06 --> Session: Class initialized using 'CodeIgniter\Session\Handlers\FileHandler' driver.
INFO - 2025-06-10 05:29:06 --> Session: Class initialized using 'CodeIgniter\Session\Handlers\FileHandler' driver.
CRITICAL - 2025-06-10 08:57:52 --> ErrorException: Trying to access array offset on value of type null
in APPPATH\Views\payment_conf_app.php on line 109.
 1 APPPATH\Views\payment_conf_app.php(109): CodeIgniter\Debug\Exceptions->errorHandler(2, 'Trying to access array offset on value of type null', 'C:\\xampp\\htdocs\\www\\mfiCRM\\app\\Views\\payment_conf_app.php', 109)
 2 SYSTEMPATH\View\View.php(228): include('C:\\xampp\\htdocs\\www\\mfiCRM\\app\\Views\\payment_conf_app.php')
 3 SYSTEMPATH\View\View.php(231): CodeIgniter\View\View->CodeIgniter\View\{closure}()
 4 SYSTEMPATH\Common.php(1178): CodeIgniter\View\View->render('payment_conf_app', [], true)
 5 APPPATH\Controllers\PaymentController.php(470): view('payment_conf_app', [...])
 6 SYSTEMPATH\CodeIgniter.php(941): App\Controllers\PaymentController->app_pay_conf()
 7 SYSTEMPATH\CodeIgniter.php(502): CodeIgniter\CodeIgniter->runController(Object(App\Controllers\PaymentController))
 8 SYSTEMPATH\CodeIgniter.php(361): CodeIgniter\CodeIgniter->handleRequest(null, Object(Config\Cache), false)
 9 FCPATH\index.php(79): CodeIgniter\CodeIgniter->run()
10 SYSTEMPATH\Commands\Server\rewrite.php(47): require_once('C:\\xampp\\htdocs\\www\\mfiCRM\\public\\index.php')
CRITICAL - 2025-06-10 09:36:38 --> ErrorException: Maximum execution time of 60 seconds exceeded
in APPPATH\Views\payment_conf_app.php on line 56.
 1 [internal function]: CodeIgniter\Debug\Exceptions->shutdownHandler()
CRITICAL - 2025-06-10 09:38:50 --> ErrorException: Maximum execution time of 60 seconds exceeded
in APPPATH\Views\payment_conf_app.php on line 57.
 1 [internal function]: CodeIgniter\Debug\Exceptions->shutdownHandler()
CRITICAL - 2025-06-10 09:46:49 --> ErrorException: Maximum execution time of 120 seconds exceeded
in SYSTEMPATH\Common.php on line 94.
 1 [internal function]: CodeIgniter\Debug\Exceptions->shutdownHandler()
CRITICAL - 2025-06-10 09:57:22 --> ErrorException: Maximum execution time of 60 seconds exceeded
in APPPATH\Views\payment_conf_app.php on line 57.
 1 [internal function]: CodeIgniter\Debug\Exceptions->shutdownHandler()
CRITICAL - 2025-06-10 10:03:12 --> Error: Call to undefined method CodeIgniter\View\View::respond()
in APPPATH\Views\payment_conf_app.php on line 198.
 1 SYSTEMPATH\View\View.php(228): include()
 2 SYSTEMPATH\View\View.php(231): CodeIgniter\View\View->CodeIgniter\View\{closure}()
 3 SYSTEMPATH\Common.php(1178): CodeIgniter\View\View->render('payment_conf_app', [], true)
 4 APPPATH\Controllers\PaymentController.php(471): view('payment_conf_app', [...])
 5 SYSTEMPATH\CodeIgniter.php(941): App\Controllers\PaymentController->app_pay_conf()
 6 SYSTEMPATH\CodeIgniter.php(502): CodeIgniter\CodeIgniter->runController(Object(App\Controllers\PaymentController))
 7 SYSTEMPATH\CodeIgniter.php(361): CodeIgniter\CodeIgniter->handleRequest(null, Object(Config\Cache), false)
 8 FCPATH\index.php(79): CodeIgniter\CodeIgniter->run()
 9 SYSTEMPATH\Commands\Server\rewrite.php(47): require_once('C:\\xampp\\htdocs\\www\\mfiCRM\\public\\index.php')
INFO - 2025-06-10 10:38:50 --> Session: Class initialized using 'CodeIgniter\Session\Handlers\FileHandler' driver.
